#
# There is insufficient memory for the Java Runtime Environment to continue.
# Native memory allocation (mmap) failed to map 2726821888 bytes for committing reserved memory.
# Possible reasons:
#   The system is out of physical RAM or swap space
#   In 32 bit mode, the process size limit was hit
# Possible solutions:
#   Reduce memory load on the system
#   Increase physical memory or swap space
#   Check if swap backing store is full
#   Use 64 bit Java on a 64 bit OS
#   Decrease Java heap size (-Xmx/-Xms)
#   Decrease number of Java threads
#   Decrease Java thread stack sizes (-Xss)
#   Set larger code cache with -XX:ReservedCodeCacheSize=
# This output file may be truncated or incomplete.
#
#  Out of Memory Error (os_linux.cpp:2640), pid=1921, tid=0x00007f53efefe700
#
# JRE version: OpenJDK Runtime Environment (8.0) (build 1.8.0-internal-jenkins_2017_07_27_20_16-b00)
# Java VM: GraalVM 1.0.0-rc3-dev (25.71-b01-internal-jvmci-unknown-45af0f62d4cd-2018-06-20_20-30-28_UTC mixed mode linux-amd64 compressed oops)
# Core dump written. Default location: /home/graal/graal/vm/core or core.1921
#

---------------  T H R E A D  ---------------

Current thread (0x00007f5410090000):  VMThread [stack: 0x00007f53efdfe000,0x00007f53efeff000] [id=1932]

Stack: [0x00007f53efdfe000,0x00007f53efeff000],  sp=0x00007f53efefd480,  free space=1021k
Native frames: (J=compiled Java code, j=interpreted, Vv=VM code, C=native code)
V  [libjvm.so+0xad1a0b]  VMError::report_and_die()+0x15b
V  [libjvm.so+0x4d2c5c]  report_vm_out_of_memory(char const*, int, unsigned long, VMErrorType, char const*)+0xac
V  [libjvm.so+0x91b5d8]  os::pd_commit_memory(char*, unsigned long, unsigned long, bool)+0xd8
V  [libjvm.so+0x91598e]  os::commit_memory(char*, unsigned long, unsigned long, bool)+0x2e
V  [libjvm.so+0x990fa6]  PSVirtualSpace::expand_by(unsigned long)+0x56
V  [libjvm.so+0x98063a]  PSOldGen::expand_by(unsigned long) [clone .part.28] [clone .constprop.32]+0x2a
V  [libjvm.so+0x980843]  PSOldGen::expand(unsigned long) [clone .part.29] [clone .constprop.31]+0xe3
V  [libjvm.so+0x9811a8]  PSOldGen::resize(unsigned long)+0xf8
V  [libjvm.so+0x98746e]  PSParallelCompact::invoke_no_policy(bool) [clone .part.117]+0xa3e
V  [libjvm.so+0x98ee0d]  PSScavenge::invoke()+0x20d
V  [libjvm.so+0x9402f3]  ParallelScavengeHeap::failed_mem_allocate(unsigned long)+0x63
V  [libjvm.so+0xad3652]  VM_ParallelGCFailedAllocation::doit()+0x92
V  [libjvm.so+0xad87a7]  VM_Operation::evaluate()+0x47
V  [libjvm.so+0xad5f1c]  VMThread::evaluate_operation(VM_Operation*) [clone .constprop.31]+0xac
V  [libjvm.so+0xad72ff]  VMThread::loop()+0x24f
V  [libjvm.so+0xad77f1]  VMThread::run()+0x81
V  [libjvm.so+0x918a02]  java_start(Thread*)+0xf2

VM_Operation (0x00007f53de1fae30): ParallelGCFailedAllocation, mode: safepoint, requested by thread 0x00007f54104e5000


---------------  P R O C E S S  ---------------

Java Threads: ( => current thread )
  0x00007f531c013000 JavaThread "ForkJoinPool-3-worker-4" daemon [_thread_blocked, id=2004, stack(0x00007f53d57fc000,0x00007f53d61fd000)]
  0x00007f5328001000 JavaThread "ForkJoinPool-3-worker-0" daemon [_thread_blocked, id=2003, stack(0x00007f5322bfe000,0x00007f53235ff000)]
  0x00007f536018c800 JavaThread "ForkJoinPool-3-worker-7" daemon [_thread_blocked, id=2002, stack(0x00007f53235ff000,0x00007f5324000000)]
  0x00007f532c001000 JavaThread "ForkJoinPool-3-worker-6" daemon [_thread_blocked, id=2001, stack(0x00007f533c416000,0x00007f533ce17000)]
  0x00007f5368004000 JavaThread "ForkJoinPool-3-worker-5" daemon [_thread_blocked, id=2000, stack(0x00007f533ce17000,0x00007f533d818000)]
  0x00007f5350419800 JavaThread "ForkJoinPool-3-worker-3" daemon [_thread_blocked, id=1998, stack(0x00007f533e219000,0x00007f533ec1a000)]
  0x00007f536018a000 JavaThread "ForkJoinPool-3-worker-2" daemon [_thread_blocked, id=1997, stack(0x00007f53debfe000,0x00007f53df5ff000)]
  0x00007f5360183800 JavaThread "ForkJoinPool-3-worker-1" daemon [_thread_blocked, id=1996, stack(0x00007f53d6bfe000,0x00007f53d75ff000)]
  0x00007f5360132800 JavaThread "process reaper" daemon [_thread_blocked, id=1961, stack(0x00007f53a404e000,0x00007f53a4087000)]
  0x00007f54104e5000 JavaThread "ForkJoinPool-4-worker-1" daemon [_thread_blocked, id=1958, stack(0x00007f53dd7fc000,0x00007f53de1fd000)]
  0x00007f5370026800 JavaThread "ForkJoinPool-1-worker-7" daemon [_thread_blocked, id=1956, stack(0x00007f53cf5ff000,0x00007f53d0000000)]
  0x00007f5354001000 JavaThread "ForkJoinPool-1-worker-6" daemon [_thread_blocked, id=1955, stack(0x00007f53d43fa000,0x00007f53d4dfb000)]
  0x00007f5370024800 JavaThread "ForkJoinPool-1-worker-3" daemon [_thread_blocked, id=1952, stack(0x00007f53d61fd000,0x00007f53d6bfe000)]
  0x00007f5368001000 JavaThread "ForkJoinPool.commonPool-worker-7" daemon [_thread_blocked, id=1949, stack(0x00007f53dc3fa000,0x00007f53dcdfb000)]
  0x00007f5410214000 JavaThread "ForkJoinPool.commonPool-worker-2" daemon [_thread_blocked, id=1944, stack(0x00007f53df5ff000,0x00007f53e0000000)]
  0x00007f53940aa800 JavaThread "HotSpotGraalManagement Bean Registration" daemon [_thread_blocked, id=1942, stack(0x00007f53ec64a000,0x00007f53ed04b000)]
  0x00007f54100f3800 JavaThread "Service Thread" daemon [_thread_blocked, id=1940, stack(0x00007f53ed1f6000,0x00007f53edbf7000)]
  0x00007f54100d6800 JavaThread "C1 CompilerThread3" daemon [_thread_blocked, id=1939, stack(0x00007f53edbf7000,0x00007f53edcf8000)]
  0x00007f54100d4000 JavaThread "JVMCI CompilerThread2" daemon [_thread_blocked, id=1938, stack(0x00007f53edcf8000,0x00007f53eddf9000)]
  0x00007f54100d2800 JavaThread "JVMCI CompilerThread1" daemon [_thread_blocked, id=1937, stack(0x00007f53eddf9000,0x00007f53edefa000)]
  0x00007f54100cf800 JavaThread "JVMCI CompilerThread0" daemon [_thread_blocked, id=1936, stack(0x00007f53edefa000,0x00007f53edffb000)]
  0x00007f54100cb800 JavaThread "Signal Dispatcher" daemon [_thread_blocked, id=1935, stack(0x00007f53edffb000,0x00007f53ee9fc000)]
  0x00007f541009e000 JavaThread "Finalizer" daemon [_thread_blocked, id=1934, stack(0x00007f53ee9fc000,0x00007f53ef3fd000)]
  0x00007f5410099800 JavaThread "Reference Handler" daemon [_thread_blocked, id=1933, stack(0x00007f53ef3fd000,0x00007f53efdfe000)]
  0x00007f5410017800 JavaThread "main" [_thread_blocked, id=1923, stack(0x00007f5414416000,0x00007f5414e17000)]

Other Threads:
=>0x00007f5410090000 VMThread [stack: 0x00007f53efdfe000,0x00007f53efeff000] [id=1932]
  0x00007f541011c000 WatcherThread [stack: 0x00007f53ed08e000,0x00007f53ed18f000] [id=1941]

VM state:at safepoint (normal execution)

VM Mutex/Monitor currently owned by a thread:  ([mutex/lock_event])
[0x00007f5410003540] ExpandHeap_lock - owner thread: 0x00007f5410090000
[0x00007f541000cdc0] Threads_lock - owner thread: 0x00007f5410090000
[0x00007f541000d2c0] Heap_lock - owner thread: 0x00007f54104e5000

Heap:
 PSYoungGen      total 2790400K, used 560253K [0x00000006bdb00000, 0x00000007c0000000, 0x00000007c0000000)
  eden space 1411072K, 0% used [0x00000006bdb00000,0x00000006bdb00000,0x0000000713d00000)
  from space 1379328K, 40% used [0x000000076bd00000,0x000000078e01f788,0x00000007c0000000)
  to   space 1410560K, 0% used [0x0000000713d00000,0x0000000713d00000,0x0000000769e80000)
 ParOldGen       total 2067968K, used 2067673K [0x00000004b9000000, 0x0000000537380000, 0x00000006bdb00000)
  object space 2067968K, 99% used [0x00000004b9000000,0x0000000537336630,0x0000000537380000)
 Metaspace       used 152439K, capacity 156141K, committed 156456K, reserved 1179648K
  class space    used 24679K, capacity 25519K, committed 25648K, reserved 1048576K

Card table byte_map: [0x00007f53f9636000,0x00007f53fae6f000] byte_map_base: 0x00007f53f706e000

Marking Bits: (ParMarkBitMap*) 0x00007f54160d4b40
 Begin Bits: [0x00007f53a7c80000, 0x00007f53b3e40000)
 End Bits:   [0x00007f53b3e40000, 0x00007f53c0000000)

Polling page: 0x00007f5416d18000

CodeCache: size=327680Kb used=50239Kb max_used=52092Kb free=277440Kb
 bounds [0x00007f53fb36f000, 0x00007f53fe72f000, 0x00007f540f36f000]
 total_blobs=15669 nmethods=14642 adapters=941
 compilation: enabled

Compilation events (10 events):
Event: 41.380 Thread 0x00007f54100d6800 21166   !   3       java.util.concurrent.ConcurrentHashMap::fullAddCount (487 bytes)
Event: 41.381 Thread 0x00007f54100d6800 nmethod 21166 0x00007f53fb7e5650 code [0x00007f53fb7e58c0, 0x00007f53fb7e7348]
Event: 41.390 Thread 0x00007f54100cf800 21167   !   4       java.util.concurrent.ConcurrentHashMap::fullAddCount (487 bytes)
Event: 41.398 Thread 0x00007f54100d2800 21168       4       org.graalvm.compiler.lir.amd64.AMD64Move$LeaOp::<init> (23 bytes)
Event: 41.399 Thread 0x00007f54100d2800 nmethod 21168 0x00007f53fb7e5410 code [0x00007f53fb7e5560, 0x00007f53fb7e55f8]
Event: 41.401 Thread 0x00007f54100cf800 nmethod 21167 0x00007f53fbf37250 code [0x00007f53fbf37420, 0x00007f53fbf380d0]
Event: 42.015 Thread 0x00007f54100d2800 21169       4       com.oracle.svm.graal.hosted.GraalObjectReplacer::createField (153 bytes)
Event: 42.027 Thread 0x00007f54100d4000 21170       4       org.graalvm.compiler.nodes.virtual.AllocatedObjectNode::virtualize (11 bytes)
Event: 42.032 Thread 0x00007f54100d2800 nmethod 21169 0x00007f53fe32cc10 code [0x00007f53fe32ce40, 0x00007f53fe32d550]
Event: 42.040 Thread 0x00007f54100d4000 nmethod 21170 0x00007f53fe3ff110 code [0x00007f53fe3ff2a0, 0x00007f53fe3ff680]

GC Heap History (10 events):
Event: 33.371 GC heap after
Heap after GC invocations=30 (full 4):
 PSYoungGen      total 2179584K, used 823417K [0x00000006bdb00000, 0x000000078f900000, 0x00000007c0000000)
  eden space 1346560K, 0% used [0x00000006bdb00000,0x00000006bdb00000,0x000000070fe00000)
  from space 833024K, 98% used [0x000000074b000000,0x000000077d41e578,0x000000077dd80000)
  to   space 968704K, 0% used [0x000000070fe00000,0x000000070fe00000,0x000000074b000000)
 ParOldGen       total 2038272K, used 928047K [0x00000004b9000000, 0x0000000535680000, 0x00000006bdb00000)
  object space 2038272K, 45% used [0x00000004b9000000,0x00000004f1a4be28,0x0000000535680000)
 Metaspace       used 151770K, capacity 155377K, committed 155560K, reserved 1179648K
  class space    used 24593K, capacity 25405K, committed 25520K, reserved 1048576K
}
Event: 35.296 GC heap before
{Heap before GC invocations=31 (full 4):
 PSYoungGen      total 2179584K, used 2169977K [0x00000006bdb00000, 0x000000078f900000, 0x00000007c0000000)
  eden space 1346560K, 100% used [0x00000006bdb00000,0x000000070fe00000,0x000000070fe00000)
  from space 833024K, 98% used [0x000000074b000000,0x000000077d41e578,0x000000077dd80000)
  to   space 968704K, 0% used [0x000000070fe00000,0x000000070fe00000,0x000000074b000000)
 ParOldGen       total 2038272K, used 928047K [0x00000004b9000000, 0x0000000535680000, 0x00000006bdb00000)
  object space 2038272K, 45% used [0x00000004b9000000,0x00000004f1a4be28,0x0000000535680000)
 Metaspace       used 151955K, capacity 155619K, committed 155816K, reserved 1179648K
  class space    used 24623K, capacity 25452K, committed 25520K, reserved 1048576K
Event: 35.697 GC heap after
Heap after GC invocations=31 (full 4):
 PSYoungGen      total 2315264K, used 907372K [0x00000006bdb00000, 0x00000007a5880000, 0x00000007c0000000)
  eden space 1346560K, 0% used [0x00000006bdb00000,0x00000006bdb00000,0x000000070fe00000)
  from space 968704K, 93% used [0x000000070fe00000,0x000000074741b160,0x000000074b000000)
  to   space 1107968K, 0% used [0x0000000761e80000,0x0000000761e80000,0x00000007a5880000)
 ParOldGen       total 2038272K, used 1017221K [0x00000004b9000000, 0x0000000535680000, 0x00000006bdb00000)
  object space 2038272K, 49% used [0x00000004b9000000,0x00000004f71614e8,0x0000000535680000)
 Metaspace       used 151955K, capacity 155619K, committed 155816K, reserved 1179648K
  class space    used 24623K, capacity 25452K, committed 25520K, reserved 1048576K
}
Event: 36.833 GC heap before
{Heap before GC invocations=32 (full 4):
 PSYoungGen      total 2315264K, used 2253932K [0x00000006bdb00000, 0x00000007a5880000, 0x00000007c0000000)
  eden space 1346560K, 100% used [0x00000006bdb00000,0x000000070fe00000,0x000000070fe00000)
  from space 968704K, 93% used [0x000000070fe00000,0x000000074741b160,0x000000074b000000)
  to   space 1107968K, 0% used [0x0000000761e80000,0x0000000761e80000,0x00000007a5880000)
 ParOldGen       total 2038272K, used 1017221K [0x00000004b9000000, 0x0000000535680000, 0x00000006bdb00000)
  object space 2038272K, 49% used [0x00000004b9000000,0x00000004f71614e8,0x0000000535680000)
 Metaspace       used 152204K, capacity 155919K, committed 156072K, reserved 1179648K
  class space    used 24650K, capacity 25500K, committed 25520K, reserved 1048576K
Event: 37.435 GC heap after
Heap after GC invocations=32 (full 4):
 PSYoungGen      total 2522112K, used 1062024K [0x00000006bdb00000, 0x00000007bb500000, 0x00000007c0000000)
  eden space 1414144K, 0% used [0x00000006bdb00000,0x00000006bdb00000,0x0000000714000000)
  from space 1107968K, 95% used [0x0000000761e80000,0x00000007a2ba21d8,0x00000007a5880000)
  to   space 1276416K, 0% used [0x0000000714000000,0x0000000714000000,0x0000000761e80000)
 ParOldGen       total 2038272K, used 1315010K [0x00000004b9000000, 0x0000000535680000, 0x00000006bdb00000)
  object space 2038272K, 64% used [0x00000004b9000000,0x0000000509430950,0x0000000535680000)
 Metaspace       used 152204K, capacity 155919K, committed 156072K, reserved 1179648K
  class space    used 24650K, capacity 25500K, committed 25520K, reserved 1048576K
}
Event: 39.972 GC heap before
{Heap before GC invocations=33 (full 4):
 PSYoungGen      total 2522112K, used 2476168K [0x00000006bdb00000, 0x00000007bb500000, 0x00000007c0000000)
  eden space 1414144K, 100% used [0x00000006bdb00000,0x0000000714000000,0x0000000714000000)
  from space 1107968K, 95% used [0x0000000761e80000,0x00000007a2ba21d8,0x00000007a5880000)
  to   space 1276416K, 0% used [0x0000000714000000,0x0000000714000000,0x0000000761e80000)
 ParOldGen       total 2038272K, used 1315010K [0x00000004b9000000, 0x0000000535680000, 0x00000006bdb00000)
  object space 2038272K, 64% used [0x00000004b9000000,0x0000000509430950,0x0000000535680000)
 Metaspace       used 152330K, capacity 156123K, committed 156328K, reserved 1179648K
  class space    used 24673K, capacity 25516K, committed 25520K, reserved 1048576K
Event: 40.393 GC heap after
Heap after GC invocations=33 (full 4):
 PSYoungGen      total 2690560K, used 978016K [0x00000006bdb00000, 0x00000007c0000000, 0x00000007c0000000)
  eden space 1414144K, 0% used [0x00000006bdb00000,0x00000006bdb00000,0x0000000714000000)
  from space 1276416K, 76% used [0x0000000714000000,0x000000074fb18110,0x0000000761e80000)
  to   space 1379328K, 0% used [0x000000076bd00000,0x000000076bd00000,0x00000007c0000000)
 ParOldGen       total 2038272K, used 1589482K [0x00000004b9000000, 0x0000000535680000, 0x00000006bdb00000)
  object space 2038272K, 77% used [0x00000004b9000000,0x000000051a03aad8,0x0000000535680000)
 Metaspace       used 152330K, capacity 156123K, committed 156328K, reserved 1179648K
  class space    used 24673K, capacity 25516K, committed 25520K, reserved 1048576K
}
Event: 42.095 GC heap before
{Heap before GC invocations=34 (full 4):
 PSYoungGen      total 2690560K, used 2392160K [0x00000006bdb00000, 0x00000007c0000000, 0x00000007c0000000)
  eden space 1414144K, 100% used [0x00000006bdb00000,0x0000000714000000,0x0000000714000000)
  from space 1276416K, 76% used [0x0000000714000000,0x000000074fb18110,0x0000000761e80000)
  to   space 1379328K, 0% used [0x000000076bd00000,0x000000076bd00000,0x00000007c0000000)
 ParOldGen       total 2038272K, used 1589482K [0x00000004b9000000, 0x0000000535680000, 0x00000006bdb00000)
  object space 2038272K, 77% used [0x00000004b9000000,0x000000051a03aad8,0x0000000535680000)
 Metaspace       used 152514K, capacity 156335K, committed 156456K, reserved 1179648K
  class space    used 24705K, capacity 25564K, committed 25648K, reserved 1048576K
Event: 42.649 GC heap after
Heap after GC invocations=34 (full 4):
 PSYoungGen      total 2790400K, used 931534K [0x00000006bdb00000, 0x00000007c0000000, 0x00000007c0000000)
  eden space 1411072K, 0% used [0x00000006bdb00000,0x00000006bdb00000,0x0000000713d00000)
  from space 1379328K, 67% used [0x000000076bd00000,0x00000007a4ab3808,0x00000007c0000000)
  to   space 1410560K, 0% used [0x0000000713d00000,0x0000000713d00000,0x0000000769e80000)
 ParOldGen       total 2067968K, used 2067234K [0x00000004b9000000, 0x0000000537380000, 0x00000006bdb00000)
  object space 2067968K, 99% used [0x00000004b9000000,0x00000005372c8880,0x0000000537380000)
 Metaspace       used 152514K, capacity 156335K, committed 156456K, reserved 1179648K
  class space    used 24705K, capacity 25564K, committed 25648K, reserved 1048576K
}
Event: 42.649 GC heap before
{Heap before GC invocations=35 (full 5):
 PSYoungGen      total 2790400K, used 931534K [0x00000006bdb00000, 0x00000007c0000000, 0x00000007c0000000)
  eden space 1411072K, 0% used [0x00000006bdb00000,0x00000006bdb00000,0x0000000713d00000)
  from space 1379328K, 67% used [0x000000076bd00000,0x00000007a4ab3808,0x00000007c0000000)
  to   space 1410560K, 0% used [0x0000000713d00000,0x0000000713d00000,0x0000000769e80000)
 ParOldGen       total 2067968K, used 2067234K [0x00000004b9000000, 0x0000000537380000, 0x00000006bdb00000)
  object space 2067968K, 99% used [0x00000004b9000000,0x00000005372c8880,0x0000000537380000)
 Metaspace       used 152514K, capacity 156335K, committed 156456K, reserved 1179648K
  class space    used 24705K, capacity 25564K, committed 25648K, reserved 1048576K

Deoptimization events (10 events):
Event: 40.874 Thread 0x00007f54100d4000 Uncommon trap: reason=null_assert_or_unreached0 action=reinterpret pc=0x00007f53fe49ef49 method=org.graalvm.compiler.core.amd64.AMD64ArithmeticLIRGenerator.emitSignExtend(Ljdk/vm/ci/meta/Value;II)Ljdk/vm/ci/meta/Value; @ 0
Event: 40.932 Thread 0x00007f532c001000 Uncommon trap: reason=null_assert_or_unreached0 action=reinterpret pc=0x00007f53fc56727b method=org.graalvm.compiler.bytecode.BytecodeStream.setBCI(I)V @ 61
Event: 41.091 Thread 0x00007f54100d4000 Uncommon trap: reason=null_assert_or_unreached0 action=reinterpret pc=0x00007f53fd0c8aeb method=org.graalvm.compiler.lir.asm.CompilationResultBuilder.isSuccessorEdge(Lorg/graalvm/compiler/lir/LabelRef;)Z @ 64
Event: 41.091 Thread 0x00007f54100d4000 Uncommon trap: reason=null_assert_or_unreached0 action=reinterpret pc=0x00007f53fcb46d3e method=org.graalvm.compiler.lir.amd64.AMD64ControlFlow$BranchOp.jcc(Lorg/graalvm/compiler/asm/amd64/AMD64MacroAssembler;ZLorg/graalvm/compiler/lir/LabelRef;)V @ 0
Event: 41.091 Thread 0x00007f54100d4000 Uncommon trap: reason=null_assert_or_unreached0 action=reinterpret pc=0x00007f53fc7ca39c method=org.graalvm.compiler.asm.amd64.AMD64Assembler$ConditionFlag.negate()Lorg/graalvm/compiler/asm/amd64/AMD64Assembler$ConditionFlag; @ 0
Event: 41.155 Thread 0x00007f5360183800 Uncommon trap: reason=null_assert_or_unreached0 action=reinterpret pc=0x00007f53fdb46cc3 method=java.util.concurrent.ConcurrentHashMap.fullAddCount(JZ)V @ 252
Event: 41.191 Thread 0x00007f54100cf800 Uncommon trap: reason=intrinsic_or_type_checked_inlining action=reinterpret pc=0x00007f53fcbb2de2 method=org.graalvm.compiler.nodes.LoopExitNode$$Lambda$23/1014440429.apply(Lorg/graalvm/compiler/graph/Node;)Z @ 0
Event: 41.225 Thread 0x00007f5350419800 Uncommon trap: reason=null_assert_or_unreached0 action=reinterpret pc=0x00007f53fcd590e7 method=java.util.concurrent.ConcurrentHashMap.fullAddCount(JZ)V @ 267
Event: 41.269 Thread 0x00007f531c013000 Uncommon trap: reason=null_assert_or_unreached0 action=reinterpret pc=0x00007f53fcacdd9f method=java.util.concurrent.ConcurrentHashMap.fullAddCount(JZ)V @ 218
Event: 41.380 Thread 0x00007f5360183800 Uncommon trap: reason=null_assert_or_unreached0 action=reinterpret pc=0x00007f53fd7d228a method=java.util.concurrent.ConcurrentHashMap.fullAddCount(JZ)V @ 218

Classes redefined (0 events):
No events

Internal exceptions (10 events):
Event: 41.845 Thread 0x00007f54104e5000 Exception <a 'java/lang/ArrayIndexOutOfBoundsException'> (0x0000000711424410) thrown at [/home/graal/graal-jvmci-8/src/share/vm/runtime/sharedRuntime.cpp, line 612]
Event: 41.845 Thread 0x00007f54104e5000 Exception <a 'java/lang/ArrayIndexOutOfBoundsException'> (0x0000000711426930) thrown at [/home/graal/graal-jvmci-8/src/share/vm/runtime/sharedRuntime.cpp, line 612]
Event: 41.845 Thread 0x00007f54104e5000 Exception <a 'java/lang/ArrayIndexOutOfBoundsException'> (0x0000000711429470) thrown at [/home/graal/graal-jvmci-8/src/share/vm/runtime/sharedRuntime.cpp, line 612]
Event: 41.845 Thread 0x00007f54104e5000 Exception <a 'java/lang/ArrayIndexOutOfBoundsException'> (0x000000071142acf8) thrown at [/home/graal/graal-jvmci-8/src/share/vm/runtime/sharedRuntime.cpp, line 612]
Event: 41.845 Thread 0x00007f54104e5000 Exception <a 'java/lang/ArrayIndexOutOfBoundsException'> (0x000000071142cd30) thrown at [/home/graal/graal-jvmci-8/src/share/vm/runtime/sharedRuntime.cpp, line 612]
Event: 41.845 Thread 0x00007f54104e5000 Exception <a 'java/lang/ArrayIndexOutOfBoundsException'> (0x00000007114305c0) thrown at [/home/graal/graal-jvmci-8/src/share/vm/runtime/sharedRuntime.cpp, line 612]
Event: 41.845 Thread 0x00007f54104e5000 Exception <a 'java/lang/ArrayIndexOutOfBoundsException'> (0x0000000711432d08) thrown at [/home/graal/graal-jvmci-8/src/share/vm/runtime/sharedRuntime.cpp, line 612]
Event: 41.845 Thread 0x00007f54104e5000 Exception <a 'java/lang/ArrayIndexOutOfBoundsException'> (0x0000000711435028) thrown at [/home/graal/graal-jvmci-8/src/share/vm/runtime/sharedRuntime.cpp, line 612]
Event: 41.845 Thread 0x00007f54104e5000 Exception <a 'java/lang/ArrayIndexOutOfBoundsException'> (0x0000000711436fe8) thrown at [/home/graal/graal-jvmci-8/src/share/vm/runtime/sharedRuntime.cpp, line 612]
Event: 41.846 Thread 0x00007f54104e5000 Exception <a 'java/lang/ArrayIndexOutOfBoundsException'> (0x000000071143e170) thrown at [/home/graal/graal-jvmci-8/src/share/vm/runtime/sharedRuntime.cpp, line 612]

Events (10 events):
Event: 41.380 Thread 0x00007f5360183800 Uncommon trap: trap_request=0xffffffed fr.pc=0x00007f53fd7d228a relative=0x0000000000000d2a
Event: 41.380 Thread 0x00007f5360183800 DEOPT PACKING pc=0x00007f53fd7d228a sp=0x00007f53d75fd560
Event: 41.380 Thread 0x00007f5360183800 DEOPT UNPACKING pc=0x00007f53fb3b8599 sp=0x00007f53d75fd240 mode 3
Event: 41.842 loading class java/util/stream/ReduceOps$8ReducingSink
Event: 41.842 loading class java/util/stream/ReduceOps$8ReducingSink done
Event: 41.842 loading class sun/reflect/generics/reflectiveObjects/GenericArrayTypeImpl
Event: 41.842 loading class sun/reflect/generics/reflectiveObjects/GenericArrayTypeImpl done
Event: 41.859 Executing VM operation: RevokeBias
Event: 41.859 Executing VM operation: RevokeBias done
Event: 42.095 Executing VM operation: ParallelGCFailedAllocation


Dynamic libraries:
00400000-00401000 r-xp 00000000 00:36 3937401                            /home/graal/graal/vm/mxbuild/linux-amd64/GRAALVM_CMP_GU_GVM_INS_JS_NJS_POLYNATIVE_PRO_PYN_RBY_RGX_SLG_STAGE1_SVM_TFL/graalvm-cmp-gu-gvm-ins-js-njs-polynative-pro-pyn-rby-rgx-slg-stage1-svm-tfl-1.0.0-rc3-dev/bin/java
00600000-00601000 r--p 00000000 00:36 3937401                            /home/graal/graal/vm/mxbuild/linux-amd64/GRAALVM_CMP_GU_GVM_INS_JS_NJS_POLYNATIVE_PRO_PYN_RBY_RGX_SLG_STAGE1_SVM_TFL/graalvm-cmp-gu-gvm-ins-js-njs-polynative-pro-pyn-rby-rgx-slg-stage1-svm-tfl-1.0.0-rc3-dev/bin/java
00601000-00602000 rw-p 00001000 00:36 3937401                            /home/graal/graal/vm/mxbuild/linux-amd64/GRAALVM_CMP_GU_GVM_INS_JS_NJS_POLYNATIVE_PRO_PYN_RBY_RGX_SLG_STAGE1_SVM_TFL/graalvm-cmp-gu-gvm-ins-js-njs-polynative-pro-pyn-rby-rgx-slg-stage1-svm-tfl-1.0.0-rc3-dev/bin/java
01150000-01171000 rw-p 00000000 00:00 0                                  [heap]
4b9000000-537380000 rw-p 00000000 00:00 0 
5d9c00000-6bdb00000 ---p 00000000 00:00 0 
6bdb00000-7c0000000 rw-p 00000000 00:00 0 
7c0000000-7c190c000 rw-p 00000000 00:00 0 
7c190c000-800000000 ---p 00000000 00:00 0 
7f5314000000-7f5314089000 rw-p 00000000 00:00 0 
7f5314089000-7f5318000000 ---p 00000000 00:00 0 
7f531c000000-7f531c10b000 rw-p 00000000 00:00 0 
7f531c10b000-7f5320000000 ---p 00000000 00:00 0 
7f53229f4000-7f53229fd000 r-xp 00000000 00:36 3938150                    /home/graal/graal/vm/mxbuild/linux-amd64/GRAALVM_CMP_GU_GVM_INS_JS_NJS_POLYNATIVE_PRO_PYN_RBY_RGX_SLG_STAGE1_SVM_TFL/graalvm-cmp-gu-gvm-ins-js-njs-polynative-pro-pyn-rby-rgx-slg-stage1-svm-tfl-1.0.0-rc3-dev/jre/lib/amd64/libmanagement.so
7f53229fd000-7f5322bfc000 ---p 00009000 00:36 3938150                    /home/graal/graal/vm/mxbuild/linux-amd64/GRAALVM_CMP_GU_GVM_INS_JS_NJS_POLYNATIVE_PRO_PYN_RBY_RGX_SLG_STAGE1_SVM_TFL/graalvm-cmp-gu-gvm-ins-js-njs-polynative-pro-pyn-rby-rgx-slg-stage1-svm-tfl-1.0.0-rc3-dev/jre/lib/amd64/libmanagement.so
7f5322bfc000-7f5322bfd000 r--p 00008000 00:36 3938150                    /home/graal/graal/vm/mxbuild/linux-amd64/GRAALVM_CMP_GU_GVM_INS_JS_NJS_POLYNATIVE_PRO_PYN_RBY_RGX_SLG_STAGE1_SVM_TFL/graalvm-cmp-gu-gvm-ins-js-njs-polynative-pro-pyn-rby-rgx-slg-stage1-svm-tfl-1.0.0-rc3-dev/jre/lib/amd64/libmanagement.so
7f5322bfd000-7f5322bfe000 rw-p 00009000 00:36 3938150                    /home/graal/graal/vm/mxbuild/linux-amd64/GRAALVM_CMP_GU_GVM_INS_JS_NJS_POLYNATIVE_PRO_PYN_RBY_RGX_SLG_STAGE1_SVM_TFL/graalvm-cmp-gu-gvm-ins-js-njs-polynative-pro-pyn-rby-rgx-slg-stage1-svm-tfl-1.0.0-rc3-dev/jre/lib/amd64/libmanagement.so
7f5322bfe000-7f5322c01000 ---p 00000000 00:00 0 
7f5322c01000-7f53235ff000 rw-p 00000000 00:00 0 
7f53235ff000-7f5323602000 ---p 00000000 00:00 0 
7f5323602000-7f5324000000 rw-p 00000000 00:00 0 
7f5324000000-7f5324061000 rw-p 00000000 00:00 0 
7f5324061000-7f5328000000 ---p 00000000 00:00 0 
7f5328000000-7f5328078000 rw-p 00000000 00:00 0 
7f5328078000-7f532c000000 ---p 00000000 00:00 0 
7f532c000000-7f532c08a000 rw-p 00000000 00:00 0 
7f532c08a000-7f5330000000 ---p 00000000 00:00 0 
7f5330000000-7f533004c000 rw-p 00000000 00:00 0 
7f533004c000-7f5334000000 ---p 00000000 00:00 0 
7f5334000000-7f5334021000 rw-p 00000000 00:00 0 
7f5334021000-7f5338000000 ---p 00000000 00:00 0 
7f5338000000-7f5338337000 rw-p 00000000 00:00 0 
7f5338337000-7f533c000000 ---p 00000000 00:00 0 
7f533c016000-7f533c216000 rw-p 00000000 00:00 0 
7f533c216000-7f533c416000 rw-p 00000000 00:00 0 
7f533c416000-7f533c419000 ---p 00000000 00:00 0 
7f533c419000-7f533ce17000 rw-p 00000000 00:00 0 
7f533ce17000-7f533ce1a000 ---p 00000000 00:00 0 
7f533ce1a000-7f533d818000 rw-p 00000000 00:00 0 
7f533d818000-7f533d81b000 ---p 00000000 00:00 0 
7f533d81b000-7f533e219000 rw-p 00000000 00:00 0 
7f533e219000-7f533e21c000 ---p 00000000 00:00 0 
7f533e21c000-7f533ee1a000 rw-p 00000000 00:00 0 
7f533ee1a000-7f533f01a000 rw-p 00000000 00:00 0 
7f533f01a000-7f533f21a000 rw-p 00000000 00:00 0 
7f533f21a000-7f533f238000 r-xp 00000000 00:5e 1517                       /usr/lib/x86_64-linux-gnu/libmagic.so.1.0.0
7f533f238000-7f533f438000 ---p 0001e000 00:5e 1517                       /usr/lib/x86_64-linux-gnu/libmagic.so.1.0.0
7f533f438000-7f533f439000 r--p 0001e000 00:5e 1517                       /usr/lib/x86_64-linux-gnu/libmagic.so.1.0.0
7f533f439000-7f533f43a000 rw-p 0001f000 00:5e 1517                       /usr/lib/x86_64-linux-gnu/libmagic.so.1.0.0
7f533f43a000-7f533f4a8000 r-xp 00000000 00:5e 139                        /lib/x86_64-linux-gnu/libpcre.so.3.13.2
7f533f4a8000-7f533f6a8000 ---p 0006e000 00:5e 139                        /lib/x86_64-linux-gnu/libpcre.so.3.13.2
7f533f6a8000-7f533f6a9000 r--p 0006e000 00:5e 139                        /lib/x86_64-linux-gnu/libpcre.so.3.13.2
7f533f6a9000-7f533f6aa000 rw-p 0006f000 00:5e 139                        /lib/x86_64-linux-gnu/libpcre.so.3.13.2
7f533f6aa000-7f533f6b1000 r-xp 00000000 00:5e 132                        /usr/lib/x86_64-linux-gnu/libffi.so.6.0.4
7f533f6b1000-7f533f8b0000 ---p 00007000 00:5e 132                        /usr/lib/x86_64-linux-gnu/libffi.so.6.0.4
7f533f8b0000-7f533f8b1000 r--p 00006000 00:5e 132                        /usr/lib/x86_64-linux-gnu/libffi.so.6.0.4
7f533f8b1000-7f533f8b2000 rw-p 00007000 00:5e 132                        /usr/lib/x86_64-linux-gnu/libffi.so.6.0.4
7f533f8b2000-7f533f8c9000 r-xp 00000000 00:5e 141                        /lib/x86_64-linux-gnu/libresolv-2.23.so
7f533f8c9000-7f533fac9000 ---p 00017000 00:5e 141                        /lib/x86_64-linux-gnu/libresolv-2.23.so
7f533fac9000-7f533faca000 r--p 00017000 00:5e 141                        /lib/x86_64-linux-gnu/libresolv-2.23.so
7f533faca000-7f533facb000 rw-p 00018000 00:5e 141                        /lib/x86_64-linux-gnu/libresolv-2.23.so
7f533facb000-7f533facd000 rw-p 00000000 00:00 0 
7f533facd000-7f533faec000 r-xp 00000000 00:5e 1095                       /lib/x86_64-linux-gnu/libselinux.so.1
7f533faec000-7f533fceb000 ---p 0001f000 00:5e 1095                       /lib/x86_64-linux-gnu/libselinux.so.1
7f533fceb000-7f533fcec000 r--p 0001e000 00:5e 1095                       /lib/x86_64-linux-gnu/libselinux.so.1
7f533fcec000-7f533fced000 rw-p 0001f000 00:5e 1095                       /lib/x86_64-linux-gnu/libselinux.so.1
7f533fced000-7f533fcef000 rw-p 00000000 00:00 0 
7f533fcef000-7f533fdfe000 r-xp 00000000 00:5e 1191                       /lib/x86_64-linux-gnu/libglib-2.0.so.0.4800.2
7f533fdfe000-7f533fffd000 ---p 0010f000 00:5e 1191                       /lib/x86_64-linux-gnu/libglib-2.0.so.0.4800.2
7f533fffd000-7f533fffe000 r--p 0010e000 00:5e 1191                       /lib/x86_64-linux-gnu/libglib-2.0.so.0.4800.2
7f533fffe000-7f533ffff000 rw-p 0010f000 00:5e 1191                       /lib/x86_64-linux-gnu/libglib-2.0.so.0.4800.2
7f533ffff000-7f5340000000 rw-p 00000000 00:00 0 
7f5340000000-7f53403d9000 rw-p 00000000 00:00 0 
7f53403d9000-7f5344000000 ---p 00000000 00:00 0 
7f5344000000-7f534436b000 rw-p 00000000 00:00 0 
7f534436b000-7f5348000000 ---p 00000000 00:00 0 
7f5348000000-7f534836e000 rw-p 00000000 00:00 0 
7f534836e000-7f534c000000 ---p 00000000 00:00 0 
7f534c000000-7f534c339000 rw-p 00000000 00:00 0 
7f534c339000-7f5350000000 ---p 00000000 00:00 0 
7f5350000000-7f5350453000 rw-p 00000000 00:00 0 
7f5350453000-7f5354000000 ---p 00000000 00:00 0 
7f5354000000-7f53543a5000 rw-p 00000000 00:00 0 
7f53543a5000-7f5358000000 ---p 00000000 00:00 0 
7f5358000000-7f5358021000 rw-p 00000000 00:00 0 
7f5358021000-7f535c000000 ---p 00000000 00:00 0 
7f535c000000-7f535c3b3000 rw-p 00000000 00:00 0 
7f535c3b3000-7f5360000000 ---p 00000000 00:00 0 
7f5360000000-7f5360304000 rw-p 00000000 00:00 0 
7f5360304000-7f5364000000 ---p 00000000 00:00 0 
7f5364000000-7f5364021000 rw-p 00000000 00:00 0 
7f5364021000-7f5368000000 ---p 00000000 00:00 0 
7f5368000000-7f5368048000 rw-p 00000000 00:00 0 
7f5368048000-7f536c000000 ---p 00000000 00:00 0 
7f536c000000-7f536c030000 rw-p 00000000 00:00 0 
7f536c030000-7f5370000000 ---p 00000000 00:00 0 
7f5370000000-7f5370033000 rw-p 00000000 00:00 0 
7f5370033000-7f5374000000 ---p 00000000 00:00 0 
7f5374000000-7f5374021000 rw-p 00000000 00:00 0 
7f5374021000-7f5378000000 ---p 00000000 00:00 0 
7f5378000000-7f5378021000 rw-p 00000000 00:00 0 
7f5378021000-7f537c000000 ---p 00000000 00:00 0 
7f537c000000-7f537c021000 rw-p 00000000 00:00 0 
7f537c021000-7f5380000000 ---p 00000000 00:00 0 
7f5380000000-7f53818e3000 rw-p 00000000 00:00 0 
7f53818e3000-7f5384000000 ---p 00000000 00:00 0 
7f5384000000-7f5384021000 rw-p 00000000 00:00 0 
7f5384021000-7f5388000000 ---p 00000000 00:00 0 
7f5388000000-7f5388325000 rw-p 00000000 00:00 0 
7f5388325000-7f538c000000 ---p 00000000 00:00 0 
7f538c000000-7f538c2c0000 rw-p 00000000 00:00 0 
7f538c2c0000-7f5390000000 ---p 00000000 00:00 0 
7f5390000000-7f5390021000 rw-p 00000000 00:00 0 
7f5390021000-7f5394000000 ---p 00000000 00:00 0 
7f5394000000-7f5394471000 rw-p 00000000 00:00 0 
7f5394471000-7f5398000000 ---p 00000000 00:00 0 
7f5398000000-7f5398021000 rw-p 00000000 00:00 0 
7f5398021000-7f539c000000 ---p 00000000 00:00 0 
7f539c000000-7f539c021000 rw-p 00000000 00:00 0 
7f539c021000-7f53a0000000 ---p 00000000 00:00 0 
7f53a0000000-7f53a035a000 rw-p 00000000 00:00 0 
7f53a035a000-7f53a4000000 ---p 00000000 00:00 0 
7f53a404e000-7f53a4051000 ---p 00000000 00:00 0 
7f53a4051000-7f53a4087000 rw-p 00000000 00:00 0 
7f53a4087000-7f53a40a0000 r-xp 00000000 00:5e 114                        /lib/x86_64-linux-gnu/libz.so.1.2.8
7f53a40a0000-7f53a429f000 ---p 00019000 00:5e 114                        /lib/x86_64-linux-gnu/libz.so.1.2.8
7f53a429f000-7f53a42a0000 r--p 00018000 00:5e 114                        /lib/x86_64-linux-gnu/libz.so.1.2.8
7f53a42a0000-7f53a42a1000 rw-p 00019000 00:5e 114                        /lib/x86_64-linux-gnu/libz.so.1.2.8
7f53a42a1000-7f53a42a4000 r-xp 00000000 00:5e 1515                       /usr/lib/x86_64-linux-gnu/libgmodule-2.0.so.0.4800.2
7f53a42a4000-7f53a44a3000 ---p 00003000 00:5e 1515                       /usr/lib/x86_64-linux-gnu/libgmodule-2.0.so.0.4800.2
7f53a44a3000-7f53a44a4000 r--p 00002000 00:5e 1515                       /usr/lib/x86_64-linux-gnu/libgmodule-2.0.so.0.4800.2
7f53a44a4000-7f53a44a5000 rw-p 00003000 00:5e 1515                       /usr/lib/x86_64-linux-gnu/libgmodule-2.0.so.0.4800.2
7f53a44a5000-7f53a44f7000 r-xp 00000000 00:5e 1498                       /usr/lib/x86_64-linux-gnu/libgobject-2.0.so.0.4800.2
7f53a44f7000-7f53a46f6000 ---p 00052000 00:5e 1498                       /usr/lib/x86_64-linux-gnu/libgobject-2.0.so.0.4800.2
7f53a46f6000-7f53a46f7000 r--p 00051000 00:5e 1498                       /usr/lib/x86_64-linux-gnu/libgobject-2.0.so.0.4800.2
7f53a46f7000-7f53a46f8000 rw-p 00052000 00:5e 1498                       /usr/lib/x86_64-linux-gnu/libgobject-2.0.so.0.4800.2
7f53a46f8000-7f53a4878000 r-xp 00000000 00:5e 1496                       /usr/lib/x86_64-linux-gnu/libgio-2.0.so.0.4800.2
7f53a4878000-7f53a4a78000 ---p 00180000 00:5e 1496                       /usr/lib/x86_64-linux-gnu/libgio-2.0.so.0.4800.2
7f53a4a78000-7f53a4a7c000 r--p 00180000 00:5e 1496                       /usr/lib/x86_64-linux-gnu/libgio-2.0.so.0.4800.2
7f53a4a7c000-7f53a4a7e000 rw-p 00184000 00:5e 1496                       /usr/lib/x86_64-linux-gnu/libgio-2.0.so.0.4800.2
7f53a4a7e000-7f53a4c80000 rw-p 00000000 00:00 0 
7f53a4c80000-7f53a4e80000 rw-p 00000000 00:00 0 
7f53a4e80000-7f53a5080000 rw-p 00000000 00:00 0 
7f53a5080000-7f53a5280000 rw-p 00000000 00:00 0 
7f53a5280000-7f53a5480000 rw-p 00000000 00:00 0 
7f53a5480000-7f53a5680000 rw-p 00000000 00:00 0 
7f53a5680000-7f53a5880000 rw-p 00000000 00:00 0 
7f53a5880000-7f53a5a80000 rw-p 00000000 00:00 0 
7f53a5a80000-7f53a5c80000 rw-p 00000000 00:00 0 
7f53a5c80000-7f53a5e80000 rw-p 00000000 00:00 0 
7f53a5e80000-7f53a6080000 rw-p 00000000 00:00 0 
7f53a6080000-7f53a6280000 rw-p 00000000 00:00 0 
7f53a6280000-7f53a6480000 rw-p 00000000 00:00 0 
7f53a6480000-7f53a6680000 rw-p 00000000 00:00 0 
7f53a6680000-7f53a6880000 rw-p 00000000 00:00 0 
7f53a6880000-7f53a6a80000 rw-p 00000000 00:00 0 
7f53a6a80000-7f53a6c80000 rw-p 00000000 00:00 0 
7f53a6c80000-7f53a6e80000 rw-p 00000000 00:00 0 
7f53a6e80000-7f53a7080000 rw-p 00000000 00:00 0 
7f53a7080000-7f53a7280000 rw-p 00000000 00:00 0 
7f53a7280000-7f53a7480000 rw-p 00000000 00:00 0 
7f53a7480000-7f53a7680000 rw-p 00000000 00:00 0 
7f53a7680000-7f53a7880000 rw-p 00000000 00:00 0 
7f53a7880000-7f53a7a80000 rw-p 00000000 00:00 0 
7f53a7a80000-7f53a7c80000 rw-p 00000000 00:00 0 
7f53a7c80000-7f53c0000000 rw-p 00000000 00:00 0 
7f53c0000000-7f53c04a7000 rw-p 00000000 00:00 0 
7f53c04a7000-7f53c4000000 ---p 00000000 00:00 0 
7f53c4000000-7f53c435a000 rw-p 00000000 00:00 0 
7f53c435a000-7f53c8000000 ---p 00000000 00:00 0 
7f53c8000000-7f53c831e000 rw-p 00000000 00:00 0 
7f53c831e000-7f53cc000000 ---p 00000000 00:00 0 
7f53cc000000-7f53cc200000 rw-p 00000000 00:00 0 
7f53cc200000-7f53cc400000 rw-p 00000000 00:00 0 
7f53cc400000-7f53cc600000 rw-p 00000000 00:00 0 
7f53cc600000-7f53cc800000 rw-p 00000000 00:00 0 
7f53cc800000-7f53cca00000 rw-p 00000000 00:00 0 
7f53cca00000-7f53ccc00000 rw-p 00000000 00:00 0 
7f53ccc00000-7f53cce00000 rw-p 00000000 00:00 0 
7f53cce00000-7f53cd000000 rw-p 00000000 00:00 0 
7f53cd000000-7f53cd200000 rw-p 00000000 00:00 0 
7f53cd200000-7f53cd400000 rw-p 00000000 00:00 0 
7f53cd400000-7f53cd600000 rw-p 00000000 00:00 0 
7f53cd600000-7f53cd800000 rw-p 00000000 00:00 0 
7f53cd800000-7f53cd813000 r--s 00346000 00:36 3938014                    /home/graal/graal/vm/mxbuild/linux-amd64/GRAALVM_CMP_GU_GVM_INS_JS_NJS_POLYNATIVE_PRO_PYN_RBY_RGX_SLG_STAGE1_SVM_TFL/graalvm-cmp-gu-gvm-ins-js-njs-polynative-pro-pyn-rby-rgx-slg-stage1-svm-tfl-1.0.0-rc3-dev/jre/lib/resources.jar
7f53cd813000-7f53cda13000 rw-p 00000000 00:00 0 
7f53cda13000-7f53cdc13000 rw-p 00000000 00:00 0 
7f53cdc13000-7f53cde13000 rw-p 00000000 00:00 0 
7f53cde13000-7f53ce011000 rw-p 00000000 00:00 0 
7f53ce011000-7f53ce013000 ---p 00000000 00:00 0 
7f53ce013000-7f53ce213000 rw-p 00000000 00:00 0 
7f53ce213000-7f53ce413000 rw-p 00000000 00:00 0 
7f53ce413000-7f53ce473000 r--s 00dba000 00:36 3700101                    /home/graal/graaljs/graal-js/mxbuild/dists/graaljs.jar
7f53ce473000-7f53ce4e1000 r--s 00d01000 00:36 3952552                    /home/graal/graal/vm/mxbuild/linux-amd64/GRAALVM_CMP_GU_GVM_INS_JS_NJS_POLYNATIVE_PRO_PYN_RBY_RGX_SLG_STAGE1_SVM_TFL/graalvm-cmp-gu-gvm-ins-js-njs-polynative-pro-pyn-rby-rgx-slg-stage1-svm-tfl-1.0.0-rc3-dev/jre/languages/python/graalpython.jar
7f53ce4e1000-7f53ce4e6000 r--s 00058000 00:36 3947577                    /home/graal/graal/vm/mxbuild/linux-amd64/GRAALVM_CMP_GU_GVM_INS_JS_NJS_POLYNATIVE_PRO_PYN_RBY_RGX_SLG_STAGE1_SVM_TFL/graalvm-cmp-gu-gvm-ins-js-njs-polynative-pro-pyn-rby-rgx-slg-stage1-svm-tfl-1.0.0-rc3-dev/jre/languages/js/asm-debug-all.jar
7f53ce4e6000-7f53ce4ea000 r--s 0003e000 00:36 2514182                    /home/graal/.mx/cache/JLINE_fdedd5f2522122102f0b3db85fe7aa563a009926.jar
7f53ce4ea000-7f53ce590000 r--s 0164d000 00:36 3950885                    /home/graal/graal/vm/mxbuild/linux-amd64/GRAALVM_CMP_GU_GVM_INS_JS_NJS_POLYNATIVE_PRO_PYN_RBY_RGX_SLG_STAGE1_SVM_TFL/graalvm-cmp-gu-gvm-ins-js-njs-polynative-pro-pyn-rby-rgx-slg-stage1-svm-tfl-1.0.0-rc3-dev/jre/languages/ruby/truffleruby.jar
7f53ce590000-7f53ce790000 rw-p 00000000 00:00 0 
7f53ce790000-7f53ce9fe000 rw-p 00000000 00:00 0 
7f53ce9fe000-7f53cebfe000 rw-p 00000000 00:00 0 
7f53cf1ff000-7f53cf3ff000 rw-p 00000000 00:00 0 
7f53cf3ff000-7f53cf5ff000 rw-p 00000000 00:00 0 
7f53cf5ff000-7f53cf602000 ---p 00000000 00:00 0 
7f53cf602000-7f53d0000000 rw-p 00000000 00:00 0 
7f53d0000000-7f53d033f000 rw-p 00000000 00:00 0 
7f53d033f000-7f53d4000000 ---p 00000000 00:00 0 
7f53d4001000-7f53d4008000 r--s 00100000 00:36 3810222                    /home/graal/graal/substratevm/mxbuild/dists/pointsto.jar
7f53d4008000-7f53d400c000 r--s 00074000 00:36 3045973                    /home/graal/graal-jvmci-8/openjdk1.8.0-internal/linux-amd64/product/jre/lib/jvmci/jvmci-hotspot.jar
7f53d400c000-7f53d401b000 r--s 001bf000 00:36 3159311                    /home/graal/graal/regex/mxbuild/dists/tregex.jar
7f53d401b000-7f53d4025000 r--s 000c6000 00:36 3301395                    /home/graal/graal/truffle/mxbuild/dists/truffle-nfi.jar
7f53d4025000-7f53d403f000 r--s 003e2000 00:36 3304464                    /home/graal/graal/compiler/mxbuild/dists/graal-runtime.jar
7f53d403f000-7f53d40a6000 rw-p 00000000 00:00 0 
7f53d40a6000-7f53d410d000 r--s 00eb7000 00:36 3304871                    /home/graal/graal/compiler/mxbuild/dists/graal.jar
7f53d410d000-7f53d4176000 rw-p 00000000 00:00 0 
7f53d4179000-7f53d4188000 r--s 001bf000 00:36 3936526                    /home/graal/graal/vm/mxbuild/linux-amd64/GRAALVM_CMP_GU_GVM_INS_JS_NJS_POLYNATIVE_PRO_PYN_RBY_RGX_SLG_STAGE1_SVM_TFL/graalvm-cmp-gu-gvm-ins-js-njs-polynative-pro-pyn-rby-rgx-slg-stage1-svm-tfl-1.0.0-rc3-dev/jre/tools/regex/tregex.jar
7f53d4188000-7f53d4193000 r--s 00122000 00:36 3291496                    /home/graal/graal/compiler/mxbuild/dists/graal-api.jar
7f53d4193000-7f53d41d6000 r--s 00717000 00:36 3839203                    /home/graal/graal/substratevm/mxbuild/dists/svm.jar
7f53d41d6000-7f53d43d6000 rw-p 00000000 00:00 0 
7f53d43d6000-7f53d43fa000 r--s 003b2000 00:36 3301169                    /home/graal/graal/truffle/mxbuild/dists/truffle-api.jar
7f53d43fa000-7f53d43fd000 ---p 00000000 00:00 0 
7f53d43fd000-7f53d4dfb000 rw-p 00000000 00:00 0 
7f53d57fc000-7f53d57ff000 ---p 00000000 00:00 0 
7f53d57ff000-7f53d61fd000 rw-p 00000000 00:00 0 
7f53d61fd000-7f53d6200000 ---p 00000000 00:00 0 
7f53d6200000-7f53d6bfe000 rw-p 00000000 00:00 0 
7f53d6bfe000-7f53d6c01000 ---p 00000000 00:00 0 
7f53d6c01000-7f53d75ff000 rw-p 00000000 00:00 0 
7f53d75ff000-7f53d7602000 ---p 00000000 00:00 0 
7f53d7602000-7f53d8000000 rw-p 00000000 00:00 0 
7f53d8000000-7f53d857a000 rw-p 00000000 00:00 0 
7f53d857a000-7f53dc000000 ---p 00000000 00:00 0 
7f53dc000000-7f53dc001000 r--s 00002000 00:36 3289614                    /home/graal/graal/compiler/mxbuild/dists/graal-serviceprovider.jar
7f53dc001000-7f53dc002000 r--s 0001d000 00:36 3289557                    /home/graal/graal/compiler/mxbuild/dists/graal-graphio.jar
7f53dc002000-7f53dc004000 r--s 00011000 00:36 2777797                    /home/graal/mx/mxbuild/dists/junit-tool.jar
7f53dc004000-7f53dc007000 r--s 0005d000 00:36 3570072                    /home/graal/graaljs/graal-nodejs/mxbuild/dists/trufflenode.jar
7f53dc007000-7f53dc008000 r--s 0001a000 00:36 3950865                    /home/graal/graal/vm/mxbuild/linux-amd64/GRAALVM_CMP_GU_GVM_INS_JS_NJS_POLYNATIVE_PRO_PYN_RBY_RGX_SLG_STAGE1_SVM_TFL/graalvm-cmp-gu-gvm-ins-js-njs-polynative-pro-pyn-rby-rgx-slg-stage1-svm-tfl-1.0.0-rc3-dev/jre/lib/graalvm/launcher-common.src.zip
7f53dc008000-7f53dc009000 r--s 0000b000 00:36 3950869                    /home/graal/graal/vm/mxbuild/linux-amd64/GRAALVM_CMP_GU_GVM_INS_JS_NJS_POLYNATIVE_PRO_PYN_RBY_RGX_SLG_STAGE1_SVM_TFL/graalvm-cmp-gu-gvm-ins-js-njs-polynative-pro-pyn-rby-rgx-slg-stage1-svm-tfl-1.0.0-rc3-dev/jre/lib/graalvm/truffleruby-launcher.src.zip
7f53dc009000-7f53dc00a000 r--s 00002000 00:36 3950867                    /home/graal/graal/vm/mxbuild/linux-amd64/GRAALVM_CMP_GU_GVM_INS_JS_NJS_POLYNATIVE_PRO_PYN_RBY_RGX_SLG_STAGE1_SVM_TFL/graalvm-cmp-gu-gvm-ins-js-njs-polynative-pro-pyn-rby-rgx-slg-stage1-svm-tfl-1.0.0-rc3-dev/jre/lib/graalvm/sulong-launcher.src.zip
7f53dc00a000-7f53dc00c000 r--s 00028000 00:36 3950870                    /home/graal/graal/vm/mxbuild/linux-amd64/GRAALVM_CMP_GU_GVM_INS_JS_NJS_POLYNATIVE_PRO_PYN_RBY_RGX_SLG_STAGE1_SVM_TFL/graalvm-cmp-gu-gvm-ins-js-njs-polynative-pro-pyn-rby-rgx-slg-stage1-svm-tfl-1.0.0-rc3-dev/jre/lib/graalvm/svm-driver.jar
7f53dc00c000-7f53dc00d000 r--s 00009000 00:36 3950873                    /home/graal/graal/vm/mxbuild/linux-amd64/GRAALVM_CMP_GU_GVM_INS_JS_NJS_POLYNATIVE_PRO_PYN_RBY_RGX_SLG_STAGE1_SVM_TFL/graalvm-cmp-gu-gvm-ins-js-njs-polynative-pro-pyn-rby-rgx-slg-stage1-svm-tfl-1.0.0-rc3-dev/jre/lib/graalvm/graalpython-launcher.src.zip
7f53dc00d000-7f53dc011000 r--s 000ae000 00:36 3950864                    /home/graal/graal/vm/mxbuild/linux-amd64/GRAALVM_CMP_GU_GVM_INS_JS_NJS_POLYNATIVE_PRO_PYN_RBY_RGX_SLG_STAGE1_SVM_TFL/graalvm-cmp-gu-gvm-ins-js-njs-polynative-pro-pyn-rby-rgx-slg-stage1-svm-tfl-1.0.0-rc3-dev/jre/lib/graalvm/launcher-common.jar
7f53dc011000-7f53dc012000 r--s 0001e000 00:36 3950871                    /home/graal/graal/vm/mxbuild/linux-amd64/GRAALVM_CMP_GU_GVM_INS_JS_NJS_POLYNATIVE_PRO_PYN_RBY_RGX_SLG_STAGE1_SVM_TFL/graalvm-cmp-gu-gvm-ins-js-njs-polynative-pro-pyn-rby-rgx-slg-stage1-svm-tfl-1.0.0-rc3-dev/jre/lib/graalvm/svm-driver.src.zip
7f53dc012000-7f53dc017000 r--s 0004c000 00:36 3289682                    /home/graal/graal/sdk/mxbuild/dists/graal-sdk.jar
7f53dc017000-7f53dc01b000 r--s 00049000 00:36 3045799                    /home/graal/graal-jvmci-8/openjdk1.8.0-internal/linux-amd64/product/jre/lib/jvmci/jvmci-api.jar
7f53dc01b000-7f53dc01e000 r--s 0005d000 00:36 3938357                    /home/graal/graal/vm/mxbuild/linux-amd64/GRAALVM_CMP_GU_GVM_INS_JS_NJS_POLYNATIVE_PRO_PYN_RBY_RGX_SLG_STAGE1_SVM_TFL/graalvm-cmp-gu-gvm-ins-js-njs-polynative-pro-pyn-rby-rgx-slg-stage1-svm-tfl-1.0.0-rc3-dev/jre/languages/js/trufflenode.jar
7f53dc01e000-7f53dc087000 r--s 00af5000 00:36 3947576                    /home/graal/graal/vm/mxbuild/linux-amd64/GRAALVM_CMP_GU_GVM_INS_JS_NJS_POLYNATIVE_PRO_PYN_RBY_RGX_SLG_STAGE1_SVM_TFL/graalvm-cmp-gu-gvm-ins-js-njs-polynative-pro-pyn-rby-rgx-slg-stage1-svm-tfl-1.0.0-rc3-dev/jre/languages/js/icu4j.jar
7f53dc087000-7f53dc331000 rw-p 00000000 00:00 0 
7f53dc331000-7f53dc39a000 r--s 00af5000 00:36 2514190                    /home/graal/.mx/cache/ICU4J_6f06e820cf4c8968bbbaae66ae0b33f6a256b57f.jar
7f53dc39a000-7f53dc3fa000 r--s 00dba000 00:36 3947575                    /home/graal/graal/vm/mxbuild/linux-amd64/GRAALVM_CMP_GU_GVM_INS_JS_NJS_POLYNATIVE_PRO_PYN_RBY_RGX_SLG_STAGE1_SVM_TFL/graalvm-cmp-gu-gvm-ins-js-njs-polynative-pro-pyn-rby-rgx-slg-stage1-svm-tfl-1.0.0-rc3-dev/jre/languages/js/graaljs.jar
7f53dc3fa000-7f53dc3fd000 ---p 00000000 00:00 0 
7f53dc3fd000-7f53dcdfb000 rw-p 00000000 00:00 0 
7f53dd7fc000-7f53dd7ff000 ---p 00000000 00:00 0 
7f53dd7ff000-7f53de1fd000 rw-p 00000000 00:00 0 
7f53de325000-7f53de32c000 r-xp 00000000 00:36 3938213                    /home/graal/graal/vm/mxbuild/linux-amd64/GRAALVM_CMP_GU_GVM_INS_JS_NJS_POLYNATIVE_PRO_PYN_RBY_RGX_SLG_STAGE1_SVM_TFL/graalvm-cmp-gu-gvm-ins-js-njs-polynative-pro-pyn-rby-rgx-slg-stage1-svm-tfl-1.0.0-rc3-dev/jre/lib/amd64/libawt_headless.so
7f53de32c000-7f53de52b000 ---p 00007000 00:36 3938213                    /home/graal/graal/vm/mxbuild/linux-amd64/GRAALVM_CMP_GU_GVM_INS_JS_NJS_POLYNATIVE_PRO_PYN_RBY_RGX_SLG_STAGE1_SVM_TFL/graalvm-cmp-gu-gvm-ins-js-njs-polynative-pro-pyn-rby-rgx-slg-stage1-svm-tfl-1.0.0-rc3-dev/jre/lib/amd64/libawt_headless.so
7f53de52b000-7f53de52c000 r--p 00006000 00:36 3938213                    /home/graal/graal/vm/mxbuild/linux-amd64/GRAALVM_CMP_GU_GVM_INS_JS_NJS_POLYNATIVE_PRO_PYN_RBY_RGX_SLG_STAGE1_SVM_TFL/graalvm-cmp-gu-gvm-ins-js-njs-polynative-pro-pyn-rby-rgx-slg-stage1-svm-tfl-1.0.0-rc3-dev/jre/lib/amd64/libawt_headless.so
7f53de52c000-7f53de52d000 rw-p 00007000 00:36 3938213                    /home/graal/graal/vm/mxbuild/linux-amd64/GRAALVM_CMP_GU_GVM_INS_JS_NJS_POLYNATIVE_PRO_PYN_RBY_RGX_SLG_STAGE1_SVM_TFL/graalvm-cmp-gu-gvm-ins-js-njs-polynative-pro-pyn-rby-rgx-slg-stage1-svm-tfl-1.0.0-rc3-dev/jre/lib/amd64/libawt_headless.so
7f53de52d000-7f53de5ce000 r-xp 00000000 00:36 3938161                    /home/graal/graal/vm/mxbuild/linux-amd64/GRAALVM_CMP_GU_GVM_INS_JS_NJS_POLYNATIVE_PRO_PYN_RBY_RGX_SLG_STAGE1_SVM_TFL/graalvm-cmp-gu-gvm-ins-js-njs-polynative-pro-pyn-rby-rgx-slg-stage1-svm-tfl-1.0.0-rc3-dev/jre/lib/amd64/libawt.so
7f53de5ce000-7f53de7cd000 ---p 000a1000 00:36 3938161                    /home/graal/graal/vm/mxbuild/linux-amd64/GRAALVM_CMP_GU_GVM_INS_JS_NJS_POLYNATIVE_PRO_PYN_RBY_RGX_SLG_STAGE1_SVM_TFL/graalvm-cmp-gu-gvm-ins-js-njs-polynative-pro-pyn-rby-rgx-slg-stage1-svm-tfl-1.0.0-rc3-dev/jre/lib/amd64/libawt.so
7f53de7cd000-7f53de7ce000 r--p 000a0000 00:36 3938161                    /home/graal/graal/vm/mxbuild/linux-amd64/GRAALVM_CMP_GU_GVM_INS_JS_NJS_POLYNATIVE_PRO_PYN_RBY_RGX_SLG_STAGE1_SVM_TFL/graalvm-cmp-gu-gvm-ins-js-njs-polynative-pro-pyn-rby-rgx-slg-stage1-svm-tfl-1.0.0-rc3-dev/jre/lib/amd64/libawt.so
7f53de7ce000-7f53de7d9000 rw-p 000a1000 00:36 3938161                    /home/graal/graal/vm/mxbuild/linux-amd64/GRAALVM_CMP_GU_GVM_INS_JS_NJS_POLYNATIVE_PRO_PYN_RBY_RGX_SLG_STAGE1_SVM_TFL/graalvm-cmp-gu-gvm-ins-js-njs-polynative-pro-pyn-rby-rgx-slg-stage1-svm-tfl-1.0.0-rc3-dev/jre/lib/amd64/libawt.so
7f53de7d9000-7f53de9be000 rw-p 00000000 00:00 0 
7f53de9be000-7f53de9fe000 ---p 00000000 00:00 0 
7f53de9fe000-7f53debfe000 rw-p 00000000 00:00 0 
7f53debfe000-7f53dec01000 ---p 00000000 00:00 0 
7f53dec01000-7f53df5ff000 rw-p 00000000 00:00 0 
7f53df5ff000-7f53df602000 ---p 00000000 00:00 0 
7f53df602000-7f53e0000000 rw-p 00000000 00:00 0 
7f53e0000000-7f53e0348000 rw-p 00000000 00:00 0 
7f53e0348000-7f53e4000000 ---p 00000000 00:00 0 
7f53e4000000-7f53e4001000 r--s 00005000 00:36 3950875                    /home/graal/graal/vm/mxbuild/linux-amd64/GRAALVM_CMP_GU_GVM_INS_JS_NJS_POLYNATIVE_PRO_PYN_RBY_RGX_SLG_STAGE1_SVM_TFL/graalvm-cmp-gu-gvm-ins-js-njs-polynative-pro-pyn-rby-rgx-slg-stage1-svm-tfl-1.0.0-rc3-dev/jre/lib/graalvm/graaljs-launcher.src.zip
7f53e4001000-7f53e4002000 r--s 00009000 00:36 3950868                    /home/graal/graal/vm/mxbuild/linux-amd64/GRAALVM_CMP_GU_GVM_INS_JS_NJS_POLYNATIVE_PRO_PYN_RBY_RGX_SLG_STAGE1_SVM_TFL/graalvm-cmp-gu-gvm-ins-js-njs-polynative-pro-pyn-rby-rgx-slg-stage1-svm-tfl-1.0.0-rc3-dev/jre/lib/graalvm/truffleruby-launcher.jar
7f53e4002000-7f53e4003000 r--s 00001000 00:36 3950887                    /home/graal/graal/vm/mxbuild/linux-amd64/GRAALVM_CMP_GU_GVM_INS_JS_NJS_POLYNATIVE_PRO_PYN_RBY_RGX_SLG_STAGE1_SVM_TFL/graalvm-cmp-gu-gvm-ins-js-njs-polynative-pro-pyn-rby-rgx-slg-stage1-svm-tfl-1.0.0-rc3-dev/jre/languages/ruby/truffleruby-annotations.jar
7f53e4003000-7f53e4005000 r--s 00006000 00:36 3950872                    /home/graal/graal/vm/mxbuild/linux-amd64/GRAALVM_CMP_GU_GVM_INS_JS_NJS_POLYNATIVE_PRO_PYN_RBY_RGX_SLG_STAGE1_SVM_TFL/graalvm-cmp-gu-gvm-ins-js-njs-polynative-pro-pyn-rby-rgx-slg-stage1-svm-tfl-1.0.0-rc3-dev/jre/lib/graalvm/graalpython-launcher.jar
7f53e4005000-7f53e4008000 r--s 00031000 00:36 3936484                    /home/graal/graal/vm/mxbuild/linux-amd64/GRAALVM_CMP_GU_GVM_INS_JS_NJS_POLYNATIVE_PRO_PYN_RBY_RGX_SLG_STAGE1_SVM_TFL/graalvm-cmp-gu-gvm-ins-js-njs-polynative-pro-pyn-rby-rgx-slg-stage1-svm-tfl-1.0.0-rc3-dev/jre/tools/profiler/truffle-profiler.jar
7f53e4008000-7f53e400c000 r--s 00061000 00:36 3936417                    /home/graal/graal/vm/mxbuild/linux-amd64/GRAALVM_CMP_GU_GVM_INS_JS_NJS_POLYNATIVE_PRO_PYN_RBY_RGX_SLG_STAGE1_SVM_TFL/graalvm-cmp-gu-gvm-ins-js-njs-polynative-pro-pyn-rby-rgx-slg-stage1-svm-tfl-1.0.0-rc3-dev/jre/lib/svm/library-support.jar
7f53e400c000-7f53e400d000 r--s 00006000 00:36 3950874                    /home/graal/graal/vm/mxbuild/linux-amd64/GRAALVM_CMP_GU_GVM_INS_JS_NJS_POLYNATIVE_PRO_PYN_RBY_RGX_SLG_STAGE1_SVM_TFL/graalvm-cmp-gu-gvm-ins-js-njs-polynative-pro-pyn-rby-rgx-slg-stage1-svm-tfl-1.0.0-rc3-dev/jre/lib/graalvm/graaljs-launcher.jar
7f53e400d000-7f53e400e000 r--s 00010000 00:36 3290053                    /home/graal/graal/compiler/mxbuild/dists/graal-options.jar
7f53e400e000-7f53e4014000 r--s 0009d000 00:36 3936493                    /home/graal/graal/vm/mxbuild/linux-amd64/GRAALVM_CMP_GU_GVM_INS_JS_NJS_POLYNATIVE_PRO_PYN_RBY_RGX_SLG_STAGE1_SVM_TFL/graalvm-cmp-gu-gvm-ins-js-njs-polynative-pro-pyn-rby-rgx-slg-stage1-svm-tfl-1.0.0-rc3-dev/jre/tools/chromeinspector/chromeinspector.jar
7f53e4014000-7f53e4016000 r--s 00004000 00:36 3289559                    /home/graal/graal/compiler/mxbuild/dists/graal-nodeinfo.jar
7f53e4016000-7f53e401d000 r--s 000b4000 00:36 3807710                    /home/graal/graal/substratevm/mxbuild/dists/objectfile.jar
7f53e401d000-7f53e4022000 r--s 00058000 00:36 2514089                    /home/graal/.mx/cache/ASM_DEBUG_ALL_702b8525fcf81454235e5e2fa2a35f15ffc0ec7e.jar
7f53e4022000-7f53e4024000 r--s 00025000 00:36 3839234                    /home/graal/graal/substratevm/mxbuild/dists/polyglot-native-api.jar
7f53e4024000-7f53e40c9000 rw-p 00000000 00:00 0 
7f53e40c9000-7f53e4130000 r--s 00bab000 00:36 3936510                    /home/graal/graal/vm/mxbuild/linux-amd64/GRAALVM_CMP_GU_GVM_INS_JS_NJS_POLYNATIVE_PRO_PYN_RBY_RGX_SLG_STAGE1_SVM_TFL/graalvm-cmp-gu-gvm-ins-js-njs-polynative-pro-pyn-rby-rgx-slg-stage1-svm-tfl-1.0.0-rc3-dev/jre/languages/llvm/sulong.jar
7f53e4130000-7f53e4152000 r--s 00528000 00:36 3302721                    /home/graal/graal/compiler/mxbuild/dists/graal-compiler.jar
7f53e4187000-7f53e4188000 r--p 00000000 00:00 0 
7f53e4188000-7f53e418d000 r--s 0009a000 00:36 3938037                    /home/graal/graal/vm/mxbuild/linux-amd64/GRAALVM_CMP_GU_GVM_INS_JS_NJS_POLYNATIVE_PRO_PYN_RBY_RGX_SLG_STAGE1_SVM_TFL/graalvm-cmp-gu-gvm-ins-js-njs-polynative-pro-pyn-rby-rgx-slg-stage1-svm-tfl-1.0.0-rc3-dev/jre/lib/jsse.jar
7f53e418d000-7f53e4190000 r--s 00015000 00:36 3938064                    /home/graal/graal/vm/mxbuild/linux-amd64/GRAALVM_CMP_GU_GVM_INS_JS_NJS_POLYNATIVE_PRO_PYN_RBY_RGX_SLG_STAGE1_SVM_TFL/graalvm-cmp-gu-gvm-ins-js-njs-polynative-pro-pyn-rby-rgx-slg-stage1-svm-tfl-1.0.0-rc3-dev/jre/lib/jce.jar
7f53e4190000-7f53e4195000 r--s 002f9000 00:36 3938248                    /home/graal/graal/vm/mxbuild/linux-amd64/GRAALVM_CMP_GU_GVM_INS_JS_NJS_POLYNATIVE_PRO_PYN_RBY_RGX_SLG_STAGE1_SVM_TFL/graalvm-cmp-gu-gvm-ins-js-njs-polynative-pro-pyn-rby-rgx-slg-stage1-svm-tfl-1.0.0-rc3-dev/jre/lib/charsets.jar
7f53e4195000-7f53e41b1000 r--s 00393000 00:36 3938237                    /home/graal/graal/vm/mxbuild/linux-amd64/GRAALVM_CMP_GU_GVM_INS_JS_NJS_POLYNATIVE_PRO_PYN_RBY_RGX_SLG_STAGE1_SVM_TFL/graalvm-cmp-gu-gvm-ins-js-njs-polynative-pro-pyn-rby-rgx-slg-stage1-svm-tfl-1.0.0-rc3-dev/jre/lib/ext/cldrdata.jar
7f53e41b1000-7f53e41bb000 r--s 00116000 00:36 3938230                    /home/graal/graal/vm/mxbuild/linux-amd64/GRAALVM_CMP_GU_GVM_INS_JS_NJS_POLYNATIVE_PRO_PYN_RBY_RGX_SLG_STAGE1_SVM_TFL/graalvm-cmp-gu-gvm-ins-js-njs-polynative-pro-pyn-rby-rgx-slg-stage1-svm-tfl-1.0.0-rc3-dev/jre/lib/ext/localedata.jar
7f53e41bb000-7f53e43fe000 rw-p 00000000 00:00 0 
7f53e43fe000-7f53e4401000 ---p 00000000 00:00 0 
7f53e4401000-7f53e4fff000 rw-p 00000000 00:00 0 
7f53e4fff000-7f53e8000000 rw-p 00000000 00:00 0 
7f53e8000000-7f53e85cd000 rw-p 00000000 00:00 0 
7f53e85cd000-7f53ec000000 ---p 00000000 00:00 0 
7f53ec000000-7f53ec002000 r--s 00009000 00:36 2514090                    /home/graal/.mx/cache/HAMCREST_42a25dc3219429f0e5d060061f71acb49bf010a0.jar
7f53ec002000-7f53ec00a000 r--s 00045000 00:36 2514154                    /home/graal/.mx/cache/JUNIT_2973d150c0dc1fefe998f834810d68f278ea58ec.jar
7f53ec00a000-7f53ec00e000 r--s 000ae000 00:36 3289866                    /home/graal/graal/sdk/mxbuild/dists/launcher-common.jar
7f53ec00e000-7f53ec00f000 r--s 00002000 00:36 3950866                    /home/graal/graal/vm/mxbuild/linux-amd64/GRAALVM_CMP_GU_GVM_INS_JS_NJS_POLYNATIVE_PRO_PYN_RBY_RGX_SLG_STAGE1_SVM_TFL/graalvm-cmp-gu-gvm-ins-js-njs-polynative-pro-pyn-rby-rgx-slg-stage1-svm-tfl-1.0.0-rc3-dev/jre/lib/graalvm/sulong-launcher.jar
7f53ec00f000-7f53ec011000 r--s 00007000 00:36 3301666                    /home/graal/graal/truffle/mxbuild/dists/truffle-debug.jar
7f53ec011000-7f53ec211000 rw-p 00000000 00:00 0 
7f53ec211000-7f53ec218000 r--s 00100000 00:36 3936388                    /home/graal/graal/vm/mxbuild/linux-amd64/GRAALVM_CMP_GU_GVM_INS_JS_NJS_POLYNATIVE_PRO_PYN_RBY_RGX_SLG_STAGE1_SVM_TFL/graalvm-cmp-gu-gvm-ins-js-njs-polynative-pro-pyn-rby-rgx-slg-stage1-svm-tfl-1.0.0-rc3-dev/jre/lib/svm/builder/pointsto.jar
7f53ec218000-7f53ec21f000 r--s 000b4000 00:36 3936385                    /home/graal/graal/vm/mxbuild/linux-amd64/GRAALVM_CMP_GU_GVM_INS_JS_NJS_POLYNATIVE_PRO_PYN_RBY_RGX_SLG_STAGE1_SVM_TFL/graalvm-cmp-gu-gvm-ins-js-njs-polynative-pro-pyn-rby-rgx-slg-stage1-svm-tfl-1.0.0-rc3-dev/jre/lib/svm/builder/objectfile.jar
7f53ec21f000-7f53ec236000 r-xp 00000000 00:36 3938130                    /home/graal/graal/vm/mxbuild/linux-amd64/GRAALVM_CMP_GU_GVM_INS_JS_NJS_POLYNATIVE_PRO_PYN_RBY_RGX_SLG_STAGE1_SVM_TFL/graalvm-cmp-gu-gvm-ins-js-njs-polynative-pro-pyn-rby-rgx-slg-stage1-svm-tfl-1.0.0-rc3-dev/jre/lib/amd64/libnet.so
7f53ec236000-7f53ec435000 ---p 00017000 00:36 3938130                    /home/graal/graal/vm/mxbuild/linux-amd64/GRAALVM_CMP_GU_GVM_INS_JS_NJS_POLYNATIVE_PRO_PYN_RBY_RGX_SLG_STAGE1_SVM_TFL/graalvm-cmp-gu-gvm-ins-js-njs-polynative-pro-pyn-rby-rgx-slg-stage1-svm-tfl-1.0.0-rc3-dev/jre/lib/amd64/libnet.so
7f53ec435000-7f53ec436000 r--p 00016000 00:36 3938130                    /home/graal/graal/vm/mxbuild/linux-amd64/GRAALVM_CMP_GU_GVM_INS_JS_NJS_POLYNATIVE_PRO_PYN_RBY_RGX_SLG_STAGE1_SVM_TFL/graalvm-cmp-gu-gvm-ins-js-njs-polynative-pro-pyn-rby-rgx-slg-stage1-svm-tfl-1.0.0-rc3-dev/jre/lib/amd64/libnet.so
7f53ec436000-7f53ec437000 rw-p 00017000 00:36 3938130                    /home/graal/graal/vm/mxbuild/linux-amd64/GRAALVM_CMP_GU_GVM_INS_JS_NJS_POLYNATIVE_PRO_PYN_RBY_RGX_SLG_STAGE1_SVM_TFL/graalvm-cmp-gu-gvm-ins-js-njs-polynative-pro-pyn-rby-rgx-slg-stage1-svm-tfl-1.0.0-rc3-dev/jre/lib/amd64/libnet.so
7f53ec437000-7f53ec448000 r-xp 00000000 00:36 3938192                    /home/graal/graal/vm/mxbuild/linux-amd64/GRAALVM_CMP_GU_GVM_INS_JS_NJS_POLYNATIVE_PRO_PYN_RBY_RGX_SLG_STAGE1_SVM_TFL/graalvm-cmp-gu-gvm-ins-js-njs-polynative-pro-pyn-rby-rgx-slg-stage1-svm-tfl-1.0.0-rc3-dev/jre/lib/amd64/libnio.so
7f53ec448000-7f53ec648000 ---p 00011000 00:36 3938192                    /home/graal/graal/vm/mxbuild/linux-amd64/GRAALVM_CMP_GU_GVM_INS_JS_NJS_POLYNATIVE_PRO_PYN_RBY_RGX_SLG_STAGE1_SVM_TFL/graalvm-cmp-gu-gvm-ins-js-njs-polynative-pro-pyn-rby-rgx-slg-stage1-svm-tfl-1.0.0-rc3-dev/jre/lib/amd64/libnio.so
7f53ec648000-7f53ec649000 r--p 00011000 00:36 3938192                    /home/graal/graal/vm/mxbuild/linux-amd64/GRAALVM_CMP_GU_GVM_INS_JS_NJS_POLYNATIVE_PRO_PYN_RBY_RGX_SLG_STAGE1_SVM_TFL/graalvm-cmp-gu-gvm-ins-js-njs-polynative-pro-pyn-rby-rgx-slg-stage1-svm-tfl-1.0.0-rc3-dev/jre/lib/amd64/libnio.so
7f53ec649000-7f53ec64a000 rw-p 00012000 00:36 3938192                    /home/graal/graal/vm/mxbuild/linux-amd64/GRAALVM_CMP_GU_GVM_INS_JS_NJS_POLYNATIVE_PRO_PYN_RBY_RGX_SLG_STAGE1_SVM_TFL/graalvm-cmp-gu-gvm-ins-js-njs-polynative-pro-pyn-rby-rgx-slg-stage1-svm-tfl-1.0.0-rc3-dev/jre/lib/amd64/libnio.so
7f53ec64a000-7f53ec64d000 ---p 00000000 00:00 0 
7f53ec64d000-7f53ed04b000 rw-p 00000000 00:00 0 
7f53ed04b000-7f53ed08e000 r--s 00717000 00:36 3936383                    /home/graal/graal/vm/mxbuild/linux-amd64/GRAALVM_CMP_GU_GVM_INS_JS_NJS_POLYNATIVE_PRO_PYN_RBY_RGX_SLG_STAGE1_SVM_TFL/graalvm-cmp-gu-gvm-ins-js-njs-polynative-pro-pyn-rby-rgx-slg-stage1-svm-tfl-1.0.0-rc3-dev/jre/lib/svm/builder/svm.jar
7f53ed08e000-7f53ed08f000 ---p 00000000 00:00 0 
7f53ed08f000-7f53ed18f000 rw-p 00000000 00:00 0 
7f53ed18f000-7f53ed1f6000 r--s 00eb7000 00:36 3953504                    /home/graal/graal/vm/mxbuild/linux-amd64/GRAALVM_CMP_GU_GVM_INS_JS_NJS_POLYNATIVE_PRO_PYN_RBY_RGX_SLG_STAGE1_SVM_TFL/graalvm-cmp-gu-gvm-ins-js-njs-polynative-pro-pyn-rby-rgx-slg-stage1-svm-tfl-1.0.0-rc3-dev/jre/lib/jvmci/graal.jar
7f53ed1f6000-7f53ed1f9000 ---p 00000000 00:00 0 
7f53ed1f9000-7f53edbf7000 rw-p 00000000 00:00 0 
7f53edbf7000-7f53edbfa000 ---p 00000000 00:00 0 
7f53edbfa000-7f53edcf8000 rw-p 00000000 00:00 0 
7f53edcf8000-7f53edcfb000 ---p 00000000 00:00 0 
7f53edcfb000-7f53eddf9000 rw-p 00000000 00:00 0 
7f53eddf9000-7f53eddfc000 ---p 00000000 00:00 0 
7f53eddfc000-7f53edefa000 rw-p 00000000 00:00 0 
7f53edefa000-7f53edefd000 ---p 00000000 00:00 0 
7f53edefd000-7f53edffb000 rw-p 00000000 00:00 0 
7f53edffb000-7f53edffe000 ---p 00000000 00:00 0 
7f53edffe000-7f53ee9fc000 rw-p 00000000 00:00 0 
7f53ee9fc000-7f53ee9ff000 ---p 00000000 00:00 0 
7f53ee9ff000-7f53ef3fd000 rw-p 00000000 00:00 0 
7f53ef3fd000-7f53ef400000 ---p 00000000 00:00 0 
7f53ef400000-7f53efdfe000 rw-p 00000000 00:00 0 
7f53efdfe000-7f53efdff000 ---p 00000000 00:00 0 
7f53efdff000-7f53f0000000 rw-p 00000000 00:00 0 
7f53f0000000-7f53f04a4000 rw-p 00000000 00:00 0 
7f53f04a4000-7f53f4000000 ---p 00000000 00:00 0 
7f53f4000000-7f53f4004000 r--s 00049000 00:36 3938104                    /home/graal/graal/vm/mxbuild/linux-amd64/GRAALVM_CMP_GU_GVM_INS_JS_NJS_POLYNATIVE_PRO_PYN_RBY_RGX_SLG_STAGE1_SVM_TFL/graalvm-cmp-gu-gvm-ins-js-njs-polynative-pro-pyn-rby-rgx-slg-stage1-svm-tfl-1.0.0-rc3-dev/jre/lib/jvmci/jvmci-api.jar
7f53f4004000-7f53f4007000 r--s 00071000 00:36 3938103                    /home/graal/graal/vm/mxbuild/linux-amd64/GRAALVM_CMP_GU_GVM_INS_JS_NJS_POLYNATIVE_PRO_PYN_RBY_RGX_SLG_STAGE1_SVM_TFL/graalvm-cmp-gu-gvm-ins-js-njs-polynative-pro-pyn-rby-rgx-slg-stage1-svm-tfl-1.0.0-rc3-dev/jre/lib/jvmci/jvmci-api.src.zip
7f53f4007000-7f53f4033000 r--s 00c76000 00:36 3953506                    /home/graal/graal/vm/mxbuild/linux-amd64/GRAALVM_CMP_GU_GVM_INS_JS_NJS_POLYNATIVE_PRO_PYN_RBY_RGX_SLG_STAGE1_SVM_TFL/graalvm-cmp-gu-gvm-ins-js-njs-polynative-pro-pyn-rby-rgx-slg-stage1-svm-tfl-1.0.0-rc3-dev/jre/lib/jvmci/graal.src.zip
7f53f4033000-7f53f4057000 r--s 003b2000 00:36 3936346                    /home/graal/graal/vm/mxbuild/linux-amd64/GRAALVM_CMP_GU_GVM_INS_JS_NJS_POLYNATIVE_PRO_PYN_RBY_RGX_SLG_STAGE1_SVM_TFL/graalvm-cmp-gu-gvm-ins-js-njs-polynative-pro-pyn-rby-rgx-slg-stage1-svm-tfl-1.0.0-rc3-dev/jre/lib/truffle/truffle-api.jar
7f53f4057000-7f53f5b9a000 rw-p 00000000 00:00 0 
7f53f5b9a000-7f53f5d68000 r--s 03c1a000 00:36 3938068                    /home/graal/graal/vm/mxbuild/linux-amd64/GRAALVM_CMP_GU_GVM_INS_JS_NJS_POLYNATIVE_PRO_PYN_RBY_RGX_SLG_STAGE1_SVM_TFL/graalvm-cmp-gu-gvm-ins-js-njs-polynative-pro-pyn-rby-rgx-slg-stage1-svm-tfl-1.0.0-rc3-dev/jre/lib/rt.jar
7f53f5d68000-7f53f7f09000 rw-p 00000000 00:00 0 
7f53f7f09000-7f53f7f0a000 ---p 00000000 00:00 0 
7f53f7f0a000-7f53f800a000 rw-p 00000000 00:00 0 
7f53f800a000-7f53f800b000 ---p 00000000 00:00 0 
7f53f800b000-7f53f810b000 rw-p 00000000 00:00 0 
7f53f810b000-7f53f810c000 ---p 00000000 00:00 0 
7f53f810c000-7f53f820c000 rw-p 00000000 00:00 0 
7f53f820c000-7f53f820d000 ---p 00000000 00:00 0 
7f53f820d000-7f53f830d000 rw-p 00000000 00:00 0 
7f53f830d000-7f53f830e000 ---p 00000000 00:00 0 
7f53f830e000-7f53f840e000 rw-p 00000000 00:00 0 
7f53f840e000-7f53f840f000 ---p 00000000 00:00 0 
7f53f840f000-7f53f850f000 rw-p 00000000 00:00 0 
7f53f850f000-7f53f8510000 ---p 00000000 00:00 0 
7f53f8510000-7f53f8a02000 rw-p 00000000 00:00 0 
7f53f8a02000-7f53f9636000 ---p 00000000 00:00 0 
7f53f9636000-7f53f9a28000 rw-p 00000000 00:00 0 
7f53f9a28000-7f53fa65b000 ---p 00000000 00:00 0 
7f53fa65b000-7f53fae6e000 rw-p 00000000 00:00 0 
7f53fae6e000-7f53faf3e000 rw-p 00000000 00:00 0 
7f53faf3e000-7f53fb36f000 ---p 00000000 00:00 0 
7f53fb36f000-7f53fe72f000 rwxp 00000000 00:00 0 
7f53fe72f000-7f540f36f000 ---p 00000000 00:00 0 
7f540f36f000-7f540f389000 r-xp 00000000 00:36 3938138                    /home/graal/graal/vm/mxbuild/linux-amd64/GRAALVM_CMP_GU_GVM_INS_JS_NJS_POLYNATIVE_PRO_PYN_RBY_RGX_SLG_STAGE1_SVM_TFL/graalvm-cmp-gu-gvm-ins-js-njs-polynative-pro-pyn-rby-rgx-slg-stage1-svm-tfl-1.0.0-rc3-dev/jre/lib/amd64/libzip.so
7f540f389000-7f540f588000 ---p 0001a000 00:36 3938138                    /home/graal/graal/vm/mxbuild/linux-amd64/GRAALVM_CMP_GU_GVM_INS_JS_NJS_POLYNATIVE_PRO_PYN_RBY_RGX_SLG_STAGE1_SVM_TFL/graalvm-cmp-gu-gvm-ins-js-njs-polynative-pro-pyn-rby-rgx-slg-stage1-svm-tfl-1.0.0-rc3-dev/jre/lib/amd64/libzip.so
7f540f588000-7f540f589000 r--p 00019000 00:36 3938138                    /home/graal/graal/vm/mxbuild/linux-amd64/GRAALVM_CMP_GU_GVM_INS_JS_NJS_POLYNATIVE_PRO_PYN_RBY_RGX_SLG_STAGE1_SVM_TFL/graalvm-cmp-gu-gvm-ins-js-njs-polynative-pro-pyn-rby-rgx-slg-stage1-svm-tfl-1.0.0-rc3-dev/jre/lib/amd64/libzip.so
7f540f589000-7f540f58a000 rw-p 0001a000 00:36 3938138                    /home/graal/graal/vm/mxbuild/linux-amd64/GRAALVM_CMP_GU_GVM_INS_JS_NJS_POLYNATIVE_PRO_PYN_RBY_RGX_SLG_STAGE1_SVM_TFL/graalvm-cmp-gu-gvm-ins-js-njs-polynative-pro-pyn-rby-rgx-slg-stage1-svm-tfl-1.0.0-rc3-dev/jre/lib/amd64/libzip.so
7f540f58a000-7f540f595000 r-xp 00000000 00:5e 47                         /lib/x86_64-linux-gnu/libnss_files-2.23.so
7f540f595000-7f540f794000 ---p 0000b000 00:5e 47                         /lib/x86_64-linux-gnu/libnss_files-2.23.so
7f540f794000-7f540f795000 r--p 0000a000 00:5e 47                         /lib/x86_64-linux-gnu/libnss_files-2.23.so
7f540f795000-7f540f796000 rw-p 0000b000 00:5e 47                         /lib/x86_64-linux-gnu/libnss_files-2.23.so
7f540f796000-7f540f79c000 rw-p 00000000 00:00 0 
7f540f79c000-7f540f7a7000 r-xp 00000000 00:5e 45                         /lib/x86_64-linux-gnu/libnss_nis-2.23.so
7f540f7a7000-7f540f9a6000 ---p 0000b000 00:5e 45                         /lib/x86_64-linux-gnu/libnss_nis-2.23.so
7f540f9a6000-7f540f9a7000 r--p 0000a000 00:5e 45                         /lib/x86_64-linux-gnu/libnss_nis-2.23.so
7f540f9a7000-7f540f9a8000 rw-p 0000b000 00:5e 45                         /lib/x86_64-linux-gnu/libnss_nis-2.23.so
7f540f9a8000-7f540f9be000 r-xp 00000000 00:5e 43                         /lib/x86_64-linux-gnu/libnsl-2.23.so
7f540f9be000-7f540fbbd000 ---p 00016000 00:5e 43                         /lib/x86_64-linux-gnu/libnsl-2.23.so
7f540fbbd000-7f540fbbe000 r--p 00015000 00:5e 43                         /lib/x86_64-linux-gnu/libnsl-2.23.so
7f540fbbe000-7f540fbbf000 rw-p 00016000 00:5e 43                         /lib/x86_64-linux-gnu/libnsl-2.23.so
7f540fbbf000-7f540fbc1000 rw-p 00000000 00:00 0 
7f540fbc1000-7f540fbef000 r-xp 00000000 00:36 3938119                    /home/graal/graal/vm/mxbuild/linux-amd64/GRAALVM_CMP_GU_GVM_INS_JS_NJS_POLYNATIVE_PRO_PYN_RBY_RGX_SLG_STAGE1_SVM_TFL/graalvm-cmp-gu-gvm-ins-js-njs-polynative-pro-pyn-rby-rgx-slg-stage1-svm-tfl-1.0.0-rc3-dev/jre/lib/amd64/libjava.so
7f540fbef000-7f540fdee000 ---p 0002e000 00:36 3938119                    /home/graal/graal/vm/mxbuild/linux-amd64/GRAALVM_CMP_GU_GVM_INS_JS_NJS_POLYNATIVE_PRO_PYN_RBY_RGX_SLG_STAGE1_SVM_TFL/graalvm-cmp-gu-gvm-ins-js-njs-polynative-pro-pyn-rby-rgx-slg-stage1-svm-tfl-1.0.0-rc3-dev/jre/lib/amd64/libjava.so
7f540fdee000-7f540fdef000 r--p 0002d000 00:36 3938119                    /home/graal/graal/vm/mxbuild/linux-amd64/GRAALVM_CMP_GU_GVM_INS_JS_NJS_POLYNATIVE_PRO_PYN_RBY_RGX_SLG_STAGE1_SVM_TFL/graalvm-cmp-gu-gvm-ins-js-njs-polynative-pro-pyn-rby-rgx-slg-stage1-svm-tfl-1.0.0-rc3-dev/jre/lib/amd64/libjava.so
7f540fdef000-7f540fdf1000 rw-p 0002e000 00:36 3938119                    /home/graal/graal/vm/mxbuild/linux-amd64/GRAALVM_CMP_GU_GVM_INS_JS_NJS_POLYNATIVE_PRO_PYN_RBY_RGX_SLG_STAGE1_SVM_TFL/graalvm-cmp-gu-gvm-ins-js-njs-polynative-pro-pyn-rby-rgx-slg-stage1-svm-tfl-1.0.0-rc3-dev/jre/lib/amd64/libjava.so
7f540fdf1000-7f540fdfe000 r-xp 00000000 00:36 3938197                    /home/graal/graal/vm/mxbuild/linux-amd64/GRAALVM_CMP_GU_GVM_INS_JS_NJS_POLYNATIVE_PRO_PYN_RBY_RGX_SLG_STAGE1_SVM_TFL/graalvm-cmp-gu-gvm-ins-js-njs-polynative-pro-pyn-rby-rgx-slg-stage1-svm-tfl-1.0.0-rc3-dev/jre/lib/amd64/libverify.so
7f540fdfe000-7f540fffd000 ---p 0000d000 00:36 3938197                    /home/graal/graal/vm/mxbuild/linux-amd64/GRAALVM_CMP_GU_GVM_INS_JS_NJS_POLYNATIVE_PRO_PYN_RBY_RGX_SLG_STAGE1_SVM_TFL/graalvm-cmp-gu-gvm-ins-js-njs-polynative-pro-pyn-rby-rgx-slg-stage1-svm-tfl-1.0.0-rc3-dev/jre/lib/amd64/libverify.so
7f540fffd000-7f540ffff000 r--p 0000c000 00:36 3938197                    /home/graal/graal/vm/mxbuild/linux-amd64/GRAALVM_CMP_GU_GVM_INS_JS_NJS_POLYNATIVE_PRO_PYN_RBY_RGX_SLG_STAGE1_SVM_TFL/graalvm-cmp-gu-gvm-ins-js-njs-polynative-pro-pyn-rby-rgx-slg-stage1-svm-tfl-1.0.0-rc3-dev/jre/lib/amd64/libverify.so
7f540ffff000-7f5410000000 rw-p 0000e000 00:36 3938197                    /home/graal/graal/vm/mxbuild/linux-amd64/GRAALVM_CMP_GU_GVM_INS_JS_NJS_POLYNATIVE_PRO_PYN_RBY_RGX_SLG_STAGE1_SVM_TFL/graalvm-cmp-gu-gvm-ins-js-njs-polynative-pro-pyn-rby-rgx-slg-stage1-svm-tfl-1.0.0-rc3-dev/jre/lib/amd64/libverify.so
7f5410000000-7f54104e6000 rw-p 00000000 00:00 0 
7f54104e6000-7f5414000000 ---p 00000000 00:00 0 
7f5414000000-7f5414002000 r--s 00019000 00:36 3950886                    /home/graal/graal/vm/mxbuild/linux-amd64/GRAALVM_CMP_GU_GVM_INS_JS_NJS_POLYNATIVE_PRO_PYN_RBY_RGX_SLG_STAGE1_SVM_TFL/graalvm-cmp-gu-gvm-ins-js-njs-polynative-pro-pyn-rby-rgx-slg-stage1-svm-tfl-1.0.0-rc3-dev/jre/languages/ruby/truffleruby-shared.jar
7f5414002000-7f5414005000 r--s 00081000 00:36 3938100                    /home/graal/graal/vm/mxbuild/linux-amd64/GRAALVM_CMP_GU_GVM_INS_JS_NJS_POLYNATIVE_PRO_PYN_RBY_RGX_SLG_STAGE1_SVM_TFL/graalvm-cmp-gu-gvm-ins-js-njs-polynative-pro-pyn-rby-rgx-slg-stage1-svm-tfl-1.0.0-rc3-dev/jre/lib/jvmci/jvmci-hotspot.src.zip
7f5414005000-7f541400d000 r-xp 00000000 00:5e 41                         /lib/x86_64-linux-gnu/libnss_compat-2.23.so
7f541400d000-7f541420c000 ---p 00008000 00:5e 41                         /lib/x86_64-linux-gnu/libnss_compat-2.23.so
7f541420c000-7f541420d000 r--p 00007000 00:5e 41                         /lib/x86_64-linux-gnu/libnss_compat-2.23.so
7f541420d000-7f541420e000 rw-p 00008000 00:5e 41                         /lib/x86_64-linux-gnu/libnss_compat-2.23.so
7f541420e000-7f5414215000 r-xp 00000000 00:5e 70                         /lib/x86_64-linux-gnu/librt-2.23.so
7f5414215000-7f5414414000 ---p 00007000 00:5e 70                         /lib/x86_64-linux-gnu/librt-2.23.so
7f5414414000-7f5414415000 r--p 00006000 00:5e 70                         /lib/x86_64-linux-gnu/librt-2.23.so
7f5414415000-7f5414416000 rw-p 00007000 00:5e 70                         /lib/x86_64-linux-gnu/librt-2.23.so
7f5414416000-7f5414419000 ---p 00000000 00:00 0 
7f5414419000-7f5414e17000 rw-p 00000000 00:00 0 
7f5414e17000-7f5414f1f000 r-xp 00000000 00:5e 68                         /lib/x86_64-linux-gnu/libm-2.23.so
7f5414f1f000-7f541511e000 ---p 00108000 00:5e 68                         /lib/x86_64-linux-gnu/libm-2.23.so
7f541511e000-7f541511f000 r--p 00107000 00:5e 68                         /lib/x86_64-linux-gnu/libm-2.23.so
7f541511f000-7f5415120000 rw-p 00108000 00:5e 68                         /lib/x86_64-linux-gnu/libm-2.23.so
7f5415120000-7f5415e01000 r-xp 00000000 00:36 3938171                    /home/graal/graal/vm/mxbuild/linux-amd64/GRAALVM_CMP_GU_GVM_INS_JS_NJS_POLYNATIVE_PRO_PYN_RBY_RGX_SLG_STAGE1_SVM_TFL/graalvm-cmp-gu-gvm-ins-js-njs-polynative-pro-pyn-rby-rgx-slg-stage1-svm-tfl-1.0.0-rc3-dev/jre/lib/amd64/server/libjvm.so
7f5415e01000-7f5416000000 ---p 00ce1000 00:36 3938171                    /home/graal/graal/vm/mxbuild/linux-amd64/GRAALVM_CMP_GU_GVM_INS_JS_NJS_POLYNATIVE_PRO_PYN_RBY_RGX_SLG_STAGE1_SVM_TFL/graalvm-cmp-gu-gvm-ins-js-njs-polynative-pro-pyn-rby-rgx-slg-stage1-svm-tfl-1.0.0-rc3-dev/jre/lib/amd64/server/libjvm.so
7f5416000000-7f5416095000 r--p 00ce0000 00:36 3938171                    /home/graal/graal/vm/mxbuild/linux-amd64/GRAALVM_CMP_GU_GVM_INS_JS_NJS_POLYNATIVE_PRO_PYN_RBY_RGX_SLG_STAGE1_SVM_TFL/graalvm-cmp-gu-gvm-ins-js-njs-polynative-pro-pyn-rby-rgx-slg-stage1-svm-tfl-1.0.0-rc3-dev/jre/lib/amd64/server/libjvm.so
7f5416095000-7f54160c0000 rw-p 00d75000 00:36 3938171                    /home/graal/graal/vm/mxbuild/linux-amd64/GRAALVM_CMP_GU_GVM_INS_JS_NJS_POLYNATIVE_PRO_PYN_RBY_RGX_SLG_STAGE1_SVM_TFL/graalvm-cmp-gu-gvm-ins-js-njs-polynative-pro-pyn-rby-rgx-slg-stage1-svm-tfl-1.0.0-rc3-dev/jre/lib/amd64/server/libjvm.so
7f54160c0000-7f54160f2000 rw-p 00000000 00:00 0 
7f54160f2000-7f541610a000 r-xp 00000000 00:5e 59                         /lib/x86_64-linux-gnu/libpthread-2.23.so
7f541610a000-7f5416309000 ---p 00018000 00:5e 59                         /lib/x86_64-linux-gnu/libpthread-2.23.so
7f5416309000-7f541630a000 r--p 00017000 00:5e 59                         /lib/x86_64-linux-gnu/libpthread-2.23.so
7f541630a000-7f541630b000 rw-p 00018000 00:5e 59                         /lib/x86_64-linux-gnu/libpthread-2.23.so
7f541630b000-7f541630f000 rw-p 00000000 00:00 0 
7f541630f000-7f5416312000 r-xp 00000000 00:5e 33                         /lib/x86_64-linux-gnu/libdl-2.23.so
7f5416312000-7f5416511000 ---p 00003000 00:5e 33                         /lib/x86_64-linux-gnu/libdl-2.23.so
7f5416511000-7f5416512000 r--p 00002000 00:5e 33                         /lib/x86_64-linux-gnu/libdl-2.23.so
7f5416512000-7f5416513000 rw-p 00003000 00:5e 33                         /lib/x86_64-linux-gnu/libdl-2.23.so
7f5416513000-7f54166d3000 r-xp 00000000 00:5e 35                         /lib/x86_64-linux-gnu/libc-2.23.so
7f54166d3000-7f54168d3000 ---p 001c0000 00:5e 35                         /lib/x86_64-linux-gnu/libc-2.23.so
7f54168d3000-7f54168d7000 r--p 001c0000 00:5e 35                         /lib/x86_64-linux-gnu/libc-2.23.so
7f54168d7000-7f54168d9000 rw-p 001c4000 00:5e 35                         /lib/x86_64-linux-gnu/libc-2.23.so
7f54168d9000-7f54168dd000 rw-p 00000000 00:00 0 
7f54168dd000-7f54168f4000 r-xp 00000000 00:36 3938273                    /home/graal/graal/vm/mxbuild/linux-amd64/GRAALVM_CMP_GU_GVM_INS_JS_NJS_POLYNATIVE_PRO_PYN_RBY_RGX_SLG_STAGE1_SVM_TFL/graalvm-cmp-gu-gvm-ins-js-njs-polynative-pro-pyn-rby-rgx-slg-stage1-svm-tfl-1.0.0-rc3-dev/lib/amd64/jli/libjli.so
7f54168f4000-7f5416af3000 ---p 00017000 00:36 3938273                    /home/graal/graal/vm/mxbuild/linux-amd64/GRAALVM_CMP_GU_GVM_INS_JS_NJS_POLYNATIVE_PRO_PYN_RBY_RGX_SLG_STAGE1_SVM_TFL/graalvm-cmp-gu-gvm-ins-js-njs-polynative-pro-pyn-rby-rgx-slg-stage1-svm-tfl-1.0.0-rc3-dev/lib/amd64/jli/libjli.so
7f5416af3000-7f5416af4000 r--p 00016000 00:36 3938273                    /home/graal/graal/vm/mxbuild/linux-amd64/GRAALVM_CMP_GU_GVM_INS_JS_NJS_POLYNATIVE_PRO_PYN_RBY_RGX_SLG_STAGE1_SVM_TFL/graalvm-cmp-gu-gvm-ins-js-njs-polynative-pro-pyn-rby-rgx-slg-stage1-svm-tfl-1.0.0-rc3-dev/lib/amd64/jli/libjli.so
7f5416af4000-7f5416af5000 rw-p 00017000 00:36 3938273                    /home/graal/graal/vm/mxbuild/linux-amd64/GRAALVM_CMP_GU_GVM_INS_JS_NJS_POLYNATIVE_PRO_PYN_RBY_RGX_SLG_STAGE1_SVM_TFL/graalvm-cmp-gu-gvm-ins-js-njs-polynative-pro-pyn-rby-rgx-slg-stage1-svm-tfl-1.0.0-rc3-dev/lib/amd64/jli/libjli.so
7f5416af5000-7f5416b1b000 r-xp 00000000 00:5e 28                         /lib/x86_64-linux-gnu/ld-2.23.so
7f5416b1b000-7f5416b1c000 r--s 00010000 00:36 3938240                    /home/graal/graal/vm/mxbuild/linux-amd64/GRAALVM_CMP_GU_GVM_INS_JS_NJS_POLYNATIVE_PRO_PYN_RBY_RGX_SLG_STAGE1_SVM_TFL/graalvm-cmp-gu-gvm-ins-js-njs-polynative-pro-pyn-rby-rgx-slg-stage1-svm-tfl-1.0.0-rc3-dev/jre/lib/ext/zipfs.jar
7f5416b1c000-7f5416b1d000 r--s 00004000 00:36 3953507                    /home/graal/graal/vm/mxbuild/linux-amd64/GRAALVM_CMP_GU_GVM_INS_JS_NJS_POLYNATIVE_PRO_PYN_RBY_RGX_SLG_STAGE1_SVM_TFL/graalvm-cmp-gu-gvm-ins-js-njs-polynative-pro-pyn-rby-rgx-slg-stage1-svm-tfl-1.0.0-rc3-dev/jre/lib/jvmci/graal-management.src.zip
7f5416b1d000-7f5416b1e000 r--s 00004000 00:36 3953505                    /home/graal/graal/vm/mxbuild/linux-amd64/GRAALVM_CMP_GU_GVM_INS_JS_NJS_POLYNATIVE_PRO_PYN_RBY_RGX_SLG_STAGE1_SVM_TFL/graalvm-cmp-gu-gvm-ins-js-njs-polynative-pro-pyn-rby-rgx-slg-stage1-svm-tfl-1.0.0-rc3-dev/jre/lib/jvmci/graal-management.jar
7f5416b1e000-7f5416b22000 r--s 00074000 00:36 3938098                    /home/graal/graal/vm/mxbuild/linux-amd64/GRAALVM_CMP_GU_GVM_INS_JS_NJS_POLYNATIVE_PRO_PYN_RBY_RGX_SLG_STAGE1_SVM_TFL/graalvm-cmp-gu-gvm-ins-js-njs-polynative-pro-pyn-rby-rgx-slg-stage1-svm-tfl-1.0.0-rc3-dev/jre/lib/jvmci/jvmci-hotspot.jar
7f5416b22000-7f5416b2c000 r--s 000c6000 00:36 3936363                    /home/graal/graal/vm/mxbuild/linux-amd64/GRAALVM_CMP_GU_GVM_INS_JS_NJS_POLYNATIVE_PRO_PYN_RBY_RGX_SLG_STAGE1_SVM_TFL/graalvm-cmp-gu-gvm-ins-js-njs-polynative-pro-pyn-rby-rgx-slg-stage1-svm-tfl-1.0.0-rc3-dev/jre/lib/truffle/truffle-nfi.jar
7f5416b2c000-7f5416b30000 r--s 0009b000 00:36 3938348                    /home/graal/graal/vm/mxbuild/linux-amd64/GRAALVM_CMP_GU_GVM_INS_JS_NJS_POLYNATIVE_PRO_PYN_RBY_RGX_SLG_STAGE1_SVM_TFL/graalvm-cmp-gu-gvm-ins-js-njs-polynative-pro-pyn-rby-rgx-slg-stage1-svm-tfl-1.0.0-rc3-dev/jre/lib/boot/graal-sdk.src.zip
7f5416b30000-7f5416b35000 r--s 0004c000 00:36 3938346                    /home/graal/graal/vm/mxbuild/linux-amd64/GRAALVM_CMP_GU_GVM_INS_JS_NJS_POLYNATIVE_PRO_PYN_RBY_RGX_SLG_STAGE1_SVM_TFL/graalvm-cmp-gu-gvm-ins-js-njs-polynative-pro-pyn-rby-rgx-slg-stage1-svm-tfl-1.0.0-rc3-dev/jre/lib/boot/graal-sdk.jar
7f5416b35000-7f5416c06000 rw-p 00000000 00:00 0 
7f5416c06000-7f5416c07000 ---p 00000000 00:00 0 
7f5416c07000-7f5416d07000 rw-p 00000000 00:00 0 
7f5416d07000-7f5416d0f000 rw-s 00000000 00:5e 1527                       /tmp/hsperfdata_graal/1921
7f5416d0f000-7f5416d13000 rw-p 00000000 00:00 0 
7f5416d13000-7f5416d14000 r--s 00002000 00:36 3936370                    /home/graal/graal/vm/mxbuild/linux-amd64/GRAALVM_CMP_GU_GVM_INS_JS_NJS_POLYNATIVE_PRO_PYN_RBY_RGX_SLG_STAGE1_SVM_TFL/graalvm-cmp-gu-gvm-ins-js-njs-polynative-pro-pyn-rby-rgx-slg-stage1-svm-tfl-1.0.0-rc3-dev/jre/lib/truffle/locator.jar
7f5416d14000-7f5416d15000 r--s 00006000 00:36 3938353                    /home/graal/graal/vm/mxbuild/linux-amd64/GRAALVM_CMP_GU_GVM_INS_JS_NJS_POLYNATIVE_PRO_PYN_RBY_RGX_SLG_STAGE1_SVM_TFL/graalvm-cmp-gu-gvm-ins-js-njs-polynative-pro-pyn-rby-rgx-slg-stage1-svm-tfl-1.0.0-rc3-dev/jre/lib/boot/graaljs-scriptengine.src.zip
7f5416d15000-7f5416d16000 r--s 00007000 00:36 3938351                    /home/graal/graal/vm/mxbuild/linux-amd64/GRAALVM_CMP_GU_GVM_INS_JS_NJS_POLYNATIVE_PRO_PYN_RBY_RGX_SLG_STAGE1_SVM_TFL/graalvm-cmp-gu-gvm-ins-js-njs-polynative-pro-pyn-rby-rgx-slg-stage1-svm-tfl-1.0.0-rc3-dev/jre/lib/boot/graaljs-scriptengine.jar
7f5416d16000-7f5416d17000 r--s 00003000 00:36 3938008                    /home/graal/graal/vm/mxbuild/linux-amd64/GRAALVM_CMP_GU_GVM_INS_JS_NJS_POLYNATIVE_PRO_PYN_RBY_RGX_SLG_STAGE1_SVM_TFL/graalvm-cmp-gu-gvm-ins-js-njs-polynative-pro-pyn-rby-rgx-slg-stage1-svm-tfl-1.0.0-rc3-dev/jre/lib/jvmci-services.jar
7f5416d17000-7f5416d18000 rw-p 00000000 00:00 0 
7f5416d18000-7f5416d19000 ---p 00000000 00:00 0 
7f5416d19000-7f5416d1a000 rw-p 00000000 00:00 0 
7f5416d1a000-7f5416d1b000 r--p 00025000 00:5e 28                         /lib/x86_64-linux-gnu/ld-2.23.so
7f5416d1b000-7f5416d1c000 rw-p 00026000 00:5e 28                         /lib/x86_64-linux-gnu/ld-2.23.so
7f5416d1c000-7f5416d1d000 rw-p 00000000 00:00 0 
7ffed6f63000-7ffed6f87000 rw-p 00000000 00:00 0                          [stack]
7ffed6fa0000-7ffed6fa3000 r--p 00000000 00:00 0                          [vvar]
7ffed6fa3000-7ffed6fa5000 r-xp 00000000 00:00 0                          [vdso]
ffffffffff600000-ffffffffff601000 r-xp 00000000 00:00 0                  [vsyscall]

VM Arguments:
jvm_args: -Xbootclasspath/a:/home/graal/graal/vm/mxbuild/linux-amd64/GRAALVM_CMP_GU_GVM_INS_JS_NJS_POLYNATIVE_PRO_PYN_RBY_RGX_SLG_STAGE1_SVM_TFL/graalvm-cmp-gu-gvm-ins-js-njs-polynative-pro-pyn-rby-rgx-slg-stage1-svm-tfl-1.0.0-rc3-dev/jre/lib/boot/graaljs-scriptengine.jar:/home/graal/graal/vm/mxbuild/linux-amd64/GRAALVM_CMP_GU_GVM_INS_JS_NJS_POLYNATIVE_PRO_PYN_RBY_RGX_SLG_STAGE1_SVM_TFL/graalvm-cmp-gu-gvm-ins-js-njs-polynative-pro-pyn-rby-rgx-slg-stage1-svm-tfl-1.0.0-rc3-dev/jre/lib/boot/graal-sdk.jar:/home/graal/graal/vm/mxbuild/linux-amd64/GRAALVM_CMP_GU_GVM_INS_JS_NJS_POLYNATIVE_PRO_PYN_RBY_RGX_SLG_STAGE1_SVM_TFL/graalvm-cmp-gu-gvm-ins-js-njs-polynative-pro-pyn-rby-rgx-slg-stage1-svm-tfl-1.0.0-rc3-dev/jre/lib/truffle/truffle-api.jar -Xverify:none -XX:+UnlockExperimentalVMOptions -XX:+EnableJVMCI -XX:-UseJVMCIClassLoader -XX:+UseJVMCICompiler -Dgraal.CompileGraalWithC1Only=false -XX:CICompilerCount=4 -Dgraal.VerifyGraalGraphs=false -Dgraal.VerifyGraalGraphEdges=false -Dgraal.VerifyGraalPhasesSize=false -Dgraal.VerifyPhases=false -Dgraal.EagerSnippets=true -Xss10m -Xms1g -Duser.country=US -Duser.language=en -Dsubstratevm.version=dev -Dgraalvm.version=dev -Dorg.graalvm.version=dev -Dcom.oracle.graalvm.isaot=true -Djvmci.class.path.append=/home/graal/graal/vm/mxbuild/linux-amd64/GRAALVM_CMP_GU_GVM_INS_JS_NJS_POLYNATIVE_PRO_PYN_RBY_RGX_SLG_STAGE1_SVM_TFL/graalvm-cmp-gu-gvm-ins-js-njs-polynative-pro-pyn-rby-rgx-slg-stage1-svm-tfl-1.0.0-rc3-dev/jre/lib/jvmci/graal.jar -Dgraalvm.locatorDisabled=true -Dtruffle.TrustAllTruffleRuntimeProviders=true -Dtruffleruby.preinitialization.home=/home/graal/graal/vm/mxbuild/linux-amd64/GRAALVM_CMP_GU_GVM_INS_JS_NJS_POLYNATIVE_PRO_PYN_RBY_RGX_SLG_STAGE1_SVM_TFL/graalvm-cmp-gu-gvm-ins-js-njs-polynative-pro-pyn-rby-rgx-slg-stage1-svm-tfl-1.0.0-rc3-dev/jre/languages/ruby -Dpolyglot.engine.PreinitializeContexts=ruby,js,python -Xmx13002342400 -Dorg.graalvm.version=1.0.0-rc3-dev -Dgraalvm.version=1.0.0-rc3-dev -Dgraalvm.libpolyglot=true -Dorg.graalvm.polyglot.install_name_id=@rpath/jre/lib/polyglot/libpolyglot.so -Dorg.graalvm.polyglot.nativeapi.libraryPath=/home/graal/graal/substratevm/mxbuild/linux-amd64/POLYGLOT_NATIVE_API_HEADERS -Dorg.graalvm.polyglot.nativeapi.nativeLibraryPath=/home/graal/graal/substratevm/mxbuild/linux-amd64/POLYGLOT_NATIVE_API_SUPPORT -Dcom.oracle.graalvm.launcher.launcherclasses=com.oracle.truffle.llvm.launcher.LLVMLauncher,org.truffleruby.launcher.RubyLauncher,com.oracle.truffle.js.shell.JSLauncher,com.oracle.graal.python.shell.GraalPythonMain -Dorg.graalvm.launcher.classpath=jre/lib/graalvm/*:jre/lib/graalvm/launcher-common.jar:jre/lib/graalvm/sulong-launcher.jar:jre/languages/ruby/truffleruby-annotations.jar:jre/languages/ruby/truffleruby-shared.jar:jre/lib/graalvm/truffleruby-launcher.jar:jre/lib/graalvm/graaljs-launcher.jar:jre/lib/graalvm/graalpython-launcher.jar 
java_command: com.oracle.svm.hosted.NativeImageGeneratorRunner -imagecp /home/graal/graal/vm/mxbuild/linux-amd64/GRAALVM_CMP_GU_GVM_INS_JS_NJS_POLYNATIVE_PRO_PYN_RBY_RGX_SLG_STAGE1_SVM_TFL/graalvm-cmp-gu-gvm-ins-js-njs-polynative-pro-pyn-rby-rgx-slg-stage1-svm-tfl-1.0.0-rc3-dev/jre/lib/boot/graaljs-scriptengine.jar:/home/graal/graal/vm/mxbuild/linux-amd64/GRAALVM_CMP_GU_GVM_INS_JS_NJS_POLYNATIVE_PRO_PYN_RBY_RGX_SLG_STAGE1_SVM_TFL/graalvm-cmp-gu-gvm-ins-js-njs-polynative-pro-pyn-rby-rgx-slg-stage1-svm-tfl-1.0.0-rc3-dev/jre/lib/boot/graal-sdk.jar:/home/graal/graal/vm/mxbuild/linux-amd64/GRAALVM_CMP_GU_GVM_INS_JS_NJS_POLYNATIVE_PRO_PYN_RBY_RGX_SLG_STAGE1_SVM_TFL/graalvm-cmp-gu-gvm-ins-js-njs-polynative-pro-pyn-rby-rgx-slg-stage1-svm-tfl-1.0.0-rc3-dev/jre/lib/truffle/truffle-api.jar:/home/graal/graal/vm/mxbuild/linux-amd64/GRAALVM_CMP_GU_GVM_INS_JS_NJS_POLYNATIVE_PRO_PYN_RBY_RGX_SLG_STAGE1_SVM_TFL/graalvm-cmp-gu-gvm-ins-js-njs-polynative-pro-pyn-rby-rgx-slg-stage1-svm-tfl-1.0.0-rc3-dev/jre/lib/svm/builder/svm.jar:/home/graal/graal/vm/mxbuild/linux-amd64/GRAALVM_CMP_GU_GVM_INS_JS_NJS_POLYNATIVE_PRO_PYN_RBY_RGX_SLG_STAGE1_SVM_TFL/graalvm-cmp-gu-gvm-ins-js-njs-polynative-pro-pyn-rby-rgx-slg-stage1-svm-tfl-1.0.0-rc3-dev/jre/lib/svm/builder/objectfile.jar:/home/graal/graal/vm/mxbuild/linux-amd64/GRAALVM_CMP_GU_GVM_INS_JS_NJS_POLYNATIVE_PRO_PYN_RBY_RGX_SLG_STAGE1_SVM_TFL/graalvm-cmp-gu-gvm-ins-js-njs-polynative-pro-pyn-rby-rgx-slg-stage1-svm-tfl-1.0.0-rc3-dev/jre/lib/svm/builder/pointsto.jar:/home/graal/graal/vm/mxbuild/linux-amd64/GRAALVM_CMP_GU_GVM_INS_JS_NJS_POLYNATIVE_PRO_PYN_RBY_RGX_SLG_STAGE1_SVM_TFL/graalvm-cmp-gu-gvm-ins-js-njs-polynative-pro-pyn-rby-rgx-slg-stage1-svm-tfl-1.0.0-rc3-dev/jre/lib/jvmci/jvmci-hotspot.jar:/home/graal/graal/vm/mxbuild/linux-amd64/GRAALVM_CMP_GU_GVM_INS_JS_NJS_POLYNATIVE_PRO_PYN_RBY_RGX_SLG_STAGE1_SVM_TFL/graalvm-cmp-gu-gvm-ins-js-njs-polynative-pro-pyn-rby-rgx-slg-stage1-svm-tfl-1.0.0-rc3-dev/jre/lib/jvmci/graal-management.jar:/home/graa
java_class_path (initial): /home/graal/graal/vm/mxbuild/linux-amd64/GRAALVM_CMP_GU_GVM_INS_JS_NJS_POLYNATIVE_PRO_PYN_RBY_RGX_SLG_STAGE1_SVM_TFL/graalvm-cmp-gu-gvm-ins-js-njs-polynative-pro-pyn-rby-rgx-slg-stage1-svm-tfl-1.0.0-rc3-dev/jre/lib/svm/builder/svm.jar:/home/graal/graal/vm/mxbuild/linux-amd64/GRAALVM_CMP_GU_GVM_INS_JS_NJS_POLYNATIVE_PRO_PYN_RBY_RGX_SLG_STAGE1_SVM_TFL/graalvm-cmp-gu-gvm-ins-js-njs-polynative-pro-pyn-rby-rgx-slg-stage1-svm-tfl-1.0.0-rc3-dev/jre/lib/svm/builder/objectfile.jar:/home/graal/graal/vm/mxbuild/linux-amd64/GRAALVM_CMP_GU_GVM_INS_JS_NJS_POLYNATIVE_PRO_PYN_RBY_RGX_SLG_STAGE1_SVM_TFL/graalvm-cmp-gu-gvm-ins-js-njs-polynative-pro-pyn-rby-rgx-slg-stage1-svm-tfl-1.0.0-rc3-dev/jre/lib/svm/builder/pointsto.jar:/home/graal/graal/vm/mxbuild/linux-amd64/GRAALVM_CMP_GU_GVM_INS_JS_NJS_POLYNATIVE_PRO_PYN_RBY_RGX_SLG_STAGE1_SVM_TFL/graalvm-cmp-gu-gvm-ins-js-njs-polynative-pro-pyn-rby-rgx-slg-stage1-svm-tfl-1.0.0-rc3-dev/jre/lib/jvmci/jvmci-hotspot.jar:/home/graal/graal/vm/mxbuild/linux-amd64/GRAALVM_CMP_GU_GVM_INS_JS_NJS_POLYNATIVE_PRO_PYN_RBY_RGX_SLG_STAGE1_SVM_TFL/graalvm-cmp-gu-gvm-ins-js-njs-polynative-pro-pyn-rby-rgx-slg-stage1-svm-tfl-1.0.0-rc3-dev/jre/lib/jvmci/graal-management.jar:/home/graal/graal/vm/mxbuild/linux-amd64/GRAALVM_CMP_GU_GVM_INS_JS_NJS_POLYNATIVE_PRO_PYN_RBY_RGX_SLG_STAGE1_SVM_TFL/graalvm-cmp-gu-gvm-ins-js-njs-polynative-pro-pyn-rby-rgx-slg-stage1-svm-tfl-1.0.0-rc3-dev/jre/lib/jvmci/graal.jar:/home/graal/graal/vm/mxbuild/linux-amd64/GRAALVM_CMP_GU_GVM_INS_JS_NJS_POLYNATIVE_PRO_PYN_RBY_RGX_SLG_STAGE1_SVM_TFL/graalvm-cmp-gu-gvm-ins-js-njs-polynative-pro-pyn-rby-rgx-slg-stage1-svm-tfl-1.0.0-rc3-dev/jre/lib/jvmci/jvmci-api.jar:/home/graal/graal/vm/mxbuild/linux-amd64/GRAALVM_CMP_GU_GVM_INS_JS_NJS_POLYNATIVE_PRO_PYN_RBY_RGX_SLG_STAGE1_SVM_TFL/graalvm-cmp-gu-gvm-ins-js-njs-polynative-pro-pyn-rby-rgx-slg-stage1-svm-tfl-1.0.0-rc3-dev/jre/lib/truffle/truffle-nfi.jar
Launcher Type: SUN_STANDARD

Environment Variables:
JAVA_HOME=/home/graal/graal-jvmci-8/openjdk1.8.0-internal/linux-amd64/product
PATH=/opt/java/openjdk/jdk8u144-b01/bin:/usr/lib/llvm-6.0/bin:/usr/local/rvm/rubies/ruby-2.2.2/bin:/opt/java/openjdk/jdk8u144-b01/bin:/usr/local/sbin:/usr/local/bin:/usr/sbin:/usr/bin:/sbin:/bin

Signal Handlers:
SIGSEGV: [libjvm.so+0xad2560], sa_mask[0]=11111111011111111101111111111110, sa_flags=SA_RESTART|SA_SIGINFO
SIGBUS: [libjvm.so+0xad2560], sa_mask[0]=11111111011111111101111111111110, sa_flags=SA_RESTART|SA_SIGINFO
SIGFPE: [libjvm.so+0x916b30], sa_mask[0]=11111111011111111101111111111110, sa_flags=SA_RESTART|SA_SIGINFO
SIGPIPE: [libjvm.so+0x916b30], sa_mask[0]=11111111011111111101111111111110, sa_flags=SA_RESTART|SA_SIGINFO
SIGXFSZ: [libjvm.so+0x916b30], sa_mask[0]=11111111011111111101111111111110, sa_flags=SA_RESTART|SA_SIGINFO
SIGILL: [libjvm.so+0x916b30], sa_mask[0]=11111111011111111101111111111110, sa_flags=SA_RESTART|SA_SIGINFO
SIGUSR1: SIG_DFL, sa_mask[0]=00000000000000000000000000000000, sa_flags=none
SIGUSR2: [libjvm.so+0x9169e0], sa_mask[0]=00100000000000000000000000000000, sa_flags=SA_RESTART|SA_SIGINFO
SIGHUP: [libjvm.so+0x916eb0], sa_mask[0]=11111111011111111101111111111110, sa_flags=SA_RESTART|SA_SIGINFO
SIGINT: [libjvm.so+0x916eb0], sa_mask[0]=11111111011111111101111111111110, sa_flags=SA_RESTART|SA_SIGINFO
SIGTERM: [libjvm.so+0x916eb0], sa_mask[0]=11111111011111111101111111111110, sa_flags=SA_RESTART|SA_SIGINFO
SIGQUIT: [libjvm.so+0x916eb0], sa_mask[0]=11111111011111111101111111111110, sa_flags=SA_RESTART|SA_SIGINFO


---------------  S Y S T E M  ---------------

OS:DISTRIB_ID=Ubuntu
DISTRIB_RELEASE=16.04
DISTRIB_CODENAME=xenial
DISTRIB_DESCRIPTION="Ubuntu 16.04.3 LTS"

uname:Linux 4.15.0-22-generic #24-Ubuntu SMP Wed May 16 12:15:17 UTC 2018 x86_64
libc:glibc 2.23 NPTL 2.23 
rlimit: STACK 8192k, CORE infinity, NPROC infinity, NOFILE 1048576, AS infinity
load average:6.56 4.19 2.65

/proc/meminfo:
MemTotal:       15872000 kB
MemFree:          155900 kB
MemAvailable:     144680 kB
Buffers:            2992 kB
Cached:           543440 kB
SwapCached:        71088 kB
Active:         13079696 kB
Inactive:        1792940 kB
Active(anon):   13023800 kB
Inactive(anon):  1714628 kB
Active(file):      55896 kB
Inactive(file):    78312 kB
Unevictable:         756 kB
Mlocked:             756 kB
SwapTotal:       3999228 kB
SwapFree:        1890988 kB
Dirty:               572 kB
Writeback:             0 kB
AnonPages:      14265996 kB
Mapped:           526144 kB
Shmem:            414096 kB
Slab:             474828 kB
SReclaimable:     179488 kB
SUnreclaim:       295340 kB
KernelStack:       29344 kB
PageTables:       155516 kB
NFS_Unstable:          0 kB
Bounce:                0 kB
WritebackTmp:          0 kB
CommitLimit:    11935228 kB
Committed_AS:   33966764 kB
VmallocTotal:   34359738367 kB
VmallocUsed:           0 kB
VmallocChunk:          0 kB
HardwareCorrupted:     0 kB
AnonHugePages:      8192 kB
ShmemHugePages:        0 kB
ShmemPmdMapped:        0 kB
CmaTotal:              0 kB
CmaFree:               0 kB
HugePages_Total:       0
HugePages_Free:        0
HugePages_Rsvd:        0
HugePages_Surp:        0
Hugepagesize:       2048 kB
DirectMap4k:     1058436 kB
DirectMap2M:    15159296 kB
DirectMap1G:           0 kB


CPU:total 8 (initial active 8) (4 cores per cpu, 2 threads per core) family 6 model 158 stepping 9, cmov, cx8, fxsr, mmx, sse, sse2, sse3, ssse3, sse4.1, sse4.2, popcnt, avx, avx2, aes, clmul, erms, 3dnowpref, lzcnt, ht, tsc, tscinvbit, bmi1, bmi2, adx

/proc/cpuinfo:
processor	: 0
vendor_id	: GenuineIntel
cpu family	: 6
model		: 158
model name	: Intel(R) Core(TM) i7-7700HQ CPU @ 2.80GHz
stepping	: 9
microcode	: 0x84
cpu MHz		: 3529.378
cache size	: 6144 KB
physical id	: 0
siblings	: 8
core id		: 0
cpu cores	: 4
apicid		: 0
initial apicid	: 0
fpu		: yes
fpu_exception	: yes
cpuid level	: 22
wp		: yes
flags		: fpu vme de pse tsc msr pae mce cx8 apic sep mtrr pge mca cmov pat pse36 clflush dts acpi mmx fxsr sse sse2 ss ht tm pbe syscall nx pdpe1gb rdtscp lm constant_tsc art arch_perfmon pebs bts rep_good nopl xtopology nonstop_tsc cpuid aperfmperf tsc_known_freq pni pclmulqdq dtes64 monitor ds_cpl vmx est tm2 ssse3 sdbg fma cx16 xtpr pdcm pcid sse4_1 sse4_2 x2apic movbe popcnt tsc_deadline_timer aes xsave avx f16c rdrand lahf_lm abm 3dnowprefetch cpuid_fault epb invpcid_single pti tpr_shadow vnmi flexpriority ept vpid fsgsbase tsc_adjust bmi1 avx2 smep bmi2 erms invpcid mpx rdseed adx smap clflushopt intel_pt xsaveopt xsavec xgetbv1 xsaves ibpb ibrs stibp dtherm ida arat pln pts hwp hwp_notify hwp_act_window hwp_epp
bugs		: cpu_meltdown spectre_v1 spectre_v2 spec_store_bypass
bogomips	: 5616.00
clflush size	: 64
cache_alignment	: 64
address sizes	: 39 bits physical, 48 bits virtual
power management:

processor	: 1
vendor_id	: GenuineIntel
cpu family	: 6
model		: 158
model name	: Intel(R) Core(TM) i7-7700HQ CPU @ 2.80GHz
stepping	: 9
microcode	: 0x84
cpu MHz		: 3491.242
cache size	: 6144 KB
physical id	: 0
siblings	: 8
core id		: 1
cpu cores	: 4
apicid		: 2
initial apicid	: 2
fpu		: yes
fpu_exception	: yes
cpuid level	: 22
wp		: yes
flags		: fpu vme de pse tsc msr pae mce cx8 apic sep mtrr pge mca cmov pat pse36 clflush dts acpi mmx fxsr sse sse2 ss ht tm pbe syscall nx pdpe1gb rdtscp lm constant_tsc art arch_perfmon pebs bts rep_good nopl xtopology nonstop_tsc cpuid aperfmperf tsc_known_freq pni pclmulqdq dtes64 monitor ds_cpl vmx est tm2 ssse3 sdbg fma cx16 xtpr pdcm pcid sse4_1 sse4_2 x2apic movbe popcnt tsc_deadline_timer aes xsave avx f16c rdrand lahf_lm abm 3dnowprefetch cpuid_fault epb invpcid_single pti tpr_shadow vnmi flexpriority ept vpid fsgsbase tsc_adjust bmi1 avx2 smep bmi2 erms invpcid mpx rdseed adx smap clflushopt intel_pt xsaveopt xsavec xgetbv1 xsaves ibpb ibrs stibp dtherm ida arat pln pts hwp hwp_notify hwp_act_window hwp_epp
bugs		: cpu_meltdown spectre_v1 spectre_v2 spec_store_bypass
bogomips	: 5616.00
clflush size	: 64
cache_alignment	: 64
address sizes	: 39 bits physical, 48 bits virtual
power management:

processor	: 2
vendor_id	: GenuineIntel
cpu family	: 6
model		: 158
model name	: Intel(R) Core(TM) i7-7700HQ CPU @ 2.80GHz
stepping	: 9
microcode	: 0x84
cpu MHz		: 3479.348
cache size	: 6144 KB
physical id	: 0
siblings	: 8
core id		: 2
cpu cores	: 4
apicid		: 4
initial apicid	: 4
fpu		: yes
fpu_exception	: yes
cpuid level	: 22
wp		: yes
flags		: fpu vme de pse tsc msr pae mce cx8 apic sep mtrr pge mca cmov pat pse36 clflush dts acpi mmx fxsr sse sse2 ss ht tm pbe syscall nx pdpe1gb rdtscp lm constant_tsc art arch_perfmon pebs bts rep_good nopl xtopology nonstop_tsc cpuid aperfmperf tsc_known_freq pni pclmulqdq dtes64 monitor ds_cpl vmx est tm2 ssse3 sdbg fma cx16 xtpr pdcm pcid sse4_1 sse4_2 x2apic movbe popcnt tsc_deadline_timer aes xsave avx f16c rdrand lahf_lm abm 3dnowprefetch cpuid_fault epb invpcid_single pti tpr_shadow vnmi flexpriority ept vpid fsgsbase tsc_adjust bmi1 avx2 smep bmi2 erms invpcid mpx rdseed adx smap clflushopt intel_pt xsaveopt xsavec xgetbv1 xsaves ibpb ibrs stibp dtherm ida arat pln pts hwp hwp_notify hwp_act_window hwp_epp
bugs		: cpu_meltdown spectre_v1 spectre_v2 spec_store_bypass
bogomips	: 5616.00
clflush size	: 64
cache_alignment	: 64
address sizes	: 39 bits physical, 48 bits virtual
power management:

processor	: 3
vendor_id	: GenuineIntel
cpu family	: 6
model		: 158
model name	: Intel(R) Core(TM) i7-7700HQ CPU @ 2.80GHz
stepping	: 9
microcode	: 0x84
cpu MHz		: 3470.370
cache size	: 6144 KB
physical id	: 0
siblings	: 8
core id		: 3
cpu cores	: 4
apicid		: 6
initial apicid	: 6
fpu		: yes
fpu_exception	: yes
cpuid level	: 22
wp		: yes
flags		: fpu vme de pse tsc msr pae mce cx8 apic sep mtrr pge mca cmov pat pse36 clflush dts acpi mmx fxsr sse sse2 ss ht tm pbe syscall nx pdpe1gb rdtscp lm constant_tsc art arch_perfmon pebs bts rep_good nopl xtopology nonstop_tsc cpuid aperfmperf tsc_known_freq pni pclmulqdq dtes64 monitor ds_cpl vmx est tm2 ssse3 sdbg fma cx16 xtpr pdcm pcid sse4_1 sse4_2 x2apic movbe popcnt tsc_deadline_timer aes xsave avx f16c rdrand lahf_lm abm 3dnowprefetch cpuid_fault epb invpcid_single pti tpr_shadow vnmi flexpriority ept vpid fsgsbase tsc_adjust bmi1 avx2 smep bmi2 erms invpcid mpx rdseed adx smap clflushopt intel_pt xsaveopt xsavec xgetbv1 xsaves ibpb ibrs stibp dtherm ida arat pln pts hwp hwp_notify hwp_act_window hwp_epp
bugs		: cpu_meltdown spectre_v1 spectre_v2 spec_store_bypass
bogomips	: 5616.00
clflush size	: 64
cache_alignment	: 64
address sizes	: 39 bits physical, 48 bits virtual
power management:

processor	: 4
vendor_id	: GenuineIntel
cpu family	: 6
model		: 158
model name	: Intel(R) Core(TM) i7-7700HQ CPU @ 2.80GHz
stepping	: 9
microcode	: 0x84
cpu MHz		: 3666.330
cache size	: 6144 KB
physical id	: 0
siblings	: 8
core id		: 0
cpu cores	: 4
apicid		: 1
initial apicid	: 1
fpu		: yes
fpu_exception	: yes
cpuid level	: 22
wp		: yes
flags		: fpu vme de pse tsc msr pae mce cx8 apic sep mtrr pge mca cmov pat pse36 clflush dts acpi mmx fxsr sse sse2 ss ht tm pbe syscall nx pdpe1gb rdtscp lm constant_tsc art arch_perfmon pebs bts rep_good nopl xtopology nonstop_tsc cpuid aperfmperf tsc_known_freq pni pclmulqdq dtes64 monitor ds_cpl vmx est tm2 ssse3 sdbg fma cx16 xtpr pdcm pcid sse4_1 sse4_2 x2apic movbe popcnt tsc_deadline_timer aes xsave avx f16c rdrand lahf_lm abm 3dnowprefetch cpuid_fault epb invpcid_single pti tpr_shadow vnmi flexpriority ept vpid fsgsbase tsc_adjust bmi1 avx2 smep bmi2 erms invpcid mpx rdseed adx smap clflushopt intel_pt xsaveopt xsavec xgetbv1 xsaves ibpb ibrs stibp dtherm ida arat pln pts hwp hwp_notify hwp_act_window hwp_epp
bugs		: cpu_meltdown spectre_v1 spectre_v2 spec_store_bypass
bogomips	: 5616.00
clflush size	: 64
cache_alignment	: 64
address sizes	: 39 bits physical, 48 bits virtual
power management:

processor	: 5
vendor_id	: GenuineIntel
cpu family	: 6
model		: 158
model name	: Intel(R) Core(TM) i7-7700HQ CPU @ 2.80GHz
stepping	: 9
microcode	: 0x84
cpu MHz		: 3486.669
cache size	: 6144 KB
physical id	: 0
siblings	: 8
core id		: 1
cpu cores	: 4
apicid		: 3
initial apicid	: 3
fpu		: yes
fpu_exception	: yes
cpuid level	: 22
wp		: yes
flags		: fpu vme de pse tsc msr pae mce cx8 apic sep mtrr pge mca cmov pat pse36 clflush dts acpi mmx fxsr sse sse2 ss ht tm pbe syscall nx pdpe1gb rdtscp lm constant_tsc art arch_perfmon pebs bts rep_good nopl xtopology nonstop_tsc cpuid aperfmperf tsc_known_freq pni pclmulqdq dtes64 monitor ds_cpl vmx est tm2 ssse3 sdbg fma cx16 xtpr pdcm pcid sse4_1 sse4_2 x2apic movbe popcnt tsc_deadline_timer aes xsave avx f16c rdrand lahf_lm abm 3dnowprefetch cpuid_fault epb invpcid_single pti tpr_shadow vnmi flexpriority ept vpid fsgsbase tsc_adjust bmi1 avx2 smep bmi2 erms invpcid mpx rdseed adx smap clflushopt intel_pt xsaveopt xsavec xgetbv1 xsaves ibpb ibrs stibp dtherm ida arat pln pts hwp hwp_notify hwp_act_window hwp_epp
bugs		: cpu_meltdown spectre_v1 spectre_v2 spec_store_bypass
bogomips	: 5616.00
clflush size	: 64
cache_alignment	: 64
address sizes	: 39 bits physical, 48 bits virtual
power management:

processor	: 6
vendor_id	: GenuineIntel
cpu family	: 6
model		: 158
model name	: Intel(R) Core(TM) i7-7700HQ CPU @ 2.80GHz
stepping	: 9
microcode	: 0x84
cpu MHz		: 3513.874
cache size	: 6144 KB
physical id	: 0
siblings	: 8
core id		: 2
cpu cores	: 4
apicid		: 5
initial apicid	: 5
fpu		: yes
fpu_exception	: yes
cpuid level	: 22
wp		: yes
flags		: fpu vme de pse tsc msr pae mce cx8 apic sep mtrr pge mca cmov pat pse36 clflush dts acpi mmx fxsr sse sse2 ss ht tm pbe syscall nx pdpe1gb rdtscp lm constant_tsc art arch_perfmon pebs bts rep_good nopl xtopology nonstop_tsc cpuid aperfmperf tsc_known_freq pni pclmulqdq dtes64 monitor ds_cpl vmx est tm2 ssse3 sdbg fma cx16 xtpr pdcm pcid sse4_1 sse4_2 x2apic movbe popcnt tsc_deadline_timer aes xsave avx f16c rdrand lahf_lm abm 3dnowprefetch cpuid_fault epb invpcid_single pti tpr_shadow vnmi flexpriority ept vpid fsgsbase tsc_adjust bmi1 avx2 smep bmi2 erms invpcid mpx rdseed adx smap clflushopt intel_pt xsaveopt xsavec xgetbv1 xsaves ibpb ibrs stibp dtherm ida arat pln pts hwp hwp_notify hwp_act_window hwp_epp
bugs		: cpu_meltdown spectre_v1 spectre_v2 spec_store_bypass
bogomips	: 5616.00
clflush size	: 64
cache_alignment	: 64
address sizes	: 39 bits physical, 48 bits virtual
power management:

processor	: 7
vendor_id	: GenuineIntel
cpu family	: 6
model		: 158
model name	: Intel(R) Core(TM) i7-7700HQ CPU @ 2.80GHz
stepping	: 9
microcode	: 0x84
cpu MHz		: 3490.493
cache size	: 6144 KB
physical id	: 0
siblings	: 8
core id		: 3
cpu cores	: 4
apicid		: 7
initial apicid	: 7
fpu		: yes
fpu_exception	: yes
cpuid level	: 22
wp		: yes
flags		: fpu vme de pse tsc msr pae mce cx8 apic sep mtrr pge mca cmov pat pse36 clflush dts acpi mmx fxsr sse sse2 ss ht tm pbe syscall nx pdpe1gb rdtscp lm constant_tsc art arch_perfmon pebs bts rep_good nopl xtopology nonstop_tsc cpuid aperfmperf tsc_known_freq pni pclmulqdq dtes64 monitor ds_cpl vmx est tm2 ssse3 sdbg fma cx16 xtpr pdcm pcid sse4_1 sse4_2 x2apic movbe popcnt tsc_deadline_timer aes xsave avx f16c rdrand lahf_lm abm 3dnowprefetch cpuid_fault epb invpcid_single pti tpr_shadow vnmi flexpriority ept vpid fsgsbase tsc_adjust bmi1 avx2 smep bmi2 erms invpcid mpx rdseed adx smap clflushopt intel_pt xsaveopt xsavec xgetbv1 xsaves ibpb ibrs stibp dtherm ida arat pln pts hwp hwp_notify hwp_act_window hwp_epp
bugs		: cpu_meltdown spectre_v1 spectre_v2 spec_store_bypass
bogomips	: 5616.00
clflush size	: 64
cache_alignment	: 64
address sizes	: 39 bits physical, 48 bits virtual
power management:



Memory: 4k page, physical 15872000k(157916k free), swap 3999228k(1890988k free)

vm_info: GraalVM 1.0.0-rc3-dev (25.71-b01-internal-jvmci-unknown-45af0f62d4cd-2018-06-20_20-30-28_UTC) for linux-amd64 JRE (1.8.0), built on Jun 20 2018 20:32:22 by "graal" with gcc 5.4.0 20160609

time: Thu Jun 21 00:17:34 2018
elapsed time: 51 seconds (0d 0h 0m 51s)

