#
# There is insufficient memory for the Java Runtime Environment to continue.
# Native memory allocation (mmap) failed to map 535822336 bytes for committing reserved memory.
# Possible reasons:
#   The system is out of physical RAM or swap space
#   In 32 bit mode, the process size limit was hit
# Possible solutions:
#   Reduce memory load on the system
#   Increase physical memory or swap space
#   Check if swap backing store is full
#   Use 64 bit Java on a 64 bit OS
#   Decrease Java heap size (-Xmx/-Xms)
#   Decrease number of Java threads
#   Decrease Java thread stack sizes (-Xss)
#   Set larger code cache with -XX:ReservedCodeCacheSize=
# This output file may be truncated or incomplete.
#
#  Out of Memory Error (os_linux.cpp:2640), pid=6371, tid=0x00007f19aac89700
#
# JRE version: OpenJDK Runtime Environment (8.0) (build 1.8.0-internal-jenkins_2017_07_27_20_16-b00)
# Java VM: GraalVM 1.0.0-rc6-dev (25.71-b01-internal-jvmci-unknown-bab188593314-2018-07-25_22-10-09_UTC mixed mode linux-amd64 compressed oops)
# Core dump written. Default location: /home/graal/graal/vm/core or core.6371
#

---------------  T H R E A D  ---------------

Current thread (0x00007f19f808f800):  VMThread [stack: 0x00007f19aab89000,0x00007f19aac8a000] [id=6382]

Stack: [0x00007f19aab89000,0x00007f19aac8a000],  sp=0x00007f19aac884c0,  free space=1021k
Native frames: (J=compiled Java code, j=interpreted, Vv=VM code, C=native code)
V  [libjvm.so+0xad50cb]  VMError::report_and_die()+0x15b
V  [libjvm.so+0x4d422c]  report_vm_out_of_memory(char const*, int, unsigned long, VMErrorType, char const*)+0xac
V  [libjvm.so+0x91eb08]  os::pd_commit_memory(char*, unsigned long, unsigned long, bool)+0xd8
V  [libjvm.so+0x918ebe]  os::commit_memory(char*, unsigned long, unsigned long, bool)+0x2e
V  [libjvm.so+0x9944d6]  PSVirtualSpace::expand_by(unsigned long)+0x56
V  [libjvm.so+0x995803]  PSYoungGen::resize(unsigned long, unsigned long)+0x103
V  [libjvm.so+0x991ecb]  PSScavenge::invoke_no_policy()+0x147b
V  [libjvm.so+0x99217c]  PSScavenge::invoke()+0x4c
V  [libjvm.so+0x943823]  ParallelScavengeHeap::failed_mem_allocate(unsigned long)+0x63
V  [libjvm.so+0xad6d12]  VM_ParallelGCFailedAllocation::doit()+0x92
V  [libjvm.so+0xadbe77]  VM_Operation::evaluate()+0x47
V  [libjvm.so+0xad95ec]  VMThread::evaluate_operation(VM_Operation*) [clone .constprop.31]+0xac
V  [libjvm.so+0xada9cf]  VMThread::loop()+0x24f
V  [libjvm.so+0xadaec1]  VMThread::run()+0x81
V  [libjvm.so+0x91bf32]  java_start(Thread*)+0xf2

VM_Operation (0x00007f191b5fcb00): ParallelGCFailedAllocation, mode: safepoint, requested by thread 0x00007f1920001000


---------------  P R O C E S S  ---------------

Java Threads: ( => current thread )
  0x00007f1924005000 JavaThread "ForkJoinPool-3-worker-0" daemon [_thread_blocked, id=6448, stack(0x00007f191a1fd000,0x00007f191abfe000)]
  0x00007f1920001000 JavaThread "ForkJoinPool-3-worker-7" daemon [_thread_blocked, id=6447, stack(0x00007f191abfe000,0x00007f191b5ff000)]
  0x00007f191c001000 JavaThread "ForkJoinPool-3-worker-6" daemon [_thread_blocked, id=6446, stack(0x00007f191b5ff000,0x00007f191c000000)]
  0x00007f1924001000 JavaThread "ForkJoinPool-3-worker-5" daemon [_thread_blocked, id=6445, stack(0x00007f1928420000,0x00007f1928e21000)]
  0x00007f1964029000 JavaThread "ForkJoinPool-3-worker-4" daemon [_thread_blocked, id=6444, stack(0x00007f19635ff000,0x00007f1964000000)]
  0x00007f194c095000 JavaThread "ForkJoinPool-3-worker-3" daemon [_thread_blocked, id=6443, stack(0x00007f19421fd000,0x00007f1942bfe000)]
  0x00007f196c1a8800 JavaThread "ForkJoinPool-3-worker-2" daemon [_thread_blocked, id=6442, stack(0x00007f19815fc000,0x00007f1981ffd000)]
  0x00007f196c1a7800 JavaThread "ForkJoinPool-3-worker-1" daemon [_thread_blocked, id=6441, stack(0x00007f19621fd000,0x00007f1962bfe000)]
  0x00007f196c1e7800 JavaThread "process reaper" daemon [_thread_blocked, id=6422, stack(0x00007f19a8081000,0x00007f19a80ba000)]
  0x00007f196c1e6000 JavaThread "process reaper" daemon [_thread_blocked, id=6410, stack(0x00007f19a80bb000,0x00007f19a80f4000)]
  0x00007f19f83c8800 JavaThread "ForkJoinPool-4-worker-1" daemon [_thread_blocked, id=6408, stack(0x00007f1981ffd000,0x00007f19829fe000)]
  0x00007f196c008800 JavaThread "ForkJoinPool-1-worker-3" daemon [_thread_blocked, id=6402, stack(0x00007f19603fa000,0x00007f1960dfb000)]
  0x00007f196c007000 JavaThread "ForkJoinPool-1-worker-2" daemon [_thread_blocked, id=6401, stack(0x00007f1960dfb000,0x00007f19617fc000)]
  0x00007f199000e800 JavaThread "HotSpotGraalManagement Bean Registration" daemon [_thread_blocked, id=6392, stack(0x00007f1982bfe000,0x00007f19835ff000)]
  0x00007f19f80e1800 JavaThread "Service Thread" daemon [_thread_blocked, id=6390, stack(0x00007f19835ff000,0x00007f1984000000)]
  0x00007f19f80d4800 JavaThread "C1 CompilerThread3" daemon [_thread_blocked, id=6389, stack(0x00007f19a87ea000,0x00007f19a88eb000)]
  0x00007f19f80d2800 JavaThread "JVMCI CompilerThread2" daemon [_thread_blocked, id=6388, stack(0x00007f19a88eb000,0x00007f19a89ec000)]
  0x00007f19f80d0800 JavaThread "JVMCI CompilerThread1" daemon [_thread_blocked, id=6387, stack(0x00007f19a89ec000,0x00007f19a8aed000)]
  0x00007f19f80ce000 JavaThread "JVMCI CompilerThread0" daemon [_thread_blocked, id=6386, stack(0x00007f19a8aed000,0x00007f19a8bee000)]
  0x00007f19f80c9000 JavaThread "Signal Dispatcher" daemon [_thread_blocked, id=6385, stack(0x00007f19a8bee000,0x00007f19a95ef000)]
  0x00007f19f809b800 JavaThread "Finalizer" daemon [_thread_blocked, id=6384, stack(0x00007f19a9787000,0x00007f19aa188000)]
  0x00007f19f8097000 JavaThread "Reference Handler" daemon [_thread_blocked, id=6383, stack(0x00007f19aa188000,0x00007f19aab89000)]
  0x00007f19f8014800 JavaThread "main" [_thread_blocked, id=6373, stack(0x00007f19ff4e5000,0x00007f19ffee6000)]

Other Threads:
=>0x00007f19f808f800 VMThread [stack: 0x00007f19aab89000,0x00007f19aac8a000] [id=6382]
  0x00007f19f810a800 WatcherThread [stack: 0x00007f19a8634000,0x00007f19a8735000] [id=6391]

VM state:at safepoint (normal execution)

VM Mutex/Monitor currently owned by a thread:  ([mutex/lock_event])
[0x00007f19f8010de0] Threads_lock - owner thread: 0x00007f19f808f800
[0x00007f19f80112e0] Heap_lock - owner thread: 0x00007f1920001000

Heap:
 PSYoungGen      total 2229248K, used 73278K [0x00000006bdb00000, 0x0000000755500000, 0x00000007c0000000)
  eden space 1974272K, 0% used [0x00000006bdb00000,0x00000006bdb00000,0x0000000736300000)
  from space 254976K, 28% used [0x0000000736300000,0x000000073aa8f9a8,0x0000000745c00000)
  to   space 209920K, 0% used [0x0000000748800000,0x0000000748800000,0x0000000755500000)
 ParOldGen       total 1013248K, used 576841K [0x00000004b9000000, 0x00000004f6d80000, 0x00000006bdb00000)
  object space 1013248K, 56% used [0x00000004b9000000,0x00000004dc352650,0x00000004f6d80000)
 Metaspace       used 83198K, capacity 85282K, committed 85504K, reserved 1120256K
  class space    used 13548K, capacity 13995K, committed 14080K, reserved 1048576K

Card table byte_map: [0x00007f19fc70a000,0x00007f19fdf43000] byte_map_base: 0x00007f19fa142000

Marking Bits: (ParMarkBitMap*) 0x00007f1a011a7b80
 Begin Bits: [0x00007f19abc80000, 0x00007f19b7e40000)
 End Bits:   [0x00007f19b7e40000, 0x00007f19c4000000)

Polling page: 0x00007f1a01deb000

CodeCache: size=327680Kb used=38764Kb max_used=46518Kb free=288915Kb
 bounds [0x00007f19e4000000, 0x00007f19e6db0000, 0x00007f19f8000000]
 total_blobs=11999 nmethods=11239 adapters=677
 compilation: enabled

Compilation events (10 events):
Event: 59.463 Thread 0x00007f19f80d0800 16604       4       com.oracle.graal.pointsto.flow.MethodTypeFlowBuilder$NodeIterator::lambda$handleCondition$4 (48 bytes)
Event: 59.463 Thread 0x00007f19f80d4800 16621       3       org.graalvm.compiler.lir.amd64.AMD64Move::move (148 bytes)
Event: 59.463 Thread 0x00007f19f80d2800 nmethod 16608 0x00007f19e5fedf90 code [0x00007f19e5fee0e0, 0x00007f19e5fee1b0]
Event: 59.463 Thread 0x00007f19f80d2800 16620       4       org.graalvm.compiler.asm.amd64.AMD64Assembler::jcc (119 bytes)
Event: 59.465 Thread 0x00007f19f80d4800 nmethod 16621 0x00007f19e5b5f7d0 code [0x00007f19e5b5fba0, 0x00007f19e5b635e8]
Event: 59.472 Thread 0x00007f19f80d0800 nmethod 16604 0x00007f19e4b09d10 code [0x00007f19e4b09ec0, 0x00007f19e4b0a3d0]
Event: 59.472 Thread 0x00007f19f80d0800 16603       4       com.oracle.graal.pointsto.flow.MethodTypeFlowBuilder$NodeIterator$$Lambda$281/234756676::get (28 bytes)
Event: 59.477 Thread 0x00007f19f80d0800 nmethod 16603 0x00007f19e4c21ed0 code [0x00007f19e4c22060, 0x00007f19e4c22570]
Event: 59.477 Thread 0x00007f19f80d0800 16610       4       com.oracle.svm.hosted.phases.ConstantFoldLoadFieldPlugin::tryConstantFold (215 bytes)
Event: 59.480 Thread 0x00007f19f80d4800 16625       3       org.graalvm.compiler.java.BytecodeParser::processBytecode (2659 bytes)

GC Heap History (10 events):
Event: 33.139 GC heap after
Heap after GC invocations=15 (full 3):
 PSYoungGen      total 1175040K, used 139763K [0x00000006bdb00000, 0x000000071b880000, 0x00000007c0000000)
  eden space 1035264K, 0% used [0x00000006bdb00000,0x00000006bdb00000,0x00000006fce00000)
  from space 139776K, 99% used [0x0000000707c00000,0x000000071047cea0,0x0000000710480000)
  to   space 178176K, 0% used [0x00000006fce00000,0x00000006fce00000,0x0000000707c00000)
 ParOldGen       total 1013248K, used 229881K [0x00000004b9000000, 0x00000004f6d80000, 0x00000006bdb00000)
  object space 1013248K, 22% used [0x00000004b9000000,0x00000004c707e458,0x00000004f6d80000)
 Metaspace       used 81753K, capacity 83584K, committed 83712K, reserved 1120256K
  class space    used 13354K, capacity 13742K, committed 13824K, reserved 1048576K
}
Event: 42.221 GC heap before
{Heap before GC invocations=16 (full 3):
 PSYoungGen      total 1175040K, used 1175027K [0x00000006bdb00000, 0x000000071b880000, 0x00000007c0000000)
  eden space 1035264K, 100% used [0x00000006bdb00000,0x00000006fce00000,0x00000006fce00000)
  from space 139776K, 99% used [0x0000000707c00000,0x000000071047cea0,0x0000000710480000)
  to   space 178176K, 0% used [0x00000006fce00000,0x00000006fce00000,0x0000000707c00000)
 ParOldGen       total 1013248K, used 229881K [0x00000004b9000000, 0x00000004f6d80000, 0x00000006bdb00000)
  object space 1013248K, 22% used [0x00000004b9000000,0x00000004c707e458,0x00000004f6d80000)
 Metaspace       used 81811K, capacity 83636K, committed 83712K, reserved 1120256K
  class space    used 13362K, capacity 13754K, committed 13824K, reserved 1048576K
Event: 43.825 GC heap after
Heap after GC invocations=16 (full 3):
 PSYoungGen      total 1213440K, used 178164K [0x00000006bdb00000, 0x0000000730080000, 0x00000007c0000000)
  eden space 1035264K, 0% used [0x00000006bdb00000,0x00000006bdb00000,0x00000006fce00000)
  from space 178176K, 99% used [0x00000006fce00000,0x0000000707bfd2c0,0x0000000707c00000)
  to   space 221184K, 0% used [0x0000000722880000,0x0000000722880000,0x0000000730080000)
 ParOldGen       total 1013248K, used 264043K [0x00000004b9000000, 0x00000004f6d80000, 0x00000006bdb00000)
  object space 1013248K, 26% used [0x00000004b9000000,0x00000004c91daff8,0x00000004f6d80000)
 Metaspace       used 81811K, capacity 83636K, committed 83712K, reserved 1120256K
  class space    used 13362K, capacity 13754K, committed 13824K, reserved 1048576K
}
Event: 46.781 GC heap before
{Heap before GC invocations=17 (full 3):
 PSYoungGen      total 1213440K, used 1213428K [0x00000006bdb00000, 0x0000000730080000, 0x00000007c0000000)
  eden space 1035264K, 100% used [0x00000006bdb00000,0x00000006fce00000,0x00000006fce00000)
  from space 178176K, 99% used [0x00000006fce00000,0x0000000707bfd2c0,0x0000000707c00000)
  to   space 221184K, 0% used [0x0000000722880000,0x0000000722880000,0x0000000730080000)
 ParOldGen       total 1013248K, used 264043K [0x00000004b9000000, 0x00000004f6d80000, 0x00000006bdb00000)
  object space 1013248K, 26% used [0x00000004b9000000,0x00000004c91daff8,0x00000004f6d80000)
 Metaspace       used 81988K, capacity 83864K, committed 83968K, reserved 1120256K
  class space    used 13392K, capacity 13774K, committed 13824K, reserved 1048576K
Event: 47.463 GC heap after
Heap after GC invocations=17 (full 3):
 PSYoungGen      total 1622016K, used 200705K [0x00000006bdb00000, 0x0000000735180000, 0x00000007c0000000)
  eden space 1400832K, 0% used [0x00000006bdb00000,0x00000006bdb00000,0x0000000713300000)
  from space 221184K, 90% used [0x0000000722880000,0x000000072ec80538,0x0000000730080000)
  to   space 251392K, 0% used [0x0000000713300000,0x0000000713300000,0x0000000722880000)
 ParOldGen       total 1013248K, used 312436K [0x00000004b9000000, 0x00000004f6d80000, 0x00000006bdb00000)
  object space 1013248K, 30% used [0x00000004b9000000,0x00000004cc11d0f0,0x00000004f6d80000)
 Metaspace       used 81988K, capacity 83864K, committed 83968K, reserved 1120256K
  class space    used 13392K, capacity 13774K, committed 13824K, reserved 1048576K
}
Event: 51.091 GC heap before
{Heap before GC invocations=18 (full 3):
 PSYoungGen      total 1622016K, used 1601537K [0x00000006bdb00000, 0x0000000735180000, 0x00000007c0000000)
  eden space 1400832K, 100% used [0x00000006bdb00000,0x0000000713300000,0x0000000713300000)
  from space 221184K, 90% used [0x0000000722880000,0x000000072ec80538,0x0000000730080000)
  to   space 251392K, 0% used [0x0000000713300000,0x0000000713300000,0x0000000722880000)
 ParOldGen       total 1013248K, used 312436K [0x00000004b9000000, 0x00000004f6d80000, 0x00000006bdb00000)
  object space 1013248K, 30% used [0x00000004b9000000,0x00000004cc11d0f0,0x00000004f6d80000)
 Metaspace       used 82077K, capacity 83946K, committed 84224K, reserved 1120256K
  class space    used 13394K, capacity 13777K, committed 13824K, reserved 1048576K
Event: 52.375 GC heap after
Heap after GC invocations=18 (full 3):
 PSYoungGen      total 1652224K, used 181160K [0x00000006bdb00000, 0x0000000758d80000, 0x00000007c0000000)
  eden space 1400832K, 0% used [0x00000006bdb00000,0x00000006bdb00000,0x0000000713300000)
  from space 251392K, 72% used [0x0000000713300000,0x000000071e3ea340,0x0000000722880000)
  to   space 267776K, 0% used [0x0000000748800000,0x0000000748800000,0x0000000758d80000)
 ParOldGen       total 1013248K, used 382357K [0x00000004b9000000, 0x00000004f6d80000, 0x00000006bdb00000)
  object space 1013248K, 37% used [0x00000004b9000000,0x00000004d05657b0,0x00000004f6d80000)
 Metaspace       used 82077K, capacity 83946K, committed 84224K, reserved 1120256K
  class space    used 13394K, capacity 13777K, committed 13824K, reserved 1048576K
}
Event: 56.191 GC heap before
{Heap before GC invocations=19 (full 3):
 PSYoungGen      total 1652224K, used 1581992K [0x00000006bdb00000, 0x0000000758d80000, 0x00000007c0000000)
  eden space 1400832K, 100% used [0x00000006bdb00000,0x0000000713300000,0x0000000713300000)
  from space 251392K, 72% used [0x0000000713300000,0x000000071e3ea340,0x0000000722880000)
  to   space 267776K, 0% used [0x0000000748800000,0x0000000748800000,0x0000000758d80000)
 ParOldGen       total 1013248K, used 382357K [0x00000004b9000000, 0x00000004f6d80000, 0x00000006bdb00000)
  object space 1013248K, 37% used [0x00000004b9000000,0x00000004d05657b0,0x00000004f6d80000)
 Metaspace       used 82398K, capacity 84322K, committed 84608K, reserved 1120256K
  class space    used 13419K, capacity 13831K, committed 13952K, reserved 1048576K
Event: 56.404 GC heap after
Heap after GC invocations=19 (full 3):
 PSYoungGen      total 2184192K, used 82409K [0x00000006bdb00000, 0x0000000755500000, 0x00000007c0000000)
  eden space 1974272K, 0% used [0x00000006bdb00000,0x00000006bdb00000,0x0000000736300000)
  from space 209920K, 39% used [0x0000000748800000,0x000000074d87a460,0x0000000755500000)
  to   space 254976K, 0% used [0x0000000736300000,0x0000000736300000,0x0000000745c00000)
 ParOldGen       total 1013248K, used 505814K [0x00000004b9000000, 0x00000004f6d80000, 0x00000006bdb00000)
  object space 1013248K, 49% used [0x00000004b9000000,0x00000004d7df5a98,0x00000004f6d80000)
 Metaspace       used 82398K, capacity 84322K, committed 84608K, reserved 1120256K
  class space    used 13419K, capacity 13831K, committed 13952K, reserved 1048576K
}
Event: 59.487 GC heap before
{Heap before GC invocations=20 (full 3):
 PSYoungGen      total 2184192K, used 2056681K [0x00000006bdb00000, 0x0000000755500000, 0x00000007c0000000)
  eden space 1974272K, 100% used [0x00000006bdb00000,0x0000000736300000,0x0000000736300000)
  from space 209920K, 39% used [0x0000000748800000,0x000000074d87a460,0x0000000755500000)
  to   space 254976K, 0% used [0x0000000736300000,0x0000000736300000,0x0000000745c00000)
 ParOldGen       total 1013248K, used 505814K [0x00000004b9000000, 0x00000004f6d80000, 0x00000006bdb00000)
  object space 1013248K, 49% used [0x00000004b9000000,0x00000004d7df5a98,0x00000004f6d80000)
 Metaspace       used 83198K, capacity 85282K, committed 85504K, reserved 1120256K
  class space    used 13548K, capacity 13995K, committed 14080K, reserved 1048576K

Deoptimization events (10 events):
Event: 59.155 Thread 0x00007f19f80d0800 Uncommon trap: reason=null_check action=reinterpret pc=0x00007f19e48d3c79 method=org.graalvm.compiler.nodes.calc.PointerEqualsNode$PointerEqualsOp.isAlwaysFailingVirtualDispatchTest(Lorg/graalvm/compiler/core/common/calc/CanonicalCondition;Lorg/graalvm/co
Event: 59.328 Thread 0x00007f19f80d2800 Uncommon trap: reason=intrinsic_or_type_checked_inlining action=reinterpret pc=0x00007f19e493ba2f method=org.graalvm.compiler.phases.common.FloatingReadPhase$FloatingReadClosure.processAccess(Lorg/graalvm/compiler/nodes/memory/MemoryAccess;Lorg/graalvm/co
Event: 59.370 Thread 0x00007f1924005000 Uncommon trap: reason=intrinsic_or_type_checked_inlining action=reinterpret pc=0x00007f19e5a71ba7 method=com.oracle.graal.pointsto.infrastructure.WrappedConstantPool.lookupConstant(I)Ljava/lang/Object; @ 10
Event: 59.443 Thread 0x00007f19f80d2800 Uncommon trap: reason=null_assert_or_unreached0 action=reinterpret pc=0x00007f19e5c8d73c method=org.graalvm.compiler.java.FrameStateBuilder.xpop()Lorg/graalvm/compiler/nodes/ValueNode; @ 15
Event: 59.456 Thread 0x00007f19f80d2800 Uncommon trap: reason=null_assert_or_unreached0 action=reinterpret pc=0x00007f19e4783819 method=org.graalvm.compiler.core.amd64.AMD64ArithmeticLIRGenerator.emitCompareOp(Ljdk/vm/ci/amd64/AMD64Kind;Lorg/graalvm/compiler/lir/Variable;Ljdk/vm/ci/meta/Value;)
Event: 59.457 Thread 0x00007f19f80d2800 Uncommon trap: reason=null_assert_or_unreached0 action=reinterpret pc=0x00007f19e58ee7e7 method=jdk.vm.ci.code.StackSlot.getOffset(I)I @ 41
Event: 59.457 Thread 0x00007f19f80d2800 Uncommon trap: reason=null_assert_or_unreached0 action=reinterpret pc=0x00007f19e6c7924a method=jdk.vm.ci.code.StackSlot.getOffset(I)I @ 41
Event: 59.471 Thread 0x00007f194c095000 Uncommon trap: reason=null_assert_or_unreached0 action=reinterpret pc=0x00007f19e6b7be80 method=org.graalvm.compiler.java.BytecodeParser.processBytecode(II)V @ 0
Event: 59.477 Thread 0x00007f19f80ce000 Uncommon trap: reason=null_assert_or_unreached0 action=reinterpret pc=0x00007f19e68a9ecf method=org.graalvm.compiler.nodes.memory.ReadNode.canonicalizeRead(Lorg/graalvm/compiler/nodes/ValueNode;Lorg/graalvm/compiler/nodes/memory/address/AddressNode;Lorg/g
Event: 59.485 Thread 0x00007f19f80ce000 Uncommon trap: reason=null_assert_or_unreached0 action=reinterpret pc=0x00007f19e4ff842e method=org.graalvm.compiler.core.amd64.AMD64ArithmeticLIRGenerator.emitStoreConst(Ljdk/vm/ci/amd64/AMD64Kind;Lorg/graalvm/compiler/lir/amd64/AMD64AddressValue;Lorg/gr

Classes redefined (0 events):
No events

Internal exceptions (10 events):
Event: 58.995 Thread 0x00007f19f83c8800 Exception <a 'java/lang/ArrayIndexOutOfBoundsException'> (0x00000007254184a0) thrown at [/home/graal/graal-jvmci-8/src/share/vm/runtime/sharedRuntime.cpp, line 612]
Event: 58.995 Thread 0x00007f19f83c8800 Exception <a 'java/lang/ArrayIndexOutOfBoundsException'> (0x0000000725419210) thrown at [/home/graal/graal-jvmci-8/src/share/vm/runtime/sharedRuntime.cpp, line 612]
Event: 58.995 Thread 0x00007f19f83c8800 Exception <a 'java/lang/ArrayIndexOutOfBoundsException'> (0x000000072541b6b8) thrown at [/home/graal/graal-jvmci-8/src/share/vm/runtime/sharedRuntime.cpp, line 612]
Event: 58.995 Thread 0x00007f19f83c8800 Exception <a 'java/lang/ArrayIndexOutOfBoundsException'> (0x000000072541d1e0) thrown at [/home/graal/graal-jvmci-8/src/share/vm/runtime/sharedRuntime.cpp, line 612]
Event: 58.996 Thread 0x00007f19f83c8800 Exception <a 'java/lang/ArrayIndexOutOfBoundsException'> (0x000000072541e4c8) thrown at [/home/graal/graal-jvmci-8/src/share/vm/runtime/sharedRuntime.cpp, line 612]
Event: 58.996 Thread 0x00007f19f83c8800 Exception <a 'java/lang/ArrayIndexOutOfBoundsException'> (0x000000072541f7e8) thrown at [/home/graal/graal-jvmci-8/src/share/vm/runtime/sharedRuntime.cpp, line 612]
Event: 58.996 Thread 0x00007f19f83c8800 Exception <a 'java/lang/ArrayIndexOutOfBoundsException'> (0x0000000725423650) thrown at [/home/graal/graal-jvmci-8/src/share/vm/runtime/sharedRuntime.cpp, line 612]
Event: 58.996 Thread 0x00007f19f83c8800 Exception <a 'java/lang/ArrayIndexOutOfBoundsException'> (0x0000000725424be8) thrown at [/home/graal/graal-jvmci-8/src/share/vm/runtime/sharedRuntime.cpp, line 612]
Event: 59.155 Thread 0x00007f19f80d0800 Implicit null exception at 0x00007f19e48d3c79 to 0x00007f19e404932c
Event: 59.447 Thread 0x00007f196c1a8800 Exception <a 'java/lang/IncompatibleClassChangeError': Found class java.lang.Object, but interface was expected> (0x00000007344517f0) thrown at [/home/graal/graal-jvmci-8/src/share/vm/interpreter/linkResolver.cpp, line 630]

Events (10 events):
Event: 59.471 Thread 0x00007f194c095000 Uncommon trap: trap_request=0xffffffed fr.pc=0x00007f19e6b7be80 relative=0x0000000000000940
Event: 59.471 Thread 0x00007f194c095000 DEOPT PACKING pc=0x00007f19e6b7be80 sp=0x00007f1942bfc310
Event: 59.471 Thread 0x00007f194c095000 DEOPT UNPACKING pc=0x00007f19e4049599 sp=0x00007f1942bfc070 mode 3
Event: 59.477 Thread 0x00007f19f80ce000 Uncommon trap: trap_request=0xffffffed fr.pc=0x00007f19e68a9ecf relative=0x00000000000008af
Event: 59.477 Thread 0x00007f19f80ce000 DEOPT PACKING pc=0x00007f19e68a9ecf sp=0x00007f19a8bea850
Event: 59.477 Thread 0x00007f19f80ce000 DEOPT UNPACKING pc=0x00007f19e4049599 sp=0x00007f19a8bea580 mode 3
Event: 59.485 Thread 0x00007f19f80ce000 Uncommon trap: trap_request=0xffffffed fr.pc=0x00007f19e4ff842e relative=0x0000000000000cee
Event: 59.485 Thread 0x00007f19f80ce000 DEOPT PACKING pc=0x00007f19e4ff842e sp=0x00007f19a8bea890
Event: 59.485 Thread 0x00007f19f80ce000 DEOPT UNPACKING pc=0x00007f19e4049599 sp=0x00007f19a8bea5f0 mode 3
Event: 59.487 Executing VM operation: ParallelGCFailedAllocation


Dynamic libraries:
00400000-00401000 r-xp 00000000 00:36 1218460                            /home/graal/graal/vm/mxbuild/linux-amd64/GRAALVM_R_CMP_GU_GVM_INS_JS_NJS_POLYNATIVE_PRO_PYN_RBY_RGX_SLG_STAGE1_SVM_TFL_VVM/graalvm-r-cmp-gu-gvm-ins-js-njs-polynative-pro-pyn-rby-rgx-slg-stage1-svm-tfl-vvm-1.0.0-rc6-dev/bin/java
00600000-00601000 r--p 00000000 00:36 1218460                            /home/graal/graal/vm/mxbuild/linux-amd64/GRAALVM_R_CMP_GU_GVM_INS_JS_NJS_POLYNATIVE_PRO_PYN_RBY_RGX_SLG_STAGE1_SVM_TFL_VVM/graalvm-r-cmp-gu-gvm-ins-js-njs-polynative-pro-pyn-rby-rgx-slg-stage1-svm-tfl-vvm-1.0.0-rc6-dev/bin/java
00601000-00602000 rw-p 00001000 00:36 1218460                            /home/graal/graal/vm/mxbuild/linux-amd64/GRAALVM_R_CMP_GU_GVM_INS_JS_NJS_POLYNATIVE_PRO_PYN_RBY_RGX_SLG_STAGE1_SVM_TFL_VVM/graalvm-r-cmp-gu-gvm-ins-js-njs-polynative-pro-pyn-rby-rgx-slg-stage1-svm-tfl-vvm-1.0.0-rc6-dev/bin/java
007dc000-007fd000 rw-p 00000000 00:00 0                                  [heap]
4b9000000-4f6d80000 rw-p 00000000 00:00 0 
4f6d80000-6bdb00000 ---p 00000000 00:00 0 
6bdb00000-755500000 rw-p 00000000 00:00 0 
775400000-7c0000000 ---p 00000000 00:00 0 
7c0000000-7c0dc0000 rw-p 00000000 00:00 0 
7c0dc0000-800000000 ---p 00000000 00:00 0 
7f190c000000-7f190c042000 rw-p 00000000 00:00 0 
7f190c042000-7f1910000000 ---p 00000000 00:00 0 
7f1910000000-7f191002c000 rw-p 00000000 00:00 0 
7f191002c000-7f1914000000 ---p 00000000 00:00 0 
7f1914000000-7f1914050000 rw-p 00000000 00:00 0 
7f1914050000-7f1918000000 ---p 00000000 00:00 0 
7f1919df3000-7f1919fb3000 rw-p 00000000 00:00 0 
7f1919fb3000-7f1919ff3000 ---p 00000000 00:00 0 
7f1919ff3000-7f1919ffc000 r-xp 00000000 00:36 1233762                    /home/graal/graal/vm/mxbuild/linux-amd64/GRAALVM_R_CMP_GU_GVM_INS_JS_NJS_POLYNATIVE_PRO_PYN_RBY_RGX_SLG_STAGE1_SVM_TFL_VVM/graalvm-r-cmp-gu-gvm-ins-js-njs-polynative-pro-pyn-rby-rgx-slg-stage1-svm-tfl-vvm-1.0.0-rc6-dev/jre/lib/amd64/libmanagement.so
7f1919ffc000-7f191a1fb000 ---p 00009000 00:36 1233762                    /home/graal/graal/vm/mxbuild/linux-amd64/GRAALVM_R_CMP_GU_GVM_INS_JS_NJS_POLYNATIVE_PRO_PYN_RBY_RGX_SLG_STAGE1_SVM_TFL_VVM/graalvm-r-cmp-gu-gvm-ins-js-njs-polynative-pro-pyn-rby-rgx-slg-stage1-svm-tfl-vvm-1.0.0-rc6-dev/jre/lib/amd64/libmanagement.so
7f191a1fb000-7f191a1fc000 r--p 00008000 00:36 1233762                    /home/graal/graal/vm/mxbuild/linux-amd64/GRAALVM_R_CMP_GU_GVM_INS_JS_NJS_POLYNATIVE_PRO_PYN_RBY_RGX_SLG_STAGE1_SVM_TFL_VVM/graalvm-r-cmp-gu-gvm-ins-js-njs-polynative-pro-pyn-rby-rgx-slg-stage1-svm-tfl-vvm-1.0.0-rc6-dev/jre/lib/amd64/libmanagement.so
7f191a1fc000-7f191a1fd000 rw-p 00009000 00:36 1233762                    /home/graal/graal/vm/mxbuild/linux-amd64/GRAALVM_R_CMP_GU_GVM_INS_JS_NJS_POLYNATIVE_PRO_PYN_RBY_RGX_SLG_STAGE1_SVM_TFL_VVM/graalvm-r-cmp-gu-gvm-ins-js-njs-polynative-pro-pyn-rby-rgx-slg-stage1-svm-tfl-vvm-1.0.0-rc6-dev/jre/lib/amd64/libmanagement.so
7f191a1fd000-7f191a200000 ---p 00000000 00:00 0 
7f191a200000-7f191abfe000 rw-p 00000000 00:00 0 
7f191abfe000-7f191ac01000 ---p 00000000 00:00 0 
7f191ac01000-7f191b5ff000 rw-p 00000000 00:00 0 
7f191b5ff000-7f191b602000 ---p 00000000 00:00 0 
7f191b602000-7f191c000000 rw-p 00000000 00:00 0 
7f191c000000-7f191c04a000 rw-p 00000000 00:00 0 
7f191c04a000-7f1920000000 ---p 00000000 00:00 0 
7f1920000000-7f1920034000 rw-p 00000000 00:00 0 
7f1920034000-7f1924000000 ---p 00000000 00:00 0 
7f1924000000-7f1924043000 rw-p 00000000 00:00 0 
7f1924043000-7f1928000000 ---p 00000000 00:00 0 
7f1928020000-7f1928220000 rw-p 00000000 00:00 0 
7f1928220000-7f1928420000 rw-p 00000000 00:00 0 
7f1928420000-7f1928423000 ---p 00000000 00:00 0 
7f1928423000-7f1929021000 rw-p 00000000 00:00 0 
7f1929021000-7f1929221000 rw-p 00000000 00:00 0 
7f1929221000-7f1929421000 rw-p 00000000 00:00 0 
7f1929421000-7f192943f000 r-xp 00000000 00:44 1661                       /usr/lib/x86_64-linux-gnu/libmagic.so.1.0.0
7f192943f000-7f192963f000 ---p 0001e000 00:44 1661                       /usr/lib/x86_64-linux-gnu/libmagic.so.1.0.0
7f192963f000-7f1929640000 r--p 0001e000 00:44 1661                       /usr/lib/x86_64-linux-gnu/libmagic.so.1.0.0
7f1929640000-7f1929641000 rw-p 0001f000 00:44 1661                       /usr/lib/x86_64-linux-gnu/libmagic.so.1.0.0
7f1929641000-7f19296af000 r-xp 00000000 00:44 96                         /lib/x86_64-linux-gnu/libpcre.so.3.13.2
7f19296af000-7f19298af000 ---p 0006e000 00:44 96                         /lib/x86_64-linux-gnu/libpcre.so.3.13.2
7f19298af000-7f19298b0000 r--p 0006e000 00:44 96                         /lib/x86_64-linux-gnu/libpcre.so.3.13.2
7f19298b0000-7f19298b1000 rw-p 0006f000 00:44 96                         /lib/x86_64-linux-gnu/libpcre.so.3.13.2
7f19298b1000-7f19298b8000 r-xp 00000000 00:44 170                        /usr/lib/x86_64-linux-gnu/libffi.so.6.0.4
7f19298b8000-7f1929ab7000 ---p 00007000 00:44 170                        /usr/lib/x86_64-linux-gnu/libffi.so.6.0.4
7f1929ab7000-7f1929ab8000 r--p 00006000 00:44 170                        /usr/lib/x86_64-linux-gnu/libffi.so.6.0.4
7f1929ab8000-7f1929ab9000 rw-p 00007000 00:44 170                        /usr/lib/x86_64-linux-gnu/libffi.so.6.0.4
7f1929ab9000-7f1929ad0000 r-xp 00000000 00:44 184                        /lib/x86_64-linux-gnu/libresolv-2.23.so
7f1929ad0000-7f1929cd0000 ---p 00017000 00:44 184                        /lib/x86_64-linux-gnu/libresolv-2.23.so
7f1929cd0000-7f1929cd1000 r--p 00017000 00:44 184                        /lib/x86_64-linux-gnu/libresolv-2.23.so
7f1929cd1000-7f1929cd2000 rw-p 00018000 00:44 184                        /lib/x86_64-linux-gnu/libresolv-2.23.so
7f1929cd2000-7f1929cd4000 rw-p 00000000 00:00 0 
7f1929cd4000-7f1929cf3000 r-xp 00000000 00:44 86                         /lib/x86_64-linux-gnu/libselinux.so.1
7f1929cf3000-7f1929ef2000 ---p 0001f000 00:44 86                         /lib/x86_64-linux-gnu/libselinux.so.1
7f1929ef2000-7f1929ef3000 r--p 0001e000 00:44 86                         /lib/x86_64-linux-gnu/libselinux.so.1
7f1929ef3000-7f1929ef4000 rw-p 0001f000 00:44 86                         /lib/x86_64-linux-gnu/libselinux.so.1
7f1929ef4000-7f1929ef6000 rw-p 00000000 00:00 0 
7f1929ef6000-7f1929f0f000 r-xp 00000000 00:44 161                        /lib/x86_64-linux-gnu/libz.so.1.2.8
7f1929f0f000-7f192a10e000 ---p 00019000 00:44 161                        /lib/x86_64-linux-gnu/libz.so.1.2.8
7f192a10e000-7f192a10f000 r--p 00018000 00:44 161                        /lib/x86_64-linux-gnu/libz.so.1.2.8
7f192a10f000-7f192a110000 rw-p 00019000 00:44 161                        /lib/x86_64-linux-gnu/libz.so.1.2.8
7f192a110000-7f192a21f000 r-xp 00000000 00:44 1469                       /lib/x86_64-linux-gnu/libglib-2.0.so.0.4800.2
7f192a21f000-7f192a41e000 ---p 0010f000 00:44 1469                       /lib/x86_64-linux-gnu/libglib-2.0.so.0.4800.2
7f192a41e000-7f192a41f000 r--p 0010e000 00:44 1469                       /lib/x86_64-linux-gnu/libglib-2.0.so.0.4800.2
7f192a41f000-7f192a420000 rw-p 0010f000 00:44 1469                       /lib/x86_64-linux-gnu/libglib-2.0.so.0.4800.2
7f192a420000-7f192a421000 rw-p 00000000 00:00 0 
7f192a421000-7f192a424000 r-xp 00000000 00:44 1659                       /usr/lib/x86_64-linux-gnu/libgmodule-2.0.so.0.4800.2
7f192a424000-7f192a623000 ---p 00003000 00:44 1659                       /usr/lib/x86_64-linux-gnu/libgmodule-2.0.so.0.4800.2
7f192a623000-7f192a624000 r--p 00002000 00:44 1659                       /usr/lib/x86_64-linux-gnu/libgmodule-2.0.so.0.4800.2
7f192a624000-7f192a625000 rw-p 00003000 00:44 1659                       /usr/lib/x86_64-linux-gnu/libgmodule-2.0.so.0.4800.2
7f192a625000-7f192a677000 r-xp 00000000 00:44 1657                       /usr/lib/x86_64-linux-gnu/libgobject-2.0.so.0.4800.2
7f192a677000-7f192a876000 ---p 00052000 00:44 1657                       /usr/lib/x86_64-linux-gnu/libgobject-2.0.so.0.4800.2
7f192a876000-7f192a877000 r--p 00051000 00:44 1657                       /usr/lib/x86_64-linux-gnu/libgobject-2.0.so.0.4800.2
7f192a877000-7f192a878000 rw-p 00052000 00:44 1657                       /usr/lib/x86_64-linux-gnu/libgobject-2.0.so.0.4800.2
7f192a878000-7f192a9f8000 r-xp 00000000 00:44 1655                       /usr/lib/x86_64-linux-gnu/libgio-2.0.so.0.4800.2
7f192a9f8000-7f192abf8000 ---p 00180000 00:44 1655                       /usr/lib/x86_64-linux-gnu/libgio-2.0.so.0.4800.2
7f192abf8000-7f192abfc000 r--p 00180000 00:44 1655                       /usr/lib/x86_64-linux-gnu/libgio-2.0.so.0.4800.2
7f192abfc000-7f192abfe000 rw-p 00184000 00:44 1655                       /usr/lib/x86_64-linux-gnu/libgio-2.0.so.0.4800.2
7f192abfe000-7f192ae00000 rw-p 00000000 00:00 0 
7f192ae00000-7f192b000000 rw-p 00000000 00:00 0 
7f192b000000-7f192b200000 rw-p 00000000 00:00 0 
7f192b200000-7f192b400000 rw-p 00000000 00:00 0 
7f192b400000-7f192b600000 rw-p 00000000 00:00 0 
7f192b600000-7f192b800000 rw-p 00000000 00:00 0 
7f192b800000-7f192ba00000 rw-p 00000000 00:00 0 
7f192ba00000-7f192bc00000 rw-p 00000000 00:00 0 
7f192bc00000-7f192be00000 rw-p 00000000 00:00 0 
7f192be00000-7f192c000000 rw-p 00000000 00:00 0 
7f192c000000-7f192c1a7000 rw-p 00000000 00:00 0 
7f192c1a7000-7f1930000000 ---p 00000000 00:00 0 
7f1930000000-7f1930100000 rw-p 00000000 00:00 0 
7f1930100000-7f1934000000 ---p 00000000 00:00 0 
7f1934000000-7f1934109000 rw-p 00000000 00:00 0 
7f1934109000-7f1938000000 ---p 00000000 00:00 0 
7f1938000000-7f19381ed000 rw-p 00000000 00:00 0 
7f19381ed000-7f193c000000 ---p 00000000 00:00 0 
7f193c000000-7f193c129000 rw-p 00000000 00:00 0 
7f193c129000-7f1940000000 ---p 00000000 00:00 0 
7f19401fb000-7f19403fb000 rw-p 00000000 00:00 0 
7f19403fb000-7f19405fb000 rw-p 00000000 00:00 0 
7f19405fb000-7f19407fb000 rw-p 00000000 00:00 0 
7f19407fb000-7f19409fb000 rw-p 00000000 00:00 0 
7f19409fb000-7f1940bfb000 rw-p 00000000 00:00 0 
7f1940bfb000-7f1940dfb000 rw-p 00000000 00:00 0 
7f19417fc000-7f19417ff000 ---p 00000000 00:00 0 
7f19417ff000-7f19421fd000 rw-p 00000000 00:00 0 
7f19421fd000-7f1942200000 ---p 00000000 00:00 0 
7f1942200000-7f1942bfe000 rw-p 00000000 00:00 0 
7f1944000000-7f1944154000 rw-p 00000000 00:00 0 
7f1944154000-7f1948000000 ---p 00000000 00:00 0 
7f1948000000-7f1948182000 rw-p 00000000 00:00 0 
7f1948182000-7f194c000000 ---p 00000000 00:00 0 
7f194c000000-7f194c19f000 rw-p 00000000 00:00 0 
7f194c19f000-7f1950000000 ---p 00000000 00:00 0 
7f1950000000-7f1950021000 rw-p 00000000 00:00 0 
7f1950021000-7f1954000000 ---p 00000000 00:00 0 
7f1954000000-7f1954021000 rw-p 00000000 00:00 0 
7f1954021000-7f1958000000 ---p 00000000 00:00 0 
7f1958000000-7f1958021000 rw-p 00000000 00:00 0 
7f1958021000-7f195c000000 ---p 00000000 00:00 0 
7f195c000000-7f195c049000 rw-p 00000000 00:00 0 
7f195c049000-7f1960000000 ---p 00000000 00:00 0 
7f19601fa000-7f19603fa000 rw-p 00000000 00:00 0 
7f19603fa000-7f19603fd000 ---p 00000000 00:00 0 
7f19603fd000-7f1960dfb000 rw-p 00000000 00:00 0 
7f1960dfb000-7f1960dfe000 ---p 00000000 00:00 0 
7f1960dfe000-7f19617fc000 rw-p 00000000 00:00 0 
7f19617fc000-7f19617ff000 ---p 00000000 00:00 0 
7f19617ff000-7f19621fd000 rw-p 00000000 00:00 0 
7f19621fd000-7f1962200000 ---p 00000000 00:00 0 
7f1962200000-7f1962bfe000 rw-p 00000000 00:00 0 
7f19635ff000-7f1963602000 ---p 00000000 00:00 0 
7f1963602000-7f1964000000 rw-p 00000000 00:00 0 
7f1964000000-7f1964053000 rw-p 00000000 00:00 0 
7f1964053000-7f1968000000 ---p 00000000 00:00 0 
7f1968000000-7f196802c000 rw-p 00000000 00:00 0 
7f196802c000-7f196c000000 ---p 00000000 00:00 0 
7f196c000000-7f196c219000 rw-p 00000000 00:00 0 
7f196c219000-7f1970000000 ---p 00000000 00:00 0 
7f19701fe000-7f19703fe000 rw-p 00000000 00:00 0 
7f19703fe000-7f19705fe000 rw-p 00000000 00:00 0 
7f19705fe000-7f1970601000 ---p 00000000 00:00 0 
7f1970601000-7f1974000000 rw-p 00000000 00:00 0 
7f1974000000-7f1974021000 rw-p 00000000 00:00 0 
7f1974021000-7f1978000000 ---p 00000000 00:00 0 
7f1978000000-7f1978021000 rw-p 00000000 00:00 0 
7f1978021000-7f197c000000 ---p 00000000 00:00 0 
7f197c000000-7f197c021000 rw-p 00000000 00:00 0 
7f197c021000-7f1980000000 ---p 00000000 00:00 0 
7f19801fb000-7f19803fb000 rw-p 00000000 00:00 0 
7f19803fb000-7f19805fb000 rw-p 00000000 00:00 0 
7f19805fb000-7f19807fb000 rw-p 00000000 00:00 0 
7f19807fb000-7f19809fb000 rw-p 00000000 00:00 0 
7f19809fb000-7f1980bfb000 rw-p 00000000 00:00 0 
7f19815fc000-7f19815ff000 ---p 00000000 00:00 0 
7f19815ff000-7f1981ffd000 rw-p 00000000 00:00 0 
7f1981ffd000-7f1982000000 ---p 00000000 00:00 0 
7f1982000000-7f1982bfe000 rw-p 00000000 00:00 0 
7f1982bfe000-7f1982c01000 ---p 00000000 00:00 0 
7f1982c01000-7f19835ff000 rw-p 00000000 00:00 0 
7f19835ff000-7f1983602000 ---p 00000000 00:00 0 
7f1983602000-7f1984000000 rw-p 00000000 00:00 0 
7f1984000000-7f198436d000 rw-p 00000000 00:00 0 
7f198436d000-7f1988000000 ---p 00000000 00:00 0 
7f1988000000-7f1989b3d000 rw-p 00000000 00:00 0 
7f1989b3d000-7f198c000000 ---p 00000000 00:00 0 
7f198c000000-7f198c2b1000 rw-p 00000000 00:00 0 
7f198c2b1000-7f1990000000 ---p 00000000 00:00 0 
7f1990000000-7f199023e000 rw-p 00000000 00:00 0 
7f199023e000-7f1994000000 ---p 00000000 00:00 0 
7f1994000000-7f1994021000 rw-p 00000000 00:00 0 
7f1994021000-7f1998000000 ---p 00000000 00:00 0 
7f1998000000-7f1998021000 rw-p 00000000 00:00 0 
7f1998021000-7f199c000000 ---p 00000000 00:00 0 
7f199c000000-7f199c2b3000 rw-p 00000000 00:00 0 
7f199c2b3000-7f19a0000000 ---p 00000000 00:00 0 
7f19a0000000-7f19a0021000 rw-p 00000000 00:00 0 
7f19a0021000-7f19a4000000 ---p 00000000 00:00 0 
7f19a4000000-7f19a40d0000 rw-p 00000000 00:00 0 
7f19a40d0000-7f19a8000000 ---p 00000000 00:00 0 
7f19a8081000-7f19a8084000 ---p 00000000 00:00 0 
7f19a8084000-7f19a80ba000 rw-p 00000000 00:00 0 
7f19a80ba000-7f19a80bb000 r--p 00000000 00:00 0 
7f19a80bb000-7f19a80be000 ---p 00000000 00:00 0 
7f19a80be000-7f19a80f4000 rw-p 00000000 00:00 0 
7f19a80f4000-7f19a80f9000 r--s 0009a000 00:36 1233473                    /home/graal/graal/vm/mxbuild/linux-amd64/GRAALVM_R_CMP_GU_GVM_INS_JS_NJS_POLYNATIVE_PRO_PYN_RBY_RGX_SLG_STAGE1_SVM_TFL_VVM/graalvm-r-cmp-gu-gvm-ins-js-njs-polynative-pro-pyn-rby-rgx-slg-stage1-svm-tfl-vvm-1.0.0-rc6-dev/jre/lib/jsse.jar
7f19a80f9000-7f19a80fc000 r--s 00015000 00:36 1233491                    /home/graal/graal/vm/mxbuild/linux-amd64/GRAALVM_R_CMP_GU_GVM_INS_JS_NJS_POLYNATIVE_PRO_PYN_RBY_RGX_SLG_STAGE1_SVM_TFL_VVM/graalvm-r-cmp-gu-gvm-ins-js-njs-polynative-pro-pyn-rby-rgx-slg-stage1-svm-tfl-vvm-1.0.0-rc6-dev/jre/lib/jce.jar
7f19a80fc000-7f19a8101000 r--s 002f9000 00:36 1233800                    /home/graal/graal/vm/mxbuild/linux-amd64/GRAALVM_R_CMP_GU_GVM_INS_JS_NJS_POLYNATIVE_PRO_PYN_RBY_RGX_SLG_STAGE1_SVM_TFL_VVM/graalvm-r-cmp-gu-gvm-ins-js-njs-polynative-pro-pyn-rby-rgx-slg-stage1-svm-tfl-vvm-1.0.0-rc6-dev/jre/lib/charsets.jar
7f19a8101000-7f19a811d000 r--s 00393000 00:36 1233795                    /home/graal/graal/vm/mxbuild/linux-amd64/GRAALVM_R_CMP_GU_GVM_INS_JS_NJS_POLYNATIVE_PRO_PYN_RBY_RGX_SLG_STAGE1_SVM_TFL_VVM/graalvm-r-cmp-gu-gvm-ins-js-njs-polynative-pro-pyn-rby-rgx-slg-stage1-svm-tfl-vvm-1.0.0-rc6-dev/jre/lib/ext/cldrdata.jar
7f19a811d000-7f19a8127000 r--s 00116000 00:36 1233792                    /home/graal/graal/vm/mxbuild/linux-amd64/GRAALVM_R_CMP_GU_GVM_INS_JS_NJS_POLYNATIVE_PRO_PYN_RBY_RGX_SLG_STAGE1_SVM_TFL_VVM/graalvm-r-cmp-gu-gvm-ins-js-njs-polynative-pro-pyn-rby-rgx-slg-stage1-svm-tfl-vvm-1.0.0-rc6-dev/jre/lib/ext/localedata.jar
7f19a8127000-7f19a813a000 r--s 00346000 00:36 1233429                    /home/graal/graal/vm/mxbuild/linux-amd64/GRAALVM_R_CMP_GU_GVM_INS_JS_NJS_POLYNATIVE_PRO_PYN_RBY_RGX_SLG_STAGE1_SVM_TFL_VVM/graalvm-r-cmp-gu-gvm-ins-js-njs-polynative-pro-pyn-rby-rgx-slg-stage1-svm-tfl-vvm-1.0.0-rc6-dev/jre/lib/resources.jar
7f19a813a000-7f19a813b000 r--s 00002000 00:36 13667793                   /home/graal/sulong/mxbuild/dists/sulong-launcher.jar
7f19a813b000-7f19a81a1000 r--s 00b31000 00:36 1234547                    /home/graal/graal/vm/mxbuild/linux-amd64/GRAALVM_R_CMP_GU_GVM_INS_JS_NJS_POLYNATIVE_PRO_PYN_RBY_RGX_SLG_STAGE1_SVM_TFL_VVM/graalvm-r-cmp-gu-gvm-ins-js-njs-polynative-pro-pyn-rby-rgx-slg-stage1-svm-tfl-vvm-1.0.0-rc6-dev/jre/languages/llvm/sulong.jar
7f19a81a1000-7f19a81a6000 r--s 000ae000 00:36 1844819                    /home/graal/graal/sdk/mxbuild/dists/launcher-common.jar
7f19a81a6000-7f19a81aa000 r--s 00062000 00:36 1234517                    /home/graal/graal/vm/mxbuild/linux-amd64/GRAALVM_R_CMP_GU_GVM_INS_JS_NJS_POLYNATIVE_PRO_PYN_RBY_RGX_SLG_STAGE1_SVM_TFL_VVM/graalvm-r-cmp-gu-gvm-ins-js-njs-polynative-pro-pyn-rby-rgx-slg-stage1-svm-tfl-vvm-1.0.0-rc6-dev/jre/lib/svm/library-support.jar
7f19a81aa000-7f19a81ab000 r--s 00006000 00:36 1244997                    /home/graal/graal/vm/mxbuild/linux-amd64/GRAALVM_R_CMP_GU_GVM_INS_JS_NJS_POLYNATIVE_PRO_PYN_RBY_RGX_SLG_STAGE1_SVM_TFL_VVM/graalvm-r-cmp-gu-gvm-ins-js-njs-polynative-pro-pyn-rby-rgx-slg-stage1-svm-tfl-vvm-1.0.0-rc6-dev/jre/lib/graalvm/graaljs-launcher.jar
7f19a81ab000-7f19a81ad000 r--s 00006000 00:36 1244995                    /home/graal/graal/vm/mxbuild/linux-amd64/GRAALVM_R_CMP_GU_GVM_INS_JS_NJS_POLYNATIVE_PRO_PYN_RBY_RGX_SLG_STAGE1_SVM_TFL_VVM/graalvm-r-cmp-gu-gvm-ins-js-njs-polynative-pro-pyn-rby-rgx-slg-stage1-svm-tfl-vvm-1.0.0-rc6-dev/jre/lib/graalvm/graalpython-launcher.jar
7f19a81ad000-7f19a81ae000 r--s 0001a000 00:36 1244988                    /home/graal/graal/vm/mxbuild/linux-amd64/GRAALVM_R_CMP_GU_GVM_INS_JS_NJS_POLYNATIVE_PRO_PYN_RBY_RGX_SLG_STAGE1_SVM_TFL_VVM/graalvm-r-cmp-gu-gvm-ins-js-njs-polynative-pro-pyn-rby-rgx-slg-stage1-svm-tfl-vvm-1.0.0-rc6-dev/jre/lib/graalvm/launcher-common.src.zip
7f19a81ae000-7f19a81af000 r--s 00002000 00:36 1244989                    /home/graal/graal/vm/mxbuild/linux-amd64/GRAALVM_R_CMP_GU_GVM_INS_JS_NJS_POLYNATIVE_PRO_PYN_RBY_RGX_SLG_STAGE1_SVM_TFL_VVM/graalvm-r-cmp-gu-gvm-ins-js-njs-polynative-pro-pyn-rby-rgx-slg-stage1-svm-tfl-vvm-1.0.0-rc6-dev/jre/lib/graalvm/sulong-launcher.jar
7f19a81af000-7f19a81b0000 r--s 0000b000 00:36 1244992                    /home/graal/graal/vm/mxbuild/linux-amd64/GRAALVM_R_CMP_GU_GVM_INS_JS_NJS_POLYNATIVE_PRO_PYN_RBY_RGX_SLG_STAGE1_SVM_TFL_VVM/graalvm-r-cmp-gu-gvm-ins-js-njs-polynative-pro-pyn-rby-rgx-slg-stage1-svm-tfl-vvm-1.0.0-rc6-dev/jre/lib/graalvm/truffleruby-launcher.src.zip
7f19a81b0000-7f19a81b2000 r--s 0002a000 00:36 1244993                    /home/graal/graal/vm/mxbuild/linux-amd64/GRAALVM_R_CMP_GU_GVM_INS_JS_NJS_POLYNATIVE_PRO_PYN_RBY_RGX_SLG_STAGE1_SVM_TFL_VVM/graalvm-r-cmp-gu-gvm-ins-js-njs-polynative-pro-pyn-rby-rgx-slg-stage1-svm-tfl-vvm-1.0.0-rc6-dev/jre/lib/graalvm/svm-driver.jar
7f19a81b2000-7f19a81b7000 r--s 000ae000 00:36 1244987                    /home/graal/graal/vm/mxbuild/linux-amd64/GRAALVM_R_CMP_GU_GVM_INS_JS_NJS_POLYNATIVE_PRO_PYN_RBY_RGX_SLG_STAGE1_SVM_TFL_VVM/graalvm-r-cmp-gu-gvm-ins-js-njs-polynative-pro-pyn-rby-rgx-slg-stage1-svm-tfl-vvm-1.0.0-rc6-dev/jre/lib/graalvm/launcher-common.jar
7f19a81b7000-7f19a81bd000 r--s 000a3000 00:36 1234543                    /home/graal/graal/vm/mxbuild/linux-amd64/GRAALVM_R_CMP_GU_GVM_INS_JS_NJS_POLYNATIVE_PRO_PYN_RBY_RGX_SLG_STAGE1_SVM_TFL_VVM/graalvm-r-cmp-gu-gvm-ins-js-njs-polynative-pro-pyn-rby-rgx-slg-stage1-svm-tfl-vvm-1.0.0-rc6-dev/jre/tools/chromeinspector/chromeinspector.jar
7f19a81bd000-7f19a81c3000 r--s 00053000 00:36 1841741                    /home/graal/graal/sdk/mxbuild/dists/graal-sdk.jar
7f19a81c3000-7f19a81da000 r-xp 00000000 00:36 1233754                    /home/graal/graal/vm/mxbuild/linux-amd64/GRAALVM_R_CMP_GU_GVM_INS_JS_NJS_POLYNATIVE_PRO_PYN_RBY_RGX_SLG_STAGE1_SVM_TFL_VVM/graalvm-r-cmp-gu-gvm-ins-js-njs-polynative-pro-pyn-rby-rgx-slg-stage1-svm-tfl-vvm-1.0.0-rc6-dev/jre/lib/amd64/libnet.so
7f19a81da000-7f19a83d9000 ---p 00017000 00:36 1233754                    /home/graal/graal/vm/mxbuild/linux-amd64/GRAALVM_R_CMP_GU_GVM_INS_JS_NJS_POLYNATIVE_PRO_PYN_RBY_RGX_SLG_STAGE1_SVM_TFL_VVM/graalvm-r-cmp-gu-gvm-ins-js-njs-polynative-pro-pyn-rby-rgx-slg-stage1-svm-tfl-vvm-1.0.0-rc6-dev/jre/lib/amd64/libnet.so
7f19a83d9000-7f19a83da000 r--p 00016000 00:36 1233754                    /home/graal/graal/vm/mxbuild/linux-amd64/GRAALVM_R_CMP_GU_GVM_INS_JS_NJS_POLYNATIVE_PRO_PYN_RBY_RGX_SLG_STAGE1_SVM_TFL_VVM/graalvm-r-cmp-gu-gvm-ins-js-njs-polynative-pro-pyn-rby-rgx-slg-stage1-svm-tfl-vvm-1.0.0-rc6-dev/jre/lib/amd64/libnet.so
7f19a83da000-7f19a83db000 rw-p 00017000 00:36 1233754                    /home/graal/graal/vm/mxbuild/linux-amd64/GRAALVM_R_CMP_GU_GVM_INS_JS_NJS_POLYNATIVE_PRO_PYN_RBY_RGX_SLG_STAGE1_SVM_TFL_VVM/graalvm-r-cmp-gu-gvm-ins-js-njs-polynative-pro-pyn-rby-rgx-slg-stage1-svm-tfl-vvm-1.0.0-rc6-dev/jre/lib/amd64/libnet.so
7f19a83db000-7f19a83ec000 r-xp 00000000 00:36 1233779                    /home/graal/graal/vm/mxbuild/linux-amd64/GRAALVM_R_CMP_GU_GVM_INS_JS_NJS_POLYNATIVE_PRO_PYN_RBY_RGX_SLG_STAGE1_SVM_TFL_VVM/graalvm-r-cmp-gu-gvm-ins-js-njs-polynative-pro-pyn-rby-rgx-slg-stage1-svm-tfl-vvm-1.0.0-rc6-dev/jre/lib/amd64/libnio.so
7f19a83ec000-7f19a85ec000 ---p 00011000 00:36 1233779                    /home/graal/graal/vm/mxbuild/linux-amd64/GRAALVM_R_CMP_GU_GVM_INS_JS_NJS_POLYNATIVE_PRO_PYN_RBY_RGX_SLG_STAGE1_SVM_TFL_VVM/graalvm-r-cmp-gu-gvm-ins-js-njs-polynative-pro-pyn-rby-rgx-slg-stage1-svm-tfl-vvm-1.0.0-rc6-dev/jre/lib/amd64/libnio.so
7f19a85ec000-7f19a85ed000 r--p 00011000 00:36 1233779                    /home/graal/graal/vm/mxbuild/linux-amd64/GRAALVM_R_CMP_GU_GVM_INS_JS_NJS_POLYNATIVE_PRO_PYN_RBY_RGX_SLG_STAGE1_SVM_TFL_VVM/graalvm-r-cmp-gu-gvm-ins-js-njs-polynative-pro-pyn-rby-rgx-slg-stage1-svm-tfl-vvm-1.0.0-rc6-dev/jre/lib/amd64/libnio.so
7f19a85ed000-7f19a85ee000 rw-p 00012000 00:36 1233779                    /home/graal/graal/vm/mxbuild/linux-amd64/GRAALVM_R_CMP_GU_GVM_INS_JS_NJS_POLYNATIVE_PRO_PYN_RBY_RGX_SLG_STAGE1_SVM_TFL_VVM/graalvm-r-cmp-gu-gvm-ins-js-njs-polynative-pro-pyn-rby-rgx-slg-stage1-svm-tfl-vvm-1.0.0-rc6-dev/jre/lib/amd64/libnio.so
7f19a85ee000-7f19a8634000 r--s 00767000 00:36 1218023                    /home/graal/graal/vm/mxbuild/linux-amd64/GRAALVM_R_CMP_GU_GVM_INS_JS_NJS_POLYNATIVE_PRO_PYN_RBY_RGX_SLG_STAGE1_SVM_TFL_VVM/graalvm-r-cmp-gu-gvm-ins-js-njs-polynative-pro-pyn-rby-rgx-slg-stage1-svm-tfl-vvm-1.0.0-rc6-dev/jre/lib/svm/builder/svm.jar
7f19a8634000-7f19a8635000 ---p 00000000 00:00 0 
7f19a8635000-7f19a8735000 rw-p 00000000 00:00 0 
7f19a8735000-7f19a879a000 r--s 00ea1000 00:36 1248086                    /home/graal/graal/vm/mxbuild/linux-amd64/GRAALVM_R_CMP_GU_GVM_INS_JS_NJS_POLYNATIVE_PRO_PYN_RBY_RGX_SLG_STAGE1_SVM_TFL_VVM/graalvm-r-cmp-gu-gvm-ins-js-njs-polynative-pro-pyn-rby-rgx-slg-stage1-svm-tfl-vvm-1.0.0-rc6-dev/jre/lib/jvmci/graal.jar
7f19a879a000-7f19a87c6000 r--s 00c6c000 00:36 1248088                    /home/graal/graal/vm/mxbuild/linux-amd64/GRAALVM_R_CMP_GU_GVM_INS_JS_NJS_POLYNATIVE_PRO_PYN_RBY_RGX_SLG_STAGE1_SVM_TFL_VVM/graalvm-r-cmp-gu-gvm-ins-js-njs-polynative-pro-pyn-rby-rgx-slg-stage1-svm-tfl-vvm-1.0.0-rc6-dev/jre/lib/jvmci/graal.src.zip
7f19a87c6000-7f19a87ea000 r--s 003d9000 00:36 1213694                    /home/graal/graal/vm/mxbuild/linux-amd64/GRAALVM_R_CMP_GU_GVM_INS_JS_NJS_POLYNATIVE_PRO_PYN_RBY_RGX_SLG_STAGE1_SVM_TFL_VVM/graalvm-r-cmp-gu-gvm-ins-js-njs-polynative-pro-pyn-rby-rgx-slg-stage1-svm-tfl-vvm-1.0.0-rc6-dev/jre/lib/truffle/truffle-api.jar
7f19a87ea000-7f19a87ed000 ---p 00000000 00:00 0 
7f19a87ed000-7f19a88eb000 rw-p 00000000 00:00 0 
7f19a88eb000-7f19a88ee000 ---p 00000000 00:00 0 
7f19a88ee000-7f19a89ec000 rw-p 00000000 00:00 0 
7f19a89ec000-7f19a89ef000 ---p 00000000 00:00 0 
7f19a89ef000-7f19a8aed000 rw-p 00000000 00:00 0 
7f19a8aed000-7f19a8af0000 ---p 00000000 00:00 0 
7f19a8af0000-7f19a8bee000 rw-p 00000000 00:00 0 
7f19a8bee000-7f19a8bf1000 ---p 00000000 00:00 0 
7f19a8bf1000-7f19a95ef000 rw-p 00000000 00:00 0 
7f19a95ef000-7f19a9787000 r--p 00000000 00:44 51                         /usr/lib/locale/locale-archive
7f19a9787000-7f19a978a000 ---p 00000000 00:00 0 
7f19a978a000-7f19aa188000 rw-p 00000000 00:00 0 
7f19aa188000-7f19aa18b000 ---p 00000000 00:00 0 
7f19aa18b000-7f19aab89000 rw-p 00000000 00:00 0 
7f19aab89000-7f19aab8a000 ---p 00000000 00:00 0 
7f19aab8a000-7f19c4000000 rw-p 00000000 00:00 0 
7f19c4000000-7f19c40c1000 rw-p 00000000 00:00 0 
7f19c40c1000-7f19c8000000 ---p 00000000 00:00 0 
7f19c8000000-7f19c8021000 rw-p 00000000 00:00 0 
7f19c8021000-7f19cc000000 ---p 00000000 00:00 0 
7f19cc000000-7f19cc03b000 rw-p 00000000 00:00 0 
7f19cc03b000-7f19d0000000 ---p 00000000 00:00 0 
7f19d0000000-7f19d003a000 rw-p 00000000 00:00 0 
7f19d003a000-7f19d4000000 ---p 00000000 00:00 0 
7f19d4000000-7f19d4021000 rw-p 00000000 00:00 0 
7f19d4021000-7f19d8000000 ---p 00000000 00:00 0 
7f19d8000000-7f19d806f000 rw-p 00000000 00:00 0 
7f19d806f000-7f19dc000000 ---p 00000000 00:00 0 
7f19dc000000-7f19dc0af000 rw-p 00000000 00:00 0 
7f19dc0af000-7f19e0000000 ---p 00000000 00:00 0 
7f19e0000000-7f19e0001000 r--s 00002000 00:36 1244990                    /home/graal/graal/vm/mxbuild/linux-amd64/GRAALVM_R_CMP_GU_GVM_INS_JS_NJS_POLYNATIVE_PRO_PYN_RBY_RGX_SLG_STAGE1_SVM_TFL_VVM/graalvm-r-cmp-gu-gvm-ins-js-njs-polynative-pro-pyn-rby-rgx-slg-stage1-svm-tfl-vvm-1.0.0-rc6-dev/jre/lib/graalvm/sulong-launcher.src.zip
7f19e0001000-7f19e0002000 r--s 00009000 00:36 1244996                    /home/graal/graal/vm/mxbuild/linux-amd64/GRAALVM_R_CMP_GU_GVM_INS_JS_NJS_POLYNATIVE_PRO_PYN_RBY_RGX_SLG_STAGE1_SVM_TFL_VVM/graalvm-r-cmp-gu-gvm-ins-js-njs-polynative-pro-pyn-rby-rgx-slg-stage1-svm-tfl-vvm-1.0.0-rc6-dev/jre/lib/graalvm/graalpython-launcher.src.zip
7f19e0002000-7f19e0003000 r--s 00009000 00:36 1244991                    /home/graal/graal/vm/mxbuild/linux-amd64/GRAALVM_R_CMP_GU_GVM_INS_JS_NJS_POLYNATIVE_PRO_PYN_RBY_RGX_SLG_STAGE1_SVM_TFL_VVM/graalvm-r-cmp-gu-gvm-ins-js-njs-polynative-pro-pyn-rby-rgx-slg-stage1-svm-tfl-vvm-1.0.0-rc6-dev/jre/lib/graalvm/truffleruby-launcher.jar
7f19e0003000-7f19e0004000 r--s 0001f000 00:36 1244994                    /home/graal/graal/vm/mxbuild/linux-amd64/GRAALVM_R_CMP_GU_GVM_INS_JS_NJS_POLYNATIVE_PRO_PYN_RBY_RGX_SLG_STAGE1_SVM_TFL_VVM/graalvm-r-cmp-gu-gvm-ins-js-njs-polynative-pro-pyn-rby-rgx-slg-stage1-svm-tfl-vvm-1.0.0-rc6-dev/jre/lib/graalvm/svm-driver.src.zip
7f19e0004000-7f19e0005000 r--s 00005000 00:36 1244998                    /home/graal/graal/vm/mxbuild/linux-amd64/GRAALVM_R_CMP_GU_GVM_INS_JS_NJS_POLYNATIVE_PRO_PYN_RBY_RGX_SLG_STAGE1_SVM_TFL_VVM/graalvm-r-cmp-gu-gvm-ins-js-njs-polynative-pro-pyn-rby-rgx-slg-stage1-svm-tfl-vvm-1.0.0-rc6-dev/jre/lib/graalvm/graaljs-launcher.src.zip
7f19e0005000-7f19e0008000 r--s 00033000 00:36 1234540                    /home/graal/graal/vm/mxbuild/linux-amd64/GRAALVM_R_CMP_GU_GVM_INS_JS_NJS_POLYNATIVE_PRO_PYN_RBY_RGX_SLG_STAGE1_SVM_TFL_VVM/graalvm-r-cmp-gu-gvm-ins-js-njs-polynative-pro-pyn-rby-rgx-slg-stage1-svm-tfl-vvm-1.0.0-rc6-dev/jre/tools/profiler/truffle-profiler.jar
7f19e0008000-7f19e0009000 r--s 00010000 00:36 1233796                    /home/graal/graal/vm/mxbuild/linux-amd64/GRAALVM_R_CMP_GU_GVM_INS_JS_NJS_POLYNATIVE_PRO_PYN_RBY_RGX_SLG_STAGE1_SVM_TFL_VVM/graalvm-r-cmp-gu-gvm-ins-js-njs-polynative-pro-pyn-rby-rgx-slg-stage1-svm-tfl-vvm-1.0.0-rc6-dev/jre/lib/ext/zipfs.jar
7f19e0009000-7f19e000f000 r--s 00101000 00:36 1218026                    /home/graal/graal/vm/mxbuild/linux-amd64/GRAALVM_R_CMP_GU_GVM_INS_JS_NJS_POLYNATIVE_PRO_PYN_RBY_RGX_SLG_STAGE1_SVM_TFL_VVM/graalvm-r-cmp-gu-gvm-ins-js-njs-polynative-pro-pyn-rby-rgx-slg-stage1-svm-tfl-vvm-1.0.0-rc6-dev/jre/lib/svm/builder/pointsto.jar
7f19e000f000-7f19e0016000 r--s 000b5000 00:36 1218025                    /home/graal/graal/vm/mxbuild/linux-amd64/GRAALVM_R_CMP_GU_GVM_INS_JS_NJS_POLYNATIVE_PRO_PYN_RBY_RGX_SLG_STAGE1_SVM_TFL_VVM/graalvm-r-cmp-gu-gvm-ins-js-njs-polynative-pro-pyn-rby-rgx-slg-stage1-svm-tfl-vvm-1.0.0-rc6-dev/jre/lib/svm/builder/objectfile.jar
7f19e0016000-7f19e001a000 r--s 0004b000 00:36 1233742                    /home/graal/graal/vm/mxbuild/linux-amd64/GRAALVM_R_CMP_GU_GVM_INS_JS_NJS_POLYNATIVE_PRO_PYN_RBY_RGX_SLG_STAGE1_SVM_TFL_VVM/graalvm-r-cmp-gu-gvm-ins-js-njs-polynative-pro-pyn-rby-rgx-slg-stage1-svm-tfl-vvm-1.0.0-rc6-dev/jre/lib/jvmci/jvmci-api.jar
7f19e001a000-7f19e001d000 r--s 00076000 00:36 1233741                    /home/graal/graal/vm/mxbuild/linux-amd64/GRAALVM_R_CMP_GU_GVM_INS_JS_NJS_POLYNATIVE_PRO_PYN_RBY_RGX_SLG_STAGE1_SVM_TFL_VVM/graalvm-r-cmp-gu-gvm-ins-js-njs-polynative-pro-pyn-rby-rgx-slg-stage1-svm-tfl-vvm-1.0.0-rc6-dev/jre/lib/jvmci/jvmci-api.src.zip
7f19e001d000-7f19e0c6b000 rw-p 00000000 00:00 0 
7f19e0c6b000-7f19e0e39000 r--s 03c1a000 00:36 1233729                    /home/graal/graal/vm/mxbuild/linux-amd64/GRAALVM_R_CMP_GU_GVM_INS_JS_NJS_POLYNATIVE_PRO_PYN_RBY_RGX_SLG_STAGE1_SVM_TFL_VVM/graalvm-r-cmp-gu-gvm-ins-js-njs-polynative-pro-pyn-rby-rgx-slg-stage1-svm-tfl-vvm-1.0.0-rc6-dev/jre/lib/rt.jar
7f19e0e39000-7f19e16af000 rw-p 00000000 00:00 0 
7f19e16af000-7f19e31c9000 rw-p 00000000 00:00 0 
7f19e31c9000-7f19e4000000 ---p 00000000 00:00 0 
7f19e4000000-7f19e6db0000 rwxp 00000000 00:00 0 
7f19e6db0000-7f19f8000000 ---p 00000000 00:00 0 
7f19f8000000-7f19f8655000 rw-p 00000000 00:00 0 
7f19f8655000-7f19fc000000 ---p 00000000 00:00 0 
7f19fc000000-7f19fc003000 r--s 00081000 00:36 1233740                    /home/graal/graal/vm/mxbuild/linux-amd64/GRAALVM_R_CMP_GU_GVM_INS_JS_NJS_POLYNATIVE_PRO_PYN_RBY_RGX_SLG_STAGE1_SVM_TFL_VVM/graalvm-r-cmp-gu-gvm-ins-js-njs-polynative-pro-pyn-rby-rgx-slg-stage1-svm-tfl-vvm-1.0.0-rc6-dev/jre/lib/jvmci/jvmci-hotspot.src.zip
7f19fc003000-7f19fc004000 ---p 00000000 00:00 0 
7f19fc004000-7f19fc104000 rw-p 00000000 00:00 0 
7f19fc104000-7f19fc105000 ---p 00000000 00:00 0 
7f19fc105000-7f19fc205000 rw-p 00000000 00:00 0 
7f19fc205000-7f19fc206000 ---p 00000000 00:00 0 
7f19fc206000-7f19fc306000 rw-p 00000000 00:00 0 
7f19fc306000-7f19fc307000 ---p 00000000 00:00 0 
7f19fc307000-7f19fc407000 rw-p 00000000 00:00 0 
7f19fc407000-7f19fc408000 ---p 00000000 00:00 0 
7f19fc408000-7f19fc508000 rw-p 00000000 00:00 0 
7f19fc508000-7f19fc509000 ---p 00000000 00:00 0 
7f19fc509000-7f19fc609000 rw-p 00000000 00:00 0 
7f19fc609000-7f19fc60a000 ---p 00000000 00:00 0 
7f19fc60a000-7f19fc8f9000 rw-p 00000000 00:00 0 
7f19fc8f9000-7f19fd72f000 ---p 00000000 00:00 0 
7f19fd72f000-7f19fdbed000 rw-p 00000000 00:00 0 
7f19fdbed000-7f19fdf42000 ---p 00000000 00:00 0 
7f19fdf42000-7f19fdffa000 rw-p 00000000 00:00 0 
7f19fdffa000-7f19fe443000 ---p 00000000 00:00 0 
7f19fe443000-7f19fe45d000 r-xp 00000000 00:36 1233757                    /home/graal/graal/vm/mxbuild/linux-amd64/GRAALVM_R_CMP_GU_GVM_INS_JS_NJS_POLYNATIVE_PRO_PYN_RBY_RGX_SLG_STAGE1_SVM_TFL_VVM/graalvm-r-cmp-gu-gvm-ins-js-njs-polynative-pro-pyn-rby-rgx-slg-stage1-svm-tfl-vvm-1.0.0-rc6-dev/jre/lib/amd64/libzip.so
7f19fe45d000-7f19fe65c000 ---p 0001a000 00:36 1233757                    /home/graal/graal/vm/mxbuild/linux-amd64/GRAALVM_R_CMP_GU_GVM_INS_JS_NJS_POLYNATIVE_PRO_PYN_RBY_RGX_SLG_STAGE1_SVM_TFL_VVM/graalvm-r-cmp-gu-gvm-ins-js-njs-polynative-pro-pyn-rby-rgx-slg-stage1-svm-tfl-vvm-1.0.0-rc6-dev/jre/lib/amd64/libzip.so
7f19fe65c000-7f19fe65d000 r--p 00019000 00:36 1233757                    /home/graal/graal/vm/mxbuild/linux-amd64/GRAALVM_R_CMP_GU_GVM_INS_JS_NJS_POLYNATIVE_PRO_PYN_RBY_RGX_SLG_STAGE1_SVM_TFL_VVM/graalvm-r-cmp-gu-gvm-ins-js-njs-polynative-pro-pyn-rby-rgx-slg-stage1-svm-tfl-vvm-1.0.0-rc6-dev/jre/lib/amd64/libzip.so
7f19fe65d000-7f19fe65e000 rw-p 0001a000 00:36 1233757                    /home/graal/graal/vm/mxbuild/linux-amd64/GRAALVM_R_CMP_GU_GVM_INS_JS_NJS_POLYNATIVE_PRO_PYN_RBY_RGX_SLG_STAGE1_SVM_TFL_VVM/graalvm-r-cmp-gu-gvm-ins-js-njs-polynative-pro-pyn-rby-rgx-slg-stage1-svm-tfl-vvm-1.0.0-rc6-dev/jre/lib/amd64/libzip.so
7f19fe65e000-7f19fe669000 r-xp 00000000 00:44 47                         /lib/x86_64-linux-gnu/libnss_files-2.23.so
7f19fe669000-7f19fe868000 ---p 0000b000 00:44 47                         /lib/x86_64-linux-gnu/libnss_files-2.23.so
7f19fe868000-7f19fe869000 r--p 0000a000 00:44 47                         /lib/x86_64-linux-gnu/libnss_files-2.23.so
7f19fe869000-7f19fe86a000 rw-p 0000b000 00:44 47                         /lib/x86_64-linux-gnu/libnss_files-2.23.so
7f19fe86a000-7f19fe870000 rw-p 00000000 00:00 0 
7f19fe870000-7f19fe87b000 r-xp 00000000 00:44 45                         /lib/x86_64-linux-gnu/libnss_nis-2.23.so
7f19fe87b000-7f19fea7a000 ---p 0000b000 00:44 45                         /lib/x86_64-linux-gnu/libnss_nis-2.23.so
7f19fea7a000-7f19fea7b000 r--p 0000a000 00:44 45                         /lib/x86_64-linux-gnu/libnss_nis-2.23.so
7f19fea7b000-7f19fea7c000 rw-p 0000b000 00:44 45                         /lib/x86_64-linux-gnu/libnss_nis-2.23.so
7f19fea7c000-7f19fea92000 r-xp 00000000 00:44 43                         /lib/x86_64-linux-gnu/libnsl-2.23.so
7f19fea92000-7f19fec91000 ---p 00016000 00:44 43                         /lib/x86_64-linux-gnu/libnsl-2.23.so
7f19fec91000-7f19fec92000 r--p 00015000 00:44 43                         /lib/x86_64-linux-gnu/libnsl-2.23.so
7f19fec92000-7f19fec93000 rw-p 00016000 00:44 43                         /lib/x86_64-linux-gnu/libnsl-2.23.so
7f19fec93000-7f19fec95000 rw-p 00000000 00:00 0 
7f19fec95000-7f19fec9d000 r-xp 00000000 00:44 41                         /lib/x86_64-linux-gnu/libnss_compat-2.23.so
7f19fec9d000-7f19fee9c000 ---p 00008000 00:44 41                         /lib/x86_64-linux-gnu/libnss_compat-2.23.so
7f19fee9c000-7f19fee9d000 r--p 00007000 00:44 41                         /lib/x86_64-linux-gnu/libnss_compat-2.23.so
7f19fee9d000-7f19fee9e000 rw-p 00008000 00:44 41                         /lib/x86_64-linux-gnu/libnss_compat-2.23.so
7f19fee9e000-7f19feecc000 r-xp 00000000 00:36 1233748                    /home/graal/graal/vm/mxbuild/linux-amd64/GRAALVM_R_CMP_GU_GVM_INS_JS_NJS_POLYNATIVE_PRO_PYN_RBY_RGX_SLG_STAGE1_SVM_TFL_VVM/graalvm-r-cmp-gu-gvm-ins-js-njs-polynative-pro-pyn-rby-rgx-slg-stage1-svm-tfl-vvm-1.0.0-rc6-dev/jre/lib/amd64/libjava.so
7f19feecc000-7f19ff0cb000 ---p 0002e000 00:36 1233748                    /home/graal/graal/vm/mxbuild/linux-amd64/GRAALVM_R_CMP_GU_GVM_INS_JS_NJS_POLYNATIVE_PRO_PYN_RBY_RGX_SLG_STAGE1_SVM_TFL_VVM/graalvm-r-cmp-gu-gvm-ins-js-njs-polynative-pro-pyn-rby-rgx-slg-stage1-svm-tfl-vvm-1.0.0-rc6-dev/jre/lib/amd64/libjava.so
7f19ff0cb000-7f19ff0cc000 r--p 0002d000 00:36 1233748                    /home/graal/graal/vm/mxbuild/linux-amd64/GRAALVM_R_CMP_GU_GVM_INS_JS_NJS_POLYNATIVE_PRO_PYN_RBY_RGX_SLG_STAGE1_SVM_TFL_VVM/graalvm-r-cmp-gu-gvm-ins-js-njs-polynative-pro-pyn-rby-rgx-slg-stage1-svm-tfl-vvm-1.0.0-rc6-dev/jre/lib/amd64/libjava.so
7f19ff0cc000-7f19ff0ce000 rw-p 0002e000 00:36 1233748                    /home/graal/graal/vm/mxbuild/linux-amd64/GRAALVM_R_CMP_GU_GVM_INS_JS_NJS_POLYNATIVE_PRO_PYN_RBY_RGX_SLG_STAGE1_SVM_TFL_VVM/graalvm-r-cmp-gu-gvm-ins-js-njs-polynative-pro-pyn-rby-rgx-slg-stage1-svm-tfl-vvm-1.0.0-rc6-dev/jre/lib/amd64/libjava.so
7f19ff0ce000-7f19ff0db000 r-xp 00000000 00:36 1233781                    /home/graal/graal/vm/mxbuild/linux-amd64/GRAALVM_R_CMP_GU_GVM_INS_JS_NJS_POLYNATIVE_PRO_PYN_RBY_RGX_SLG_STAGE1_SVM_TFL_VVM/graalvm-r-cmp-gu-gvm-ins-js-njs-polynative-pro-pyn-rby-rgx-slg-stage1-svm-tfl-vvm-1.0.0-rc6-dev/jre/lib/amd64/libverify.so
7f19ff0db000-7f19ff2da000 ---p 0000d000 00:36 1233781                    /home/graal/graal/vm/mxbuild/linux-amd64/GRAALVM_R_CMP_GU_GVM_INS_JS_NJS_POLYNATIVE_PRO_PYN_RBY_RGX_SLG_STAGE1_SVM_TFL_VVM/graalvm-r-cmp-gu-gvm-ins-js-njs-polynative-pro-pyn-rby-rgx-slg-stage1-svm-tfl-vvm-1.0.0-rc6-dev/jre/lib/amd64/libverify.so
7f19ff2da000-7f19ff2dc000 r--p 0000c000 00:36 1233781                    /home/graal/graal/vm/mxbuild/linux-amd64/GRAALVM_R_CMP_GU_GVM_INS_JS_NJS_POLYNATIVE_PRO_PYN_RBY_RGX_SLG_STAGE1_SVM_TFL_VVM/graalvm-r-cmp-gu-gvm-ins-js-njs-polynative-pro-pyn-rby-rgx-slg-stage1-svm-tfl-vvm-1.0.0-rc6-dev/jre/lib/amd64/libverify.so
7f19ff2dc000-7f19ff2dd000 rw-p 0000e000 00:36 1233781                    /home/graal/graal/vm/mxbuild/linux-amd64/GRAALVM_R_CMP_GU_GVM_INS_JS_NJS_POLYNATIVE_PRO_PYN_RBY_RGX_SLG_STAGE1_SVM_TFL_VVM/graalvm-r-cmp-gu-gvm-ins-js-njs-polynative-pro-pyn-rby-rgx-slg-stage1-svm-tfl-vvm-1.0.0-rc6-dev/jre/lib/amd64/libverify.so
7f19ff2dd000-7f19ff2e4000 r-xp 00000000 00:44 88                         /lib/x86_64-linux-gnu/librt-2.23.so
7f19ff2e4000-7f19ff4e3000 ---p 00007000 00:44 88                         /lib/x86_64-linux-gnu/librt-2.23.so
7f19ff4e3000-7f19ff4e4000 r--p 00006000 00:44 88                         /lib/x86_64-linux-gnu/librt-2.23.so
7f19ff4e4000-7f19ff4e5000 rw-p 00007000 00:44 88                         /lib/x86_64-linux-gnu/librt-2.23.so
7f19ff4e5000-7f19ff4e8000 ---p 00000000 00:00 0 
7f19ff4e8000-7f19ffee6000 rw-p 00000000 00:00 0 
7f19ffee6000-7f19fffee000 r-xp 00000000 00:44 125                        /lib/x86_64-linux-gnu/libm-2.23.so
7f19fffee000-7f1a001ed000 ---p 00108000 00:44 125                        /lib/x86_64-linux-gnu/libm-2.23.so
7f1a001ed000-7f1a001ee000 r--p 00107000 00:44 125                        /lib/x86_64-linux-gnu/libm-2.23.so
7f1a001ee000-7f1a001ef000 rw-p 00108000 00:44 125                        /lib/x86_64-linux-gnu/libm-2.23.so
7f1a001ef000-7f1a00ed4000 r-xp 00000000 00:36 1233770                    /home/graal/graal/vm/mxbuild/linux-amd64/GRAALVM_R_CMP_GU_GVM_INS_JS_NJS_POLYNATIVE_PRO_PYN_RBY_RGX_SLG_STAGE1_SVM_TFL_VVM/graalvm-r-cmp-gu-gvm-ins-js-njs-polynative-pro-pyn-rby-rgx-slg-stage1-svm-tfl-vvm-1.0.0-rc6-dev/jre/lib/amd64/server/libjvm.so
7f1a00ed4000-7f1a010d3000 ---p 00ce5000 00:36 1233770                    /home/graal/graal/vm/mxbuild/linux-amd64/GRAALVM_R_CMP_GU_GVM_INS_JS_NJS_POLYNATIVE_PRO_PYN_RBY_RGX_SLG_STAGE1_SVM_TFL_VVM/graalvm-r-cmp-gu-gvm-ins-js-njs-polynative-pro-pyn-rby-rgx-slg-stage1-svm-tfl-vvm-1.0.0-rc6-dev/jre/lib/amd64/server/libjvm.so
7f1a010d3000-7f1a01168000 r--p 00ce4000 00:36 1233770                    /home/graal/graal/vm/mxbuild/linux-amd64/GRAALVM_R_CMP_GU_GVM_INS_JS_NJS_POLYNATIVE_PRO_PYN_RBY_RGX_SLG_STAGE1_SVM_TFL_VVM/graalvm-r-cmp-gu-gvm-ins-js-njs-polynative-pro-pyn-rby-rgx-slg-stage1-svm-tfl-vvm-1.0.0-rc6-dev/jre/lib/amd64/server/libjvm.so
7f1a01168000-7f1a01193000 rw-p 00d79000 00:36 1233770                    /home/graal/graal/vm/mxbuild/linux-amd64/GRAALVM_R_CMP_GU_GVM_INS_JS_NJS_POLYNATIVE_PRO_PYN_RBY_RGX_SLG_STAGE1_SVM_TFL_VVM/graalvm-r-cmp-gu-gvm-ins-js-njs-polynative-pro-pyn-rby-rgx-slg-stage1-svm-tfl-vvm-1.0.0-rc6-dev/jre/lib/amd64/server/libjvm.so
7f1a01193000-7f1a011c5000 rw-p 00000000 00:00 0 
7f1a011c5000-7f1a011dd000 r-xp 00000000 00:44 94                         /lib/x86_64-linux-gnu/libpthread-2.23.so
7f1a011dd000-7f1a013dc000 ---p 00018000 00:44 94                         /lib/x86_64-linux-gnu/libpthread-2.23.so
7f1a013dc000-7f1a013dd000 r--p 00017000 00:44 94                         /lib/x86_64-linux-gnu/libpthread-2.23.so
7f1a013dd000-7f1a013de000 rw-p 00018000 00:44 94                         /lib/x86_64-linux-gnu/libpthread-2.23.so
7f1a013de000-7f1a013e2000 rw-p 00000000 00:00 0 
7f1a013e2000-7f1a013e5000 r-xp 00000000 00:44 33                         /lib/x86_64-linux-gnu/libdl-2.23.so
7f1a013e5000-7f1a015e4000 ---p 00003000 00:44 33                         /lib/x86_64-linux-gnu/libdl-2.23.so
7f1a015e4000-7f1a015e5000 r--p 00002000 00:44 33                         /lib/x86_64-linux-gnu/libdl-2.23.so
7f1a015e5000-7f1a015e6000 rw-p 00003000 00:44 33                         /lib/x86_64-linux-gnu/libdl-2.23.so
7f1a015e6000-7f1a017a6000 r-xp 00000000 00:44 35                         /lib/x86_64-linux-gnu/libc-2.23.so
7f1a017a6000-7f1a019a6000 ---p 001c0000 00:44 35                         /lib/x86_64-linux-gnu/libc-2.23.so
7f1a019a6000-7f1a019aa000 r--p 001c0000 00:44 35                         /lib/x86_64-linux-gnu/libc-2.23.so
7f1a019aa000-7f1a019ac000 rw-p 001c4000 00:44 35                         /lib/x86_64-linux-gnu/libc-2.23.so
7f1a019ac000-7f1a019b0000 rw-p 00000000 00:00 0 
7f1a019b0000-7f1a019c7000 r-xp 00000000 00:36 1233809                    /home/graal/graal/vm/mxbuild/linux-amd64/GRAALVM_R_CMP_GU_GVM_INS_JS_NJS_POLYNATIVE_PRO_PYN_RBY_RGX_SLG_STAGE1_SVM_TFL_VVM/graalvm-r-cmp-gu-gvm-ins-js-njs-polynative-pro-pyn-rby-rgx-slg-stage1-svm-tfl-vvm-1.0.0-rc6-dev/lib/amd64/jli/libjli.so
7f1a019c7000-7f1a01bc6000 ---p 00017000 00:36 1233809                    /home/graal/graal/vm/mxbuild/linux-amd64/GRAALVM_R_CMP_GU_GVM_INS_JS_NJS_POLYNATIVE_PRO_PYN_RBY_RGX_SLG_STAGE1_SVM_TFL_VVM/graalvm-r-cmp-gu-gvm-ins-js-njs-polynative-pro-pyn-rby-rgx-slg-stage1-svm-tfl-vvm-1.0.0-rc6-dev/lib/amd64/jli/libjli.so
7f1a01bc6000-7f1a01bc7000 r--p 00016000 00:36 1233809                    /home/graal/graal/vm/mxbuild/linux-amd64/GRAALVM_R_CMP_GU_GVM_INS_JS_NJS_POLYNATIVE_PRO_PYN_RBY_RGX_SLG_STAGE1_SVM_TFL_VVM/graalvm-r-cmp-gu-gvm-ins-js-njs-polynative-pro-pyn-rby-rgx-slg-stage1-svm-tfl-vvm-1.0.0-rc6-dev/lib/amd64/jli/libjli.so
7f1a01bc7000-7f1a01bc8000 rw-p 00017000 00:36 1233809                    /home/graal/graal/vm/mxbuild/linux-amd64/GRAALVM_R_CMP_GU_GVM_INS_JS_NJS_POLYNATIVE_PRO_PYN_RBY_RGX_SLG_STAGE1_SVM_TFL_VVM/graalvm-r-cmp-gu-gvm-ins-js-njs-polynative-pro-pyn-rby-rgx-slg-stage1-svm-tfl-vvm-1.0.0-rc6-dev/lib/amd64/jli/libjli.so
7f1a01bc8000-7f1a01bee000 r-xp 00000000 00:44 28                         /lib/x86_64-linux-gnu/ld-2.23.so
7f1a01bee000-7f1a01bef000 r--s 00004000 00:36 1248089                    /home/graal/graal/vm/mxbuild/linux-amd64/GRAALVM_R_CMP_GU_GVM_INS_JS_NJS_POLYNATIVE_PRO_PYN_RBY_RGX_SLG_STAGE1_SVM_TFL_VVM/graalvm-r-cmp-gu-gvm-ins-js-njs-polynative-pro-pyn-rby-rgx-slg-stage1-svm-tfl-vvm-1.0.0-rc6-dev/jre/lib/jvmci/graal-management.src.zip
7f1a01bef000-7f1a01bf0000 r--s 00004000 00:36 1248087                    /home/graal/graal/vm/mxbuild/linux-amd64/GRAALVM_R_CMP_GU_GVM_INS_JS_NJS_POLYNATIVE_PRO_PYN_RBY_RGX_SLG_STAGE1_SVM_TFL_VVM/graalvm-r-cmp-gu-gvm-ins-js-njs-polynative-pro-pyn-rby-rgx-slg-stage1-svm-tfl-vvm-1.0.0-rc6-dev/jre/lib/jvmci/graal-management.jar
7f1a01bf0000-7f1a01bf4000 r--s 00074000 00:36 1233739                    /home/graal/graal/vm/mxbuild/linux-amd64/GRAALVM_R_CMP_GU_GVM_INS_JS_NJS_POLYNATIVE_PRO_PYN_RBY_RGX_SLG_STAGE1_SVM_TFL_VVM/graalvm-r-cmp-gu-gvm-ins-js-njs-polynative-pro-pyn-rby-rgx-slg-stage1-svm-tfl-vvm-1.0.0-rc6-dev/jre/lib/jvmci/jvmci-hotspot.jar
7f1a01bf4000-7f1a01bff000 r--s 000c6000 00:36 1213698                    /home/graal/graal/vm/mxbuild/linux-amd64/GRAALVM_R_CMP_GU_GVM_INS_JS_NJS_POLYNATIVE_PRO_PYN_RBY_RGX_SLG_STAGE1_SVM_TFL_VVM/graalvm-r-cmp-gu-gvm-ins-js-njs-polynative-pro-pyn-rby-rgx-slg-stage1-svm-tfl-vvm-1.0.0-rc6-dev/jre/lib/truffle/truffle-nfi.jar
7f1a01bff000-7f1a01c00000 r--s 00002000 00:36 1218019                    /home/graal/graal/vm/mxbuild/linux-amd64/GRAALVM_R_CMP_GU_GVM_INS_JS_NJS_POLYNATIVE_PRO_PYN_RBY_RGX_SLG_STAGE1_SVM_TFL_VVM/graalvm-r-cmp-gu-gvm-ins-js-njs-polynative-pro-pyn-rby-rgx-slg-stage1-svm-tfl-vvm-1.0.0-rc6-dev/jre/lib/truffle/locator.jar
7f1a01c00000-7f1a01c06000 r--s 00053000 00:36 1234943                    /home/graal/graal/vm/mxbuild/linux-amd64/GRAALVM_R_CMP_GU_GVM_INS_JS_NJS_POLYNATIVE_PRO_PYN_RBY_RGX_SLG_STAGE1_SVM_TFL_VVM/graalvm-r-cmp-gu-gvm-ins-js-njs-polynative-pro-pyn-rby-rgx-slg-stage1-svm-tfl-vvm-1.0.0-rc6-dev/jre/lib/boot/graal-sdk.jar
7f1a01c06000-7f1a01cd7000 rw-p 00000000 00:00 0 
7f1a01cd7000-7f1a01cd8000 ---p 00000000 00:00 0 
7f1a01cd8000-7f1a01dd8000 rw-p 00000000 00:00 0 
7f1a01dd8000-7f1a01de0000 rw-s 00000000 00:44 1651                       /tmp/hsperfdata_graal/6371
7f1a01de0000-7f1a01de4000 rw-p 00000000 00:00 0 
7f1a01de4000-7f1a01de7000 r--s 000a9000 00:36 1234944                    /home/graal/graal/vm/mxbuild/linux-amd64/GRAALVM_R_CMP_GU_GVM_INS_JS_NJS_POLYNATIVE_PRO_PYN_RBY_RGX_SLG_STAGE1_SVM_TFL_VVM/graalvm-r-cmp-gu-gvm-ins-js-njs-polynative-pro-pyn-rby-rgx-slg-stage1-svm-tfl-vvm-1.0.0-rc6-dev/jre/lib/boot/graal-sdk.src.zip
7f1a01de7000-7f1a01de8000 r--s 00006000 00:36 1234946                    /home/graal/graal/vm/mxbuild/linux-amd64/GRAALVM_R_CMP_GU_GVM_INS_JS_NJS_POLYNATIVE_PRO_PYN_RBY_RGX_SLG_STAGE1_SVM_TFL_VVM/graalvm-r-cmp-gu-gvm-ins-js-njs-polynative-pro-pyn-rby-rgx-slg-stage1-svm-tfl-vvm-1.0.0-rc6-dev/jre/lib/boot/graaljs-scriptengine.src.zip
7f1a01de8000-7f1a01de9000 r--s 00007000 00:36 1234945                    /home/graal/graal/vm/mxbuild/linux-amd64/GRAALVM_R_CMP_GU_GVM_INS_JS_NJS_POLYNATIVE_PRO_PYN_RBY_RGX_SLG_STAGE1_SVM_TFL_VVM/graalvm-r-cmp-gu-gvm-ins-js-njs-polynative-pro-pyn-rby-rgx-slg-stage1-svm-tfl-vvm-1.0.0-rc6-dev/jre/lib/boot/graaljs-scriptengine.jar
7f1a01de9000-7f1a01dea000 r--s 00003000 00:36 1233352                    /home/graal/graal/vm/mxbuild/linux-amd64/GRAALVM_R_CMP_GU_GVM_INS_JS_NJS_POLYNATIVE_PRO_PYN_RBY_RGX_SLG_STAGE1_SVM_TFL_VVM/graalvm-r-cmp-gu-gvm-ins-js-njs-polynative-pro-pyn-rby-rgx-slg-stage1-svm-tfl-vvm-1.0.0-rc6-dev/jre/lib/jvmci-services.jar
7f1a01dea000-7f1a01deb000 rw-p 00000000 00:00 0 
7f1a01deb000-7f1a01dec000 ---p 00000000 00:00 0 
7f1a01dec000-7f1a01ded000 rw-p 00000000 00:00 0 
7f1a01ded000-7f1a01dee000 r--p 00025000 00:44 28                         /lib/x86_64-linux-gnu/ld-2.23.so
7f1a01dee000-7f1a01def000 rw-p 00026000 00:44 28                         /lib/x86_64-linux-gnu/ld-2.23.so
7f1a01def000-7f1a01df0000 rw-p 00000000 00:00 0 
7ffe7d44c000-7ffe7d46f000 rw-p 00000000 00:00 0                          [stack]
7ffe7d4b3000-7ffe7d4b6000 r--p 00000000 00:00 0                          [vvar]
7ffe7d4b6000-7ffe7d4b8000 r-xp 00000000 00:00 0                          [vdso]
ffffffffff600000-ffffffffff601000 r-xp 00000000 00:00 0                  [vsyscall]

VM Arguments:
jvm_args: -Xbootclasspath/a:/home/graal/graal/vm/mxbuild/linux-amd64/GRAALVM_R_CMP_GU_GVM_INS_JS_NJS_POLYNATIVE_PRO_PYN_RBY_RGX_SLG_STAGE1_SVM_TFL_VVM/graalvm-r-cmp-gu-gvm-ins-js-njs-polynative-pro-pyn-rby-rgx-slg-stage1-svm-tfl-vvm-1.0.0-rc6-dev/jre/lib/boot/graaljs-scriptengine.jar:/home/graal/graal/vm/mxbuild/linux-amd64/GRAALVM_R_CMP_GU_GVM_INS_JS_NJS_POLYNATIVE_PRO_PYN_RBY_RGX_SLG_STAGE1_SVM_TFL_VVM/graalvm-r-cmp-gu-gvm-ins-js-njs-polynative-pro-pyn-rby-rgx-slg-stage1-svm-tfl-vvm-1.0.0-rc6-dev/jre/lib/boot/graal-sdk.jar:/home/graal/graal/vm/mxbuild/linux-amd64/GRAALVM_R_CMP_GU_GVM_INS_JS_NJS_POLYNATIVE_PRO_PYN_RBY_RGX_SLG_STAGE1_SVM_TFL_VVM/graalvm-r-cmp-gu-gvm-ins-js-njs-polynative-pro-pyn-rby-rgx-slg-stage1-svm-tfl-vvm-1.0.0-rc6-dev/jre/lib/truffle/truffle-api.jar -Xverify:none -XX:+UnlockExperimentalVMOptions -XX:+EnableJVMCI -XX:-UseJVMCIClassLoader -XX:+UseJVMCICompiler -Dgraal.CompileGraalWithC1Only=false -XX:CICompilerCount=4 -Dgraal.VerifyGraalGraphs=false -Dgraal.VerifyGraalGraphEdges=false -Dgraal.VerifyGraalPhasesSize=false -Dgraal.VerifyPhases=false -Dgraal.EagerSnippets=true -Xss10m -Xms1g -Duser.country=US -Duser.language=en -Dgraalvm.version=dev -Dorg.graalvm.version=dev -Dcom.oracle.graalvm.isaot=true -Djvmci.class.path.append=/home/graal/graal/vm/mxbuild/linux-amd64/GRAALVM_R_CMP_GU_GVM_INS_JS_NJS_POLYNATIVE_PRO_PYN_RBY_RGX_SLG_STAGE1_SVM_TFL_VVM/graalvm-r-cmp-gu-gvm-ins-js-njs-polynative-pro-pyn-rby-rgx-slg-stage1-svm-tfl-vvm-1.0.0-rc6-dev/jre/lib/jvmci/graal.jar -Dgraalvm.locatorDisabled=true -Dtruffle.TrustAllTruffleRuntimeProviders=true -Xmx13002342400 -Dorg.graalvm.version=1.0.0-rc6-dev -Dgraalvm.version=1.0.0-rc6-dev -Dorg.graalvm.launcher.classpath=jre/lib/graalvm/sulong-launcher.jar:jre/lib/graalvm/launcher-common.jar -Dorg.graalvm.launcher.relative.language.home=bin/lli 
java_command: com.oracle.svm.hosted.NativeImageGeneratorRunner -imagecp /home/graal/graal/vm/mxbuild/linux-amd64/GRAALVM_R_CMP_GU_GVM_INS_JS_NJS_POLYNATIVE_PRO_PYN_RBY_RGX_SLG_STAGE1_SVM_TFL_VVM/graalvm-r-cmp-gu-gvm-ins-js-njs-polynative-pro-pyn-rby-rgx-slg-stage1-svm-tfl-vvm-1.0.0-rc6-dev/jre/lib/boot/graaljs-scriptengine.jar:/home/graal/graal/vm/mxbuild/linux-amd64/GRAALVM_R_CMP_GU_GVM_INS_JS_NJS_POLYNATIVE_PRO_PYN_RBY_RGX_SLG_STAGE1_SVM_TFL_VVM/graalvm-r-cmp-gu-gvm-ins-js-njs-polynative-pro-pyn-rby-rgx-slg-stage1-svm-tfl-vvm-1.0.0-rc6-dev/jre/lib/boot/graal-sdk.jar:/home/graal/graal/vm/mxbuild/linux-amd64/GRAALVM_R_CMP_GU_GVM_INS_JS_NJS_POLYNATIVE_PRO_PYN_RBY_RGX_SLG_STAGE1_SVM_TFL_VVM/graalvm-r-cmp-gu-gvm-ins-js-njs-polynative-pro-pyn-rby-rgx-slg-stage1-svm-tfl-vvm-1.0.0-rc6-dev/jre/lib/truffle/truffle-api.jar:/home/graal/graal/vm/mxbuild/linux-amd64/GRAALVM_R_CMP_GU_GVM_INS_JS_NJS_POLYNATIVE_PRO_PYN_RBY_RGX_SLG_STAGE1_SVM_TFL_VVM/graalvm-r-cmp-gu-gvm-ins-js-njs-polynative-pro-pyn-rby-rgx-slg-stage1-svm-tfl-vvm-1.0.0-rc6-dev/jre/lib/svm/builder/svm.jar:/home/graal/graal/vm/mxbuild/linux-amd64/GRAALVM_R_CMP_GU_GVM_INS_JS_NJS_POLYNATIVE_PRO_PYN_RBY_RGX_SLG_STAGE1_SVM_TFL_VVM/graalvm-r-cmp-gu-gvm-ins-js-njs-polynative-pro-pyn-rby-rgx-slg-stage1-svm-tfl-vvm-1.0.0-rc6-dev/jre/lib/svm/builder/objectfile.jar:/home/graal/graal/vm/mxbuild/linux-amd64/GRAALVM_R_CMP_GU_GVM_INS_JS_NJS_POLYNATIVE_PRO_PYN_RBY_RGX_SLG_STAGE1_SVM_TFL_VVM/graalvm-r-cmp-gu-gvm-ins-js-njs-polynative-pro-pyn-rby-rgx-slg-stage1-svm-tfl-vvm-1.0.0-rc6-dev/jre/lib/svm/builder/pointsto.jar:/home/graal/graal/vm/mxbuild/linux-amd64/GRAALVM_R_CMP_GU_GVM_INS_JS_NJS_POLYNATIVE_PRO_PYN_RBY_RGX_SLG_STAGE1_SVM_TFL_VVM/graalvm-r-cmp-gu-gvm-ins-js-njs-polynative-pro-pyn-rby-rgx-slg-stage1-svm-tfl-vvm-1.0.0-rc6-dev/jre/lib/jvmci/jvmci-hotspot.jar:/home/graal/graal/vm/mxbuild/linux-amd64/GRAALVM_R_CMP_GU_GVM_INS_JS_NJS_POLYNATIVE_PRO_PYN_RBY_RGX_SLG_STAGE1_SVM_TFL_VVM/graalvm-r-cmp-gu-gvm-ins-js-njs-polynative-pr
java_class_path (initial): /home/graal/graal/vm/mxbuild/linux-amd64/GRAALVM_R_CMP_GU_GVM_INS_JS_NJS_POLYNATIVE_PRO_PYN_RBY_RGX_SLG_STAGE1_SVM_TFL_VVM/graalvm-r-cmp-gu-gvm-ins-js-njs-polynative-pro-pyn-rby-rgx-slg-stage1-svm-tfl-vvm-1.0.0-rc6-dev/jre/lib/svm/builder/svm.jar:/home/graal/graal/vm/mxbuild/linux-amd64/GRAALVM_R_CMP_GU_GVM_INS_JS_NJS_POLYNATIVE_PRO_PYN_RBY_RGX_SLG_STAGE1_SVM_TFL_VVM/graalvm-r-cmp-gu-gvm-ins-js-njs-polynative-pro-pyn-rby-rgx-slg-stage1-svm-tfl-vvm-1.0.0-rc6-dev/jre/lib/svm/builder/objectfile.jar:/home/graal/graal/vm/mxbuild/linux-amd64/GRAALVM_R_CMP_GU_GVM_INS_JS_NJS_POLYNATIVE_PRO_PYN_RBY_RGX_SLG_STAGE1_SVM_TFL_VVM/graalvm-r-cmp-gu-gvm-ins-js-njs-polynative-pro-pyn-rby-rgx-slg-stage1-svm-tfl-vvm-1.0.0-rc6-dev/jre/lib/svm/builder/pointsto.jar:/home/graal/graal/vm/mxbuild/linux-amd64/GRAALVM_R_CMP_GU_GVM_INS_JS_NJS_POLYNATIVE_PRO_PYN_RBY_RGX_SLG_STAGE1_SVM_TFL_VVM/graalvm-r-cmp-gu-gvm-ins-js-njs-polynative-pro-pyn-rby-rgx-slg-stage1-svm-tfl-vvm-1.0.0-rc6-dev/jre/lib/jvmci/jvmci-hotspot.jar:/home/graal/graal/vm/mxbuild/linux-amd64/GRAALVM_R_CMP_GU_GVM_INS_JS_NJS_POLYNATIVE_PRO_PYN_RBY_RGX_SLG_STAGE1_SVM_TFL_VVM/graalvm-r-cmp-gu-gvm-ins-js-njs-polynative-pro-pyn-rby-rgx-slg-stage1-svm-tfl-vvm-1.0.0-rc6-dev/jre/lib/jvmci/graal-management.jar:/home/graal/graal/vm/mxbuild/linux-amd64/GRAALVM_R_CMP_GU_GVM_INS_JS_NJS_POLYNATIVE_PRO_PYN_RBY_RGX_SLG_STAGE1_SVM_TFL_VVM/graalvm-r-cmp-gu-gvm-ins-js-njs-polynative-pro-pyn-rby-rgx-slg-stage1-svm-tfl-vvm-1.0.0-rc6-dev/jre/lib/jvmci/graal.jar:/home/graal/graal/vm/mxbuild/linux-amd64/GRAALVM_R_CMP_GU_GVM_INS_JS_NJS_POLYNATIVE_PRO_PYN_RBY_RGX_SLG_STAGE1_SVM_TFL_VVM/graalvm-r-cmp-gu-gvm-ins-js-njs-polynative-pro-pyn-rby-rgx-slg-stage1-svm-tfl-vvm-1.0.0-rc6-dev/jre/lib/jvmci/jvmci-api.jar:/home/graal/graal/vm/mxbuild/linux-amd64/GRAALVM_R_CMP_GU_GVM_INS_JS_NJS_POLYNATIVE_PRO_PYN_RBY_RGX_SLG_STAGE1_SVM_TFL_VVM/graalvm-r-cmp-gu-gvm-ins-js-njs-polynative-pro-pyn-rby-rgx-slg-stage1-svm-tfl-vvm-1.0.0-rc6-dev/jre/
Launcher Type: SUN_STANDARD

Environment Variables:
JAVA_HOME=/home/graal/graal-jvmci-8/openjdk1.8.0-internal/linux-amd64/product
PATH=/home/graal/mx:/opt/java/openjdk/jdk8u144-b01/bin:/usr/lib/llvm-6.0/bin:/usr/local/rvm/rubies/ruby-2.2.2/bin:/opt/java/openjdk/jdk8u144-b01/bin:/usr/local/sbin:/usr/local/bin:/usr/sbin:/usr/bin:/sbin:/bin
LD_LIBRARY_PATH=:/usr/lib/x86_64-linux-gnu/

Signal Handlers:
SIGSEGV: [libjvm.so+0xad5c20], sa_mask[0]=11111111011111111101111111111110, sa_flags=SA_RESTART|SA_SIGINFO
SIGBUS: [libjvm.so+0xad5c20], sa_mask[0]=11111111011111111101111111111110, sa_flags=SA_RESTART|SA_SIGINFO
SIGFPE: [libjvm.so+0x91a060], sa_mask[0]=11111111011111111101111111111110, sa_flags=SA_RESTART|SA_SIGINFO
SIGPIPE: [libjvm.so+0x91a060], sa_mask[0]=11111111011111111101111111111110, sa_flags=SA_RESTART|SA_SIGINFO
SIGXFSZ: [libjvm.so+0x91a060], sa_mask[0]=11111111011111111101111111111110, sa_flags=SA_RESTART|SA_SIGINFO
SIGILL: [libjvm.so+0x91a060], sa_mask[0]=11111111011111111101111111111110, sa_flags=SA_RESTART|SA_SIGINFO
SIGUSR1: SIG_DFL, sa_mask[0]=00000000000000000000000000000000, sa_flags=none
SIGUSR2: [libjvm.so+0x919f10], sa_mask[0]=00100000000000000000000000000000, sa_flags=SA_RESTART|SA_SIGINFO
SIGHUP: [libjvm.so+0x91a3e0], sa_mask[0]=11111111011111111101111111111110, sa_flags=SA_RESTART|SA_SIGINFO
SIGINT: [libjvm.so+0x91a3e0], sa_mask[0]=11111111011111111101111111111110, sa_flags=SA_RESTART|SA_SIGINFO
SIGTERM: [libjvm.so+0x91a3e0], sa_mask[0]=11111111011111111101111111111110, sa_flags=SA_RESTART|SA_SIGINFO
SIGQUIT: [libjvm.so+0x91a3e0], sa_mask[0]=11111111011111111101111111111110, sa_flags=SA_RESTART|SA_SIGINFO


---------------  S Y S T E M  ---------------

OS:DISTRIB_ID=Ubuntu
DISTRIB_RELEASE=16.04
DISTRIB_CODENAME=xenial
DISTRIB_DESCRIPTION="Ubuntu 16.04.3 LTS"

uname:Linux 4.15.0-22-generic #24-Ubuntu SMP Wed May 16 12:15:17 UTC 2018 x86_64
libc:glibc 2.23 NPTL 2.23 
rlimit: STACK 8192k, CORE infinity, NPROC infinity, NOFILE 1048576, AS infinity
load average:15.75 7.46 4.53

/proc/meminfo:
MemTotal:       15872000 kB
MemFree:          276732 kB
MemAvailable:     295356 kB
Buffers:            2924 kB
Cached:          1029176 kB
SwapCached:        20360 kB
Active:         12854896 kB
Inactive:        1865224 kB
Active(anon):   12834512 kB
Inactive(anon):  1688040 kB
Active(file):      20384 kB
Inactive(file):   177184 kB
Unevictable:         580 kB
Mlocked:             580 kB
SwapTotal:       3999228 kB
SwapFree:            376 kB
Dirty:                 0 kB
Writeback:             0 kB
AnonPages:      13668912 kB
Mapped:           991556 kB
Shmem:            835368 kB
Slab:             437028 kB
SReclaimable:     157756 kB
SUnreclaim:       279272 kB
KernelStack:       38448 kB
PageTables:       196544 kB
NFS_Unstable:          0 kB
Bounce:                0 kB
WritebackTmp:          0 kB
CommitLimit:    11935228 kB
Committed_AS:   43330268 kB
VmallocTotal:   34359738367 kB
VmallocUsed:           0 kB
VmallocChunk:          0 kB
HardwareCorrupted:     0 kB
AnonHugePages:      2048 kB
ShmemHugePages:        0 kB
ShmemPmdMapped:        0 kB
CmaTotal:              0 kB
CmaFree:               0 kB
HugePages_Total:       0
HugePages_Free:        0
HugePages_Rsvd:        0
HugePages_Surp:        0
Hugepagesize:       2048 kB
DirectMap4k:     1175172 kB
DirectMap2M:    15042560 kB
DirectMap1G:           0 kB


CPU:total 8 (initial active 8) (4 cores per cpu, 2 threads per core) family 6 model 158 stepping 9, cmov, cx8, fxsr, mmx, sse, sse2, sse3, ssse3, sse4.1, sse4.2, popcnt, avx, avx2, aes, clmul, erms, 3dnowpref, lzcnt, ht, tsc, tscinvbit, bmi1, bmi2, adx

/proc/cpuinfo:
processor	: 0
vendor_id	: GenuineIntel
cpu family	: 6
model		: 158
model name	: Intel(R) Core(TM) i7-7700HQ CPU @ 2.80GHz
stepping	: 9
microcode	: 0x84
cpu MHz		: 3400.001
cache size	: 6144 KB
physical id	: 0
siblings	: 8
core id		: 0
cpu cores	: 4
apicid		: 0
initial apicid	: 0
fpu		: yes
fpu_exception	: yes
cpuid level	: 22
wp		: yes
flags		: fpu vme de pse tsc msr pae mce cx8 apic sep mtrr pge mca cmov pat pse36 clflush dts acpi mmx fxsr sse sse2 ss ht tm pbe syscall nx pdpe1gb rdtscp lm constant_tsc art arch_perfmon pebs bts rep_good nopl xtopology nonstop_tsc cpuid aperfmperf tsc_known_freq pni pclmulqdq dtes64 monitor ds_cpl vmx est tm2 ssse3 sdbg fma cx16 xtpr pdcm pcid sse4_1 sse4_2 x2apic movbe popcnt tsc_deadline_timer aes xsave avx f16c rdrand lahf_lm abm 3dnowprefetch cpuid_fault epb invpcid_single pti tpr_shadow vnmi flexpriority ept vpid fsgsbase tsc_adjust bmi1 avx2 smep bmi2 erms invpcid mpx rdseed adx smap clflushopt intel_pt xsaveopt xsavec xgetbv1 xsaves ibpb ibrs stibp dtherm ida arat pln pts hwp hwp_notify hwp_act_window hwp_epp
bugs		: cpu_meltdown spectre_v1 spectre_v2 spec_store_bypass
bogomips	: 5616.00
clflush size	: 64
cache_alignment	: 64
address sizes	: 39 bits physical, 48 bits virtual
power management:

processor	: 1
vendor_id	: GenuineIntel
cpu family	: 6
model		: 158
model name	: Intel(R) Core(TM) i7-7700HQ CPU @ 2.80GHz
stepping	: 9
microcode	: 0x84
cpu MHz		: 3399.997
cache size	: 6144 KB
physical id	: 0
siblings	: 8
core id		: 1
cpu cores	: 8
apicid		: 2
initial apicid	: 2
fpu		: yes
fpu_exception	: yes
cpuid level	: 22
wp		: yes
flags		: fpu vme de pse tsc msr pae mce cx8 apic sep mtrr pge mca cmov pat pse36 clflush dts acpi mmx fxsr sse sse2 ss ht tm pbe syscall nx pdpe1gb rdtscp lm constant_tsc art arch_perfmon pebs bts rep_good nopl xtopology nonstop_tsc cpuid aperfmperf tsc_known_freq pni pclmulqdq dtes64 monitor ds_cpl vmx est tm2 ssse3 sdbg fma cx16 xtpr pdcm pcid sse4_1 sse4_2 x2apic movbe popcnt tsc_deadline_timer aes xsave avx f16c rdrand lahf_lm abm 3dnowprefetch cpuid_fault epb invpcid_single pti tpr_shadow vnmi flexpriority ept vpid fsgsbase tsc_adjust bmi1 avx2 smep bmi2 erms invpcid mpx rdseed adx smap clflushopt intel_pt xsaveopt xsavec xgetbv1 xsaves ibpb ibrs stibp dtherm ida arat pln pts hwp hwp_notify hwp_act_window hwp_epp
bugs		: cpu_meltdown spectre_v1 spectre_v2 spec_store_bypass
bogomips	: 5616.00
clflush size	: 64
cache_alignment	: 64
address sizes	: 39 bits physical, 48 bits virtual
power management:

processor	: 2
vendor_id	: GenuineIntel
cpu family	: 6
model		: 158
model name	: Intel(R) Core(TM) i7-7700HQ CPU @ 2.80GHz
stepping	: 9
microcode	: 0x84
cpu MHz		: 3400.000
cache size	: 6144 KB
physical id	: 0
siblings	: 8
core id		: 2
cpu cores	: 8
apicid		: 4
initial apicid	: 4
fpu		: yes
fpu_exception	: yes
cpuid level	: 22
wp		: yes
flags		: fpu vme de pse tsc msr pae mce cx8 apic sep mtrr pge mca cmov pat pse36 clflush dts acpi mmx fxsr sse sse2 ss ht tm pbe syscall nx pdpe1gb rdtscp lm constant_tsc art arch_perfmon pebs bts rep_good nopl xtopology nonstop_tsc cpuid aperfmperf tsc_known_freq pni pclmulqdq dtes64 monitor ds_cpl vmx est tm2 ssse3 sdbg fma cx16 xtpr pdcm pcid sse4_1 sse4_2 x2apic movbe popcnt tsc_deadline_timer aes xsave avx f16c rdrand lahf_lm abm 3dnowprefetch cpuid_fault epb invpcid_single pti tpr_shadow vnmi flexpriority ept vpid fsgsbase tsc_adjust bmi1 avx2 smep bmi2 erms invpcid mpx rdseed adx smap clflushopt intel_pt xsaveopt xsavec xgetbv1 xsaves ibpb ibrs stibp dtherm ida arat pln pts hwp hwp_notify hwp_act_window hwp_epp
bugs		: cpu_meltdown spectre_v1 spectre_v2 spec_store_bypass
bogomips	: 5616.00
clflush size	: 64
cache_alignment	: 64
address sizes	: 39 bits physical, 48 bits virtual
power management:

processor	: 3
vendor_id	: GenuineIntel
cpu family	: 6
model		: 158
model name	: Intel(R) Core(TM) i7-7700HQ CPU @ 2.80GHz
stepping	: 9
microcode	: 0x84
cpu MHz		: 3399.997
cache size	: 6144 KB
physical id	: 0
siblings	: 8
core id		: 3
cpu cores	: 8
apicid		: 6
initial apicid	: 6
fpu		: yes
fpu_exception	: yes
cpuid level	: 22
wp		: yes
flags		: fpu vme de pse tsc msr pae mce cx8 apic sep mtrr pge mca cmov pat pse36 clflush dts acpi mmx fxsr sse sse2 ss ht tm pbe syscall nx pdpe1gb rdtscp lm constant_tsc art arch_perfmon pebs bts rep_good nopl xtopology nonstop_tsc cpuid aperfmperf tsc_known_freq pni pclmulqdq dtes64 monitor ds_cpl vmx est tm2 ssse3 sdbg fma cx16 xtpr pdcm pcid sse4_1 sse4_2 x2apic movbe popcnt tsc_deadline_timer aes xsave avx f16c rdrand lahf_lm abm 3dnowprefetch cpuid_fault epb invpcid_single pti tpr_shadow vnmi flexpriority ept vpid fsgsbase tsc_adjust bmi1 avx2 smep bmi2 erms invpcid mpx rdseed adx smap clflushopt intel_pt xsaveopt xsavec xgetbv1 xsaves ibpb ibrs stibp dtherm ida arat pln pts hwp hwp_notify hwp_act_window hwp_epp
bugs		: cpu_meltdown spectre_v1 spectre_v2 spec_store_bypass
bogomips	: 5616.00
clflush size	: 64
cache_alignment	: 64
address sizes	: 39 bits physical, 48 bits virtual
power management:

processor	: 4
vendor_id	: GenuineIntel
cpu family	: 6
model		: 158
model name	: Intel(R) Core(TM) i7-7700HQ CPU @ 2.80GHz
stepping	: 9
microcode	: 0x84
cpu MHz		: 3399.994
cache size	: 6144 KB
physical id	: 0
siblings	: 8
core id		: 0
cpu cores	: 4
apicid		: 1
initial apicid	: 1
fpu		: yes
fpu_exception	: yes
cpuid level	: 22
wp		: yes
flags		: fpu vme de pse tsc msr pae mce cx8 apic sep mtrr pge mca cmov pat pse36 clflush dts acpi mmx fxsr sse sse2 ss ht tm pbe syscall nx pdpe1gb rdtscp lm constant_tsc art arch_perfmon pebs bts rep_good nopl xtopology nonstop_tsc cpuid aperfmperf tsc_known_freq pni pclmulqdq dtes64 monitor ds_cpl vmx est tm2 ssse3 sdbg fma cx16 xtpr pdcm pcid sse4_1 sse4_2 x2apic movbe popcnt tsc_deadline_timer aes xsave avx f16c rdrand lahf_lm abm 3dnowprefetch cpuid_fault epb invpcid_single pti tpr_shadow vnmi flexpriority ept vpid fsgsbase tsc_adjust bmi1 avx2 smep bmi2 erms invpcid mpx rdseed adx smap clflushopt intel_pt xsaveopt xsavec xgetbv1 xsaves ibpb ibrs stibp dtherm ida arat pln pts hwp hwp_notify hwp_act_window hwp_epp
bugs		: cpu_meltdown spectre_v1 spectre_v2 spec_store_bypass
bogomips	: 5616.00
clflush size	: 64
cache_alignment	: 64
address sizes	: 39 bits physical, 48 bits virtual
power management:

processor	: 5
vendor_id	: GenuineIntel
cpu family	: 6
model		: 158
model name	: Intel(R) Core(TM) i7-7700HQ CPU @ 2.80GHz
stepping	: 9
microcode	: 0x84
cpu MHz		: 3400.000
cache size	: 6144 KB
physical id	: 0
siblings	: 8
core id		: 1
cpu cores	: 3
apicid		: 3
initial apicid	: 3
fpu		: yes
fpu_exception	: yes
cpuid level	: 22
wp		: yes
flags		: fpu vme de pse tsc msr pae mce cx8 apic sep mtrr pge mca cmov pat pse36 clflush dts acpi mmx fxsr sse sse2 ss ht tm pbe syscall nx pdpe1gb rdtscp lm constant_tsc art arch_perfmon pebs bts rep_good nopl xtopology nonstop_tsc cpuid aperfmperf tsc_known_freq pni pclmulqdq dtes64 monitor ds_cpl vmx est tm2 ssse3 sdbg fma cx16 xtpr pdcm pcid sse4_1 sse4_2 x2apic movbe popcnt tsc_deadline_timer aes xsave avx f16c rdrand lahf_lm abm 3dnowprefetch cpuid_fault epb invpcid_single pti tpr_shadow vnmi flexpriority ept vpid fsgsbase tsc_adjust bmi1 avx2 smep bmi2 erms invpcid mpx rdseed adx smap clflushopt intel_pt xsaveopt xsavec xgetbv1 xsaves ibpb ibrs stibp dtherm ida arat pln pts hwp hwp_notify hwp_act_window hwp_epp
bugs		: cpu_meltdown spectre_v1 spectre_v2 spec_store_bypass
bogomips	: 5616.00
clflush size	: 64
cache_alignment	: 64
address sizes	: 39 bits physical, 48 bits virtual
power management:

processor	: 6
vendor_id	: GenuineIntel
cpu family	: 6
model		: 158
model name	: Intel(R) Core(TM) i7-7700HQ CPU @ 2.80GHz
stepping	: 9
microcode	: 0x84
cpu MHz		: 3399.998
cache size	: 6144 KB
physical id	: 0
siblings	: 8
core id		: 2
cpu cores	: 2
apicid		: 5
initial apicid	: 5
fpu		: yes
fpu_exception	: yes
cpuid level	: 22
wp		: yes
flags		: fpu vme de pse tsc msr pae mce cx8 apic sep mtrr pge mca cmov pat pse36 clflush dts acpi mmx fxsr sse sse2 ss ht tm pbe syscall nx pdpe1gb rdtscp lm constant_tsc art arch_perfmon pebs bts rep_good nopl xtopology nonstop_tsc cpuid aperfmperf tsc_known_freq pni pclmulqdq dtes64 monitor ds_cpl vmx est tm2 ssse3 sdbg fma cx16 xtpr pdcm pcid sse4_1 sse4_2 x2apic movbe popcnt tsc_deadline_timer aes xsave avx f16c rdrand lahf_lm abm 3dnowprefetch cpuid_fault epb invpcid_single pti tpr_shadow vnmi flexpriority ept vpid fsgsbase tsc_adjust bmi1 avx2 smep bmi2 erms invpcid mpx rdseed adx smap clflushopt intel_pt xsaveopt xsavec xgetbv1 xsaves ibpb ibrs stibp dtherm ida arat pln pts hwp hwp_notify hwp_act_window hwp_epp
bugs		: cpu_meltdown spectre_v1 spectre_v2 spec_store_bypass
bogomips	: 5616.00
clflush size	: 64
cache_alignment	: 64
address sizes	: 39 bits physical, 48 bits virtual
power management:

processor	: 7
vendor_id	: GenuineIntel
cpu family	: 6
model		: 158
model name	: Intel(R) Core(TM) i7-7700HQ CPU @ 2.80GHz
stepping	: 9
microcode	: 0x84
cpu MHz		: 3400.000
cache size	: 6144 KB
physical id	: 0
siblings	: 8
core id		: 3
cpu cores	: 1
apicid		: 7
initial apicid	: 7
fpu		: yes
fpu_exception	: yes
cpuid level	: 22
wp		: yes
flags		: fpu vme de pse tsc msr pae mce cx8 apic sep mtrr pge mca cmov pat pse36 clflush dts acpi mmx fxsr sse sse2 ss ht tm pbe syscall nx pdpe1gb rdtscp lm constant_tsc art arch_perfmon pebs bts rep_good nopl xtopology nonstop_tsc cpuid aperfmperf tsc_known_freq pni pclmulqdq dtes64 monitor ds_cpl vmx est tm2 ssse3 sdbg fma cx16 xtpr pdcm pcid sse4_1 sse4_2 x2apic movbe popcnt tsc_deadline_timer aes xsave avx f16c rdrand lahf_lm abm 3dnowprefetch cpuid_fault epb invpcid_single pti tpr_shadow vnmi flexpriority ept vpid fsgsbase tsc_adjust bmi1 avx2 smep bmi2 erms invpcid mpx rdseed adx smap clflushopt intel_pt xsaveopt xsavec xgetbv1 xsaves ibpb ibrs stibp dtherm ida arat pln pts hwp hwp_notify hwp_act_window hwp_epp
bugs		: cpu_meltdown spectre_v1 spectre_v2 spec_store_bypass
bogomips	: 5616.00
clflush size	: 64
cache_alignment	: 64
address sizes	: 39 bits physical, 48 bits virtual
power management:



Memory: 4k page, physical 15872000k(276176k free), swap 3999228k(376k free)

vm_info: GraalVM 1.0.0-rc6-dev (25.71-b01-internal-jvmci-unknown-bab188593314-2018-07-25_22-10-09_UTC) for linux-amd64 JRE (1.8.0), built on Aug  2 2018 17:28:46 by "graal" with gcc 5.4.0 20160609

time: Thu Aug  2 17:31:29 2018
elapsed time: 60 seconds (0d 0h 1m 0s)

