#
# There is insufficient memory for the Java Runtime Environment to continue.
# Native memory allocation (mmap) failed to map 2625634304 bytes for committing reserved memory.
# Possible reasons:
#   The system is out of physical RAM or swap space
#   In 32 bit mode, the process size limit was hit
# Possible solutions:
#   Reduce memory load on the system
#   Increase physical memory or swap space
#   Check if swap backing store is full
#   Use 64 bit Java on a 64 bit OS
#   Decrease Java heap size (-Xmx/-Xms)
#   Decrease number of Java threads
#   Decrease Java thread stack sizes (-Xss)
#   Set larger code cache with -XX:ReservedCodeCacheSize=
# This output file may be truncated or incomplete.
#
#  Out of Memory Error (os_linux.cpp:2640), pid=26784, tid=0x00007f11ee3d5700
#
# JRE version: OpenJDK Runtime Environment (8.0) (build 1.8.0-internal-jenkins_2017_07_27_20_16-b00)
# Java VM: GraalVM 1.0.0-rc3-dev (25.71-b01-internal-jvmci-unknown-45af0f62d4cd-2018-06-20_20-30-28_UTC mixed mode linux-amd64 compressed oops)
# Core dump written. Default location: /home/graal/graal/vm/core or core.26784
#

---------------  T H R E A D  ---------------

Current thread (0x00007f120c090000):  VMThread [stack: 0x00007f11ee2d5000,0x00007f11ee3d6000] [id=26795]

Stack: [0x00007f11ee2d5000,0x00007f11ee3d6000],  sp=0x00007f11ee3d4480,  free space=1021k
Native frames: (J=compiled Java code, j=interpreted, Vv=VM code, C=native code)
V  [libjvm.so+0xad1a0b]  VMError::report_and_die()+0x15b
V  [libjvm.so+0x4d2c5c]  report_vm_out_of_memory(char const*, int, unsigned long, VMErrorType, char const*)+0xac
V  [libjvm.so+0x91b5d8]  os::pd_commit_memory(char*, unsigned long, unsigned long, bool)+0xd8
V  [libjvm.so+0x91598e]  os::commit_memory(char*, unsigned long, unsigned long, bool)+0x2e
V  [libjvm.so+0x990fa6]  PSVirtualSpace::expand_by(unsigned long)+0x56
V  [libjvm.so+0x98063a]  PSOldGen::expand_by(unsigned long) [clone .part.28] [clone .constprop.32]+0x2a
V  [libjvm.so+0x980843]  PSOldGen::expand(unsigned long) [clone .part.29] [clone .constprop.31]+0xe3
V  [libjvm.so+0x9811a8]  PSOldGen::resize(unsigned long)+0xf8
V  [libjvm.so+0x98746e]  PSParallelCompact::invoke_no_policy(bool) [clone .part.117]+0xa3e
V  [libjvm.so+0x98ee0d]  PSScavenge::invoke()+0x20d
V  [libjvm.so+0x9402f3]  ParallelScavengeHeap::failed_mem_allocate(unsigned long)+0x63
V  [libjvm.so+0xad3652]  VM_ParallelGCFailedAllocation::doit()+0x92
V  [libjvm.so+0xad87a7]  VM_Operation::evaluate()+0x47
V  [libjvm.so+0xad5f1c]  VMThread::evaluate_operation(VM_Operation*) [clone .constprop.31]+0xac
V  [libjvm.so+0xad72ff]  VMThread::loop()+0x24f
V  [libjvm.so+0xad77f1]  VMThread::run()+0x81
V  [libjvm.so+0x918a02]  java_start(Thread*)+0xf2

VM_Operation (0x00007f11e4e8ae10): ParallelGCFailedAllocation, mode: safepoint, requested by thread 0x00007f120c5af800


---------------  P R O C E S S  ---------------

Java Threads: ( => current thread )
  0x00007f114c10e800 JavaThread "ForkJoinPool-3-worker-1" daemon [_thread_blocked, id=26872, stack(0x00007f11cf5ff000,0x00007f11d0000000)]
  0x00007f115806c800 JavaThread "ForkJoinPool-3-worker-7" daemon [_thread_blocked, id=26871, stack(0x00007f11cebfe000,0x00007f11cf5ff000)]
  0x00007f111402a800 JavaThread "ForkJoinPool-3-worker-3" daemon [_thread_blocked, id=26869, stack(0x00007f113d9c5000,0x00007f113e3c6000)]
  0x00007f1168230000 JavaThread "ForkJoinPool-3-worker-0" daemon [_thread_blocked, id=26866, stack(0x00007f112a1fd000,0x00007f112abfe000)]
  0x00007f116822c000 JavaThread "ForkJoinPool-3-worker-6" daemon [_thread_blocked, id=26864, stack(0x00007f112b5ff000,0x00007f112c000000)]
  0x00007f1158049800 JavaThread "ForkJoinPool-3-worker-5" daemon [_thread_blocked, id=26863, stack(0x00007f113c5c3000,0x00007f113cfc4000)]
  0x00007f116822a000 JavaThread "ForkJoinPool-3-worker-4" daemon [_thread_blocked, id=26862, stack(0x00007f113cfc4000,0x00007f113d9c5000)]
  0x00007f1168229000 JavaThread "ForkJoinPool-3-worker-2" daemon [_thread_blocked, id=26860, stack(0x00007f11d61fd000,0x00007f11d6bfe000)]
  0x00007f120c5af800 JavaThread "ForkJoinPool-4-worker-1" daemon [_thread_blocked, id=26821, stack(0x00007f11e448c000,0x00007f11e4e8d000)]
  0x00007f116806a000 JavaThread "ForkJoinPool-1-worker-0" daemon [_thread_blocked, id=26820, stack(0x00007f11ccdfb000,0x00007f11cd7fc000)]
  0x00007f1194022800 JavaThread "HotSpotGraalManagement Bean Registration" daemon [_thread_blocked, id=26805, stack(0x00007f11e6aba000,0x00007f11e74bb000)]
  0x00007f120c0eb800 JavaThread "Service Thread" daemon [_thread_blocked, id=26803, stack(0x00007f11e75ff000,0x00007f11e8000000)]
  0x00007f120c0d6800 JavaThread "C1 CompilerThread3" daemon [_thread_blocked, id=26802, stack(0x00007f11ec0ce000,0x00007f11ec1cf000)]
  0x00007f120c0d4000 JavaThread "JVMCI CompilerThread2" daemon [_thread_blocked, id=26801, stack(0x00007f11ec1cf000,0x00007f11ec2d0000)]
  0x00007f120c0d2800 JavaThread "JVMCI CompilerThread1" daemon [_thread_blocked, id=26800, stack(0x00007f11ec2d0000,0x00007f11ec3d1000)]
  0x00007f120c0cf800 JavaThread "JVMCI CompilerThread0" daemon [_thread_blocked, id=26799, stack(0x00007f11ec3d1000,0x00007f11ec4d2000)]
  0x00007f120c0cb800 JavaThread "Signal Dispatcher" daemon [_thread_blocked, id=26798, stack(0x00007f11ec4d2000,0x00007f11eced3000)]
  0x00007f120c09e000 JavaThread "Finalizer" daemon [_thread_blocked, id=26797, stack(0x00007f11eced3000,0x00007f11ed8d4000)]
  0x00007f120c099800 JavaThread "Reference Handler" daemon [_thread_blocked, id=26796, stack(0x00007f11ed8d4000,0x00007f11ee2d5000)]
  0x00007f120c017800 JavaThread "main" [_thread_blocked, id=26786, stack(0x00007f12128a4000,0x00007f12132a5000)]

Other Threads:
=>0x00007f120c090000 VMThread [stack: 0x00007f11ee2d5000,0x00007f11ee3d6000] [id=26795]
  0x00007f120c114000 WatcherThread [stack: 0x00007f11e74fe000,0x00007f11e75ff000] [id=26804]

VM state:at safepoint (normal execution)

VM Mutex/Monitor currently owned by a thread:  ([mutex/lock_event])
[0x00007f120c003540] ExpandHeap_lock - owner thread: 0x00007f120c090000
[0x00007f120c00cdc0] Threads_lock - owner thread: 0x00007f120c090000
[0x00007f120c00d2c0] Heap_lock - owner thread: 0x00007f120c5af800

Heap:
 PSYoungGen      total 2821632K, used 0K [0x00000006bdb00000, 0x00000007c0000000, 0x00000007c0000000)
  eden space 1411072K, 0% used [0x00000006bdb00000,0x00000006bdb00000,0x0000000713d00000)
  from space 1410560K, 0% used [0x0000000769e80000,0x0000000769e80000,0x00000007c0000000)
  to   space 1410560K, 0% used [0x0000000713d00000,0x0000000713d00000,0x0000000769e80000)
 ParOldGen       total 5415936K, used 4410251K [0x00000004b9000000, 0x0000000603900000, 0x00000006bdb00000)
  object space 5415936K, 81% used [0x00000004b9000000,0x00000005c62e2dc0,0x0000000603900000)
 Metaspace       used 153041K, capacity 157124K, committed 157312K, reserved 1181696K
  class space    used 24926K, capacity 25900K, committed 25984K, reserved 1048576K

Card table byte_map: [0x00007f11f67c7000,0x00007f11f8000000] byte_map_base: 0x00007f11f41ff000

Marking Bits: (ParMarkBitMap*) 0x00007f1214562b40
 Begin Bits: [0x00007f11a7c80000, 0x00007f11b3e40000)
 End Bits:   [0x00007f11b3e40000, 0x00007f11c0000000)

Polling page: 0x00007f12151a6000

CodeCache: size=327680Kb used=48287Kb max_used=51733Kb free=279392Kb
 bounds [0x00007f11f8000000, 0x00007f11fb420000, 0x00007f120c000000]
 total_blobs=15550 nmethods=14520 adapters=942
 compilation: enabled

Compilation events (10 events):
Event: 76.060 Thread 0x00007f120c0d6800 21378       3       org.graalvm.compiler.nodes.util.GraphUtil::arrayLength (123 bytes)
Event: 76.061 Thread 0x00007f120c0d6800 nmethod 21378 0x00007f11f940dd10 code [0x00007f11f940e000, 0x00007f11f94111b8]
Event: 76.561 Thread 0x00007f120c0d6800 21379       3       com.oracle.graal.pointsto.meta.AnalysisUniverse::lookupAllowUnresolved (107 bytes)
Event: 76.561 Thread 0x00007f120c0d6800 nmethod 21379 0x00007f11fb256b10 code [0x00007f11fb256d00, 0x00007f11fb257e08]
Event: 76.561 Thread 0x00007f120c0d6800 21380       3       java.util.concurrent.ConcurrentHashMap$ForwardingNode::find (129 bytes)
Event: 76.562 Thread 0x00007f120c0d6800 nmethod 21380 0x00007f11f9813390 code [0x00007f11f9813580, 0x00007f11f9814678]
Event: 76.566 Thread 0x00007f120c0cf800 21381       4       com.oracle.graal.pointsto.meta.AnalysisUniverse::lookupAllowUnresolved (107 bytes)
Event: 76.588 Thread 0x00007f120c0cf800 nmethod 21381 0x00007f11f9812950 code [0x00007f11f9812ae0, 0x00007f11f9813010]
Event: 76.866 Thread 0x00007f120c0d2800 21382       4       java.util.stream.AbstractPipeline::<init> (91 bytes)
Event: 76.867 Thread 0x00007f120c0d2800 nmethod 21382 0x00007f11f8f9f2d0 code [0x00007f11f8f9f460, 0x00007f11f8f9f5d8]

GC Heap History (10 events):
Event: 69.788 GC heap after
Heap after GC invocations=45 (full 5):
 PSYoungGen      total 2821632K, used 1111505K [0x00000006bdb00000, 0x00000007c0000000, 0x00000007c0000000)
  eden space 1411072K, 0% used [0x00000006bdb00000,0x00000006bdb00000,0x0000000713d00000)
  from space 1410560K, 78% used [0x0000000769e80000,0x00000007adbf4770,0x00000007c0000000)
  to   space 1410560K, 0% used [0x0000000713d00000,0x0000000713d00000,0x0000000769e80000)
 ParOldGen       total 5415936K, used 3336923K [0x00000004b9000000, 0x0000000603900000, 0x00000006bdb00000)
  object space 5415936K, 61% used [0x00000004b9000000,0x0000000584ab6f08,0x0000000603900000)
 Metaspace       used 152689K, capacity 156694K, committed 156928K, reserved 1179648K
  class space    used 24825K, capacity 25739K, committed 25856K, reserved 1048576K
}
Event: 70.928 GC heap before
{Heap before GC invocations=46 (full 5):
 PSYoungGen      total 2821632K, used 2522577K [0x00000006bdb00000, 0x00000007c0000000, 0x00000007c0000000)
  eden space 1411072K, 100% used [0x00000006bdb00000,0x0000000713d00000,0x0000000713d00000)
  from space 1410560K, 78% used [0x0000000769e80000,0x00000007adbf4770,0x00000007c0000000)
  to   space 1410560K, 0% used [0x0000000713d00000,0x0000000713d00000,0x0000000769e80000)
 ParOldGen       total 5415936K, used 3336923K [0x00000004b9000000, 0x0000000603900000, 0x00000006bdb00000)
  object space 5415936K, 61% used [0x00000004b9000000,0x0000000584ab6f08,0x0000000603900000)
 Metaspace       used 152883K, capacity 156956K, committed 157184K, reserved 1181696K
  class space    used 24878K, capacity 25828K, committed 25856K, reserved 1048576K
Event: 71.295 GC heap after
Heap after GC invocations=46 (full 5):
 PSYoungGen      total 2821632K, used 1140704K [0x00000006bdb00000, 0x00000007c0000000, 0x00000007c0000000)
  eden space 1411072K, 0% used [0x00000006bdb00000,0x00000006bdb00000,0x0000000713d00000)
  from space 1410560K, 80% used [0x0000000713d00000,0x00000007596f8018,0x0000000769e80000)
  to   space 1410560K, 0% used [0x0000000769e80000,0x0000000769e80000,0x00000007c0000000)
 ParOldGen       total 5415936K, used 3560657K [0x00000004b9000000, 0x0000000603900000, 0x00000006bdb00000)
  object space 5415936K, 65% used [0x00000004b9000000,0x0000000592534588,0x0000000603900000)
 Metaspace       used 152883K, capacity 156956K, committed 157184K, reserved 1181696K
  class space    used 24878K, capacity 25828K, committed 25856K, reserved 1048576K
}
Event: 73.591 GC heap before
{Heap before GC invocations=47 (full 5):
 PSYoungGen      total 2821632K, used 2551776K [0x00000006bdb00000, 0x00000007c0000000, 0x00000007c0000000)
  eden space 1411072K, 100% used [0x00000006bdb00000,0x0000000713d00000,0x0000000713d00000)
  from space 1410560K, 80% used [0x0000000713d00000,0x00000007596f8018,0x0000000769e80000)
  to   space 1410560K, 0% used [0x0000000769e80000,0x0000000769e80000,0x00000007c0000000)
 ParOldGen       total 5415936K, used 3560657K [0x00000004b9000000, 0x0000000603900000, 0x00000006bdb00000)
  object space 5415936K, 65% used [0x00000004b9000000,0x0000000592534588,0x0000000603900000)
 Metaspace       used 152990K, capacity 157102K, committed 157312K, reserved 1181696K
  class space    used 24918K, capacity 25895K, committed 25984K, reserved 1048576K
Event: 73.903 GC heap after
Heap after GC invocations=47 (full 5):
 PSYoungGen      total 2821632K, used 1063689K [0x00000006bdb00000, 0x00000007c0000000, 0x00000007c0000000)
  eden space 1411072K, 0% used [0x00000006bdb00000,0x00000006bdb00000,0x0000000713d00000)
  from space 1410560K, 75% used [0x0000000769e80000,0x00000007aad42480,0x00000007c0000000)
  to   space 1410560K, 0% used [0x0000000713d00000,0x0000000713d00000,0x0000000769e80000)
 ParOldGen       total 5415936K, used 3792260K [0x00000004b9000000, 0x0000000603900000, 0x00000006bdb00000)
  object space 5415936K, 70% used [0x00000004b9000000,0x00000005a07610b8,0x0000000603900000)
 Metaspace       used 152990K, capacity 157102K, committed 157312K, reserved 1181696K
  class space    used 24918K, capacity 25895K, committed 25984K, reserved 1048576K
}
Event: 75.488 GC heap before
{Heap before GC invocations=48 (full 5):
 PSYoungGen      total 2821632K, used 2474761K [0x00000006bdb00000, 0x00000007c0000000, 0x00000007c0000000)
  eden space 1411072K, 100% used [0x00000006bdb00000,0x0000000713d00000,0x0000000713d00000)
  from space 1410560K, 75% used [0x0000000769e80000,0x00000007aad42480,0x00000007c0000000)
  to   space 1410560K, 0% used [0x0000000713d00000,0x0000000713d00000,0x0000000769e80000)
 ParOldGen       total 5415936K, used 3792260K [0x00000004b9000000, 0x0000000603900000, 0x00000006bdb00000)
  object space 5415936K, 70% used [0x00000004b9000000,0x00000005a07610b8,0x0000000603900000)
 Metaspace       used 153031K, capacity 157104K, committed 157312K, reserved 1181696K
  class space    used 24923K, capacity 25896K, committed 25984K, reserved 1048576K
Event: 75.938 GC heap after
Heap after GC invocations=48 (full 5):
 PSYoungGen      total 2821632K, used 577810K [0x00000006bdb00000, 0x00000007c0000000, 0x00000007c0000000)
  eden space 1411072K, 0% used [0x00000006bdb00000,0x00000006bdb00000,0x0000000713d00000)
  from space 1410560K, 40% used [0x0000000713d00000,0x0000000737144900,0x0000000769e80000)
  to   space 1410560K, 0% used [0x0000000769e80000,0x0000000769e80000,0x00000007c0000000)
 ParOldGen       total 5415936K, used 4411733K [0x00000004b9000000, 0x0000000603900000, 0x00000006bdb00000)
  object space 5415936K, 81% used [0x00000004b9000000,0x00000005c64556a8,0x0000000603900000)
 Metaspace       used 153031K, capacity 157104K, committed 157312K, reserved 1181696K
  class space    used 24923K, capacity 25896K, committed 25984K, reserved 1048576K
}
Event: 78.518 GC heap before
{Heap before GC invocations=49 (full 5):
 PSYoungGen      total 2821632K, used 1966030K [0x00000006bdb00000, 0x00000007c0000000, 0x00000007c0000000)
  eden space 1411072K, 98% used [0x00000006bdb00000,0x00000007126af198,0x0000000713d00000)
  from space 1410560K, 40% used [0x0000000713d00000,0x0000000737144900,0x0000000769e80000)
  to   space 1410560K, 0% used [0x0000000769e80000,0x0000000769e80000,0x00000007c0000000)
 ParOldGen       total 5415936K, used 4411733K [0x00000004b9000000, 0x0000000603900000, 0x00000006bdb00000)
  object space 5415936K, 81% used [0x00000004b9000000,0x00000005c64556a8,0x0000000603900000)
 Metaspace       used 153041K, capacity 157124K, committed 157312K, reserved 1181696K
  class space    used 24926K, capacity 25900K, committed 25984K, reserved 1048576K
Event: 80.960 GC heap after
Heap after GC invocations=49 (full 5):
 PSYoungGen      total 2821632K, used 588872K [0x00000006bdb00000, 0x00000007c0000000, 0x00000007c0000000)
  eden space 1411072K, 0% used [0x00000006bdb00000,0x00000006bdb00000,0x0000000713d00000)
  from space 1410560K, 41% used [0x0000000769e80000,0x000000078dd921f0,0x00000007c0000000)
  to   space 1410560K, 0% used [0x0000000713d00000,0x0000000713d00000,0x0000000769e80000)
 ParOldGen       total 5415936K, used 4972126K [0x00000004b9000000, 0x0000000603900000, 0x00000006bdb00000)
  object space 5415936K, 91% used [0x00000004b9000000,0x00000005e8797978,0x0000000603900000)
 Metaspace       used 153041K, capacity 157124K, committed 157312K, reserved 1181696K
  class space    used 24926K, capacity 25900K, committed 25984K, reserved 1048576K
}
Event: 80.967 GC heap before
{Heap before GC invocations=50 (full 6):
 PSYoungGen      total 2821632K, used 588872K [0x00000006bdb00000, 0x00000007c0000000, 0x00000007c0000000)
  eden space 1411072K, 0% used [0x00000006bdb00000,0x00000006bdb00000,0x0000000713d00000)
  from space 1410560K, 41% used [0x0000000769e80000,0x000000078dd921f0,0x00000007c0000000)
  to   space 1410560K, 0% used [0x0000000713d00000,0x0000000713d00000,0x0000000769e80000)
 ParOldGen       total 5415936K, used 4972126K [0x00000004b9000000, 0x0000000603900000, 0x00000006bdb00000)
  object space 5415936K, 91% used [0x00000004b9000000,0x00000005e8797978,0x0000000603900000)
 Metaspace       used 153041K, capacity 157124K, committed 157312K, reserved 1181696K
  class space    used 24926K, capacity 25900K, committed 25984K, reserved 1048576K

Deoptimization events (10 events):
Event: 71.487 Thread 0x00007f1168230000 Uncommon trap: reason=null_assert_or_unreached0 action=reinterpret pc=0x00007f11faf0e5bd method=org.graalvm.compiler.nodes.calc.BinaryArithmeticNode.reassociate(Lorg/graalvm/compiler/nodes/calc/BinaryArithmeticNode;Lorg/graalvm/compiler/graph/iterators/No
Event: 71.864 Thread 0x00007f113009d800 Uncommon trap: reason=null_assert_or_unreached0 action=reinterpret pc=0x00007f11fa457824 method=org.graalvm.compiler.java.FrameStateBuilder.xpop()Lorg/graalvm/compiler/nodes/ValueNode; @ 15
Event: 74.535 Thread 0x00007f1168230000 Uncommon trap: reason=null_assert_or_unreached0 action=reinterpret pc=0x00007f11f98ae72f method=com.ibm.icu.text.UnicodeSet$IntPropertyFilter.contains(I)Z @ 0
Event: 74.535 Thread 0x00007f1168230000 Uncommon trap: reason=null_assert_or_unreached0 action=reinterpret pc=0x00007f11faf8df20 method=com.ibm.icu.impl.UCharacterProperty.getIntPropertyValue(II)I @ 0
Event: 74.691 Thread 0x00007f115806c800 Uncommon trap: reason=null_assert_or_unreached0 action=reinterpret pc=0x00007f11f986edad method=org.graalvm.compiler.nodes.calc.UnsignedRightShiftNode.canonical(Lorg/graalvm/compiler/nodes/calc/UnsignedRightShiftNode;Lorg/graalvm/compiler/core/common/type
Event: 74.791 Thread 0x00007f120c0d2800 Uncommon trap: reason=null_assert_or_unreached0 action=reinterpret pc=0x00007f11f8ea91fd method=org.graalvm.compiler.loop.LoopEx.mul(Lorg/graalvm/compiler/loop/LoopEx;Lorg/graalvm/compiler/nodes/ValueNode;Lorg/graalvm/compiler/nodes/ValueNode;)Lorg/graalv
Event: 74.826 Thread 0x00007f120c0d2800 Uncommon trap: reason=null_assert_or_unreached0 action=reinterpret pc=0x00007f11f9311a79 method=org.graalvm.compiler.loop.LoopEx.mul(Lorg/graalvm/compiler/loop/LoopEx;Lorg/graalvm/compiler/nodes/ValueNode;Lorg/graalvm/compiler/nodes/ValueNode;)Lorg/graalv
Event: 75.272 Thread 0x00007f114c10e800 Uncommon trap: reason=null_assert_or_unreached0 action=reinterpret pc=0x00007f11f91081ae method=org.graalvm.compiler.nodes.util.GraphUtil.arrayLength(Lorg/graalvm/compiler/nodes/ValueNode;Lorg/graalvm/compiler/nodes/spi/ArrayLengthProvider$FindLengthMode;
Event: 75.353 Thread 0x00007f1168229000 Uncommon trap: reason=null_assert_or_unreached0 action=reinterpret pc=0x00007f11f931b300 method=org.graalvm.compiler.nodes.calc.SubNode.canonical(Lorg/graalvm/compiler/nodes/calc/SubNode;Lorg/graalvm/compiler/core/common/type/ArithmeticOpTable$BinaryOp;Lo
Event: 76.560 Thread 0x00007f114c10e800 Uncommon trap: reason=null_assert_or_unreached0 action=reinterpret pc=0x00007f11fa64ef69 method=java.util.concurrent.ConcurrentHashMap.get(Ljava/lang/Object;)Ljava/lang/Object; @ 13

Classes redefined (0 events):
No events

Internal exceptions (10 events):
Event: 76.865 Thread 0x00007f120c5af800 Exception <a 'java/lang/ArrayIndexOutOfBoundsException'> (0x0000000700812b78) thrown at [/home/graal/graal-jvmci-8/src/share/vm/runtime/sharedRuntime.cpp, line 612]
Event: 76.865 Thread 0x00007f120c5af800 Exception <a 'java/lang/ArrayIndexOutOfBoundsException'> (0x0000000700813d30) thrown at [/home/graal/graal-jvmci-8/src/share/vm/runtime/sharedRuntime.cpp, line 612]
Event: 76.865 Thread 0x00007f120c5af800 Exception <a 'java/lang/ArrayIndexOutOfBoundsException'> (0x0000000700815dc8) thrown at [/home/graal/graal-jvmci-8/src/share/vm/runtime/sharedRuntime.cpp, line 612]
Event: 76.865 Thread 0x00007f120c5af800 Exception <a 'java/lang/ArrayIndexOutOfBoundsException'> (0x0000000700817ff8) thrown at [/home/graal/graal-jvmci-8/src/share/vm/runtime/sharedRuntime.cpp, line 612]
Event: 76.865 Thread 0x00007f120c5af800 Exception <a 'java/lang/ArrayIndexOutOfBoundsException'> (0x000000070081a720) thrown at [/home/graal/graal-jvmci-8/src/share/vm/runtime/sharedRuntime.cpp, line 612]
Event: 76.865 Thread 0x00007f120c5af800 Exception <a 'java/lang/ArrayIndexOutOfBoundsException'> (0x0000000700820690) thrown at [/home/graal/graal-jvmci-8/src/share/vm/runtime/sharedRuntime.cpp, line 612]
Event: 76.865 Thread 0x00007f120c5af800 Exception <a 'java/lang/ArrayIndexOutOfBoundsException'> (0x00000007008242b0) thrown at [/home/graal/graal-jvmci-8/src/share/vm/runtime/sharedRuntime.cpp, line 612]
Event: 76.865 Thread 0x00007f120c5af800 Exception <a 'java/lang/ArrayIndexOutOfBoundsException'> (0x0000000700825b48) thrown at [/home/graal/graal-jvmci-8/src/share/vm/runtime/sharedRuntime.cpp, line 612]
Event: 76.865 Thread 0x00007f120c5af800 Exception <a 'java/lang/ArrayIndexOutOfBoundsException'> (0x0000000700829698) thrown at [/home/graal/graal-jvmci-8/src/share/vm/runtime/sharedRuntime.cpp, line 612]
Event: 76.865 Thread 0x00007f120c5af800 Exception <a 'java/lang/ArrayIndexOutOfBoundsException'> (0x000000070082ed18) thrown at [/home/graal/graal-jvmci-8/src/share/vm/runtime/sharedRuntime.cpp, line 612]

Events (10 events):
Event: 76.179 loading class com/oracle/truffle/tools/chromeinspector/TruffleDebugger$SuspendedCallbackImpl
Event: 76.179 loading class com/oracle/truffle/tools/chromeinspector/TruffleDebugger$SuspendedCallbackImpl done
Event: 76.181 loading class com/oracle/truffle/tools/chromeinspector/TruffleDebugger$SuspendedCallbackImpl
Event: 76.181 loading class com/oracle/truffle/tools/chromeinspector/TruffleDebugger$SuspendedCallbackImpl done
Event: 76.404 loading class com/oracle/truffle/llvm/runtime/debug/LLVMSourceType
Event: 76.404 loading class com/oracle/truffle/llvm/runtime/debug/LLVMSourceType done
Event: 76.560 Thread 0x00007f114c10e800 Uncommon trap: trap_request=0xffffffed fr.pc=0x00007f11fa64ef69 relative=0x0000000000000489
Event: 76.560 Thread 0x00007f114c10e800 DEOPT PACKING pc=0x00007f11fa64ef69 sp=0x00007f11cfffe730
Event: 76.560 Thread 0x00007f114c10e800 DEOPT UNPACKING pc=0x00007f11f8049599 sp=0x00007f11cfffe350 mode 3
Event: 78.518 Executing VM operation: ParallelGCFailedAllocation


Dynamic libraries:
00400000-00401000 r-xp 00000000 00:36 3944737                            /home/graal/graal/vm/mxbuild/linux-amd64/GRAALVM_CMP_GU_GVM_INS_JS_NJS_POLYNATIVE_PRO_PYN_RBY_RGX_SLG_STAGE1_SVM_TFL/graalvm-cmp-gu-gvm-ins-js-njs-polynative-pro-pyn-rby-rgx-slg-stage1-svm-tfl-1.0.0-rc3-dev/bin/java
00600000-00601000 r--p 00000000 00:36 3944737                            /home/graal/graal/vm/mxbuild/linux-amd64/GRAALVM_CMP_GU_GVM_INS_JS_NJS_POLYNATIVE_PRO_PYN_RBY_RGX_SLG_STAGE1_SVM_TFL/graalvm-cmp-gu-gvm-ins-js-njs-polynative-pro-pyn-rby-rgx-slg-stage1-svm-tfl-1.0.0-rc3-dev/bin/java
00601000-00602000 rw-p 00001000 00:36 3944737                            /home/graal/graal/vm/mxbuild/linux-amd64/GRAALVM_CMP_GU_GVM_INS_JS_NJS_POLYNATIVE_PRO_PYN_RBY_RGX_SLG_STAGE1_SVM_TFL/graalvm-cmp-gu-gvm-ins-js-njs-polynative-pro-pyn-rby-rgx-slg-stage1-svm-tfl-1.0.0-rc3-dev/bin/java
01e2d000-01e4e000 rw-p 00000000 00:00 0                                  [heap]
4b9000000-603900000 rw-p 00000000 00:00 0 
6a0100000-6bdb00000 ---p 00000000 00:00 0 
6bdb00000-7c0000000 rw-p 00000000 00:00 0 
7c0000000-7c1960000 rw-p 00000000 00:00 0 
7c1960000-800000000 ---p 00000000 00:00 0 
7f1114000000-7f111406d000 rw-p 00000000 00:00 0 
7f111406d000-7f1118000000 ---p 00000000 00:00 0 
7f111c000000-7f111c0a2000 rw-p 00000000 00:00 0 
7f111c0a2000-7f1120000000 ---p 00000000 00:00 0 
7f1120000000-7f1120046000 rw-p 00000000 00:00 0 
7f1120046000-7f1124000000 ---p 00000000 00:00 0 
7f1124000000-7f11240b1000 rw-p 00000000 00:00 0 
7f11240b1000-7f1128000000 ---p 00000000 00:00 0 
7f1129ff3000-7f1129ffc000 r-xp 00000000 00:36 3945077                    /home/graal/graal/vm/mxbuild/linux-amd64/GRAALVM_CMP_GU_GVM_INS_JS_NJS_POLYNATIVE_PRO_PYN_RBY_RGX_SLG_STAGE1_SVM_TFL/graalvm-cmp-gu-gvm-ins-js-njs-polynative-pro-pyn-rby-rgx-slg-stage1-svm-tfl-1.0.0-rc3-dev/jre/lib/amd64/libmanagement.so
7f1129ffc000-7f112a1fb000 ---p 00009000 00:36 3945077                    /home/graal/graal/vm/mxbuild/linux-amd64/GRAALVM_CMP_GU_GVM_INS_JS_NJS_POLYNATIVE_PRO_PYN_RBY_RGX_SLG_STAGE1_SVM_TFL/graalvm-cmp-gu-gvm-ins-js-njs-polynative-pro-pyn-rby-rgx-slg-stage1-svm-tfl-1.0.0-rc3-dev/jre/lib/amd64/libmanagement.so
7f112a1fb000-7f112a1fc000 r--p 00008000 00:36 3945077                    /home/graal/graal/vm/mxbuild/linux-amd64/GRAALVM_CMP_GU_GVM_INS_JS_NJS_POLYNATIVE_PRO_PYN_RBY_RGX_SLG_STAGE1_SVM_TFL/graalvm-cmp-gu-gvm-ins-js-njs-polynative-pro-pyn-rby-rgx-slg-stage1-svm-tfl-1.0.0-rc3-dev/jre/lib/amd64/libmanagement.so
7f112a1fc000-7f112a1fd000 rw-p 00009000 00:36 3945077                    /home/graal/graal/vm/mxbuild/linux-amd64/GRAALVM_CMP_GU_GVM_INS_JS_NJS_POLYNATIVE_PRO_PYN_RBY_RGX_SLG_STAGE1_SVM_TFL/graalvm-cmp-gu-gvm-ins-js-njs-polynative-pro-pyn-rby-rgx-slg-stage1-svm-tfl-1.0.0-rc3-dev/jre/lib/amd64/libmanagement.so
7f112a1fd000-7f112a200000 ---p 00000000 00:00 0 
7f112a200000-7f112abfe000 rw-p 00000000 00:00 0 
7f112b5ff000-7f112b602000 ---p 00000000 00:00 0 
7f112b602000-7f112c000000 rw-p 00000000 00:00 0 
7f112c000000-7f112c12e000 rw-p 00000000 00:00 0 
7f112c12e000-7f1130000000 ---p 00000000 00:00 0 
7f1130000000-7f11300bf000 rw-p 00000000 00:00 0 
7f11300bf000-7f1134000000 ---p 00000000 00:00 0 
7f1134000000-7f1134021000 rw-p 00000000 00:00 0 
7f1134021000-7f1138000000 ---p 00000000 00:00 0 
7f1138000000-7f11383ba000 rw-p 00000000 00:00 0 
7f11383ba000-7f113c000000 ---p 00000000 00:00 0 
7f113c1c3000-7f113c3c3000 rw-p 00000000 00:00 0 
7f113c3c3000-7f113c5c3000 rw-p 00000000 00:00 0 
7f113c5c3000-7f113c5c6000 ---p 00000000 00:00 0 
7f113c5c6000-7f113cfc4000 rw-p 00000000 00:00 0 
7f113cfc4000-7f113cfc7000 ---p 00000000 00:00 0 
7f113cfc7000-7f113d9c5000 rw-p 00000000 00:00 0 
7f113d9c5000-7f113d9c8000 ---p 00000000 00:00 0 
7f113d9c8000-7f113e5c6000 rw-p 00000000 00:00 0 
7f113e5c6000-7f113e7c6000 rw-p 00000000 00:00 0 
7f113e7c6000-7f113e9c6000 rw-p 00000000 00:00 0 
7f113e9c6000-7f113ebc6000 rw-p 00000000 00:00 0 
7f113ebc6000-7f113ebdf000 r-xp 00000000 00:3b 110                        /lib/x86_64-linux-gnu/libz.so.1.2.8
7f113ebdf000-7f113edde000 ---p 00019000 00:3b 110                        /lib/x86_64-linux-gnu/libz.so.1.2.8
7f113edde000-7f113eddf000 r--p 00018000 00:3b 110                        /lib/x86_64-linux-gnu/libz.so.1.2.8
7f113eddf000-7f113ede0000 rw-p 00019000 00:3b 110                        /lib/x86_64-linux-gnu/libz.so.1.2.8
7f113ede0000-7f113edfe000 r-xp 00000000 00:3b 2199                       /usr/lib/x86_64-linux-gnu/libmagic.so.1.0.0
7f113edfe000-7f113effe000 ---p 0001e000 00:3b 2199                       /usr/lib/x86_64-linux-gnu/libmagic.so.1.0.0
7f113effe000-7f113efff000 r--p 0001e000 00:3b 2199                       /usr/lib/x86_64-linux-gnu/libmagic.so.1.0.0
7f113efff000-7f113f000000 rw-p 0001f000 00:3b 2199                       /usr/lib/x86_64-linux-gnu/libmagic.so.1.0.0
7f113f000000-7f113f200000 rw-p 00000000 00:00 0 
7f113f200000-7f113f400000 rw-p 00000000 00:00 0 
7f113f400000-7f113f600000 rw-p 00000000 00:00 0 
7f113f600000-7f113f800000 rw-p 00000000 00:00 0 
7f113f800000-7f113fa00000 rw-p 00000000 00:00 0 
7f113fa00000-7f113fc00000 rw-p 00000000 00:00 0 
7f113fc00000-7f113fe00000 rw-p 00000000 00:00 0 
7f113fe00000-7f1140000000 rw-p 00000000 00:00 0 
7f1140000000-7f114039a000 rw-p 00000000 00:00 0 
7f114039a000-7f1144000000 ---p 00000000 00:00 0 
7f1144000000-7f114436f000 rw-p 00000000 00:00 0 
7f114436f000-7f1148000000 ---p 00000000 00:00 0 
7f1148000000-7f11484f9000 rw-p 00000000 00:00 0 
7f11484f9000-7f114c000000 ---p 00000000 00:00 0 
7f114c000000-7f114c614000 rw-p 00000000 00:00 0 
7f114c614000-7f1150000000 ---p 00000000 00:00 0 
7f1150000000-7f115035a000 rw-p 00000000 00:00 0 
7f115035a000-7f1154000000 ---p 00000000 00:00 0 
7f1154000000-7f115438e000 rw-p 00000000 00:00 0 
7f115438e000-7f1158000000 ---p 00000000 00:00 0 
7f1158000000-7f11582de000 rw-p 00000000 00:00 0 
7f11582de000-7f115c000000 ---p 00000000 00:00 0 
7f115c000000-7f115c30e000 rw-p 00000000 00:00 0 
7f115c30e000-7f1160000000 ---p 00000000 00:00 0 
7f1160000000-7f1160049000 rw-p 00000000 00:00 0 
7f1160049000-7f1164000000 ---p 00000000 00:00 0 
7f1164000000-7f11640a9000 rw-p 00000000 00:00 0 
7f11640a9000-7f1168000000 ---p 00000000 00:00 0 
7f1168000000-7f1168373000 rw-p 00000000 00:00 0 
7f1168373000-7f116c000000 ---p 00000000 00:00 0 
7f116c000000-7f116c06d000 rw-p 00000000 00:00 0 
7f116c06d000-7f1170000000 ---p 00000000 00:00 0 
7f1170000000-7f11700ae000 rw-p 00000000 00:00 0 
7f11700ae000-7f1174000000 ---p 00000000 00:00 0 
7f1174000000-7f117406d000 rw-p 00000000 00:00 0 
7f117406d000-7f1178000000 ---p 00000000 00:00 0 
7f1178000000-7f1178021000 rw-p 00000000 00:00 0 
7f1178021000-7f117c000000 ---p 00000000 00:00 0 
7f117c000000-7f117c021000 rw-p 00000000 00:00 0 
7f117c021000-7f1180000000 ---p 00000000 00:00 0 
7f1180000000-7f1181a61000 rw-p 00000000 00:00 0 
7f1181a61000-7f1184000000 ---p 00000000 00:00 0 
7f1184000000-7f1184021000 rw-p 00000000 00:00 0 
7f1184021000-7f1188000000 ---p 00000000 00:00 0 
7f1188000000-7f11882c3000 rw-p 00000000 00:00 0 
7f11882c3000-7f118c000000 ---p 00000000 00:00 0 
7f118c000000-7f118c3d0000 rw-p 00000000 00:00 0 
7f118c3d0000-7f1190000000 ---p 00000000 00:00 0 
7f1190000000-7f1190021000 rw-p 00000000 00:00 0 
7f1190021000-7f1194000000 ---p 00000000 00:00 0 
7f1194000000-7f119430c000 rw-p 00000000 00:00 0 
7f119430c000-7f1198000000 ---p 00000000 00:00 0 
7f1198000000-7f1198021000 rw-p 00000000 00:00 0 
7f1198021000-7f119c000000 ---p 00000000 00:00 0 
7f119c000000-7f119c021000 rw-p 00000000 00:00 0 
7f119c021000-7f11a0000000 ---p 00000000 00:00 0 
7f11a0000000-7f11a0590000 rw-p 00000000 00:00 0 
7f11a0590000-7f11a4000000 ---p 00000000 00:00 0 
7f11a4080000-7f11a4280000 rw-p 00000000 00:00 0 
7f11a4280000-7f11a4480000 rw-p 00000000 00:00 0 
7f11a4480000-7f11a4680000 rw-p 00000000 00:00 0 
7f11a4680000-7f11a4880000 rw-p 00000000 00:00 0 
7f11a4880000-7f11a4a80000 rw-p 00000000 00:00 0 
7f11a4a80000-7f11a4c80000 rw-p 00000000 00:00 0 
7f11a4c80000-7f11a4e80000 rw-p 00000000 00:00 0 
7f11a4e80000-7f11a5080000 rw-p 00000000 00:00 0 
7f11a5080000-7f11a5280000 rw-p 00000000 00:00 0 
7f11a5280000-7f11a5480000 rw-p 00000000 00:00 0 
7f11a5480000-7f11a5680000 rw-p 00000000 00:00 0 
7f11a5680000-7f11a5880000 rw-p 00000000 00:00 0 
7f11a5880000-7f11a5a80000 rw-p 00000000 00:00 0 
7f11a5a80000-7f11a5c80000 rw-p 00000000 00:00 0 
7f11a5c80000-7f11a5e80000 rw-p 00000000 00:00 0 
7f11a5e80000-7f11a6080000 rw-p 00000000 00:00 0 
7f11a6080000-7f11a6280000 rw-p 00000000 00:00 0 
7f11a6280000-7f11a6480000 rw-p 00000000 00:00 0 
7f11a6480000-7f11a6680000 rw-p 00000000 00:00 0 
7f11a6680000-7f11a6880000 rw-p 00000000 00:00 0 
7f11a6880000-7f11a6a80000 rw-p 00000000 00:00 0 
7f11a6a80000-7f11a6c80000 rw-p 00000000 00:00 0 
7f11a6c80000-7f11a6e80000 rw-p 00000000 00:00 0 
7f11a6e80000-7f11a7080000 rw-p 00000000 00:00 0 
7f11a7080000-7f11a7280000 rw-p 00000000 00:00 0 
7f11a7280000-7f11a7480000 rw-p 00000000 00:00 0 
7f11a7480000-7f11a7680000 rw-p 00000000 00:00 0 
7f11a7680000-7f11a7880000 rw-p 00000000 00:00 0 
7f11a7880000-7f11a7a80000 rw-p 00000000 00:00 0 
7f11a7a80000-7f11a7c80000 rw-p 00000000 00:00 0 
7f11a7c80000-7f11c0000000 rw-p 00000000 00:00 0 
7f11c0000000-7f11c0a47000 rw-p 00000000 00:00 0 
7f11c0a47000-7f11c4000000 ---p 00000000 00:00 0 
7f11c4000000-7f11c4577000 rw-p 00000000 00:00 0 
7f11c4577000-7f11c8000000 ---p 00000000 00:00 0 
7f11c8000000-7f11c85b4000 rw-p 00000000 00:00 0 
7f11c85b4000-7f11cc000000 ---p 00000000 00:00 0 
7f11cc1fb000-7f11cc3fb000 rw-p 00000000 00:00 0 
7f11cc3fb000-7f11cc5fb000 rw-p 00000000 00:00 0 
7f11cc5fb000-7f11cc7fb000 rw-p 00000000 00:00 0 
7f11cc7fb000-7f11cc9fb000 rw-p 00000000 00:00 0 
7f11cc9fb000-7f11ccbfb000 rw-p 00000000 00:00 0 
7f11ccbfb000-7f11ccdfb000 rw-p 00000000 00:00 0 
7f11ccdfb000-7f11ccdfe000 ---p 00000000 00:00 0 
7f11ccdfe000-7f11cd7fc000 rw-p 00000000 00:00 0 
7f11ce1fd000-7f11ce200000 ---p 00000000 00:00 0 
7f11ce200000-7f11cebfe000 rw-p 00000000 00:00 0 
7f11cebfe000-7f11cec01000 ---p 00000000 00:00 0 
7f11cec01000-7f11cf5ff000 rw-p 00000000 00:00 0 
7f11cf5ff000-7f11cf602000 ---p 00000000 00:00 0 
7f11cf602000-7f11d0000000 rw-p 00000000 00:00 0 
7f11d0000000-7f11d088a000 rw-p 00000000 00:00 0 
7f11d088a000-7f11d4000000 ---p 00000000 00:00 0 
7f11d4161000-7f11d4164000 ---p 00000000 00:00 0 
7f11d4164000-7f11d439a000 rw-p 00000000 00:00 0 
7f11d439a000-7f11d43fa000 r--s 00dba000 00:36 3700101                    /home/graal/graaljs/graal-js/mxbuild/dists/graaljs.jar
7f11d4bfb000-7f11d4dfb000 rw-p 00000000 00:00 0 
7f11d61fd000-7f11d6200000 ---p 00000000 00:00 0 
7f11d6200000-7f11d6bfe000 rw-p 00000000 00:00 0 
7f11d6fff000-7f11d71ff000 rw-p 00000000 00:00 0 
7f11d71ff000-7f11d73ff000 rw-p 00000000 00:00 0 
7f11d73ff000-7f11d75ff000 rw-p 00000000 00:00 0 
7f11d8000000-7f11d85fc000 rw-p 00000000 00:00 0 
7f11d85fc000-7f11dc000000 ---p 00000000 00:00 0 
7f11dc002000-7f11dc003000 r--p 00000000 00:00 0 
7f11dc003000-7f11dc008000 r--s 0009a000 00:36 3945028                    /home/graal/graal/vm/mxbuild/linux-amd64/GRAALVM_CMP_GU_GVM_INS_JS_NJS_POLYNATIVE_PRO_PYN_RBY_RGX_SLG_STAGE1_SVM_TFL/graalvm-cmp-gu-gvm-ins-js-njs-polynative-pro-pyn-rby-rgx-slg-stage1-svm-tfl-1.0.0-rc3-dev/jre/lib/jsse.jar
7f11dc008000-7f11dc00d000 r--s 002f9000 00:36 3945116                    /home/graal/graal/vm/mxbuild/linux-amd64/GRAALVM_CMP_GU_GVM_INS_JS_NJS_POLYNATIVE_PRO_PYN_RBY_RGX_SLG_STAGE1_SVM_TFL/graalvm-cmp-gu-gvm-ins-js-njs-polynative-pro-pyn-rby-rgx-slg-stage1-svm-tfl-1.0.0-rc3-dev/jre/lib/charsets.jar
7f11dc00d000-7f11dc029000 r--s 00393000 00:36 3945111                    /home/graal/graal/vm/mxbuild/linux-amd64/GRAALVM_CMP_GU_GVM_INS_JS_NJS_POLYNATIVE_PRO_PYN_RBY_RGX_SLG_STAGE1_SVM_TFL/graalvm-cmp-gu-gvm-ins-js-njs-polynative-pro-pyn-rby-rgx-slg-stage1-svm-tfl-1.0.0-rc3-dev/jre/lib/ext/cldrdata.jar
7f11dc029000-7f11dc033000 r--s 00116000 00:36 3945108                    /home/graal/graal/vm/mxbuild/linux-amd64/GRAALVM_CMP_GU_GVM_INS_JS_NJS_POLYNATIVE_PRO_PYN_RBY_RGX_SLG_STAGE1_SVM_TFL/graalvm-cmp-gu-gvm-ins-js-njs-polynative-pro-pyn-rby-rgx-slg-stage1-svm-tfl-1.0.0-rc3-dev/jre/lib/ext/localedata.jar
7f11dc033000-7f11dc046000 r--s 00346000 00:36 3945017                    /home/graal/graal/vm/mxbuild/linux-amd64/GRAALVM_CMP_GU_GVM_INS_JS_NJS_POLYNATIVE_PRO_PYN_RBY_RGX_SLG_STAGE1_SVM_TFL/graalvm-cmp-gu-gvm-ins-js-njs-polynative-pro-pyn-rby-rgx-slg-stage1-svm-tfl-1.0.0-rc3-dev/jre/lib/resources.jar
7f11dc046000-7f11dc0b4000 r--s 00d01000 00:36 3956008                    /home/graal/graal/vm/mxbuild/linux-amd64/GRAALVM_CMP_GU_GVM_INS_JS_NJS_POLYNATIVE_PRO_PYN_RBY_RGX_SLG_STAGE1_SVM_TFL/graalvm-cmp-gu-gvm-ins-js-njs-polynative-pro-pyn-rby-rgx-slg-stage1-svm-tfl-1.0.0-rc3-dev/jre/languages/python/graalpython.jar
7f11dc0b4000-7f11dc0b9000 r--s 00058000 00:36 3951216                    /home/graal/graal/vm/mxbuild/linux-amd64/GRAALVM_CMP_GU_GVM_INS_JS_NJS_POLYNATIVE_PRO_PYN_RBY_RGX_SLG_STAGE1_SVM_TFL/graalvm-cmp-gu-gvm-ins-js-njs-polynative-pro-pyn-rby-rgx-slg-stage1-svm-tfl-1.0.0-rc3-dev/jre/languages/js/asm-debug-all.jar
7f11dc0b9000-7f11dc0bd000 r--s 0003e000 00:36 2514182                    /home/graal/.mx/cache/JLINE_fdedd5f2522122102f0b3db85fe7aa563a009926.jar
7f11dc0bd000-7f11dc0c4000 r--s 00100000 00:36 3810222                    /home/graal/graal/substratevm/mxbuild/dists/pointsto.jar
7f11dc0c4000-7f11dc0c8000 r--s 00074000 00:36 3046209                    /home/graal/graal-jvmci-8/openjdk1.8.0-internal/linux-amd64/product/jre/lib/jvmci/jvmci-hotspot.jar
7f11dc0c8000-7f11dc0d7000 r--s 001bf000 00:36 3159311                    /home/graal/graal/regex/mxbuild/dists/tregex.jar
7f11dc0d7000-7f11dc17d000 r--s 0164d000 00:36 3954569                    /home/graal/graal/vm/mxbuild/linux-amd64/GRAALVM_CMP_GU_GVM_INS_JS_NJS_POLYNATIVE_PRO_PYN_RBY_RGX_SLG_STAGE1_SVM_TFL/graalvm-cmp-gu-gvm-ins-js-njs-polynative-pro-pyn-rby-rgx-slg-stage1-svm-tfl-1.0.0-rc3-dev/jre/languages/ruby/truffleruby.jar
7f11dc17d000-7f11dc197000 r--s 003e2000 00:36 3304464                    /home/graal/graal/compiler/mxbuild/dists/graal-runtime.jar
7f11dc197000-7f11dc1fe000 r--s 00eb7000 00:36 3304871                    /home/graal/graal/compiler/mxbuild/dists/graal.jar
7f11dc1fe000-7f11dc3fe000 rw-p 00000000 00:00 0 
7f11dc3fe000-7f11dc5fe000 rw-p 00000000 00:00 0 
7f11dcb26000-7f11dcb2d000 r-xp 00000000 00:36 3945102                    /home/graal/graal/vm/mxbuild/linux-amd64/GRAALVM_CMP_GU_GVM_INS_JS_NJS_POLYNATIVE_PRO_PYN_RBY_RGX_SLG_STAGE1_SVM_TFL/graalvm-cmp-gu-gvm-ins-js-njs-polynative-pro-pyn-rby-rgx-slg-stage1-svm-tfl-1.0.0-rc3-dev/jre/lib/amd64/libawt_headless.so
7f11dcb2d000-7f11dcd2c000 ---p 00007000 00:36 3945102                    /home/graal/graal/vm/mxbuild/linux-amd64/GRAALVM_CMP_GU_GVM_INS_JS_NJS_POLYNATIVE_PRO_PYN_RBY_RGX_SLG_STAGE1_SVM_TFL/graalvm-cmp-gu-gvm-ins-js-njs-polynative-pro-pyn-rby-rgx-slg-stage1-svm-tfl-1.0.0-rc3-dev/jre/lib/amd64/libawt_headless.so
7f11dcd2c000-7f11dcd2d000 r--p 00006000 00:36 3945102                    /home/graal/graal/vm/mxbuild/linux-amd64/GRAALVM_CMP_GU_GVM_INS_JS_NJS_POLYNATIVE_PRO_PYN_RBY_RGX_SLG_STAGE1_SVM_TFL/graalvm-cmp-gu-gvm-ins-js-njs-polynative-pro-pyn-rby-rgx-slg-stage1-svm-tfl-1.0.0-rc3-dev/jre/lib/amd64/libawt_headless.so
7f11dcd2d000-7f11dcd2e000 rw-p 00007000 00:36 3945102                    /home/graal/graal/vm/mxbuild/linux-amd64/GRAALVM_CMP_GU_GVM_INS_JS_NJS_POLYNATIVE_PRO_PYN_RBY_RGX_SLG_STAGE1_SVM_TFL/graalvm-cmp-gu-gvm-ins-js-njs-polynative-pro-pyn-rby-rgx-slg-stage1-svm-tfl-1.0.0-rc3-dev/jre/lib/amd64/libawt_headless.so
7f11dcd2e000-7f11dcdcf000 r-xp 00000000 00:36 3945082                    /home/graal/graal/vm/mxbuild/linux-amd64/GRAALVM_CMP_GU_GVM_INS_JS_NJS_POLYNATIVE_PRO_PYN_RBY_RGX_SLG_STAGE1_SVM_TFL/graalvm-cmp-gu-gvm-ins-js-njs-polynative-pro-pyn-rby-rgx-slg-stage1-svm-tfl-1.0.0-rc3-dev/jre/lib/amd64/libawt.so
7f11dcdcf000-7f11dcfce000 ---p 000a1000 00:36 3945082                    /home/graal/graal/vm/mxbuild/linux-amd64/GRAALVM_CMP_GU_GVM_INS_JS_NJS_POLYNATIVE_PRO_PYN_RBY_RGX_SLG_STAGE1_SVM_TFL/graalvm-cmp-gu-gvm-ins-js-njs-polynative-pro-pyn-rby-rgx-slg-stage1-svm-tfl-1.0.0-rc3-dev/jre/lib/amd64/libawt.so
7f11dcfce000-7f11dcfcf000 r--p 000a0000 00:36 3945082                    /home/graal/graal/vm/mxbuild/linux-amd64/GRAALVM_CMP_GU_GVM_INS_JS_NJS_POLYNATIVE_PRO_PYN_RBY_RGX_SLG_STAGE1_SVM_TFL/graalvm-cmp-gu-gvm-ins-js-njs-polynative-pro-pyn-rby-rgx-slg-stage1-svm-tfl-1.0.0-rc3-dev/jre/lib/amd64/libawt.so
7f11dcfcf000-7f11dcfda000 rw-p 000a1000 00:36 3945082                    /home/graal/graal/vm/mxbuild/linux-amd64/GRAALVM_CMP_GU_GVM_INS_JS_NJS_POLYNATIVE_PRO_PYN_RBY_RGX_SLG_STAGE1_SVM_TFL/graalvm-cmp-gu-gvm-ins-js-njs-polynative-pro-pyn-rby-rgx-slg-stage1-svm-tfl-1.0.0-rc3-dev/jre/lib/amd64/libawt.so
7f11dcfda000-7f11e0000000 rw-p 00000000 00:00 0 
7f11e0000000-7f11e04ce000 rw-p 00000000 00:00 0 
7f11e04ce000-7f11e4000000 ---p 00000000 00:00 0 
7f11e4000000-7f11e4003000 r--s 00015000 00:36 3945039                    /home/graal/graal/vm/mxbuild/linux-amd64/GRAALVM_CMP_GU_GVM_INS_JS_NJS_POLYNATIVE_PRO_PYN_RBY_RGX_SLG_STAGE1_SVM_TFL/graalvm-cmp-gu-gvm-ins-js-njs-polynative-pro-pyn-rby-rgx-slg-stage1-svm-tfl-1.0.0-rc3-dev/jre/lib/jce.jar
7f11e4003000-7f11e4004000 r--s 00002000 00:36 3289614                    /home/graal/graal/compiler/mxbuild/dists/graal-serviceprovider.jar
7f11e4004000-7f11e400e000 r--s 000c6000 00:36 3301395                    /home/graal/graal/truffle/mxbuild/dists/truffle-nfi.jar
7f11e400e000-7f11e400f000 r--s 0001d000 00:36 3289557                    /home/graal/graal/compiler/mxbuild/dists/graal-graphio.jar
7f11e400f000-7f11e401e000 r--s 001bf000 00:36 3944377                    /home/graal/graal/vm/mxbuild/linux-amd64/GRAALVM_CMP_GU_GVM_INS_JS_NJS_POLYNATIVE_PRO_PYN_RBY_RGX_SLG_STAGE1_SVM_TFL/graalvm-cmp-gu-gvm-ins-js-njs-polynative-pro-pyn-rby-rgx-slg-stage1-svm-tfl-1.0.0-rc3-dev/jre/tools/regex/tregex.jar
7f11e401e000-7f11e4020000 r--s 00011000 00:36 2777797                    /home/graal/mx/mxbuild/dists/junit-tool.jar
7f11e4020000-7f11e4023000 r--s 0005d000 00:36 3570072                    /home/graal/graaljs/graal-nodejs/mxbuild/dists/trufflenode.jar
7f11e4023000-7f11e402e000 r--s 00122000 00:36 3291496                    /home/graal/graal/compiler/mxbuild/dists/graal-api.jar
7f11e402e000-7f11e402f000 r--s 0001a000 00:36 3954553                    /home/graal/graal/vm/mxbuild/linux-amd64/GRAALVM_CMP_GU_GVM_INS_JS_NJS_POLYNATIVE_PRO_PYN_RBY_RGX_SLG_STAGE1_SVM_TFL/graalvm-cmp-gu-gvm-ins-js-njs-polynative-pro-pyn-rby-rgx-slg-stage1-svm-tfl-1.0.0-rc3-dev/jre/lib/graalvm/launcher-common.src.zip
7f11e402f000-7f11e4030000 r--s 0000b000 00:36 3954557                    /home/graal/graal/vm/mxbuild/linux-amd64/GRAALVM_CMP_GU_GVM_INS_JS_NJS_POLYNATIVE_PRO_PYN_RBY_RGX_SLG_STAGE1_SVM_TFL/graalvm-cmp-gu-gvm-ins-js-njs-polynative-pro-pyn-rby-rgx-slg-stage1-svm-tfl-1.0.0-rc3-dev/jre/lib/graalvm/truffleruby-launcher.src.zip
7f11e4030000-7f11e4031000 r--s 00002000 00:36 3954555                    /home/graal/graal/vm/mxbuild/linux-amd64/GRAALVM_CMP_GU_GVM_INS_JS_NJS_POLYNATIVE_PRO_PYN_RBY_RGX_SLG_STAGE1_SVM_TFL/graalvm-cmp-gu-gvm-ins-js-njs-polynative-pro-pyn-rby-rgx-slg-stage1-svm-tfl-1.0.0-rc3-dev/jre/lib/graalvm/sulong-launcher.src.zip
7f11e4031000-7f11e4033000 r--s 00028000 00:36 3954558                    /home/graal/graal/vm/mxbuild/linux-amd64/GRAALVM_CMP_GU_GVM_INS_JS_NJS_POLYNATIVE_PRO_PYN_RBY_RGX_SLG_STAGE1_SVM_TFL/graalvm-cmp-gu-gvm-ins-js-njs-polynative-pro-pyn-rby-rgx-slg-stage1-svm-tfl-1.0.0-rc3-dev/jre/lib/graalvm/svm-driver.jar
7f11e4033000-7f11e4034000 r--s 00009000 00:36 3954561                    /home/graal/graal/vm/mxbuild/linux-amd64/GRAALVM_CMP_GU_GVM_INS_JS_NJS_POLYNATIVE_PRO_PYN_RBY_RGX_SLG_STAGE1_SVM_TFL/graalvm-cmp-gu-gvm-ins-js-njs-polynative-pro-pyn-rby-rgx-slg-stage1-svm-tfl-1.0.0-rc3-dev/jre/lib/graalvm/graalpython-launcher.src.zip
7f11e4034000-7f11e4038000 r--s 000ae000 00:36 3954552                    /home/graal/graal/vm/mxbuild/linux-amd64/GRAALVM_CMP_GU_GVM_INS_JS_NJS_POLYNATIVE_PRO_PYN_RBY_RGX_SLG_STAGE1_SVM_TFL/graalvm-cmp-gu-gvm-ins-js-njs-polynative-pro-pyn-rby-rgx-slg-stage1-svm-tfl-1.0.0-rc3-dev/jre/lib/graalvm/launcher-common.jar
7f11e4038000-7f11e4039000 r--s 0001e000 00:36 3954559                    /home/graal/graal/vm/mxbuild/linux-amd64/GRAALVM_CMP_GU_GVM_INS_JS_NJS_POLYNATIVE_PRO_PYN_RBY_RGX_SLG_STAGE1_SVM_TFL/graalvm-cmp-gu-gvm-ins-js-njs-polynative-pro-pyn-rby-rgx-slg-stage1-svm-tfl-1.0.0-rc3-dev/jre/lib/graalvm/svm-driver.src.zip
7f11e4039000-7f11e403a000 r--s 00005000 00:36 3954563                    /home/graal/graal/vm/mxbuild/linux-amd64/GRAALVM_CMP_GU_GVM_INS_JS_NJS_POLYNATIVE_PRO_PYN_RBY_RGX_SLG_STAGE1_SVM_TFL/graalvm-cmp-gu-gvm-ins-js-njs-polynative-pro-pyn-rby-rgx-slg-stage1-svm-tfl-1.0.0-rc3-dev/jre/lib/graalvm/graaljs-launcher.src.zip
7f11e403a000-7f11e403f000 r--s 0004c000 00:36 3289682                    /home/graal/graal/sdk/mxbuild/dists/graal-sdk.jar
7f11e403f000-7f11e4082000 r--s 00717000 00:36 3839203                    /home/graal/graal/substratevm/mxbuild/dists/svm.jar
7f11e4082000-7f11e4083000 r--s 00009000 00:36 3954556                    /home/graal/graal/vm/mxbuild/linux-amd64/GRAALVM_CMP_GU_GVM_INS_JS_NJS_POLYNATIVE_PRO_PYN_RBY_RGX_SLG_STAGE1_SVM_TFL/graalvm-cmp-gu-gvm-ins-js-njs-polynative-pro-pyn-rby-rgx-slg-stage1-svm-tfl-1.0.0-rc3-dev/jre/lib/graalvm/truffleruby-launcher.jar
7f11e4083000-7f11e4087000 r--s 00049000 00:36 3045972                    /home/graal/graal-jvmci-8/openjdk1.8.0-internal/linux-amd64/product/jre/lib/jvmci/jvmci-api.jar
7f11e4087000-7f11e408a000 r--s 0005d000 00:36 3945156                    /home/graal/graal/vm/mxbuild/linux-amd64/GRAALVM_CMP_GU_GVM_INS_JS_NJS_POLYNATIVE_PRO_PYN_RBY_RGX_SLG_STAGE1_SVM_TFL/graalvm-cmp-gu-gvm-ins-js-njs-polynative-pro-pyn-rby-rgx-slg-stage1-svm-tfl-1.0.0-rc3-dev/jre/languages/js/trufflenode.jar
7f11e408a000-7f11e408b000 r--s 00001000 00:36 3954571                    /home/graal/graal/vm/mxbuild/linux-amd64/GRAALVM_CMP_GU_GVM_INS_JS_NJS_POLYNATIVE_PRO_PYN_RBY_RGX_SLG_STAGE1_SVM_TFL/graalvm-cmp-gu-gvm-ins-js-njs-polynative-pro-pyn-rby-rgx-slg-stage1-svm-tfl-1.0.0-rc3-dev/jre/languages/ruby/truffleruby-annotations.jar
7f11e408b000-7f11e408d000 r--s 00006000 00:36 3954560                    /home/graal/graal/vm/mxbuild/linux-amd64/GRAALVM_CMP_GU_GVM_INS_JS_NJS_POLYNATIVE_PRO_PYN_RBY_RGX_SLG_STAGE1_SVM_TFL/graalvm-cmp-gu-gvm-ins-js-njs-polynative-pro-pyn-rby-rgx-slg-stage1-svm-tfl-1.0.0-rc3-dev/jre/lib/graalvm/graalpython-launcher.jar
7f11e408d000-7f11e4090000 r--s 00031000 00:36 3944357                    /home/graal/graal/vm/mxbuild/linux-amd64/GRAALVM_CMP_GU_GVM_INS_JS_NJS_POLYNATIVE_PRO_PYN_RBY_RGX_SLG_STAGE1_SVM_TFL/graalvm-cmp-gu-gvm-ins-js-njs-polynative-pro-pyn-rby-rgx-slg-stage1-svm-tfl-1.0.0-rc3-dev/jre/tools/profiler/truffle-profiler.jar
7f11e4090000-7f11e4094000 r--s 00061000 00:36 3944326                    /home/graal/graal/vm/mxbuild/linux-amd64/GRAALVM_CMP_GU_GVM_INS_JS_NJS_POLYNATIVE_PRO_PYN_RBY_RGX_SLG_STAGE1_SVM_TFL/graalvm-cmp-gu-gvm-ins-js-njs-polynative-pro-pyn-rby-rgx-slg-stage1-svm-tfl-1.0.0-rc3-dev/jre/lib/svm/library-support.jar
7f11e4094000-7f11e4095000 r--s 00006000 00:36 3954562                    /home/graal/graal/vm/mxbuild/linux-amd64/GRAALVM_CMP_GU_GVM_INS_JS_NJS_POLYNATIVE_PRO_PYN_RBY_RGX_SLG_STAGE1_SVM_TFL/graalvm-cmp-gu-gvm-ins-js-njs-polynative-pro-pyn-rby-rgx-slg-stage1-svm-tfl-1.0.0-rc3-dev/jre/lib/graalvm/graaljs-launcher.jar
7f11e4095000-7f11e40b9000 r--s 003b2000 00:36 3301169                    /home/graal/graal/truffle/mxbuild/dists/truffle-api.jar
7f11e40b9000-7f11e40bf000 r--s 0009d000 00:36 3944361                    /home/graal/graal/vm/mxbuild/linux-amd64/GRAALVM_CMP_GU_GVM_INS_JS_NJS_POLYNATIVE_PRO_PYN_RBY_RGX_SLG_STAGE1_SVM_TFL/graalvm-cmp-gu-gvm-ins-js-njs-polynative-pro-pyn-rby-rgx-slg-stage1-svm-tfl-1.0.0-rc3-dev/jre/tools/chromeinspector/chromeinspector.jar
7f11e40bf000-7f11e40c1000 r--s 00004000 00:36 3289559                    /home/graal/graal/compiler/mxbuild/dists/graal-nodeinfo.jar
7f11e40c1000-7f11e40c8000 r--s 000b4000 00:36 3807710                    /home/graal/graal/substratevm/mxbuild/dists/objectfile.jar
7f11e40c8000-7f11e40cd000 r--s 00058000 00:36 2514089                    /home/graal/.mx/cache/ASM_DEBUG_ALL_702b8525fcf81454235e5e2fa2a35f15ffc0ec7e.jar
7f11e40cd000-7f11e40cf000 r--s 00025000 00:36 3839234                    /home/graal/graal/substratevm/mxbuild/dists/polyglot-native-api.jar
7f11e40cf000-7f11e4138000 r--s 00af5000 00:36 3951215                    /home/graal/graal/vm/mxbuild/linux-amd64/GRAALVM_CMP_GU_GVM_INS_JS_NJS_POLYNATIVE_PRO_PYN_RBY_RGX_SLG_STAGE1_SVM_TFL/graalvm-cmp-gu-gvm-ins-js-njs-polynative-pro-pyn-rby-rgx-slg-stage1-svm-tfl-1.0.0-rc3-dev/jre/languages/js/icu4j.jar
7f11e4138000-7f11e413a000 r--s 00009000 00:36 2514090                    /home/graal/.mx/cache/HAMCREST_42a25dc3219429f0e5d060061f71acb49bf010a0.jar
7f11e413a000-7f11e41a3000 r--s 00af5000 00:36 2514190                    /home/graal/.mx/cache/ICU4J_6f06e820cf4c8968bbbaae66ae0b33f6a256b57f.jar
7f11e41a3000-7f11e4203000 r--s 00dba000 00:36 3951214                    /home/graal/graal/vm/mxbuild/linux-amd64/GRAALVM_CMP_GU_GVM_INS_JS_NJS_POLYNATIVE_PRO_PYN_RBY_RGX_SLG_STAGE1_SVM_TFL/graalvm-cmp-gu-gvm-ins-js-njs-polynative-pro-pyn-rby-rgx-slg-stage1-svm-tfl-1.0.0-rc3-dev/jre/languages/js/graaljs.jar
7f11e4203000-7f11e426a000 r--s 00bab000 00:36 3944369                    /home/graal/graal/vm/mxbuild/linux-amd64/GRAALVM_CMP_GU_GVM_INS_JS_NJS_POLYNATIVE_PRO_PYN_RBY_RGX_SLG_STAGE1_SVM_TFL/graalvm-cmp-gu-gvm-ins-js-njs-polynative-pro-pyn-rby-rgx-slg-stage1-svm-tfl-1.0.0-rc3-dev/jre/languages/llvm/sulong.jar
7f11e426a000-7f11e428c000 r--s 00528000 00:36 3302721                    /home/graal/graal/compiler/mxbuild/dists/graal-compiler.jar
7f11e428c000-7f11e448c000 rw-p 00000000 00:00 0 
7f11e448c000-7f11e448f000 ---p 00000000 00:00 0 
7f11e448f000-7f11e4e8d000 rw-p 00000000 00:00 0 
7f11e568e000-7f11e56ce000 rw-p 00000000 00:00 0 
7f11e56ce000-7f11e5891000 ---p 00000000 00:00 0 
7f11e5891000-7f11e648f000 rw-p 00000000 00:00 0 
7f11e648f000-7f11e668f000 rw-p 00000000 00:00 0 
7f11e668f000-7f11e66a6000 r-xp 00000000 00:36 3945069                    /home/graal/graal/vm/mxbuild/linux-amd64/GRAALVM_CMP_GU_GVM_INS_JS_NJS_POLYNATIVE_PRO_PYN_RBY_RGX_SLG_STAGE1_SVM_TFL/graalvm-cmp-gu-gvm-ins-js-njs-polynative-pro-pyn-rby-rgx-slg-stage1-svm-tfl-1.0.0-rc3-dev/jre/lib/amd64/libnet.so
7f11e66a6000-7f11e68a5000 ---p 00017000 00:36 3945069                    /home/graal/graal/vm/mxbuild/linux-amd64/GRAALVM_CMP_GU_GVM_INS_JS_NJS_POLYNATIVE_PRO_PYN_RBY_RGX_SLG_STAGE1_SVM_TFL/graalvm-cmp-gu-gvm-ins-js-njs-polynative-pro-pyn-rby-rgx-slg-stage1-svm-tfl-1.0.0-rc3-dev/jre/lib/amd64/libnet.so
7f11e68a5000-7f11e68a6000 r--p 00016000 00:36 3945069                    /home/graal/graal/vm/mxbuild/linux-amd64/GRAALVM_CMP_GU_GVM_INS_JS_NJS_POLYNATIVE_PRO_PYN_RBY_RGX_SLG_STAGE1_SVM_TFL/graalvm-cmp-gu-gvm-ins-js-njs-polynative-pro-pyn-rby-rgx-slg-stage1-svm-tfl-1.0.0-rc3-dev/jre/lib/amd64/libnet.so
7f11e68a6000-7f11e68a7000 rw-p 00017000 00:36 3945069                    /home/graal/graal/vm/mxbuild/linux-amd64/GRAALVM_CMP_GU_GVM_INS_JS_NJS_POLYNATIVE_PRO_PYN_RBY_RGX_SLG_STAGE1_SVM_TFL/graalvm-cmp-gu-gvm-ins-js-njs-polynative-pro-pyn-rby-rgx-slg-stage1-svm-tfl-1.0.0-rc3-dev/jre/lib/amd64/libnet.so
7f11e68a7000-7f11e68b8000 r-xp 00000000 00:36 3945095                    /home/graal/graal/vm/mxbuild/linux-amd64/GRAALVM_CMP_GU_GVM_INS_JS_NJS_POLYNATIVE_PRO_PYN_RBY_RGX_SLG_STAGE1_SVM_TFL/graalvm-cmp-gu-gvm-ins-js-njs-polynative-pro-pyn-rby-rgx-slg-stage1-svm-tfl-1.0.0-rc3-dev/jre/lib/amd64/libnio.so
7f11e68b8000-7f11e6ab8000 ---p 00011000 00:36 3945095                    /home/graal/graal/vm/mxbuild/linux-amd64/GRAALVM_CMP_GU_GVM_INS_JS_NJS_POLYNATIVE_PRO_PYN_RBY_RGX_SLG_STAGE1_SVM_TFL/graalvm-cmp-gu-gvm-ins-js-njs-polynative-pro-pyn-rby-rgx-slg-stage1-svm-tfl-1.0.0-rc3-dev/jre/lib/amd64/libnio.so
7f11e6ab8000-7f11e6ab9000 r--p 00011000 00:36 3945095                    /home/graal/graal/vm/mxbuild/linux-amd64/GRAALVM_CMP_GU_GVM_INS_JS_NJS_POLYNATIVE_PRO_PYN_RBY_RGX_SLG_STAGE1_SVM_TFL/graalvm-cmp-gu-gvm-ins-js-njs-polynative-pro-pyn-rby-rgx-slg-stage1-svm-tfl-1.0.0-rc3-dev/jre/lib/amd64/libnio.so
7f11e6ab9000-7f11e6aba000 rw-p 00012000 00:36 3945095                    /home/graal/graal/vm/mxbuild/linux-amd64/GRAALVM_CMP_GU_GVM_INS_JS_NJS_POLYNATIVE_PRO_PYN_RBY_RGX_SLG_STAGE1_SVM_TFL/graalvm-cmp-gu-gvm-ins-js-njs-polynative-pro-pyn-rby-rgx-slg-stage1-svm-tfl-1.0.0-rc3-dev/jre/lib/amd64/libnio.so
7f11e6aba000-7f11e6abd000 ---p 00000000 00:00 0 
7f11e6abd000-7f11e74bb000 rw-p 00000000 00:00 0 
7f11e74bb000-7f11e74fe000 r--s 00717000 00:36 3944311                    /home/graal/graal/vm/mxbuild/linux-amd64/GRAALVM_CMP_GU_GVM_INS_JS_NJS_POLYNATIVE_PRO_PYN_RBY_RGX_SLG_STAGE1_SVM_TFL/graalvm-cmp-gu-gvm-ins-js-njs-polynative-pro-pyn-rby-rgx-slg-stage1-svm-tfl-1.0.0-rc3-dev/jre/lib/svm/builder/svm.jar
7f11e74fe000-7f11e74ff000 ---p 00000000 00:00 0 
7f11e74ff000-7f11e75ff000 rw-p 00000000 00:00 0 
7f11e75ff000-7f11e7602000 ---p 00000000 00:00 0 
7f11e7602000-7f11e8000000 rw-p 00000000 00:00 0 
7f11e8000000-7f11e85d7000 rw-p 00000000 00:00 0 
7f11e85d7000-7f11ec000000 ---p 00000000 00:00 0 
7f11ec000000-7f11ec008000 r--s 00045000 00:36 2514154                    /home/graal/.mx/cache/JUNIT_2973d150c0dc1fefe998f834810d68f278ea58ec.jar
7f11ec008000-7f11ec00c000 r--s 000ae000 00:36 3289866                    /home/graal/graal/sdk/mxbuild/dists/launcher-common.jar
7f11ec00c000-7f11ec00e000 r--s 00007000 00:36 3301666                    /home/graal/graal/truffle/mxbuild/dists/truffle-debug.jar
7f11ec00e000-7f11ec010000 r--s 00019000 00:36 3954570                    /home/graal/graal/vm/mxbuild/linux-amd64/GRAALVM_CMP_GU_GVM_INS_JS_NJS_POLYNATIVE_PRO_PYN_RBY_RGX_SLG_STAGE1_SVM_TFL/graalvm-cmp-gu-gvm-ins-js-njs-polynative-pro-pyn-rby-rgx-slg-stage1-svm-tfl-1.0.0-rc3-dev/jre/languages/ruby/truffleruby-shared.jar
7f11ec010000-7f11ec017000 r--s 00100000 00:36 3944313                    /home/graal/graal/vm/mxbuild/linux-amd64/GRAALVM_CMP_GU_GVM_INS_JS_NJS_POLYNATIVE_PRO_PYN_RBY_RGX_SLG_STAGE1_SVM_TFL/graalvm-cmp-gu-gvm-ins-js-njs-polynative-pro-pyn-rby-rgx-slg-stage1-svm-tfl-1.0.0-rc3-dev/jre/lib/svm/builder/pointsto.jar
7f11ec017000-7f11ec07e000 r--s 00eb7000 00:36 3958277                    /home/graal/graal/vm/mxbuild/linux-amd64/GRAALVM_CMP_GU_GVM_INS_JS_NJS_POLYNATIVE_PRO_PYN_RBY_RGX_SLG_STAGE1_SVM_TFL/graalvm-cmp-gu-gvm-ins-js-njs-polynative-pro-pyn-rby-rgx-slg-stage1-svm-tfl-1.0.0-rc3-dev/jre/lib/jvmci/graal.jar
7f11ec07e000-7f11ec0aa000 r--s 00c76000 00:36 3958279                    /home/graal/graal/vm/mxbuild/linux-amd64/GRAALVM_CMP_GU_GVM_INS_JS_NJS_POLYNATIVE_PRO_PYN_RBY_RGX_SLG_STAGE1_SVM_TFL/graalvm-cmp-gu-gvm-ins-js-njs-polynative-pro-pyn-rby-rgx-slg-stage1-svm-tfl-1.0.0-rc3-dev/jre/lib/jvmci/graal.src.zip
7f11ec0aa000-7f11ec0ce000 r--s 003b2000 00:36 3944297                    /home/graal/graal/vm/mxbuild/linux-amd64/GRAALVM_CMP_GU_GVM_INS_JS_NJS_POLYNATIVE_PRO_PYN_RBY_RGX_SLG_STAGE1_SVM_TFL/graalvm-cmp-gu-gvm-ins-js-njs-polynative-pro-pyn-rby-rgx-slg-stage1-svm-tfl-1.0.0-rc3-dev/jre/lib/truffle/truffle-api.jar
7f11ec0ce000-7f11ec0d1000 ---p 00000000 00:00 0 
7f11ec0d1000-7f11ec1cf000 rw-p 00000000 00:00 0 
7f11ec1cf000-7f11ec1d2000 ---p 00000000 00:00 0 
7f11ec1d2000-7f11ec2d0000 rw-p 00000000 00:00 0 
7f11ec2d0000-7f11ec2d3000 ---p 00000000 00:00 0 
7f11ec2d3000-7f11ec3d1000 rw-p 00000000 00:00 0 
7f11ec3d1000-7f11ec3d4000 ---p 00000000 00:00 0 
7f11ec3d4000-7f11ec4d2000 rw-p 00000000 00:00 0 
7f11ec4d2000-7f11ec4d5000 ---p 00000000 00:00 0 
7f11ec4d5000-7f11eced3000 rw-p 00000000 00:00 0 
7f11eced3000-7f11eced6000 ---p 00000000 00:00 0 
7f11eced6000-7f11ed8d4000 rw-p 00000000 00:00 0 
7f11ed8d4000-7f11ed8d7000 ---p 00000000 00:00 0 
7f11ed8d7000-7f11ee2d5000 rw-p 00000000 00:00 0 
7f11ee2d5000-7f11ee2d6000 ---p 00000000 00:00 0 
7f11ee2d6000-7f11efe32000 rw-p 00000000 00:00 0 
7f11efe32000-7f11f0000000 r--s 03c1a000 00:36 3945040                    /home/graal/graal/vm/mxbuild/linux-amd64/GRAALVM_CMP_GU_GVM_INS_JS_NJS_POLYNATIVE_PRO_PYN_RBY_RGX_SLG_STAGE1_SVM_TFL/graalvm-cmp-gu-gvm-ins-js-njs-polynative-pro-pyn-rby-rgx-slg-stage1-svm-tfl-1.0.0-rc3-dev/jre/lib/rt.jar
7f11f0000000-7f11f0337000 rw-p 00000000 00:00 0 
7f11f0337000-7f11f4000000 ---p 00000000 00:00 0 
7f11f4000000-7f11f4001000 r--s 00010000 00:36 3290053                    /home/graal/graal/compiler/mxbuild/dists/graal-options.jar
7f11f4001000-7f11f4008000 r--s 000b4000 00:36 3944312                    /home/graal/graal/vm/mxbuild/linux-amd64/GRAALVM_CMP_GU_GVM_INS_JS_NJS_POLYNATIVE_PRO_PYN_RBY_RGX_SLG_STAGE1_SVM_TFL/graalvm-cmp-gu-gvm-ins-js-njs-polynative-pro-pyn-rby-rgx-slg-stage1-svm-tfl-1.0.0-rc3-dev/jre/lib/svm/builder/objectfile.jar
7f11f4008000-7f11f400c000 r--s 00049000 00:36 3945057                    /home/graal/graal/vm/mxbuild/linux-amd64/GRAALVM_CMP_GU_GVM_INS_JS_NJS_POLYNATIVE_PRO_PYN_RBY_RGX_SLG_STAGE1_SVM_TFL/graalvm-cmp-gu-gvm-ins-js-njs-polynative-pro-pyn-rby-rgx-slg-stage1-svm-tfl-1.0.0-rc3-dev/jre/lib/jvmci/jvmci-api.jar
7f11f400c000-7f11f400f000 r--s 00071000 00:36 3945056                    /home/graal/graal/vm/mxbuild/linux-amd64/GRAALVM_CMP_GU_GVM_INS_JS_NJS_POLYNATIVE_PRO_PYN_RBY_RGX_SLG_STAGE1_SVM_TFL/graalvm-cmp-gu-gvm-ins-js-njs-polynative-pro-pyn-rby-rgx-slg-stage1-svm-tfl-1.0.0-rc3-dev/jre/lib/jvmci/jvmci-api.src.zip
7f11f400f000-7f11f4012000 r--s 00081000 00:36 3945055                    /home/graal/graal/vm/mxbuild/linux-amd64/GRAALVM_CMP_GU_GVM_INS_JS_NJS_POLYNATIVE_PRO_PYN_RBY_RGX_SLG_STAGE1_SVM_TFL/graalvm-cmp-gu-gvm-ins-js-njs-polynative-pro-pyn-rby-rgx-slg-stage1-svm-tfl-1.0.0-rc3-dev/jre/lib/jvmci/jvmci-hotspot.src.zip
7f11f4012000-7f11f62c2000 rw-p 00000000 00:00 0 
7f11f62c2000-7f11f62c3000 ---p 00000000 00:00 0 
7f11f62c3000-7f11f63c3000 rw-p 00000000 00:00 0 
7f11f63c3000-7f11f63c4000 ---p 00000000 00:00 0 
7f11f63c4000-7f11f64c4000 rw-p 00000000 00:00 0 
7f11f64c4000-7f11f64c5000 ---p 00000000 00:00 0 
7f11f64c5000-7f11f65c5000 rw-p 00000000 00:00 0 
7f11f65c5000-7f11f65c6000 ---p 00000000 00:00 0 
7f11f65c6000-7f11f66c6000 rw-p 00000000 00:00 0 
7f11f66c6000-7f11f66c7000 ---p 00000000 00:00 0 
7f11f66c7000-7f11f721c000 rw-p 00000000 00:00 0 
7f11f721c000-7f11f77ec000 ---p 00000000 00:00 0 
7f11f77ec000-7f11f7fff000 rw-p 00000000 00:00 0 
7f11f7fff000-7f11f8000000 rw-p 00000000 00:00 0 
7f11f8000000-7f11fb420000 rwxp 00000000 00:00 0 
7f11fb420000-7f120c000000 ---p 00000000 00:00 0 
7f120c000000-7f120c5b3000 rw-p 00000000 00:00 0 
7f120c5b3000-7f1210000000 ---p 00000000 00:00 0 
7f1210000000-7f1210001000 r--s 00002000 00:36 3954554                    /home/graal/graal/vm/mxbuild/linux-amd64/GRAALVM_CMP_GU_GVM_INS_JS_NJS_POLYNATIVE_PRO_PYN_RBY_RGX_SLG_STAGE1_SVM_TFL/graalvm-cmp-gu-gvm-ins-js-njs-polynative-pro-pyn-rby-rgx-slg-stage1-svm-tfl-1.0.0-rc3-dev/jre/lib/graalvm/sulong-launcher.jar
7f1210001000-7f12100da000 rw-p 00000000 00:00 0 
7f12100da000-7f12100db000 ---p 00000000 00:00 0 
7f12100db000-7f12101db000 rw-p 00000000 00:00 0 
7f12101db000-7f12101dc000 ---p 00000000 00:00 0 
7f12101dc000-7f1210d31000 rw-p 00000000 00:00 0 
7f1210d31000-7f1211302000 ---p 00000000 00:00 0 
7f1211302000-7f12113d3000 rw-p 00000000 00:00 0 
7f12113d3000-7f1211802000 ---p 00000000 00:00 0 
7f1211802000-7f121181c000 r-xp 00000000 00:36 3945072                    /home/graal/graal/vm/mxbuild/linux-amd64/GRAALVM_CMP_GU_GVM_INS_JS_NJS_POLYNATIVE_PRO_PYN_RBY_RGX_SLG_STAGE1_SVM_TFL/graalvm-cmp-gu-gvm-ins-js-njs-polynative-pro-pyn-rby-rgx-slg-stage1-svm-tfl-1.0.0-rc3-dev/jre/lib/amd64/libzip.so
7f121181c000-7f1211a1b000 ---p 0001a000 00:36 3945072                    /home/graal/graal/vm/mxbuild/linux-amd64/GRAALVM_CMP_GU_GVM_INS_JS_NJS_POLYNATIVE_PRO_PYN_RBY_RGX_SLG_STAGE1_SVM_TFL/graalvm-cmp-gu-gvm-ins-js-njs-polynative-pro-pyn-rby-rgx-slg-stage1-svm-tfl-1.0.0-rc3-dev/jre/lib/amd64/libzip.so
7f1211a1b000-7f1211a1c000 r--p 00019000 00:36 3945072                    /home/graal/graal/vm/mxbuild/linux-amd64/GRAALVM_CMP_GU_GVM_INS_JS_NJS_POLYNATIVE_PRO_PYN_RBY_RGX_SLG_STAGE1_SVM_TFL/graalvm-cmp-gu-gvm-ins-js-njs-polynative-pro-pyn-rby-rgx-slg-stage1-svm-tfl-1.0.0-rc3-dev/jre/lib/amd64/libzip.so
7f1211a1c000-7f1211a1d000 rw-p 0001a000 00:36 3945072                    /home/graal/graal/vm/mxbuild/linux-amd64/GRAALVM_CMP_GU_GVM_INS_JS_NJS_POLYNATIVE_PRO_PYN_RBY_RGX_SLG_STAGE1_SVM_TFL/graalvm-cmp-gu-gvm-ins-js-njs-polynative-pro-pyn-rby-rgx-slg-stage1-svm-tfl-1.0.0-rc3-dev/jre/lib/amd64/libzip.so
7f1211a1d000-7f1211a28000 r-xp 00000000 00:3b 47                         /lib/x86_64-linux-gnu/libnss_files-2.23.so
7f1211a28000-7f1211c27000 ---p 0000b000 00:3b 47                         /lib/x86_64-linux-gnu/libnss_files-2.23.so
7f1211c27000-7f1211c28000 r--p 0000a000 00:3b 47                         /lib/x86_64-linux-gnu/libnss_files-2.23.so
7f1211c28000-7f1211c29000 rw-p 0000b000 00:3b 47                         /lib/x86_64-linux-gnu/libnss_files-2.23.so
7f1211c29000-7f1211c2f000 rw-p 00000000 00:00 0 
7f1211c2f000-7f1211c3a000 r-xp 00000000 00:3b 45                         /lib/x86_64-linux-gnu/libnss_nis-2.23.so
7f1211c3a000-7f1211e39000 ---p 0000b000 00:3b 45                         /lib/x86_64-linux-gnu/libnss_nis-2.23.so
7f1211e39000-7f1211e3a000 r--p 0000a000 00:3b 45                         /lib/x86_64-linux-gnu/libnss_nis-2.23.so
7f1211e3a000-7f1211e3b000 rw-p 0000b000 00:3b 45                         /lib/x86_64-linux-gnu/libnss_nis-2.23.so
7f1211e3b000-7f1211e51000 r-xp 00000000 00:3b 43                         /lib/x86_64-linux-gnu/libnsl-2.23.so
7f1211e51000-7f1212050000 ---p 00016000 00:3b 43                         /lib/x86_64-linux-gnu/libnsl-2.23.so
7f1212050000-7f1212051000 r--p 00015000 00:3b 43                         /lib/x86_64-linux-gnu/libnsl-2.23.so
7f1212051000-7f1212052000 rw-p 00016000 00:3b 43                         /lib/x86_64-linux-gnu/libnsl-2.23.so
7f1212052000-7f1212054000 rw-p 00000000 00:00 0 
7f1212054000-7f121205c000 r-xp 00000000 00:3b 41                         /lib/x86_64-linux-gnu/libnss_compat-2.23.so
7f121205c000-7f121225b000 ---p 00008000 00:3b 41                         /lib/x86_64-linux-gnu/libnss_compat-2.23.so
7f121225b000-7f121225c000 r--p 00007000 00:3b 41                         /lib/x86_64-linux-gnu/libnss_compat-2.23.so
7f121225c000-7f121225d000 rw-p 00008000 00:3b 41                         /lib/x86_64-linux-gnu/libnss_compat-2.23.so
7f121225d000-7f121228b000 r-xp 00000000 00:36 3945063                    /home/graal/graal/vm/mxbuild/linux-amd64/GRAALVM_CMP_GU_GVM_INS_JS_NJS_POLYNATIVE_PRO_PYN_RBY_RGX_SLG_STAGE1_SVM_TFL/graalvm-cmp-gu-gvm-ins-js-njs-polynative-pro-pyn-rby-rgx-slg-stage1-svm-tfl-1.0.0-rc3-dev/jre/lib/amd64/libjava.so
7f121228b000-7f121248a000 ---p 0002e000 00:36 3945063                    /home/graal/graal/vm/mxbuild/linux-amd64/GRAALVM_CMP_GU_GVM_INS_JS_NJS_POLYNATIVE_PRO_PYN_RBY_RGX_SLG_STAGE1_SVM_TFL/graalvm-cmp-gu-gvm-ins-js-njs-polynative-pro-pyn-rby-rgx-slg-stage1-svm-tfl-1.0.0-rc3-dev/jre/lib/amd64/libjava.so
7f121248a000-7f121248b000 r--p 0002d000 00:36 3945063                    /home/graal/graal/vm/mxbuild/linux-amd64/GRAALVM_CMP_GU_GVM_INS_JS_NJS_POLYNATIVE_PRO_PYN_RBY_RGX_SLG_STAGE1_SVM_TFL/graalvm-cmp-gu-gvm-ins-js-njs-polynative-pro-pyn-rby-rgx-slg-stage1-svm-tfl-1.0.0-rc3-dev/jre/lib/amd64/libjava.so
7f121248b000-7f121248d000 rw-p 0002e000 00:36 3945063                    /home/graal/graal/vm/mxbuild/linux-amd64/GRAALVM_CMP_GU_GVM_INS_JS_NJS_POLYNATIVE_PRO_PYN_RBY_RGX_SLG_STAGE1_SVM_TFL/graalvm-cmp-gu-gvm-ins-js-njs-polynative-pro-pyn-rby-rgx-slg-stage1-svm-tfl-1.0.0-rc3-dev/jre/lib/amd64/libjava.so
7f121248d000-7f121249a000 r-xp 00000000 00:36 3945097                    /home/graal/graal/vm/mxbuild/linux-amd64/GRAALVM_CMP_GU_GVM_INS_JS_NJS_POLYNATIVE_PRO_PYN_RBY_RGX_SLG_STAGE1_SVM_TFL/graalvm-cmp-gu-gvm-ins-js-njs-polynative-pro-pyn-rby-rgx-slg-stage1-svm-tfl-1.0.0-rc3-dev/jre/lib/amd64/libverify.so
7f121249a000-7f1212699000 ---p 0000d000 00:36 3945097                    /home/graal/graal/vm/mxbuild/linux-amd64/GRAALVM_CMP_GU_GVM_INS_JS_NJS_POLYNATIVE_PRO_PYN_RBY_RGX_SLG_STAGE1_SVM_TFL/graalvm-cmp-gu-gvm-ins-js-njs-polynative-pro-pyn-rby-rgx-slg-stage1-svm-tfl-1.0.0-rc3-dev/jre/lib/amd64/libverify.so
7f1212699000-7f121269b000 r--p 0000c000 00:36 3945097                    /home/graal/graal/vm/mxbuild/linux-amd64/GRAALVM_CMP_GU_GVM_INS_JS_NJS_POLYNATIVE_PRO_PYN_RBY_RGX_SLG_STAGE1_SVM_TFL/graalvm-cmp-gu-gvm-ins-js-njs-polynative-pro-pyn-rby-rgx-slg-stage1-svm-tfl-1.0.0-rc3-dev/jre/lib/amd64/libverify.so
7f121269b000-7f121269c000 rw-p 0000e000 00:36 3945097                    /home/graal/graal/vm/mxbuild/linux-amd64/GRAALVM_CMP_GU_GVM_INS_JS_NJS_POLYNATIVE_PRO_PYN_RBY_RGX_SLG_STAGE1_SVM_TFL/graalvm-cmp-gu-gvm-ins-js-njs-polynative-pro-pyn-rby-rgx-slg-stage1-svm-tfl-1.0.0-rc3-dev/jre/lib/amd64/libverify.so
7f121269c000-7f12126a3000 r-xp 00000000 00:3b 70                         /lib/x86_64-linux-gnu/librt-2.23.so
7f12126a3000-7f12128a2000 ---p 00007000 00:3b 70                         /lib/x86_64-linux-gnu/librt-2.23.so
7f12128a2000-7f12128a3000 r--p 00006000 00:3b 70                         /lib/x86_64-linux-gnu/librt-2.23.so
7f12128a3000-7f12128a4000 rw-p 00007000 00:3b 70                         /lib/x86_64-linux-gnu/librt-2.23.so
7f12128a4000-7f12128a7000 ---p 00000000 00:00 0 
7f12128a7000-7f12132a5000 rw-p 00000000 00:00 0 
7f12132a5000-7f12133ad000 r-xp 00000000 00:3b 68                         /lib/x86_64-linux-gnu/libm-2.23.so
7f12133ad000-7f12135ac000 ---p 00108000 00:3b 68                         /lib/x86_64-linux-gnu/libm-2.23.so
7f12135ac000-7f12135ad000 r--p 00107000 00:3b 68                         /lib/x86_64-linux-gnu/libm-2.23.so
7f12135ad000-7f12135ae000 rw-p 00108000 00:3b 68                         /lib/x86_64-linux-gnu/libm-2.23.so
7f12135ae000-7f121428f000 r-xp 00000000 00:36 3945086                    /home/graal/graal/vm/mxbuild/linux-amd64/GRAALVM_CMP_GU_GVM_INS_JS_NJS_POLYNATIVE_PRO_PYN_RBY_RGX_SLG_STAGE1_SVM_TFL/graalvm-cmp-gu-gvm-ins-js-njs-polynative-pro-pyn-rby-rgx-slg-stage1-svm-tfl-1.0.0-rc3-dev/jre/lib/amd64/server/libjvm.so
7f121428f000-7f121448e000 ---p 00ce1000 00:36 3945086                    /home/graal/graal/vm/mxbuild/linux-amd64/GRAALVM_CMP_GU_GVM_INS_JS_NJS_POLYNATIVE_PRO_PYN_RBY_RGX_SLG_STAGE1_SVM_TFL/graalvm-cmp-gu-gvm-ins-js-njs-polynative-pro-pyn-rby-rgx-slg-stage1-svm-tfl-1.0.0-rc3-dev/jre/lib/amd64/server/libjvm.so
7f121448e000-7f1214523000 r--p 00ce0000 00:36 3945086                    /home/graal/graal/vm/mxbuild/linux-amd64/GRAALVM_CMP_GU_GVM_INS_JS_NJS_POLYNATIVE_PRO_PYN_RBY_RGX_SLG_STAGE1_SVM_TFL/graalvm-cmp-gu-gvm-ins-js-njs-polynative-pro-pyn-rby-rgx-slg-stage1-svm-tfl-1.0.0-rc3-dev/jre/lib/amd64/server/libjvm.so
7f1214523000-7f121454e000 rw-p 00d75000 00:36 3945086                    /home/graal/graal/vm/mxbuild/linux-amd64/GRAALVM_CMP_GU_GVM_INS_JS_NJS_POLYNATIVE_PRO_PYN_RBY_RGX_SLG_STAGE1_SVM_TFL/graalvm-cmp-gu-gvm-ins-js-njs-polynative-pro-pyn-rby-rgx-slg-stage1-svm-tfl-1.0.0-rc3-dev/jre/lib/amd64/server/libjvm.so
7f121454e000-7f1214580000 rw-p 00000000 00:00 0 
7f1214580000-7f1214598000 r-xp 00000000 00:3b 59                         /lib/x86_64-linux-gnu/libpthread-2.23.so
7f1214598000-7f1214797000 ---p 00018000 00:3b 59                         /lib/x86_64-linux-gnu/libpthread-2.23.so
7f1214797000-7f1214798000 r--p 00017000 00:3b 59                         /lib/x86_64-linux-gnu/libpthread-2.23.so
7f1214798000-7f1214799000 rw-p 00018000 00:3b 59                         /lib/x86_64-linux-gnu/libpthread-2.23.so
7f1214799000-7f121479d000 rw-p 00000000 00:00 0 
7f121479d000-7f12147a0000 r-xp 00000000 00:3b 33                         /lib/x86_64-linux-gnu/libdl-2.23.so
7f12147a0000-7f121499f000 ---p 00003000 00:3b 33                         /lib/x86_64-linux-gnu/libdl-2.23.so
7f121499f000-7f12149a0000 r--p 00002000 00:3b 33                         /lib/x86_64-linux-gnu/libdl-2.23.so
7f12149a0000-7f12149a1000 rw-p 00003000 00:3b 33                         /lib/x86_64-linux-gnu/libdl-2.23.so
7f12149a1000-7f1214b61000 r-xp 00000000 00:3b 35                         /lib/x86_64-linux-gnu/libc-2.23.so
7f1214b61000-7f1214d61000 ---p 001c0000 00:3b 35                         /lib/x86_64-linux-gnu/libc-2.23.so
7f1214d61000-7f1214d65000 r--p 001c0000 00:3b 35                         /lib/x86_64-linux-gnu/libc-2.23.so
7f1214d65000-7f1214d67000 rw-p 001c4000 00:3b 35                         /lib/x86_64-linux-gnu/libc-2.23.so
7f1214d67000-7f1214d6b000 rw-p 00000000 00:00 0 
7f1214d6b000-7f1214d82000 r-xp 00000000 00:36 3945125                    /home/graal/graal/vm/mxbuild/linux-amd64/GRAALVM_CMP_GU_GVM_INS_JS_NJS_POLYNATIVE_PRO_PYN_RBY_RGX_SLG_STAGE1_SVM_TFL/graalvm-cmp-gu-gvm-ins-js-njs-polynative-pro-pyn-rby-rgx-slg-stage1-svm-tfl-1.0.0-rc3-dev/lib/amd64/jli/libjli.so
7f1214d82000-7f1214f81000 ---p 00017000 00:36 3945125                    /home/graal/graal/vm/mxbuild/linux-amd64/GRAALVM_CMP_GU_GVM_INS_JS_NJS_POLYNATIVE_PRO_PYN_RBY_RGX_SLG_STAGE1_SVM_TFL/graalvm-cmp-gu-gvm-ins-js-njs-polynative-pro-pyn-rby-rgx-slg-stage1-svm-tfl-1.0.0-rc3-dev/lib/amd64/jli/libjli.so
7f1214f81000-7f1214f82000 r--p 00016000 00:36 3945125                    /home/graal/graal/vm/mxbuild/linux-amd64/GRAALVM_CMP_GU_GVM_INS_JS_NJS_POLYNATIVE_PRO_PYN_RBY_RGX_SLG_STAGE1_SVM_TFL/graalvm-cmp-gu-gvm-ins-js-njs-polynative-pro-pyn-rby-rgx-slg-stage1-svm-tfl-1.0.0-rc3-dev/lib/amd64/jli/libjli.so
7f1214f82000-7f1214f83000 rw-p 00017000 00:36 3945125                    /home/graal/graal/vm/mxbuild/linux-amd64/GRAALVM_CMP_GU_GVM_INS_JS_NJS_POLYNATIVE_PRO_PYN_RBY_RGX_SLG_STAGE1_SVM_TFL/graalvm-cmp-gu-gvm-ins-js-njs-polynative-pro-pyn-rby-rgx-slg-stage1-svm-tfl-1.0.0-rc3-dev/lib/amd64/jli/libjli.so
7f1214f83000-7f1214fa9000 r-xp 00000000 00:3b 28                         /lib/x86_64-linux-gnu/ld-2.23.so
7f1214fa9000-7f1214faa000 r--s 00010000 00:36 3945112                    /home/graal/graal/vm/mxbuild/linux-amd64/GRAALVM_CMP_GU_GVM_INS_JS_NJS_POLYNATIVE_PRO_PYN_RBY_RGX_SLG_STAGE1_SVM_TFL/graalvm-cmp-gu-gvm-ins-js-njs-polynative-pro-pyn-rby-rgx-slg-stage1-svm-tfl-1.0.0-rc3-dev/jre/lib/ext/zipfs.jar
7f1214faa000-7f1214fab000 r--s 00004000 00:36 3958280                    /home/graal/graal/vm/mxbuild/linux-amd64/GRAALVM_CMP_GU_GVM_INS_JS_NJS_POLYNATIVE_PRO_PYN_RBY_RGX_SLG_STAGE1_SVM_TFL/graalvm-cmp-gu-gvm-ins-js-njs-polynative-pro-pyn-rby-rgx-slg-stage1-svm-tfl-1.0.0-rc3-dev/jre/lib/jvmci/graal-management.src.zip
7f1214fab000-7f1214fac000 r--s 00004000 00:36 3958278                    /home/graal/graal/vm/mxbuild/linux-amd64/GRAALVM_CMP_GU_GVM_INS_JS_NJS_POLYNATIVE_PRO_PYN_RBY_RGX_SLG_STAGE1_SVM_TFL/graalvm-cmp-gu-gvm-ins-js-njs-polynative-pro-pyn-rby-rgx-slg-stage1-svm-tfl-1.0.0-rc3-dev/jre/lib/jvmci/graal-management.jar
7f1214fac000-7f1214fb0000 r--s 00074000 00:36 3945054                    /home/graal/graal/vm/mxbuild/linux-amd64/GRAALVM_CMP_GU_GVM_INS_JS_NJS_POLYNATIVE_PRO_PYN_RBY_RGX_SLG_STAGE1_SVM_TFL/graalvm-cmp-gu-gvm-ins-js-njs-polynative-pro-pyn-rby-rgx-slg-stage1-svm-tfl-1.0.0-rc3-dev/jre/lib/jvmci/jvmci-hotspot.jar
7f1214fb0000-7f1214fba000 r--s 000c6000 00:36 3944301                    /home/graal/graal/vm/mxbuild/linux-amd64/GRAALVM_CMP_GU_GVM_INS_JS_NJS_POLYNATIVE_PRO_PYN_RBY_RGX_SLG_STAGE1_SVM_TFL/graalvm-cmp-gu-gvm-ins-js-njs-polynative-pro-pyn-rby-rgx-slg-stage1-svm-tfl-1.0.0-rc3-dev/jre/lib/truffle/truffle-nfi.jar
7f1214fba000-7f1214fbb000 r--s 00002000 00:36 3944305                    /home/graal/graal/vm/mxbuild/linux-amd64/GRAALVM_CMP_GU_GVM_INS_JS_NJS_POLYNATIVE_PRO_PYN_RBY_RGX_SLG_STAGE1_SVM_TFL/graalvm-cmp-gu-gvm-ins-js-njs-polynative-pro-pyn-rby-rgx-slg-stage1-svm-tfl-1.0.0-rc3-dev/jre/lib/truffle/locator.jar
7f1214fbb000-7f1214fbf000 r--s 0009b000 00:36 3945153                    /home/graal/graal/vm/mxbuild/linux-amd64/GRAALVM_CMP_GU_GVM_INS_JS_NJS_POLYNATIVE_PRO_PYN_RBY_RGX_SLG_STAGE1_SVM_TFL/graalvm-cmp-gu-gvm-ins-js-njs-polynative-pro-pyn-rby-rgx-slg-stage1-svm-tfl-1.0.0-rc3-dev/jre/lib/boot/graal-sdk.src.zip
7f1214fbf000-7f1214fc4000 r--s 0004c000 00:36 3945152                    /home/graal/graal/vm/mxbuild/linux-amd64/GRAALVM_CMP_GU_GVM_INS_JS_NJS_POLYNATIVE_PRO_PYN_RBY_RGX_SLG_STAGE1_SVM_TFL/graalvm-cmp-gu-gvm-ins-js-njs-polynative-pro-pyn-rby-rgx-slg-stage1-svm-tfl-1.0.0-rc3-dev/jre/lib/boot/graal-sdk.jar
7f1214fc4000-7f1215095000 rw-p 00000000 00:00 0 
7f1215095000-7f1215096000 ---p 00000000 00:00 0 
7f1215096000-7f1215196000 rw-p 00000000 00:00 0 
7f1215196000-7f121519e000 rw-s 00000000 00:3b 2523                       /tmp/hsperfdata_graal/26784
7f121519e000-7f12151a2000 rw-p 00000000 00:00 0 
7f12151a2000-7f12151a3000 r--s 00006000 00:36 3945155                    /home/graal/graal/vm/mxbuild/linux-amd64/GRAALVM_CMP_GU_GVM_INS_JS_NJS_POLYNATIVE_PRO_PYN_RBY_RGX_SLG_STAGE1_SVM_TFL/graalvm-cmp-gu-gvm-ins-js-njs-polynative-pro-pyn-rby-rgx-slg-stage1-svm-tfl-1.0.0-rc3-dev/jre/lib/boot/graaljs-scriptengine.src.zip
7f12151a3000-7f12151a4000 r--s 00007000 00:36 3945154                    /home/graal/graal/vm/mxbuild/linux-amd64/GRAALVM_CMP_GU_GVM_INS_JS_NJS_POLYNATIVE_PRO_PYN_RBY_RGX_SLG_STAGE1_SVM_TFL/graalvm-cmp-gu-gvm-ins-js-njs-polynative-pro-pyn-rby-rgx-slg-stage1-svm-tfl-1.0.0-rc3-dev/jre/lib/boot/graaljs-scriptengine.jar
7f12151a4000-7f12151a5000 r--s 00003000 00:36 3945014                    /home/graal/graal/vm/mxbuild/linux-amd64/GRAALVM_CMP_GU_GVM_INS_JS_NJS_POLYNATIVE_PRO_PYN_RBY_RGX_SLG_STAGE1_SVM_TFL/graalvm-cmp-gu-gvm-ins-js-njs-polynative-pro-pyn-rby-rgx-slg-stage1-svm-tfl-1.0.0-rc3-dev/jre/lib/jvmci-services.jar
7f12151a5000-7f12151a6000 rw-p 00000000 00:00 0 
7f12151a6000-7f12151a7000 ---p 00000000 00:00 0 
7f12151a7000-7f12151a8000 rw-p 00000000 00:00 0 
7f12151a8000-7f12151a9000 r--p 00025000 00:3b 28                         /lib/x86_64-linux-gnu/ld-2.23.so
7f12151a9000-7f12151aa000 rw-p 00026000 00:3b 28                         /lib/x86_64-linux-gnu/ld-2.23.so
7f12151aa000-7f12151ab000 rw-p 00000000 00:00 0 
7ffcb1f01000-7ffcb1f25000 rw-p 00000000 00:00 0                          [stack]
7ffcb1f28000-7ffcb1f2b000 r--p 00000000 00:00 0                          [vvar]
7ffcb1f2b000-7ffcb1f2d000 r-xp 00000000 00:00 0                          [vdso]
ffffffffff600000-ffffffffff601000 r-xp 00000000 00:00 0                  [vsyscall]

VM Arguments:
jvm_args: -Xbootclasspath/a:/home/graal/graal/vm/mxbuild/linux-amd64/GRAALVM_CMP_GU_GVM_INS_JS_NJS_POLYNATIVE_PRO_PYN_RBY_RGX_SLG_STAGE1_SVM_TFL/graalvm-cmp-gu-gvm-ins-js-njs-polynative-pro-pyn-rby-rgx-slg-stage1-svm-tfl-1.0.0-rc3-dev/jre/lib/boot/graaljs-scriptengine.jar:/home/graal/graal/vm/mxbuild/linux-amd64/GRAALVM_CMP_GU_GVM_INS_JS_NJS_POLYNATIVE_PRO_PYN_RBY_RGX_SLG_STAGE1_SVM_TFL/graalvm-cmp-gu-gvm-ins-js-njs-polynative-pro-pyn-rby-rgx-slg-stage1-svm-tfl-1.0.0-rc3-dev/jre/lib/boot/graal-sdk.jar:/home/graal/graal/vm/mxbuild/linux-amd64/GRAALVM_CMP_GU_GVM_INS_JS_NJS_POLYNATIVE_PRO_PYN_RBY_RGX_SLG_STAGE1_SVM_TFL/graalvm-cmp-gu-gvm-ins-js-njs-polynative-pro-pyn-rby-rgx-slg-stage1-svm-tfl-1.0.0-rc3-dev/jre/lib/truffle/truffle-api.jar -Xverify:none -XX:+UnlockExperimentalVMOptions -XX:+EnableJVMCI -XX:-UseJVMCIClassLoader -XX:+UseJVMCICompiler -Dgraal.CompileGraalWithC1Only=false -XX:CICompilerCount=4 -Dgraal.VerifyGraalGraphs=false -Dgraal.VerifyGraalGraphEdges=false -Dgraal.VerifyGraalPhasesSize=false -Dgraal.VerifyPhases=false -Dgraal.EagerSnippets=true -Xss10m -Xms1g -Duser.country=US -Duser.language=en -Dsubstratevm.version=dev -Dgraalvm.version=dev -Dorg.graalvm.version=dev -Dcom.oracle.graalvm.isaot=true -Djvmci.class.path.append=/home/graal/graal/vm/mxbuild/linux-amd64/GRAALVM_CMP_GU_GVM_INS_JS_NJS_POLYNATIVE_PRO_PYN_RBY_RGX_SLG_STAGE1_SVM_TFL/graalvm-cmp-gu-gvm-ins-js-njs-polynative-pro-pyn-rby-rgx-slg-stage1-svm-tfl-1.0.0-rc3-dev/jre/lib/jvmci/graal.jar -Dgraalvm.locatorDisabled=true -Dtruffle.TrustAllTruffleRuntimeProviders=true -Dtruffleruby.preinitialization.home=/home/graal/graal/vm/mxbuild/linux-amd64/GRAALVM_CMP_GU_GVM_INS_JS_NJS_POLYNATIVE_PRO_PYN_RBY_RGX_SLG_STAGE1_SVM_TFL/graalvm-cmp-gu-gvm-ins-js-njs-polynative-pro-pyn-rby-rgx-slg-stage1-svm-tfl-1.0.0-rc3-dev/jre/languages/ruby -Dpolyglot.engine.PreinitializeContexts=ruby,js,python -Xmx13002342400 -Dorg.graalvm.version=1.0.0-rc3-dev -Dgraalvm.version=1.0.0-rc3-dev -Dgraalvm.libpolyglot=true -Dorg.graalvm.polyglot.install_name_id=@rpath/jre/lib/polyglot/libpolyglot.so -Dorg.graalvm.polyglot.nativeapi.libraryPath=/home/graal/graal/substratevm/mxbuild/linux-amd64/POLYGLOT_NATIVE_API_HEADERS -Dorg.graalvm.polyglot.nativeapi.nativeLibraryPath=/home/graal/graal/substratevm/mxbuild/linux-amd64/POLYGLOT_NATIVE_API_SUPPORT -Dcom.oracle.graalvm.launcher.launcherclasses=com.oracle.truffle.llvm.launcher.LLVMLauncher,org.truffleruby.launcher.RubyLauncher,com.oracle.truffle.js.shell.JSLauncher,com.oracle.graal.python.shell.GraalPythonMain -Dorg.graalvm.launcher.classpath=jre/lib/graalvm/*:jre/lib/graalvm/launcher-common.jar:jre/lib/graalvm/sulong-launcher.jar:jre/languages/ruby/truffleruby-annotations.jar:jre/languages/ruby/truffleruby-shared.jar:jre/lib/graalvm/truffleruby-launcher.jar:jre/lib/graalvm/graaljs-launcher.jar:jre/lib/graalvm/graalpython-launcher.jar 
java_command: com.oracle.svm.hosted.NativeImageGeneratorRunner -imagecp /home/graal/graal/vm/mxbuild/linux-amd64/GRAALVM_CMP_GU_GVM_INS_JS_NJS_POLYNATIVE_PRO_PYN_RBY_RGX_SLG_STAGE1_SVM_TFL/graalvm-cmp-gu-gvm-ins-js-njs-polynative-pro-pyn-rby-rgx-slg-stage1-svm-tfl-1.0.0-rc3-dev/jre/lib/boot/graaljs-scriptengine.jar:/home/graal/graal/vm/mxbuild/linux-amd64/GRAALVM_CMP_GU_GVM_INS_JS_NJS_POLYNATIVE_PRO_PYN_RBY_RGX_SLG_STAGE1_SVM_TFL/graalvm-cmp-gu-gvm-ins-js-njs-polynative-pro-pyn-rby-rgx-slg-stage1-svm-tfl-1.0.0-rc3-dev/jre/lib/boot/graal-sdk.jar:/home/graal/graal/vm/mxbuild/linux-amd64/GRAALVM_CMP_GU_GVM_INS_JS_NJS_POLYNATIVE_PRO_PYN_RBY_RGX_SLG_STAGE1_SVM_TFL/graalvm-cmp-gu-gvm-ins-js-njs-polynative-pro-pyn-rby-rgx-slg-stage1-svm-tfl-1.0.0-rc3-dev/jre/lib/truffle/truffle-api.jar:/home/graal/graal/vm/mxbuild/linux-amd64/GRAALVM_CMP_GU_GVM_INS_JS_NJS_POLYNATIVE_PRO_PYN_RBY_RGX_SLG_STAGE1_SVM_TFL/graalvm-cmp-gu-gvm-ins-js-njs-polynative-pro-pyn-rby-rgx-slg-stage1-svm-tfl-1.0.0-rc3-dev/jre/lib/svm/builder/svm.jar:/home/graal/graal/vm/mxbuild/linux-amd64/GRAALVM_CMP_GU_GVM_INS_JS_NJS_POLYNATIVE_PRO_PYN_RBY_RGX_SLG_STAGE1_SVM_TFL/graalvm-cmp-gu-gvm-ins-js-njs-polynative-pro-pyn-rby-rgx-slg-stage1-svm-tfl-1.0.0-rc3-dev/jre/lib/svm/builder/objectfile.jar:/home/graal/graal/vm/mxbuild/linux-amd64/GRAALVM_CMP_GU_GVM_INS_JS_NJS_POLYNATIVE_PRO_PYN_RBY_RGX_SLG_STAGE1_SVM_TFL/graalvm-cmp-gu-gvm-ins-js-njs-polynative-pro-pyn-rby-rgx-slg-stage1-svm-tfl-1.0.0-rc3-dev/jre/lib/svm/builder/pointsto.jar:/home/graal/graal/vm/mxbuild/linux-amd64/GRAALVM_CMP_GU_GVM_INS_JS_NJS_POLYNATIVE_PRO_PYN_RBY_RGX_SLG_STAGE1_SVM_TFL/graalvm-cmp-gu-gvm-ins-js-njs-polynative-pro-pyn-rby-rgx-slg-stage1-svm-tfl-1.0.0-rc3-dev/jre/lib/jvmci/jvmci-hotspot.jar:/home/graal/graal/vm/mxbuild/linux-amd64/GRAALVM_CMP_GU_GVM_INS_JS_NJS_POLYNATIVE_PRO_PYN_RBY_RGX_SLG_STAGE1_SVM_TFL/graalvm-cmp-gu-gvm-ins-js-njs-polynative-pro-pyn-rby-rgx-slg-stage1-svm-tfl-1.0.0-rc3-dev/jre/lib/jvmci/graal-management.jar:/home/graa
java_class_path (initial): /home/graal/graal/vm/mxbuild/linux-amd64/GRAALVM_CMP_GU_GVM_INS_JS_NJS_POLYNATIVE_PRO_PYN_RBY_RGX_SLG_STAGE1_SVM_TFL/graalvm-cmp-gu-gvm-ins-js-njs-polynative-pro-pyn-rby-rgx-slg-stage1-svm-tfl-1.0.0-rc3-dev/jre/lib/svm/builder/svm.jar:/home/graal/graal/vm/mxbuild/linux-amd64/GRAALVM_CMP_GU_GVM_INS_JS_NJS_POLYNATIVE_PRO_PYN_RBY_RGX_SLG_STAGE1_SVM_TFL/graalvm-cmp-gu-gvm-ins-js-njs-polynative-pro-pyn-rby-rgx-slg-stage1-svm-tfl-1.0.0-rc3-dev/jre/lib/svm/builder/objectfile.jar:/home/graal/graal/vm/mxbuild/linux-amd64/GRAALVM_CMP_GU_GVM_INS_JS_NJS_POLYNATIVE_PRO_PYN_RBY_RGX_SLG_STAGE1_SVM_TFL/graalvm-cmp-gu-gvm-ins-js-njs-polynative-pro-pyn-rby-rgx-slg-stage1-svm-tfl-1.0.0-rc3-dev/jre/lib/svm/builder/pointsto.jar:/home/graal/graal/vm/mxbuild/linux-amd64/GRAALVM_CMP_GU_GVM_INS_JS_NJS_POLYNATIVE_PRO_PYN_RBY_RGX_SLG_STAGE1_SVM_TFL/graalvm-cmp-gu-gvm-ins-js-njs-polynative-pro-pyn-rby-rgx-slg-stage1-svm-tfl-1.0.0-rc3-dev/jre/lib/jvmci/jvmci-hotspot.jar:/home/graal/graal/vm/mxbuild/linux-amd64/GRAALVM_CMP_GU_GVM_INS_JS_NJS_POLYNATIVE_PRO_PYN_RBY_RGX_SLG_STAGE1_SVM_TFL/graalvm-cmp-gu-gvm-ins-js-njs-polynative-pro-pyn-rby-rgx-slg-stage1-svm-tfl-1.0.0-rc3-dev/jre/lib/jvmci/graal-management.jar:/home/graal/graal/vm/mxbuild/linux-amd64/GRAALVM_CMP_GU_GVM_INS_JS_NJS_POLYNATIVE_PRO_PYN_RBY_RGX_SLG_STAGE1_SVM_TFL/graalvm-cmp-gu-gvm-ins-js-njs-polynative-pro-pyn-rby-rgx-slg-stage1-svm-tfl-1.0.0-rc3-dev/jre/lib/jvmci/graal.jar:/home/graal/graal/vm/mxbuild/linux-amd64/GRAALVM_CMP_GU_GVM_INS_JS_NJS_POLYNATIVE_PRO_PYN_RBY_RGX_SLG_STAGE1_SVM_TFL/graalvm-cmp-gu-gvm-ins-js-njs-polynative-pro-pyn-rby-rgx-slg-stage1-svm-tfl-1.0.0-rc3-dev/jre/lib/jvmci/jvmci-api.jar:/home/graal/graal/vm/mxbuild/linux-amd64/GRAALVM_CMP_GU_GVM_INS_JS_NJS_POLYNATIVE_PRO_PYN_RBY_RGX_SLG_STAGE1_SVM_TFL/graalvm-cmp-gu-gvm-ins-js-njs-polynative-pro-pyn-rby-rgx-slg-stage1-svm-tfl-1.0.0-rc3-dev/jre/lib/truffle/truffle-nfi.jar
Launcher Type: SUN_STANDARD

Environment Variables:
JAVA_HOME=/home/graal/graal-jvmci-8/openjdk1.8.0-internal/linux-amd64/product
PATH=/opt/java/openjdk/jdk8u144-b01/bin:/usr/lib/llvm-6.0/bin:/opt/java/openjdk/jdk8u144-b01/bin:/usr/local/sbin:/usr/local/bin:/usr/sbin:/usr/bin:/sbin:/bin

Signal Handlers:
SIGSEGV: [libjvm.so+0xad2560], sa_mask[0]=11111111011111111101111111111110, sa_flags=SA_RESTART|SA_SIGINFO
SIGBUS: [libjvm.so+0xad2560], sa_mask[0]=11111111011111111101111111111110, sa_flags=SA_RESTART|SA_SIGINFO
SIGFPE: [libjvm.so+0x916b30], sa_mask[0]=11111111011111111101111111111110, sa_flags=SA_RESTART|SA_SIGINFO
SIGPIPE: [libjvm.so+0x916b30], sa_mask[0]=11111111011111111101111111111110, sa_flags=SA_RESTART|SA_SIGINFO
SIGXFSZ: [libjvm.so+0x916b30], sa_mask[0]=11111111011111111101111111111110, sa_flags=SA_RESTART|SA_SIGINFO
SIGILL: [libjvm.so+0x916b30], sa_mask[0]=11111111011111111101111111111110, sa_flags=SA_RESTART|SA_SIGINFO
SIGUSR1: SIG_DFL, sa_mask[0]=00000000000000000000000000000000, sa_flags=none
SIGUSR2: [libjvm.so+0x9169e0], sa_mask[0]=00100000000000000000000000000000, sa_flags=SA_RESTART|SA_SIGINFO
SIGHUP: [libjvm.so+0x916eb0], sa_mask[0]=11111111011111111101111111111110, sa_flags=SA_RESTART|SA_SIGINFO
SIGINT: [libjvm.so+0x916eb0], sa_mask[0]=11111111011111111101111111111110, sa_flags=SA_RESTART|SA_SIGINFO
SIGTERM: [libjvm.so+0x916eb0], sa_mask[0]=11111111011111111101111111111110, sa_flags=SA_RESTART|SA_SIGINFO
SIGQUIT: [libjvm.so+0x916eb0], sa_mask[0]=11111111011111111101111111111110, sa_flags=SA_RESTART|SA_SIGINFO


---------------  S Y S T E M  ---------------

OS:DISTRIB_ID=Ubuntu
DISTRIB_RELEASE=16.04
DISTRIB_CODENAME=xenial
DISTRIB_DESCRIPTION="Ubuntu 16.04.3 LTS"

uname:Linux 4.15.0-22-generic #24-Ubuntu SMP Wed May 16 12:15:17 UTC 2018 x86_64
libc:glibc 2.23 NPTL 2.23 
rlimit: STACK 8192k, CORE infinity, NPROC infinity, NOFILE 1048576, AS infinity
load average:5.29 4.51 3.02

/proc/meminfo:
MemTotal:       15872000 kB
MemFree:          256924 kB
MemAvailable:     188332 kB
Buffers:            4452 kB
Cached:           293612 kB
SwapCached:       316588 kB
Active:         13258008 kB
Inactive:        1726376 kB
Active(anon):   13237624 kB
Inactive(anon):  1622264 kB
Active(file):      20384 kB
Inactive(file):   104112 kB
Unevictable:         676 kB
Mlocked:             676 kB
SwapTotal:       3999228 kB
SwapFree:        1464572 kB
Dirty:               176 kB
Writeback:             0 kB
AnonPages:      14514176 kB
Mapped:           273032 kB
Shmem:            174924 kB
Slab:             285136 kB
SReclaimable:      85016 kB
SUnreclaim:       200120 kB
KernelStack:       25536 kB
PageTables:       143372 kB
NFS_Unstable:          0 kB
Bounce:                0 kB
WritebackTmp:          0 kB
CommitLimit:    11935228 kB
Committed_AS:   32193864 kB
VmallocTotal:   34359738367 kB
VmallocUsed:           0 kB
VmallocChunk:          0 kB
HardwareCorrupted:     0 kB
AnonHugePages:         0 kB
ShmemHugePages:        0 kB
ShmemPmdMapped:        0 kB
CmaTotal:              0 kB
CmaFree:               0 kB
HugePages_Total:       0
HugePages_Free:        0
HugePages_Rsvd:        0
HugePages_Surp:        0
Hugepagesize:       2048 kB
DirectMap4k:      925316 kB
DirectMap2M:    15292416 kB
DirectMap1G:           0 kB


CPU:total 8 (initial active 8) (4 cores per cpu, 2 threads per core) family 6 model 158 stepping 9, cmov, cx8, fxsr, mmx, sse, sse2, sse3, ssse3, sse4.1, sse4.2, popcnt, avx, avx2, aes, clmul, erms, 3dnowpref, lzcnt, ht, tsc, tscinvbit, bmi1, bmi2, adx

/proc/cpuinfo:
processor	: 0
vendor_id	: GenuineIntel
cpu family	: 6
model		: 158
model name	: Intel(R) Core(TM) i7-7700HQ CPU @ 2.80GHz
stepping	: 9
microcode	: 0x84
cpu MHz		: 3365.221
cache size	: 6144 KB
physical id	: 0
siblings	: 8
core id		: 0
cpu cores	: 4
apicid		: 0
initial apicid	: 0
fpu		: yes
fpu_exception	: yes
cpuid level	: 22
wp		: yes
flags		: fpu vme de pse tsc msr pae mce cx8 apic sep mtrr pge mca cmov pat pse36 clflush dts acpi mmx fxsr sse sse2 ss ht tm pbe syscall nx pdpe1gb rdtscp lm constant_tsc art arch_perfmon pebs bts rep_good nopl xtopology nonstop_tsc cpuid aperfmperf tsc_known_freq pni pclmulqdq dtes64 monitor ds_cpl vmx est tm2 ssse3 sdbg fma cx16 xtpr pdcm pcid sse4_1 sse4_2 x2apic movbe popcnt tsc_deadline_timer aes xsave avx f16c rdrand lahf_lm abm 3dnowprefetch cpuid_fault epb invpcid_single pti tpr_shadow vnmi flexpriority ept vpid fsgsbase tsc_adjust bmi1 avx2 smep bmi2 erms invpcid mpx rdseed adx smap clflushopt intel_pt xsaveopt xsavec xgetbv1 xsaves ibpb ibrs stibp dtherm ida arat pln pts hwp hwp_notify hwp_act_window hwp_epp
bugs		: cpu_meltdown spectre_v1 spectre_v2 spec_store_bypass
bogomips	: 5616.00
clflush size	: 64
cache_alignment	: 64
address sizes	: 39 bits physical, 48 bits virtual
power management:

processor	: 1
vendor_id	: GenuineIntel
cpu family	: 6
model		: 158
model name	: Intel(R) Core(TM) i7-7700HQ CPU @ 2.80GHz
stepping	: 9
microcode	: 0x84
cpu MHz		: 3362.968
cache size	: 6144 KB
physical id	: 0
siblings	: 8
core id		: 1
cpu cores	: 4
apicid		: 2
initial apicid	: 2
fpu		: yes
fpu_exception	: yes
cpuid level	: 22
wp		: yes
flags		: fpu vme de pse tsc msr pae mce cx8 apic sep mtrr pge mca cmov pat pse36 clflush dts acpi mmx fxsr sse sse2 ss ht tm pbe syscall nx pdpe1gb rdtscp lm constant_tsc art arch_perfmon pebs bts rep_good nopl xtopology nonstop_tsc cpuid aperfmperf tsc_known_freq pni pclmulqdq dtes64 monitor ds_cpl vmx est tm2 ssse3 sdbg fma cx16 xtpr pdcm pcid sse4_1 sse4_2 x2apic movbe popcnt tsc_deadline_timer aes xsave avx f16c rdrand lahf_lm abm 3dnowprefetch cpuid_fault epb invpcid_single pti tpr_shadow vnmi flexpriority ept vpid fsgsbase tsc_adjust bmi1 avx2 smep bmi2 erms invpcid mpx rdseed adx smap clflushopt intel_pt xsaveopt xsavec xgetbv1 xsaves ibpb ibrs stibp dtherm ida arat pln pts hwp hwp_notify hwp_act_window hwp_epp
bugs		: cpu_meltdown spectre_v1 spectre_v2 spec_store_bypass
bogomips	: 5616.00
clflush size	: 64
cache_alignment	: 64
address sizes	: 39 bits physical, 48 bits virtual
power management:

processor	: 2
vendor_id	: GenuineIntel
cpu family	: 6
model		: 158
model name	: Intel(R) Core(TM) i7-7700HQ CPU @ 2.80GHz
stepping	: 9
microcode	: 0x84
cpu MHz		: 3384.850
cache size	: 6144 KB
physical id	: 0
siblings	: 8
core id		: 2
cpu cores	: 4
apicid		: 4
initial apicid	: 4
fpu		: yes
fpu_exception	: yes
cpuid level	: 22
wp		: yes
flags		: fpu vme de pse tsc msr pae mce cx8 apic sep mtrr pge mca cmov pat pse36 clflush dts acpi mmx fxsr sse sse2 ss ht tm pbe syscall nx pdpe1gb rdtscp lm constant_tsc art arch_perfmon pebs bts rep_good nopl xtopology nonstop_tsc cpuid aperfmperf tsc_known_freq pni pclmulqdq dtes64 monitor ds_cpl vmx est tm2 ssse3 sdbg fma cx16 xtpr pdcm pcid sse4_1 sse4_2 x2apic movbe popcnt tsc_deadline_timer aes xsave avx f16c rdrand lahf_lm abm 3dnowprefetch cpuid_fault epb invpcid_single pti tpr_shadow vnmi flexpriority ept vpid fsgsbase tsc_adjust bmi1 avx2 smep bmi2 erms invpcid mpx rdseed adx smap clflushopt intel_pt xsaveopt xsavec xgetbv1 xsaves ibpb ibrs stibp dtherm ida arat pln pts hwp hwp_notify hwp_act_window hwp_epp
bugs		: cpu_meltdown spectre_v1 spectre_v2 spec_store_bypass
bogomips	: 5616.00
clflush size	: 64
cache_alignment	: 64
address sizes	: 39 bits physical, 48 bits virtual
power management:

processor	: 3
vendor_id	: GenuineIntel
cpu family	: 6
model		: 158
model name	: Intel(R) Core(TM) i7-7700HQ CPU @ 2.80GHz
stepping	: 9
microcode	: 0x84
cpu MHz		: 3476.653
cache size	: 6144 KB
physical id	: 0
siblings	: 8
core id		: 3
cpu cores	: 4
apicid		: 6
initial apicid	: 6
fpu		: yes
fpu_exception	: yes
cpuid level	: 22
wp		: yes
flags		: fpu vme de pse tsc msr pae mce cx8 apic sep mtrr pge mca cmov pat pse36 clflush dts acpi mmx fxsr sse sse2 ss ht tm pbe syscall nx pdpe1gb rdtscp lm constant_tsc art arch_perfmon pebs bts rep_good nopl xtopology nonstop_tsc cpuid aperfmperf tsc_known_freq pni pclmulqdq dtes64 monitor ds_cpl vmx est tm2 ssse3 sdbg fma cx16 xtpr pdcm pcid sse4_1 sse4_2 x2apic movbe popcnt tsc_deadline_timer aes xsave avx f16c rdrand lahf_lm abm 3dnowprefetch cpuid_fault epb invpcid_single pti tpr_shadow vnmi flexpriority ept vpid fsgsbase tsc_adjust bmi1 avx2 smep bmi2 erms invpcid mpx rdseed adx smap clflushopt intel_pt xsaveopt xsavec xgetbv1 xsaves ibpb ibrs stibp dtherm ida arat pln pts hwp hwp_notify hwp_act_window hwp_epp
bugs		: cpu_meltdown spectre_v1 spectre_v2 spec_store_bypass
bogomips	: 5616.00
clflush size	: 64
cache_alignment	: 64
address sizes	: 39 bits physical, 48 bits virtual
power management:

processor	: 4
vendor_id	: GenuineIntel
cpu family	: 6
model		: 158
model name	: Intel(R) Core(TM) i7-7700HQ CPU @ 2.80GHz
stepping	: 9
microcode	: 0x84
cpu MHz		: 3487.304
cache size	: 6144 KB
physical id	: 0
siblings	: 8
core id		: 0
cpu cores	: 4
apicid		: 1
initial apicid	: 1
fpu		: yes
fpu_exception	: yes
cpuid level	: 22
wp		: yes
flags		: fpu vme de pse tsc msr pae mce cx8 apic sep mtrr pge mca cmov pat pse36 clflush dts acpi mmx fxsr sse sse2 ss ht tm pbe syscall nx pdpe1gb rdtscp lm constant_tsc art arch_perfmon pebs bts rep_good nopl xtopology nonstop_tsc cpuid aperfmperf tsc_known_freq pni pclmulqdq dtes64 monitor ds_cpl vmx est tm2 ssse3 sdbg fma cx16 xtpr pdcm pcid sse4_1 sse4_2 x2apic movbe popcnt tsc_deadline_timer aes xsave avx f16c rdrand lahf_lm abm 3dnowprefetch cpuid_fault epb invpcid_single pti tpr_shadow vnmi flexpriority ept vpid fsgsbase tsc_adjust bmi1 avx2 smep bmi2 erms invpcid mpx rdseed adx smap clflushopt intel_pt xsaveopt xsavec xgetbv1 xsaves ibpb ibrs stibp dtherm ida arat pln pts hwp hwp_notify hwp_act_window hwp_epp
bugs		: cpu_meltdown spectre_v1 spectre_v2 spec_store_bypass
bogomips	: 5616.00
clflush size	: 64
cache_alignment	: 64
address sizes	: 39 bits physical, 48 bits virtual
power management:

processor	: 5
vendor_id	: GenuineIntel
cpu family	: 6
model		: 158
model name	: Intel(R) Core(TM) i7-7700HQ CPU @ 2.80GHz
stepping	: 9
microcode	: 0x84
cpu MHz		: 3563.672
cache size	: 6144 KB
physical id	: 0
siblings	: 8
core id		: 1
cpu cores	: 4
apicid		: 3
initial apicid	: 3
fpu		: yes
fpu_exception	: yes
cpuid level	: 22
wp		: yes
flags		: fpu vme de pse tsc msr pae mce cx8 apic sep mtrr pge mca cmov pat pse36 clflush dts acpi mmx fxsr sse sse2 ss ht tm pbe syscall nx pdpe1gb rdtscp lm constant_tsc art arch_perfmon pebs bts rep_good nopl xtopology nonstop_tsc cpuid aperfmperf tsc_known_freq pni pclmulqdq dtes64 monitor ds_cpl vmx est tm2 ssse3 sdbg fma cx16 xtpr pdcm pcid sse4_1 sse4_2 x2apic movbe popcnt tsc_deadline_timer aes xsave avx f16c rdrand lahf_lm abm 3dnowprefetch cpuid_fault epb invpcid_single pti tpr_shadow vnmi flexpriority ept vpid fsgsbase tsc_adjust bmi1 avx2 smep bmi2 erms invpcid mpx rdseed adx smap clflushopt intel_pt xsaveopt xsavec xgetbv1 xsaves ibpb ibrs stibp dtherm ida arat pln pts hwp hwp_notify hwp_act_window hwp_epp
bugs		: cpu_meltdown spectre_v1 spectre_v2 spec_store_bypass
bogomips	: 5616.00
clflush size	: 64
cache_alignment	: 64
address sizes	: 39 bits physical, 48 bits virtual
power management:

processor	: 6
vendor_id	: GenuineIntel
cpu family	: 6
model		: 158
model name	: Intel(R) Core(TM) i7-7700HQ CPU @ 2.80GHz
stepping	: 9
microcode	: 0x84
cpu MHz		: 3552.067
cache size	: 6144 KB
physical id	: 0
siblings	: 8
core id		: 2
cpu cores	: 4
apicid		: 5
initial apicid	: 5
fpu		: yes
fpu_exception	: yes
cpuid level	: 22
wp		: yes
flags		: fpu vme de pse tsc msr pae mce cx8 apic sep mtrr pge mca cmov pat pse36 clflush dts acpi mmx fxsr sse sse2 ss ht tm pbe syscall nx pdpe1gb rdtscp lm constant_tsc art arch_perfmon pebs bts rep_good nopl xtopology nonstop_tsc cpuid aperfmperf tsc_known_freq pni pclmulqdq dtes64 monitor ds_cpl vmx est tm2 ssse3 sdbg fma cx16 xtpr pdcm pcid sse4_1 sse4_2 x2apic movbe popcnt tsc_deadline_timer aes xsave avx f16c rdrand lahf_lm abm 3dnowprefetch cpuid_fault epb invpcid_single pti tpr_shadow vnmi flexpriority ept vpid fsgsbase tsc_adjust bmi1 avx2 smep bmi2 erms invpcid mpx rdseed adx smap clflushopt intel_pt xsaveopt xsavec xgetbv1 xsaves ibpb ibrs stibp dtherm ida arat pln pts hwp hwp_notify hwp_act_window hwp_epp
bugs		: cpu_meltdown spectre_v1 spectre_v2 spec_store_bypass
bogomips	: 5616.00
clflush size	: 64
cache_alignment	: 64
address sizes	: 39 bits physical, 48 bits virtual
power management:

processor	: 7
vendor_id	: GenuineIntel
cpu family	: 6
model		: 158
model name	: Intel(R) Core(TM) i7-7700HQ CPU @ 2.80GHz
stepping	: 9
microcode	: 0x84
cpu MHz		: 3777.088
cache size	: 6144 KB
physical id	: 0
siblings	: 8
core id		: 3
cpu cores	: 4
apicid		: 7
initial apicid	: 7
fpu		: yes
fpu_exception	: yes
cpuid level	: 22
wp		: yes
flags		: fpu vme de pse tsc msr pae mce cx8 apic sep mtrr pge mca cmov pat pse36 clflush dts acpi mmx fxsr sse sse2 ss ht tm pbe syscall nx pdpe1gb rdtscp lm constant_tsc art arch_perfmon pebs bts rep_good nopl xtopology nonstop_tsc cpuid aperfmperf tsc_known_freq pni pclmulqdq dtes64 monitor ds_cpl vmx est tm2 ssse3 sdbg fma cx16 xtpr pdcm pcid sse4_1 sse4_2 x2apic movbe popcnt tsc_deadline_timer aes xsave avx f16c rdrand lahf_lm abm 3dnowprefetch cpuid_fault epb invpcid_single pti tpr_shadow vnmi flexpriority ept vpid fsgsbase tsc_adjust bmi1 avx2 smep bmi2 erms invpcid mpx rdseed adx smap clflushopt intel_pt xsaveopt xsavec xgetbv1 xsaves ibpb ibrs stibp dtherm ida arat pln pts hwp hwp_notify hwp_act_window hwp_epp
bugs		: cpu_meltdown spectre_v1 spectre_v2 spec_store_bypass
bogomips	: 5616.00
clflush size	: 64
cache_alignment	: 64
address sizes	: 39 bits physical, 48 bits virtual
power management:



Memory: 4k page, physical 15872000k(256924k free), swap 3999228k(1464572k free)

vm_info: GraalVM 1.0.0-rc3-dev (25.71-b01-internal-jvmci-unknown-45af0f62d4cd-2018-06-20_20-30-28_UTC) for linux-amd64 JRE (1.8.0), built on Jun 20 2018 20:32:22 by "graal" with gcc 5.4.0 20160609

time: Wed Jun 20 20:50:20 2018
elapsed time: 87 seconds (0d 0h 1m 27s)

